<?xml version="1.0" encoding="UTF-8"?>
  <testsuites tests="215" disabled="191" errors="1" failures="10" time="7563.763960459">
      <testsuite name="Tests" package="/Users/antont/ansible_deckhouse/virtualization-full/tests/e2e" tests="215" disabled="0" skipped="191" errors="1" failures="10" time="7563.763960459" timestamp="2025-10-12T15:57:52">
          <properties>
              <property name="SuiteSucceeded" value="false"></property>
              <property name="SuiteHasProgrammaticFocus" value="false"></property>
              <property name="SpecialSuiteFailureReason" value="Interrupted by User"></property>
              <property name="SuiteLabels" value="[]"></property>
              <property name="RandomSeed" value="1760273858"></property>
              <property name="RandomizeAllSpecs" value="false"></property>
              <property name="LabelFilter" value=""></property>
              <property name="FocusStrings" value=""></property>
              <property name="SkipStrings" value=""></property>
              <property name="FocusFiles" value=""></property>
              <property name="SkipFiles" value=""></property>
              <property name="FailOnPending" value="false"></property>
              <property name="FailOnEmpty" value="false"></property>
              <property name="FailFast" value="false"></property>
              <property name="FlakeAttempts" value="0"></property>
              <property name="DryRun" value="false"></property>
              <property name="ParallelTotal" value="1"></property>
              <property name="OutputInterceptorMode" value=""></property>
          </properties>
          <testcase name="[SynchronizedBeforeSuite]" classname="Tests" status="passed" time="4.080972791">
              <system-err>&gt; Enter [SynchronizedBeforeSuite] TOP-LEVEL - /Users/antont/ansible_deckhouse/virtualization-full/tests/e2e/e2e_test.go:137 @ 10/12/25 15:57:52.653&#xA;&lt; Exit [SynchronizedBeforeSuite] TOP-LEVEL - /Users/antont/ansible_deckhouse/virtualization-full/tests/e2e/e2e_test.go:137 @ 10/12/25 15:57:56.734 (4.081s)&#xA;&gt; Enter [SynchronizedBeforeSuite] TOP-LEVEL - /Users/antont/ansible_deckhouse/virtualization-full/tests/e2e/e2e_test.go:137 @ 10/12/25 15:57:56.734&#xA;&lt; Exit [SynchronizedBeforeSuite] TOP-LEVEL - /Users/antont/ansible_deckhouse/virtualization-full/tests/e2e/e2e_test.go:137 @ 10/12/25 15:57:56.734 (0s)&#xA;</system-err>
          </testcase>
          <testcase name="[It] IPAM vmip with type Auto Creates vmip with type Auto" classname="Tests" status="passed" time="4.429212208">
              <system-err>&gt; Enter [BeforeAll] IPAM - /Users/antont/ansible_deckhouse/virtualization-full/tests/e2e/ipam_test.go:50 @ 10/12/25 15:57:56.738&#xA;&lt; Exit [BeforeAll] IPAM - /Users/antont/ansible_deckhouse/virtualization-full/tests/e2e/ipam_test.go:50 @ 10/12/25 15:58:00.466 (3.728s)&#xA;&gt; Enter [BeforeEach] IPAM - /Users/antont/ansible_deckhouse/virtualization-full/tests/e2e/ipam_test.go:65 @ 10/12/25 15:58:00.466&#xA;&lt; Exit [BeforeEach] IPAM - /Users/antont/ansible_deckhouse/virtualization-full/tests/e2e/ipam_test.go:65 @ 10/12/25 15:58:00.466 (0s)&#xA;&gt; Enter [It] Creates vmip with type Auto - /Users/antont/ansible_deckhouse/virtualization-full/tests/e2e/ipam_test.go:80 @ 10/12/25 15:58:00.466&#xA;STEP: Create a vmip automatically and check its binding with a lease - /Users/antont/ansible_deckhouse/virtualization-full/tests/e2e/ipam_test.go:81 @ 10/12/25 15:58:00.466&#xA;STEP: Remove label from the lease - /Users/antont/ansible_deckhouse/virtualization-full/tests/e2e/ipam_test.go:87 @ 10/12/25 15:58:00.828&#xA;STEP: Wait for the label to be restored by the controller - /Users/antont/ansible_deckhouse/virtualization-full/tests/e2e/ipam_test.go:96 @ 10/12/25 15:58:00.941&#xA;&lt; Exit [It] Creates vmip with type Auto - /Users/antont/ansible_deckhouse/virtualization-full/tests/e2e/ipam_test.go:80 @ 10/12/25 15:58:01.167 (701ms)&#xA;&gt; Enter [AfterEach] IPAM - /Users/antont/ansible_deckhouse/virtualization-full/tests/e2e/ipam_test.go:157 @ 10/12/25 15:58:01.167&#xA;&lt; Exit [AfterEach] IPAM - /Users/antont/ansible_deckhouse/virtualization-full/tests/e2e/ipam_test.go:157 @ 10/12/25 15:58:01.167 (0s)&#xA;</system-err>
          </testcase>
          <testcase name="[It] IPAM vmip with type Static Creates vmip with type Static" classname="Tests" status="passed" time="2.284170417">
              <system-err>&gt; Enter [BeforeEach] IPAM - /Users/antont/ansible_deckhouse/virtualization-full/tests/e2e/ipam_test.go:65 @ 10/12/25 15:58:01.168&#xA;&lt; Exit [BeforeEach] IPAM - /Users/antont/ansible_deckhouse/virtualization-full/tests/e2e/ipam_test.go:65 @ 10/12/25 15:58:01.168 (0s)&#xA;&gt; Enter [It] Creates vmip with type Static - /Users/antont/ansible_deckhouse/virtualization-full/tests/e2e/ipam_test.go:108 @ 10/12/25 15:58:01.168&#xA;STEP: Create an intermediate vmip automatically to allocate a new ip address - /Users/antont/ansible_deckhouse/virtualization-full/tests/e2e/ipam_test.go:109 @ 10/12/25 15:58:01.168&#xA;STEP: Delete the intermediate vmip automatically and check that the lease is released - /Users/antont/ansible_deckhouse/virtualization-full/tests/e2e/ipam_test.go:115 @ 10/12/25 15:58:02.153&#xA;STEP: Reuse the released lease with a static vmip - /Users/antont/ansible_deckhouse/virtualization-full/tests/e2e/ipam_test.go:124 @ 10/12/25 15:58:02.439&#xA;STEP: Delete the static vmip and lease, then create another static vmip with this ip address - /Users/antont/ansible_deckhouse/virtualization-full/tests/e2e/ipam_test.go:132 @ 10/12/25 15:58:02.807&#xA;&lt; Exit [It] Creates vmip with type Static - /Users/antont/ansible_deckhouse/virtualization-full/tests/e2e/ipam_test.go:108 @ 10/12/25 15:58:03.452 (2.284s)&#xA;&gt; Enter [AfterEach] IPAM - /Users/antont/ansible_deckhouse/virtualization-full/tests/e2e/ipam_test.go:157 @ 10/12/25 15:58:03.452&#xA;&lt; Exit [AfterEach] IPAM - /Users/antont/ansible_deckhouse/virtualization-full/tests/e2e/ipam_test.go:157 @ 10/12/25 15:58:03.452 (0s)&#xA;</system-err>
          </testcase>
          <testcase name="[It] VirtualMachineAffinityAndToleration When the virtualization resources are applied: result should be succeeded" classname="Tests" status="passed" time="10.8212715">
              <system-err>&gt; Enter [BeforeAll] VirtualMachineAffinityAndToleration - /Users/antont/ansible_deckhouse/virtualization-full/tests/e2e/affinity_toleration_test.go:59 @ 10/12/25 15:58:03.452&#xA;&lt; Exit [BeforeAll] VirtualMachineAffinityAndToleration - /Users/antont/ansible_deckhouse/virtualization-full/tests/e2e/affinity_toleration_test.go:59 @ 10/12/25 15:58:04.978 (1.526s)&#xA;&gt; Enter [It] result should be succeeded - /Users/antont/ansible_deckhouse/virtualization-full/tests/e2e/affinity_toleration_test.go:79 @ 10/12/25 15:58:04.978&#xA;&lt; Exit [It] result should be succeeded - /Users/antont/ansible_deckhouse/virtualization-full/tests/e2e/affinity_toleration_test.go:79 @ 10/12/25 15:58:14.273 (9.295s)&#xA;&gt; Enter [AfterEach] VirtualMachineAffinityAndToleration - /Users/antont/ansible_deckhouse/virtualization-full/tests/e2e/affinity_toleration_test.go:72 @ 10/12/25 15:58:14.273&#xA;&lt; Exit [AfterEach] VirtualMachineAffinityAndToleration - /Users/antont/ansible_deckhouse/virtualization-full/tests/e2e/affinity_toleration_test.go:72 @ 10/12/25 15:58:14.273 (0s)&#xA;</system-err>
          </testcase>
          <testcase name="[It] VirtualMachineAffinityAndToleration When the virtualization resources are applied: checks the resources phase" classname="Tests" status="failed" time="1008.243455334">
              <failure message="should observe resources in &#39;&#39;jsonpath={.status.phase}=Ready&#39;&#39; state before 16m40s timeout&#xA;Expected&#xA;    &lt;[]string | len:1, cap:1&gt;: [&#xA;        &#34;cmd: kubectl wait virtualimages.virtualization.deckhouse.io head-5073ae15-vi-ubuntu-http --namespace head-5073ae15-end-to-end-affinity-toleration --for=&#39;jsonpath={.status.phase}=Ready&#39; --timeout=16m40s\nstderr: error: timed out waiting for the condition on virtualimages/head-5073ae15-vi-ubuntu-http\n\nwaited for: &#39;jsonpath={.status.phase}=Ready&#39;&#34;,&#xA;    ]&#xA;to be empty" type="failed">[FAILED] should observe resources in &#39;&#39;jsonpath={.status.phase}=Ready&#39;&#39; state before 16m40s timeout&#xA;Expected&#xA;    &lt;[]string | len:1, cap:1&gt;: [&#xA;        &#34;cmd: kubectl wait virtualimages.virtualization.deckhouse.io head-5073ae15-vi-ubuntu-http --namespace head-5073ae15-end-to-end-affinity-toleration --for=&#39;jsonpath={.status.phase}=Ready&#39; --timeout=16m40s\nstderr: error: timed out waiting for the condition on virtualimages/head-5073ae15-vi-ubuntu-http\n\nwaited for: &#39;jsonpath={.status.phase}=Ready&#39;&#34;,&#xA;    ]&#xA;to be empty&#xA;In [It] at: /Users/antont/ansible_deckhouse/virtualization-full/tests/e2e/affinity_toleration_test.go:89 @ 10/12/25 16:14:56.36&#xA;</failure>
              <system-err>&gt; Enter [It] checks the resources phase - /Users/antont/ansible_deckhouse/virtualization-full/tests/e2e/affinity_toleration_test.go:87 @ 10/12/25 15:58:14.273&#xA;STEP: `VirtualImages` should be in the &#34;Ready&#34; phase - /Users/antont/ansible_deckhouse/virtualization-full/tests/e2e/affinity_toleration_test.go:88 @ 10/12/25 15:58:14.273&#xA;END STEP: `VirtualImages` should be in the &#34;Ready&#34; phase - /Users/antont/ansible_deckhouse/virtualization-full/tests/e2e/affinity_toleration_test.go:88 @ 10/12/25 16:14:56.359 (16m42.098s)&#xA;[FAILED] should observe resources in &#39;&#39;jsonpath={.status.phase}=Ready&#39;&#39; state before 16m40s timeout&#xA;Expected&#xA;    &lt;[]string | len:1, cap:1&gt;: [&#xA;        &#34;cmd: kubectl wait virtualimages.virtualization.deckhouse.io head-5073ae15-vi-ubuntu-http --namespace head-5073ae15-end-to-end-affinity-toleration --for=&#39;jsonpath={.status.phase}=Ready&#39; --timeout=16m40s\nstderr: error: timed out waiting for the condition on virtualimages/head-5073ae15-vi-ubuntu-http\n\nwaited for: &#39;jsonpath={.status.phase}=Ready&#39;&#34;,&#xA;    ]&#xA;to be empty&#xA;In [It] at: /Users/antont/ansible_deckhouse/virtualization-full/tests/e2e/affinity_toleration_test.go:89 @ 10/12/25 16:14:56.36&#xA;&lt; Exit [It] checks the resources phase - /Users/antont/ansible_deckhouse/virtualization-full/tests/e2e/affinity_toleration_test.go:87 @ 10/12/25 16:14:56.36 (16m42.098s)&#xA;&gt; Enter [AfterEach] VirtualMachineAffinityAndToleration - /Users/antont/ansible_deckhouse/virtualization-full/tests/e2e/affinity_toleration_test.go:72 @ 10/12/25 16:14:56.36&#xA;The list of pods is empty; nothing to dump.&#xA;&lt; Exit [AfterEach] VirtualMachineAffinityAndToleration - /Users/antont/ansible_deckhouse/virtualization-full/tests/e2e/affinity_toleration_test.go:72 @ 10/12/25 16:15:02.505 (6.145s)&#xA;</system-err>
          </testcase>
          <testcase name="[It] VirtualMachineAffinityAndToleration When the virtual machines agents are ready checks the `status.nodeName` field of the `VirtualMachines`" classname="Tests" status="skipped" time="0">
              <skipped message="skipped - Spec skipped because an earlier spec in an ordered container failed"></skipped>
              <system-err>[SKIPPED] Spec skipped because an earlier spec in an ordered container failed&#xA;In [It] at: /Users/antont/ansible_deckhouse/virtualization-full/tests/e2e/affinity_toleration_test.go:120 @ 10/12/25 16:15:02.505&#xA;</system-err>
          </testcase>
          <testcase name="[It] VirtualMachineAffinityAndToleration When the virtual machine `node-selector` agent is ready sets the `spec.nodeSelector` field" classname="Tests" status="skipped" time="0">
              <skipped message="skipped - Spec skipped because an earlier spec in an ordered container failed"></skipped>
              <system-err>[SKIPPED] Spec skipped because an earlier spec in an ordered container failed&#xA;In [It] at: /Users/antont/ansible_deckhouse/virtualization-full/tests/e2e/affinity_toleration_test.go:283 @ 10/12/25 16:15:02.505&#xA;</system-err>
          </testcase>
          <testcase name="[It] VirtualMachineAffinityAndToleration When the virtual machine `node-affinity` agent is ready sets the `spec.affinity.nodeAffinity` field" classname="Tests" status="skipped" time="0">
              <skipped message="skipped - Spec skipped because an earlier spec in an ordered container failed"></skipped>
              <system-err>[SKIPPED] Spec skipped because an earlier spec in an ordered container failed&#xA;In [It] at: /Users/antont/ansible_deckhouse/virtualization-full/tests/e2e/affinity_toleration_test.go:372 @ 10/12/25 16:15:02.506&#xA;</system-err>
          </testcase>
          <testcase name="[It] VirtualMachineAffinityAndToleration When test is completed deletes test case resources" classname="Tests" status="skipped" time="0">
              <skipped message="skipped - Spec skipped because an earlier spec in an ordered container failed"></skipped>
              <system-err>[SKIPPED] Spec skipped because an earlier spec in an ordered container failed&#xA;In [It] at: /Users/antont/ansible_deckhouse/virtualization-full/tests/e2e/affinity_toleration_test.go:467 @ 10/12/25 16:15:02.506&#xA;</system-err>
          </testcase>
          <testcase name="[It] ImporterNetworkPolicy Project creates project" classname="Tests" status="passed" time="1.490021667">
              <system-err>&gt; Enter [BeforeAll] ImporterNetworkPolicy - /Users/antont/ansible_deckhouse/virtualization-full/tests/e2e/importer_network_policy_test.go:36 @ 10/12/25 16:15:02.506&#xA;&lt; Exit [BeforeAll] ImporterNetworkPolicy - /Users/antont/ansible_deckhouse/virtualization-full/tests/e2e/importer_network_policy_test.go:36 @ 10/12/25 16:15:02.507 (2ms)&#xA;&gt; Enter [BeforeEach] ImporterNetworkPolicy - /Users/antont/ansible_deckhouse/virtualization-full/tests/e2e/importer_network_policy_test.go:43 @ 10/12/25 16:15:02.507&#xA;&lt; Exit [BeforeEach] ImporterNetworkPolicy - /Users/antont/ansible_deckhouse/virtualization-full/tests/e2e/importer_network_policy_test.go:43 @ 10/12/25 16:15:02.507 (0s)&#xA;&gt; Enter [It] creates project - /Users/antont/ansible_deckhouse/virtualization-full/tests/e2e/importer_network_policy_test.go:61 @ 10/12/25 16:15:02.507&#xA;&lt; Exit [It] creates project - /Users/antont/ansible_deckhouse/virtualization-full/tests/e2e/importer_network_policy_test.go:61 @ 10/12/25 16:15:03.996 (1.488s)&#xA;&gt; Enter [AfterEach] ImporterNetworkPolicy - /Users/antont/ansible_deckhouse/virtualization-full/tests/e2e/importer_network_policy_test.go:54 @ 10/12/25 16:15:03.996&#xA;&lt; Exit [AfterEach] ImporterNetworkPolicy - /Users/antont/ansible_deckhouse/virtualization-full/tests/e2e/importer_network_policy_test.go:54 @ 10/12/25 16:15:03.996 (0s)&#xA;</system-err>
          </testcase>
          <testcase name="[It] ImporterNetworkPolicy Project checks project readiness" classname="Tests" status="passed" time="2.750370375">
              <system-err>&gt; Enter [BeforeEach] ImporterNetworkPolicy - /Users/antont/ansible_deckhouse/virtualization-full/tests/e2e/importer_network_policy_test.go:43 @ 10/12/25 16:15:03.996&#xA;&lt; Exit [BeforeEach] ImporterNetworkPolicy - /Users/antont/ansible_deckhouse/virtualization-full/tests/e2e/importer_network_policy_test.go:43 @ 10/12/25 16:15:03.996 (0s)&#xA;&gt; Enter [It] checks project readiness - /Users/antont/ansible_deckhouse/virtualization-full/tests/e2e/importer_network_policy_test.go:72 @ 10/12/25 16:15:03.996&#xA;STEP: Project should be deployed - /Users/antont/ansible_deckhouse/virtualization-full/tests/e2e/importer_network_policy_test.go:73 @ 10/12/25 16:15:03.996&#xA;&lt; Exit [It] checks project readiness - /Users/antont/ansible_deckhouse/virtualization-full/tests/e2e/importer_network_policy_test.go:72 @ 10/12/25 16:15:06.746 (2.75s)&#xA;&gt; Enter [AfterEach] ImporterNetworkPolicy - /Users/antont/ansible_deckhouse/virtualization-full/tests/e2e/importer_network_policy_test.go:54 @ 10/12/25 16:15:06.746&#xA;&lt; Exit [AfterEach] ImporterNetworkPolicy - /Users/antont/ansible_deckhouse/virtualization-full/tests/e2e/importer_network_policy_test.go:54 @ 10/12/25 16:15:06.746 (0s)&#xA;</system-err>
          </testcase>
          <testcase name="[It] ImporterNetworkPolicy When resources are applied result should be succeeded" classname="Tests" status="passed" time="3.082429667">
              <system-err>&gt; Enter [BeforeEach] ImporterNetworkPolicy - /Users/antont/ansible_deckhouse/virtualization-full/tests/e2e/importer_network_policy_test.go:43 @ 10/12/25 16:15:06.747&#xA;&lt; Exit [BeforeEach] ImporterNetworkPolicy - /Users/antont/ansible_deckhouse/virtualization-full/tests/e2e/importer_network_policy_test.go:43 @ 10/12/25 16:15:06.747 (0s)&#xA;&gt; Enter [It] result should be succeeded - /Users/antont/ansible_deckhouse/virtualization-full/tests/e2e/importer_network_policy_test.go:83 @ 10/12/25 16:15:06.747&#xA;&lt; Exit [It] result should be succeeded - /Users/antont/ansible_deckhouse/virtualization-full/tests/e2e/importer_network_policy_test.go:83 @ 10/12/25 16:15:09.829 (3.082s)&#xA;&gt; Enter [AfterEach] ImporterNetworkPolicy - /Users/antont/ansible_deckhouse/virtualization-full/tests/e2e/importer_network_policy_test.go:54 @ 10/12/25 16:15:09.829&#xA;&lt; Exit [AfterEach] ImporterNetworkPolicy - /Users/antont/ansible_deckhouse/virtualization-full/tests/e2e/importer_network_policy_test.go:54 @ 10/12/25 16:15:09.829 (0s)&#xA;</system-err>
          </testcase>
          <testcase name="[It] ImporterNetworkPolicy When resources are applied When virtual images are applied" classname="Tests" status="failed" time="1011.689280084">
              <failure message="should observe resources in &#39;&#39;jsonpath={.status.phase}=Ready&#39;&#39; state before 16m40s timeout&#xA;Expected&#xA;    &lt;[]string | len:1, cap:1&gt;: [&#xA;        &#34;cmd: kubectl wait virtualimages.virtualization.deckhouse.io head-5073ae15-vi --namespace head-5073ae15-end-to-end-importer-network-policy --for=&#39;jsonpath={.status.phase}=Ready&#39; --timeout=16m40s\nstderr: error: timed out waiting for the condition on virtualimages/head-5073ae15-vi\n\nwaited for: &#39;jsonpath={.status.phase}=Ready&#39;&#34;,&#xA;    ]&#xA;to be empty" type="failed">[FAILED] should observe resources in &#39;&#39;jsonpath={.status.phase}=Ready&#39;&#39; state before 16m40s timeout&#xA;Expected&#xA;    &lt;[]string | len:1, cap:1&gt;: [&#xA;        &#34;cmd: kubectl wait virtualimages.virtualization.deckhouse.io head-5073ae15-vi --namespace head-5073ae15-end-to-end-importer-network-policy --for=&#39;jsonpath={.status.phase}=Ready&#39; --timeout=16m40s\nstderr: error: timed out waiting for the condition on virtualimages/head-5073ae15-vi\n\nwaited for: &#39;jsonpath={.status.phase}=Ready&#39;&#34;,&#xA;    ]&#xA;to be empty&#xA;In [It] at: /Users/antont/ansible_deckhouse/virtualization-full/tests/e2e/importer_network_policy_test.go:95 @ 10/12/25 16:31:51.962&#xA;</failure>
              <system-err>&gt; Enter [BeforeEach] ImporterNetworkPolicy - /Users/antont/ansible_deckhouse/virtualization-full/tests/e2e/importer_network_policy_test.go:43 @ 10/12/25 16:15:09.829&#xA;&lt; Exit [BeforeEach] ImporterNetworkPolicy - /Users/antont/ansible_deckhouse/virtualization-full/tests/e2e/importer_network_policy_test.go:43 @ 10/12/25 16:15:09.829 (0s)&#xA;&gt; Enter [It] When virtual images are applied - /Users/antont/ansible_deckhouse/virtualization-full/tests/e2e/importer_network_policy_test.go:101 @ 10/12/25 16:15:09.829&#xA;STEP: VIs should be in Ready phases - /Users/antont/ansible_deckhouse/virtualization-full/tests/e2e/importer_network_policy_test.go:94 @ 10/12/25 16:15:09.829&#xA;[FAILED] should observe resources in &#39;&#39;jsonpath={.status.phase}=Ready&#39;&#39; state before 16m40s timeout&#xA;Expected&#xA;    &lt;[]string | len:1, cap:1&gt;: [&#xA;        &#34;cmd: kubectl wait virtualimages.virtualization.deckhouse.io head-5073ae15-vi --namespace head-5073ae15-end-to-end-importer-network-policy --for=&#39;jsonpath={.status.phase}=Ready&#39; --timeout=16m40s\nstderr: error: timed out waiting for the condition on virtualimages/head-5073ae15-vi\n\nwaited for: &#39;jsonpath={.status.phase}=Ready&#39;&#34;,&#xA;    ]&#xA;to be empty&#xA;In [It] at: /Users/antont/ansible_deckhouse/virtualization-full/tests/e2e/importer_network_policy_test.go:95 @ 10/12/25 16:31:51.962&#xA;&lt; Exit [It] When virtual images are applied - /Users/antont/ansible_deckhouse/virtualization-full/tests/e2e/importer_network_policy_test.go:101 @ 10/12/25 16:31:51.962 (16m42.131s)&#xA;&gt; Enter [AfterEach] ImporterNetworkPolicy - /Users/antont/ansible_deckhouse/virtualization-full/tests/e2e/importer_network_policy_test.go:54 @ 10/12/25 16:31:51.962&#xA;The list of pods is empty; nothing to dump.&#xA;&lt; Exit [AfterEach] ImporterNetworkPolicy - /Users/antont/ansible_deckhouse/virtualization-full/tests/e2e/importer_network_policy_test.go:54 @ 10/12/25 16:31:57.665 (5.703s)&#xA;&gt; Enter [AfterAll] ImporterNetworkPolicy - /Users/antont/ansible_deckhouse/virtualization-full/tests/e2e/importer_network_policy_test.go:49 @ 10/12/25 16:31:57.665&#xA;STEP: Delete manifests - /Users/antont/ansible_deckhouse/virtualization-full/tests/e2e/importer_network_policy_test.go:50 @ 10/12/25 16:31:57.665&#xA;STEP: Response on deletion request should be successful - /Users/antont/ansible_deckhouse/virtualization-full/tests/e2e/util_test.go:604 @ 10/12/25 16:31:57.665&#xA;END STEP: Response on deletion request should be successful - /Users/antont/ansible_deckhouse/virtualization-full/tests/e2e/util_test.go:604 @ 10/12/25 16:32:01.52 (3.854s)&#xA;&lt; Exit [AfterAll] ImporterNetworkPolicy - /Users/antont/ansible_deckhouse/virtualization-full/tests/e2e/importer_network_policy_test.go:49 @ 10/12/25 16:32:01.52 (3.855s)&#xA;</system-err>
          </testcase>
          <testcase name="[It] ImporterNetworkPolicy When resources are applied When virtual disks are applied" classname="Tests" status="skipped" time="0">
              <skipped message="skipped - Spec skipped because an earlier spec in an ordered container failed"></skipped>
              <system-err>[SKIPPED] Spec skipped because an earlier spec in an ordered container failed&#xA;In [It] at: /Users/antont/ansible_deckhouse/virtualization-full/tests/e2e/importer_network_policy_test.go:102 @ 10/12/25 16:32:01.52&#xA;</system-err>
          </testcase>
          <testcase name="[It] ImporterNetworkPolicy When resources are applied When virtual machines are applied" classname="Tests" status="skipped" time="0">
              <skipped message="skipped - Spec skipped because an earlier spec in an ordered container failed"></skipped>
              <system-err>[SKIPPED] Spec skipped because an earlier spec in an ordered container failed&#xA;In [It] at: /Users/antont/ansible_deckhouse/virtualization-full/tests/e2e/importer_network_policy_test.go:103 @ 10/12/25 16:32:01.52&#xA;</system-err>
          </testcase>
          <testcase name="[It] VirtualMachineEvacuation Evacuation [SIG-Migration]" classname="Tests" status="failed" time="1019.680384167">
              <failure message="should observe resources in &#39;&#39;jsonpath={.status.phase}=Running&#39;&#39; state before 16m40s timeout&#xA;Expected&#xA;    &lt;[]string | len:2, cap:2&gt;: [&#xA;        &#34;cmd: kubectl wait virtualmachine.virtualization.deckhouse.io head-5073ae15-vm-migration-bios --namespace head-5073ae15-end-to-end-vm-evacuation --for=&#39;jsonpath={.status.phase}=Running&#39; --timeout=16m40s\nstderr: W1012 16:41:59.532409   80502 reflector.go:492] k8s.io/client-go/tools/watch/informerwatcher.go:146: watch of *unstructured.Unstructured ended with: an error on the server (\&#34;unable to decode an event from the watch stream: http2: client connection lost\&#34;) has prevented the request from succeeding\nerror: timed out waiting for the condition on virtualmachines/head-5073ae15-vm-migration-bios\n\nwaited for: &#39;jsonpath={.status.phase}=Running&#39;&#34;,&#xA;        &#34;cmd: kubectl wait virtualmachine.virtualization.deckhouse.io head-5073ae15-vm-migration-uefi --namespace head-5073ae15-end-to-end-vm-evacuation --for=&#39;jsonpath={.status.phase}=Running&#39; --timeout=16m40s\nstderr: W1012 16:42:00.178317   80503 reflector.go:492] k8s.io/client-go/tools/watch/informerwatcher.go:146: watch of *unstructured.Unstructured ended with: an error on the server (\&#34;unable to decode an event from the watch stream: http2: client connection lost\&#34;) has prevented the request from succeeding\nerror: timed out waiting for the condition on virtualmachines/head-5073ae15-vm-migration-uefi\n\nwaited for: &#39;jsonpath={.status.phase}=Running&#39;&#34;,&#xA;    ]&#xA;to be empty" type="failed">[FAILED] should observe resources in &#39;&#39;jsonpath={.status.phase}=Running&#39;&#39; state before 16m40s timeout&#xA;Expected&#xA;    &lt;[]string | len:2, cap:2&gt;: [&#xA;        &#34;cmd: kubectl wait virtualmachine.virtualization.deckhouse.io head-5073ae15-vm-migration-bios --namespace head-5073ae15-end-to-end-vm-evacuation --for=&#39;jsonpath={.status.phase}=Running&#39; --timeout=16m40s\nstderr: W1012 16:41:59.532409   80502 reflector.go:492] k8s.io/client-go/tools/watch/informerwatcher.go:146: watch of *unstructured.Unstructured ended with: an error on the server (\&#34;unable to decode an event from the watch stream: http2: client connection lost\&#34;) has prevented the request from succeeding\nerror: timed out waiting for the condition on virtualmachines/head-5073ae15-vm-migration-bios\n\nwaited for: &#39;jsonpath={.status.phase}=Running&#39;&#34;,&#xA;        &#34;cmd: kubectl wait virtualmachine.virtualization.deckhouse.io head-5073ae15-vm-migration-uefi --namespace head-5073ae15-end-to-end-vm-evacuation --for=&#39;jsonpath={.status.phase}=Running&#39; --timeout=16m40s\nstderr: W1012 16:42:00.178317   80503 reflector.go:492] k8s.io/client-go/tools/watch/informerwatcher.go:146: watch of *unstructured.Unstructured ended with: an error on the server (\&#34;unable to decode an event from the watch stream: http2: client connection lost\&#34;) has prevented the request from succeeding\nerror: timed out waiting for the condition on virtualmachines/head-5073ae15-vm-migration-uefi\n\nwaited for: &#39;jsonpath={.status.phase}=Running&#39;&#34;,&#xA;    ]&#xA;to be empty&#xA;In [It] at: /Users/antont/ansible_deckhouse/virtualization-full/tests/e2e/vm_evacuation_test.go:98 @ 10/12/25 16:50:51.352&#xA;</failure>
              <system-err>&gt; Enter [BeforeAll] VirtualMachineEvacuation - /Users/antont/ansible_deckhouse/virtualization-full/tests/e2e/vm_evacuation_test.go:42 @ 10/12/25 16:32:01.52&#xA;&lt; Exit [BeforeAll] VirtualMachineEvacuation - /Users/antont/ansible_deckhouse/virtualization-full/tests/e2e/vm_evacuation_test.go:42 @ 10/12/25 16:32:03.475 (1.955s)&#xA;&gt; Enter [BeforeEach] VirtualMachineEvacuation - /Users/antont/ansible_deckhouse/virtualization-full/tests/e2e/vm_evacuation_test.go:51 @ 10/12/25 16:32:03.475&#xA;&lt; Exit [BeforeEach] VirtualMachineEvacuation - /Users/antont/ansible_deckhouse/virtualization-full/tests/e2e/vm_evacuation_test.go:51 @ 10/12/25 16:32:08.95 (5.475s)&#xA;&gt; Enter [It] Evacuation - /Users/antont/ansible_deckhouse/virtualization-full/tests/e2e/vm_evacuation_test.go:96 @ 10/12/25 16:32:08.95&#xA;STEP: Virtual machine agents should be ready - /Users/antont/ansible_deckhouse/virtualization-full/tests/e2e/vm_evacuation_test.go:97 @ 10/12/25 16:32:08.95&#xA;[FAILED] should observe resources in &#39;&#39;jsonpath={.status.phase}=Running&#39;&#39; state before 16m40s timeout&#xA;Expected&#xA;    &lt;[]string | len:2, cap:2&gt;: [&#xA;        &#34;cmd: kubectl wait virtualmachine.virtualization.deckhouse.io head-5073ae15-vm-migration-bios --namespace head-5073ae15-end-to-end-vm-evacuation --for=&#39;jsonpath={.status.phase}=Running&#39; --timeout=16m40s\nstderr: W1012 16:41:59.532409   80502 reflector.go:492] k8s.io/client-go/tools/watch/informerwatcher.go:146: watch of *unstructured.Unstructured ended with: an error on the server (\&#34;unable to decode an event from the watch stream: http2: client connection lost\&#34;) has prevented the request from succeeding\nerror: timed out waiting for the condition on virtualmachines/head-5073ae15-vm-migration-bios\n\nwaited for: &#39;jsonpath={.status.phase}=Running&#39;&#34;,&#xA;        &#34;cmd: kubectl wait virtualmachine.virtualization.deckhouse.io head-5073ae15-vm-migration-uefi --namespace head-5073ae15-end-to-end-vm-evacuation --for=&#39;jsonpath={.status.phase}=Running&#39; --timeout=16m40s\nstderr: W1012 16:42:00.178317   80503 reflector.go:492] k8s.io/client-go/tools/watch/informerwatcher.go:146: watch of *unstructured.Unstructured ended with: an error on the server (\&#34;unable to decode an event from the watch stream: http2: client connection lost\&#34;) has prevented the request from succeeding\nerror: timed out waiting for the condition on virtualmachines/head-5073ae15-vm-migration-uefi\n\nwaited for: &#39;jsonpath={.status.phase}=Running&#39;&#34;,&#xA;    ]&#xA;to be empty&#xA;In [It] at: /Users/antont/ansible_deckhouse/virtualization-full/tests/e2e/vm_evacuation_test.go:98 @ 10/12/25 16:50:51.352&#xA;&lt; Exit [It] Evacuation - /Users/antont/ansible_deckhouse/virtualization-full/tests/e2e/vm_evacuation_test.go:96 @ 10/12/25 16:50:51.352 (16m41.669s)&#xA;&gt; Enter [AfterEach] VirtualMachineEvacuation - /Users/antont/ansible_deckhouse/virtualization-full/tests/e2e/vm_evacuation_test.go:59 @ 10/12/25 16:50:51.352&#xA;The list of pods is empty; nothing to dump.&#xA;STEP: Response on deletion request should be successful - /Users/antont/ansible_deckhouse/virtualization-full/tests/e2e/util_test.go:604 @ 10/12/25 16:50:57.141&#xA;END STEP: Response on deletion request should be successful - /Users/antont/ansible_deckhouse/virtualization-full/tests/e2e/util_test.go:604 @ 10/12/25 16:51:01.934 (4.792s)&#xA;&lt; Exit [AfterEach] VirtualMachineEvacuation - /Users/antont/ansible_deckhouse/virtualization-full/tests/e2e/vm_evacuation_test.go:59 @ 10/12/25 16:51:01.934 (10.582s)&#xA;</system-err>
          </testcase>
          <testcase name="[It] ComplexTest When virtualization resources are applied result should be succeeded [Serial]" classname="Tests" status="passed" time="29.14222775">
              <system-err>&gt; Enter [BeforeAll] ComplexTest - /Users/antont/ansible_deckhouse/virtualization-full/tests/e2e/complex_test.go:52 @ 10/12/25 16:51:01.934&#xA;&lt; Exit [BeforeAll] ComplexTest - /Users/antont/ansible_deckhouse/virtualization-full/tests/e2e/complex_test.go:52 @ 10/12/25 16:51:03.888 (1.953s)&#xA;&gt; Enter [It] result should be succeeded - /Users/antont/ansible_deckhouse/virtualization-full/tests/e2e/complex_test.go:62 @ 10/12/25 16:51:03.888&#xA;&lt; Exit [It] result should be succeeded - /Users/antont/ansible_deckhouse/virtualization-full/tests/e2e/complex_test.go:62 @ 10/12/25 16:51:31.076 (27.189s)&#xA;&gt; Enter [AfterEach] ComplexTest - /Users/antont/ansible_deckhouse/virtualization-full/tests/e2e/complex_test.go:46 @ 10/12/25 16:51:31.076&#xA;&lt; Exit [AfterEach] ComplexTest - /Users/antont/ansible_deckhouse/virtualization-full/tests/e2e/complex_test.go:46 @ 10/12/25 16:51:31.077 (0s)&#xA;</system-err>
          </testcase>
          <testcase name="[It] ComplexTest When virtualization resources are applied should fill empty virtualMachineClassName with the default class name [Serial]" classname="Tests" status="passed" time="1.075506375">
              <system-err>&gt; Enter [It] should fill empty virtualMachineClassName with the default class name - /Users/antont/ansible_deckhouse/virtualization-full/tests/e2e/complex_test.go:83 @ 10/12/25 16:51:31.077&#xA;&lt; Exit [It] should fill empty virtualMachineClassName with the default class name - /Users/antont/ansible_deckhouse/virtualization-full/tests/e2e/complex_test.go:83 @ 10/12/25 16:51:32.152 (1.075s)&#xA;&gt; Enter [AfterEach] ComplexTest - /Users/antont/ansible_deckhouse/virtualization-full/tests/e2e/complex_test.go:46 @ 10/12/25 16:51:32.152&#xA;&lt; Exit [AfterEach] ComplexTest - /Users/antont/ansible_deckhouse/virtualization-full/tests/e2e/complex_test.go:46 @ 10/12/25 16:51:32.152 (0s)&#xA;</system-err>
          </testcase>
          <testcase name="[It] ComplexTest When virtual images are applied checks VIs phases [Serial]" classname="Tests" status="failed" time="1008.16969725">
              <failure message="should observe resources in &#39;&#39;jsonpath={.status.phase}=Ready&#39;&#39; state before 16m40s timeout&#xA;Expected&#xA;    &lt;[]string | len:4, cap:4&gt;: [&#xA;        &#34;cmd: kubectl wait virtualimages.virtualization.deckhouse.io head-5073ae15-vi-from-vi-ubuntu-http --namespace head-5073ae15-end-to-end-complex-test --for=&#39;jsonpath={.status.phase}=Ready&#39; --timeout=16m40s\nstderr: W1012 17:14:19.951967   81706 reflector.go:492] k8s.io/client-go/tools/watch/informerwatcher.go:146: watch of *unstructured.Unstructured ended with: an error on the server (\&#34;unable to decode an event from the watch stream: http2: client connection lost\&#34;) has prevented the request from succeeding\nerror: timed out waiting for the condition on virtualimages/head-5073ae15-vi-from-vi-ubuntu-http\n\nwaited for: &#39;jsonpath={.status.phase}=Ready&#39;&#34;,&#xA;        &#34;cmd: kubectl wait virtualimages.virtualization.deckhouse.io head-5073ae15-vi-ubuntu-http --namespace head-5073ae15-end-to-end-complex-test --for=&#39;jsonpath={.status.phase}=Ready&#39; --timeout=16m40s\nstderr: W1012 17:14:19.953166   81704 reflector.go:492] k8s.io/client-go/tools/watch/informerwatcher.go:146: watch of *unstructured.Unstructured ended with: an error on the server (\&#34;unable to decode an event from the watch stream: http2: client connection lost\&#34;) has prevented the request from succeeding\nerror: timed out waiting for the condition on virtualimages/head-5073ae15-vi-ubuntu-http\n\nwaited for: &#39;jsonpath={.status.phase}=Ready&#39;&#34;,&#xA;        &#34;cmd: kubectl wait virtualimages.virtualization.deckhouse.io head-5073ae15-vi-alpine-registry --namespace head-5073ae15-end-to-end-complex-test --for=&#39;jsonpath={.status.phase}=Ready&#39; --timeout=16m40s\nstderr: W1012 17:14:19.940197   81705 reflector.go:492] k8s.io/client-go/tools/watch/informerwatcher.go:146: watch of *unstructured.Unstructured ended with: an error on the server (\&#34;unable to decode an event from the watch stream: http2: client connection lost\&#34;) has prevented the request from succeeding\nerror: timed out waiting for the condition on virtualimages/head-5073ae15-vi-alpine-registry\n\nwaited for: &#39;jsonpath={.status.phase}=Ready&#39;&#34;,&#xA;        &#34;cmd: kubectl wait virtualimages.virtualization.deckhouse.io head-5073ae15-vi-from-cvi-ubuntu-http --namespace head-5073ae15-end-to-end-complex-test --for=&#39;jsonpath={.status.phase}=Ready&#39; --timeout=16m40s\nstderr: W1012 17:14:19.952170   81703 reflector.go:492] k8s.io/client-go/tools/watch/informerwatcher.go:146: watch of *unstructured.Unstructured ended with: an error on the server (\&#34;unable to decode an event from the watch stream: http2: client connection lost\&#34;) has prevented the request from succeeding\nerror: timed out waiting for the condition on virtualimages/head-5073ae15-vi-from-cvi-ubuntu-http\n\nwaited for: &#39;jsonpath={.status.phase}=Ready&#39;&#34;,&#xA;    ]&#xA;to be empty" type="failed">[FAILED] should observe resources in &#39;&#39;jsonpath={.status.phase}=Ready&#39;&#39; state before 16m40s timeout&#xA;Expected&#xA;    &lt;[]string | len:4, cap:4&gt;: [&#xA;        &#34;cmd: kubectl wait virtualimages.virtualization.deckhouse.io head-5073ae15-vi-from-vi-ubuntu-http --namespace head-5073ae15-end-to-end-complex-test --for=&#39;jsonpath={.status.phase}=Ready&#39; --timeout=16m40s\nstderr: W1012 17:14:19.951967   81706 reflector.go:492] k8s.io/client-go/tools/watch/informerwatcher.go:146: watch of *unstructured.Unstructured ended with: an error on the server (\&#34;unable to decode an event from the watch stream: http2: client connection lost\&#34;) has prevented the request from succeeding\nerror: timed out waiting for the condition on virtualimages/head-5073ae15-vi-from-vi-ubuntu-http\n\nwaited for: &#39;jsonpath={.status.phase}=Ready&#39;&#34;,&#xA;        &#34;cmd: kubectl wait virtualimages.virtualization.deckhouse.io head-5073ae15-vi-ubuntu-http --namespace head-5073ae15-end-to-end-complex-test --for=&#39;jsonpath={.status.phase}=Ready&#39; --timeout=16m40s\nstderr: W1012 17:14:19.953166   81704 reflector.go:492] k8s.io/client-go/tools/watch/informerwatcher.go:146: watch of *unstructured.Unstructured ended with: an error on the server (\&#34;unable to decode an event from the watch stream: http2: client connection lost\&#34;) has prevented the request from succeeding\nerror: timed out waiting for the condition on virtualimages/head-5073ae15-vi-ubuntu-http\n\nwaited for: &#39;jsonpath={.status.phase}=Ready&#39;&#34;,&#xA;        &#34;cmd: kubectl wait virtualimages.virtualization.deckhouse.io head-5073ae15-vi-alpine-registry --namespace head-5073ae15-end-to-end-complex-test --for=&#39;jsonpath={.status.phase}=Ready&#39; --timeout=16m40s\nstderr: W1012 17:14:19.940197   81705 reflector.go:492] k8s.io/client-go/tools/watch/informerwatcher.go:146: watch of *unstructured.Unstructured ended with: an error on the server (\&#34;unable to decode an event from the watch stream: http2: client connection lost\&#34;) has prevented the request from succeeding\nerror: timed out waiting for the condition on virtualimages/head-5073ae15-vi-alpine-registry\n\nwaited for: &#39;jsonpath={.status.phase}=Ready&#39;&#34;,&#xA;        &#34;cmd: kubectl wait virtualimages.virtualization.deckhouse.io head-5073ae15-vi-from-cvi-ubuntu-http --namespace head-5073ae15-end-to-end-complex-test --for=&#39;jsonpath={.status.phase}=Ready&#39; --timeout=16m40s\nstderr: W1012 17:14:19.952170   81703 reflector.go:492] k8s.io/client-go/tools/watch/informerwatcher.go:146: watch of *unstructured.Unstructured ended with: an error on the server (\&#34;unable to decode an event from the watch stream: http2: client connection lost\&#34;) has prevented the request from succeeding\nerror: timed out waiting for the condition on virtualimages/head-5073ae15-vi-from-cvi-ubuntu-http\n\nwaited for: &#39;jsonpath={.status.phase}=Ready&#39;&#34;,&#xA;    ]&#xA;to be empty&#xA;In [It] at: /Users/antont/ansible_deckhouse/virtualization-full/tests/e2e/complex_test.go:103 @ 10/12/25 17:29:44.18&#xA;</failure>
              <system-err>&gt; Enter [It] checks VIs phases - /Users/antont/ansible_deckhouse/virtualization-full/tests/e2e/complex_test.go:101 @ 10/12/25 16:51:32.153&#xA;STEP: VIs should be in Ready phases - /Users/antont/ansible_deckhouse/virtualization-full/tests/e2e/complex_test.go:102 @ 10/12/25 16:51:32.153&#xA;[FAILED] should observe resources in &#39;&#39;jsonpath={.status.phase}=Ready&#39;&#39; state before 16m40s timeout&#xA;Expected&#xA;    &lt;[]string | len:4, cap:4&gt;: [&#xA;        &#34;cmd: kubectl wait virtualimages.virtualization.deckhouse.io head-5073ae15-vi-from-vi-ubuntu-http --namespace head-5073ae15-end-to-end-complex-test --for=&#39;jsonpath={.status.phase}=Ready&#39; --timeout=16m40s\nstderr: W1012 17:14:19.951967   81706 reflector.go:492] k8s.io/client-go/tools/watch/informerwatcher.go:146: watch of *unstructured.Unstructured ended with: an error on the server (\&#34;unable to decode an event from the watch stream: http2: client connection lost\&#34;) has prevented the request from succeeding\nerror: timed out waiting for the condition on virtualimages/head-5073ae15-vi-from-vi-ubuntu-http\n\nwaited for: &#39;jsonpath={.status.phase}=Ready&#39;&#34;,&#xA;        &#34;cmd: kubectl wait virtualimages.virtualization.deckhouse.io head-5073ae15-vi-ubuntu-http --namespace head-5073ae15-end-to-end-complex-test --for=&#39;jsonpath={.status.phase}=Ready&#39; --timeout=16m40s\nstderr: W1012 17:14:19.953166   81704 reflector.go:492] k8s.io/client-go/tools/watch/informerwatcher.go:146: watch of *unstructured.Unstructured ended with: an error on the server (\&#34;unable to decode an event from the watch stream: http2: client connection lost\&#34;) has prevented the request from succeeding\nerror: timed out waiting for the condition on virtualimages/head-5073ae15-vi-ubuntu-http\n\nwaited for: &#39;jsonpath={.status.phase}=Ready&#39;&#34;,&#xA;        &#34;cmd: kubectl wait virtualimages.virtualization.deckhouse.io head-5073ae15-vi-alpine-registry --namespace head-5073ae15-end-to-end-complex-test --for=&#39;jsonpath={.status.phase}=Ready&#39; --timeout=16m40s\nstderr: W1012 17:14:19.940197   81705 reflector.go:492] k8s.io/client-go/tools/watch/informerwatcher.go:146: watch of *unstructured.Unstructured ended with: an error on the server (\&#34;unable to decode an event from the watch stream: http2: client connection lost\&#34;) has prevented the request from succeeding\nerror: timed out waiting for the condition on virtualimages/head-5073ae15-vi-alpine-registry\n\nwaited for: &#39;jsonpath={.status.phase}=Ready&#39;&#34;,&#xA;        &#34;cmd: kubectl wait virtualimages.virtualization.deckhouse.io head-5073ae15-vi-from-cvi-ubuntu-http --namespace head-5073ae15-end-to-end-complex-test --for=&#39;jsonpath={.status.phase}=Ready&#39; --timeout=16m40s\nstderr: W1012 17:14:19.952170   81703 reflector.go:492] k8s.io/client-go/tools/watch/informerwatcher.go:146: watch of *unstructured.Unstructured ended with: an error on the server (\&#34;unable to decode an event from the watch stream: http2: client connection lost\&#34;) has prevented the request from succeeding\nerror: timed out waiting for the condition on virtualimages/head-5073ae15-vi-from-cvi-ubuntu-http\n\nwaited for: &#39;jsonpath={.status.phase}=Ready&#39;&#34;,&#xA;    ]&#xA;to be empty&#xA;In [It] at: /Users/antont/ansible_deckhouse/virtualization-full/tests/e2e/complex_test.go:103 @ 10/12/25 17:29:44.18&#xA;&lt; Exit [It] checks VIs phases - /Users/antont/ansible_deckhouse/virtualization-full/tests/e2e/complex_test.go:101 @ 10/12/25 17:29:44.181 (16m42.113s)&#xA;&gt; Enter [AfterEach] ComplexTest - /Users/antont/ansible_deckhouse/virtualization-full/tests/e2e/complex_test.go:46 @ 10/12/25 17:29:44.181&#xA;The list of pods is empty; nothing to dump.&#xA;&lt; Exit [AfterEach] ComplexTest - /Users/antont/ansible_deckhouse/virtualization-full/tests/e2e/complex_test.go:46 @ 10/12/25 17:29:50.238 (6.057s)&#xA;</system-err>
          </testcase>
          <testcase name="[It] ComplexTest When cluster virtual images are applied checks CVIs phases [Serial]" classname="Tests" status="skipped" time="0">
              <skipped message="skipped - Spec skipped because an earlier spec in an ordered container failed"></skipped>
              <system-err>[SKIPPED] Spec skipped because an earlier spec in an ordered container failed&#xA;In [It] at: /Users/antont/ansible_deckhouse/virtualization-full/tests/e2e/complex_test.go:112 @ 10/12/25 17:29:50.238&#xA;</system-err>
          </testcase>
          <testcase name="[It] ComplexTest When virtual machine classes are applied checks VMClasses phases [Serial]" classname="Tests" status="skipped" time="0">
              <skipped message="skipped - Spec skipped because an earlier spec in an ordered container failed"></skipped>
              <system-err>[SKIPPED] Spec skipped because an earlier spec in an ordered container failed&#xA;In [It] at: /Users/antont/ansible_deckhouse/virtualization-full/tests/e2e/complex_test.go:123 @ 10/12/25 17:29:50.238&#xA;</system-err>
          </testcase>
          <testcase name="[It] ComplexTest When virtual machines IP addresses are applied patches custom VMIP with unassigned address [Serial]" classname="Tests" status="skipped" time="0">
              <skipped message="skipped - Spec skipped because an earlier spec in an ordered container failed"></skipped>
              <system-err>[SKIPPED] Spec skipped because an earlier spec in an ordered container failed&#xA;In [It] at: /Users/antont/ansible_deckhouse/virtualization-full/tests/e2e/complex_test.go:134 @ 10/12/25 17:29:50.238&#xA;</system-err>
          </testcase>
          <testcase name="[It] ComplexTest When virtual machines IP addresses are applied checks VMIPs phases [Serial]" classname="Tests" status="skipped" time="0">
              <skipped message="skipped - Spec skipped because an earlier spec in an ordered container failed"></skipped>
              <system-err>[SKIPPED] Spec skipped because an earlier spec in an ordered container failed&#xA;In [It] at: /Users/antont/ansible_deckhouse/virtualization-full/tests/e2e/complex_test.go:141 @ 10/12/25 17:29:50.238&#xA;</system-err>
          </testcase>
          <testcase name="[It] ComplexTest When virtual disks are applied checks VDs phases with consumers [Serial]" classname="Tests" status="skipped" time="0">
              <skipped message="skipped - Spec skipped because an earlier spec in an ordered container failed"></skipped>
              <system-err>[SKIPPED] Spec skipped because an earlier spec in an ordered container failed&#xA;In [It] at: /Users/antont/ansible_deckhouse/virtualization-full/tests/e2e/complex_test.go:152 @ 10/12/25 17:29:50.238&#xA;</system-err>
          </testcase>
          <testcase name="[It] ComplexTest When virtual disks are applied checks VDs phases with no consumers [Serial]" classname="Tests" status="skipped" time="0">
              <skipped message="skipped - Spec skipped because an earlier spec in an ordered container failed"></skipped>
              <system-err>[SKIPPED] Spec skipped because an earlier spec in an ordered container failed&#xA;In [It] at: /Users/antont/ansible_deckhouse/virtualization-full/tests/e2e/complex_test.go:162 @ 10/12/25 17:29:50.239&#xA;</system-err>
          </testcase>
          <testcase name="[It] ComplexTest When virtual machines are applied checks VMs phases [Serial]" classname="Tests" status="skipped" time="0">
              <skipped message="skipped - Spec skipped because an earlier spec in an ordered container failed"></skipped>
              <system-err>[SKIPPED] Spec skipped because an earlier spec in an ordered container failed&#xA;In [It] at: /Users/antont/ansible_deckhouse/virtualization-full/tests/e2e/complex_test.go:173 @ 10/12/25 17:29:50.239&#xA;</system-err>
          </testcase>
          <testcase name="[It] ComplexTest When virtual machine block device attachments are applied checks VMBDAs phases [Serial]" classname="Tests" status="skipped" time="0">
              <skipped message="skipped - Spec skipped because an earlier spec in an ordered container failed"></skipped>
              <system-err>[SKIPPED] Spec skipped because an earlier spec in an ordered container failed&#xA;In [It] at: /Users/antont/ansible_deckhouse/virtualization-full/tests/e2e/complex_test.go:184 @ 10/12/25 17:29:50.239&#xA;</system-err>
          </testcase>
          <testcase name="[It] ComplexTest External connection When Virtual machine agents are ready checks VMs external connectivity [Serial]" classname="Tests" status="skipped" time="0">
              <skipped message="skipped - Spec skipped because an earlier spec in an ordered container failed"></skipped>
              <system-err>[SKIPPED] Spec skipped because an earlier spec in an ordered container failed&#xA;In [It] at: /Users/antont/ansible_deckhouse/virtualization-full/tests/e2e/complex_test.go:196 @ 10/12/25 17:29:50.239&#xA;</system-err>
          </testcase>
          <testcase name="[It] ComplexTest Power state checks Verify that the virtual machines are stopping by VMOPs stops VMs by VMOPs [Serial]" classname="Tests" status="skipped" time="0">
              <skipped message="skipped - Spec skipped because an earlier spec in an ordered container failed"></skipped>
              <system-err>[SKIPPED] Spec skipped because an earlier spec in an ordered container failed&#xA;In [It] at: /Users/antont/ansible_deckhouse/virtualization-full/tests/e2e/complex_test.go:220 @ 10/12/25 17:29:50.239&#xA;</system-err>
          </testcase>
          <testcase name="[It] ComplexTest Power state checks Verify that the virtual machines are stopping by VMOPs checks VMOPs and VMs phases [Serial]" classname="Tests" status="skipped" time="0">
              <skipped message="skipped - Spec skipped because an earlier spec in an ordered container failed"></skipped>
              <system-err>[SKIPPED] Spec skipped because an earlier spec in an ordered container failed&#xA;In [It] at: /Users/antont/ansible_deckhouse/virtualization-full/tests/e2e/complex_test.go:245 @ 10/12/25 17:29:50.239&#xA;</system-err>
          </testcase>
          <testcase name="[It] ComplexTest Power state checks Verify that the virtual machines are stopping by VMOPs cleanup AlwaysOn VM VMOPs [Serial]" classname="Tests" status="skipped" time="0">
              <skipped message="skipped - Spec skipped because an earlier spec in an ordered container failed"></skipped>
              <system-err>[SKIPPED] Spec skipped because an earlier spec in an ordered container failed&#xA;In [It] at: /Users/antont/ansible_deckhouse/virtualization-full/tests/e2e/complex_test.go:268 @ 10/12/25 17:29:50.239&#xA;</system-err>
          </testcase>
          <testcase name="[It] ComplexTest Power state checks Verify that the virtual machines are starting starts VMs by VMOP [Serial]" classname="Tests" status="skipped" time="0">
              <skipped message="skipped - Spec skipped because an earlier spec in an ordered container failed"></skipped>
              <system-err>[SKIPPED] Spec skipped because an earlier spec in an ordered container failed&#xA;In [It] at: /Users/antont/ansible_deckhouse/virtualization-full/tests/e2e/complex_test.go:280 @ 10/12/25 17:29:50.239&#xA;</system-err>
          </testcase>
          <testcase name="[It] ComplexTest Power state checks Verify that the virtual machines are starting checks VMs and VMOPs phases [Serial]" classname="Tests" status="skipped" time="0">
              <skipped message="skipped - Spec skipped because an earlier spec in an ordered container failed"></skipped>
              <system-err>[SKIPPED] Spec skipped because an earlier spec in an ordered container failed&#xA;In [It] at: /Users/antont/ansible_deckhouse/virtualization-full/tests/e2e/complex_test.go:299 @ 10/12/25 17:29:50.239&#xA;</system-err>
          </testcase>
          <testcase name="[It] ComplexTest Power state checks Verify that the virtual machines are stopping by ssh stops VMs by ssh [Serial]" classname="Tests" status="skipped" time="0">
              <skipped message="skipped - Spec skipped because an earlier spec in an ordered container failed"></skipped>
              <system-err>[SKIPPED] Spec skipped because an earlier spec in an ordered container failed&#xA;In [It] at: /Users/antont/ansible_deckhouse/virtualization-full/tests/e2e/complex_test.go:316 @ 10/12/25 17:29:50.239&#xA;</system-err>
          </testcase>
          <testcase name="[It] ComplexTest Power state checks Verify that the virtual machines are stopping by ssh checks VMs phases [Serial]" classname="Tests" status="skipped" time="0">
              <skipped message="skipped - Spec skipped because an earlier spec in an ordered container failed"></skipped>
              <system-err>[SKIPPED] Spec skipped because an earlier spec in an ordered container failed&#xA;In [It] at: /Users/antont/ansible_deckhouse/virtualization-full/tests/e2e/complex_test.go:341 @ 10/12/25 17:29:50.239&#xA;</system-err>
          </testcase>
          <testcase name="[It] ComplexTest Power state checks Verify that the virtual machines are stopping by ssh start not AlwaysOn VMs [Serial]" classname="Tests" status="skipped" time="0">
              <skipped message="skipped - Spec skipped because an earlier spec in an ordered container failed"></skipped>
              <system-err>[SKIPPED] Spec skipped because an earlier spec in an ordered container failed&#xA;In [It] at: /Users/antont/ansible_deckhouse/virtualization-full/tests/e2e/complex_test.go:354 @ 10/12/25 17:29:50.24&#xA;</system-err>
          </testcase>
          <testcase name="[It] ComplexTest Power state checks Verify that the virtual machines are stopping by ssh checks VMs and VMOPs phases [Serial]" classname="Tests" status="skipped" time="0">
              <skipped message="skipped - Spec skipped because an earlier spec in an ordered container failed"></skipped>
              <system-err>[SKIPPED] Spec skipped because an earlier spec in an ordered container failed&#xA;In [It] at: /Users/antont/ansible_deckhouse/virtualization-full/tests/e2e/complex_test.go:358 @ 10/12/25 17:29:50.24&#xA;</system-err>
          </testcase>
          <testcase name="[It] ComplexTest Power state checks Verify that the virtual machines are restarting by VMOP reboot VMs by VMOP [Serial]" classname="Tests" status="skipped" time="0">
              <skipped message="skipped - Spec skipped because an earlier spec in an ordered container failed"></skipped>
              <system-err>[SKIPPED] Spec skipped because an earlier spec in an ordered container failed&#xA;In [It] at: /Users/antont/ansible_deckhouse/virtualization-full/tests/e2e/complex_test.go:375 @ 10/12/25 17:29:50.24&#xA;</system-err>
          </testcase>
          <testcase name="[It] ComplexTest Power state checks Verify that the virtual machines are restarting by VMOP checks VMs and VMOPs phases [Serial]" classname="Tests" status="skipped" time="0">
              <skipped message="skipped - Spec skipped because an earlier spec in an ordered container failed"></skipped>
              <system-err>[SKIPPED] Spec skipped because an earlier spec in an ordered container failed&#xA;In [It] at: /Users/antont/ansible_deckhouse/virtualization-full/tests/e2e/complex_test.go:388 @ 10/12/25 17:29:50.24&#xA;</system-err>
          </testcase>
          <testcase name="[It] ComplexTest Power state checks Verify that the virtual machines are restarting by ssh reboot VMs by ssh [Serial]" classname="Tests" status="skipped" time="0">
              <skipped message="skipped - Spec skipped because an earlier spec in an ordered container failed"></skipped>
              <system-err>[SKIPPED] Spec skipped because an earlier spec in an ordered container failed&#xA;In [It] at: /Users/antont/ansible_deckhouse/virtualization-full/tests/e2e/complex_test.go:405 @ 10/12/25 17:29:50.24&#xA;</system-err>
          </testcase>
          <testcase name="[It] ComplexTest Power state checks Verify that the virtual machines are restarting after deleting their pods reboots the VMs by deleting their pods [Serial]" classname="Tests" status="skipped" time="0">
              <skipped message="skipped - Spec skipped because an earlier spec in an ordered container failed"></skipped>
              <system-err>[SKIPPED] Spec skipped because an earlier spec in an ordered container failed&#xA;In [It] at: /Users/antont/ansible_deckhouse/virtualization-full/tests/e2e/complex_test.go:444 @ 10/12/25 17:29:50.24&#xA;</system-err>
          </testcase>
          <testcase name="[It] ComplexTest Power state checks Verify that the virtual machines are restarting after deleting their pods checks VMs external connection after reboot [Serial]" classname="Tests" status="skipped" time="0">
              <skipped message="skipped - Spec skipped because an earlier spec in an ordered container failed"></skipped>
              <system-err>[SKIPPED] Spec skipped because an earlier spec in an ordered container failed&#xA;In [It] at: /Users/antont/ansible_deckhouse/virtualization-full/tests/e2e/complex_test.go:479 @ 10/12/25 17:29:50.24&#xA;</system-err>
          </testcase>
          <testcase name="[It] ComplexTest Migrations When Virtual machine agents are ready starts migrations [Serial]" classname="Tests" status="skipped" time="0">
              <skipped message="skipped - Spec skipped because an earlier spec in an ordered container failed"></skipped>
              <system-err>[SKIPPED] Spec skipped because an earlier spec in an ordered container failed&#xA;In [It] at: /Users/antont/ansible_deckhouse/virtualization-full/tests/e2e/complex_test.go:497 @ 10/12/25 17:29:50.24&#xA;</system-err>
          </testcase>
          <testcase name="[It] ComplexTest Migrations When VMs migrations are applied checks VMs and VMOPs phases [Serial]" classname="Tests" status="skipped" time="0">
              <skipped message="skipped - Spec skipped because an earlier spec in an ordered container failed"></skipped>
              <system-err>[SKIPPED] Spec skipped because an earlier spec in an ordered container failed&#xA;In [It] at: /Users/antont/ansible_deckhouse/virtualization-full/tests/e2e/complex_test.go:512 @ 10/12/25 17:29:50.24&#xA;</system-err>
          </testcase>
          <testcase name="[It] ComplexTest Migrations When VMs migrations are applied checks VMs external connection after migrations [Serial]" classname="Tests" status="skipped" time="0">
              <skipped message="skipped - Spec skipped because an earlier spec in an ordered container failed"></skipped>
              <system-err>[SKIPPED] Spec skipped because an earlier spec in an ordered container failed&#xA;In [It] at: /Users/antont/ansible_deckhouse/virtualization-full/tests/e2e/complex_test.go:528 @ 10/12/25 17:29:50.24&#xA;</system-err>
          </testcase>
          <testcase name="[It] ComplexTest When test is completed deletes test case resources [Serial]" classname="Tests" status="skipped" time="0">
              <skipped message="skipped - Spec skipped because an earlier spec in an ordered container failed"></skipped>
              <system-err>[SKIPPED] Spec skipped because an earlier spec in an ordered container failed&#xA;In [It] at: /Users/antont/ansible_deckhouse/virtualization-full/tests/e2e/complex_test.go:545 @ 10/12/25 17:29:50.24&#xA;</system-err>
          </testcase>
          <testcase name="[It] [sig-storage] StorageClassMigration should be successful when only root disk changed storage class [SIG-Storage]" classname="Tests" status="skipped" time="0.000560625">
              <skipped message="skipped - This test case is not working everytime. Should be fixed."></skipped>
              <system-err>&gt; Enter [BeforeEach] [sig-storage] StorageClassMigration - /Users/antont/ansible_deckhouse/virtualization-full/tests/e2e/storage/volume_migration_storage_class_changed.go:48 @ 10/12/25 17:29:50.241&#xA;[SKIPPED] This test case is not working everytime. Should be fixed.&#xA;In [BeforeEach] at: /Users/antont/ansible_deckhouse/virtualization-full/tests/e2e/storage/volume_migration_storage_class_changed.go:50 @ 10/12/25 17:29:50.241&#xA;&lt; Exit [BeforeEach] [sig-storage] StorageClassMigration - /Users/antont/ansible_deckhouse/virtualization-full/tests/e2e/storage/volume_migration_storage_class_changed.go:48 @ 10/12/25 17:29:50.241 (1ms)&#xA;</system-err>
          </testcase>
          <testcase name="[It] [sig-storage] StorageClassMigration should be successful when root disk changed storage class and one local additional disk [SIG-Storage]" classname="Tests" status="skipped" time="0.000189625">
              <skipped message="skipped - This test case is not working everytime. Should be fixed."></skipped>
              <system-err>&gt; Enter [BeforeEach] [sig-storage] StorageClassMigration - /Users/antont/ansible_deckhouse/virtualization-full/tests/e2e/storage/volume_migration_storage_class_changed.go:48 @ 10/12/25 17:29:50.241&#xA;[SKIPPED] This test case is not working everytime. Should be fixed.&#xA;In [BeforeEach] at: /Users/antont/ansible_deckhouse/virtualization-full/tests/e2e/storage/volume_migration_storage_class_changed.go:50 @ 10/12/25 17:29:50.242&#xA;&lt; Exit [BeforeEach] [sig-storage] StorageClassMigration - /Users/antont/ansible_deckhouse/virtualization-full/tests/e2e/storage/volume_migration_storage_class_changed.go:48 @ 10/12/25 17:29:50.242 (0s)&#xA;</system-err>
          </testcase>
          <testcase name="[It] [sig-storage] StorageClassMigration should be successful when root disk changed storage class and one additional disk [SIG-Storage]" classname="Tests" status="skipped" time="0.000124708">
              <skipped message="skipped - This test case is not working everytime. Should be fixed."></skipped>
              <system-err>&gt; Enter [BeforeEach] [sig-storage] StorageClassMigration - /Users/antont/ansible_deckhouse/virtualization-full/tests/e2e/storage/volume_migration_storage_class_changed.go:48 @ 10/12/25 17:29:50.242&#xA;[SKIPPED] This test case is not working everytime. Should be fixed.&#xA;In [BeforeEach] at: /Users/antont/ansible_deckhouse/virtualization-full/tests/e2e/storage/volume_migration_storage_class_changed.go:50 @ 10/12/25 17:29:50.242&#xA;&lt; Exit [BeforeEach] [sig-storage] StorageClassMigration - /Users/antont/ansible_deckhouse/virtualization-full/tests/e2e/storage/volume_migration_storage_class_changed.go:48 @ 10/12/25 17:29:50.242 (0s)&#xA;</system-err>
          </testcase>
          <testcase name="[It] [sig-storage] StorageClassMigration should be successful when only additional disk changed storage class [SIG-Storage]" classname="Tests" status="skipped" time="0.000140083">
              <skipped message="skipped - This test case is not working everytime. Should be fixed."></skipped>
              <system-err>&gt; Enter [BeforeEach] [sig-storage] StorageClassMigration - /Users/antont/ansible_deckhouse/virtualization-full/tests/e2e/storage/volume_migration_storage_class_changed.go:48 @ 10/12/25 17:29:50.242&#xA;[SKIPPED] This test case is not working everytime. Should be fixed.&#xA;In [BeforeEach] at: /Users/antont/ansible_deckhouse/virtualization-full/tests/e2e/storage/volume_migration_storage_class_changed.go:50 @ 10/12/25 17:29:50.242&#xA;&lt; Exit [BeforeEach] [sig-storage] StorageClassMigration - /Users/antont/ansible_deckhouse/virtualization-full/tests/e2e/storage/volume_migration_storage_class_changed.go:48 @ 10/12/25 17:29:50.242 (0s)&#xA;</system-err>
          </testcase>
          <testcase name="[It] [sig-storage] StorageClassMigration should be reverted when only root disk changed storage class [SIG-Storage]" classname="Tests" status="skipped" time="0.000122417">
              <skipped message="skipped - This test case is not working everytime. Should be fixed."></skipped>
              <system-err>&gt; Enter [BeforeEach] [sig-storage] StorageClassMigration - /Users/antont/ansible_deckhouse/virtualization-full/tests/e2e/storage/volume_migration_storage_class_changed.go:48 @ 10/12/25 17:29:50.242&#xA;[SKIPPED] This test case is not working everytime. Should be fixed.&#xA;In [BeforeEach] at: /Users/antont/ansible_deckhouse/virtualization-full/tests/e2e/storage/volume_migration_storage_class_changed.go:50 @ 10/12/25 17:29:50.242&#xA;&lt; Exit [BeforeEach] [sig-storage] StorageClassMigration - /Users/antont/ansible_deckhouse/virtualization-full/tests/e2e/storage/volume_migration_storage_class_changed.go:48 @ 10/12/25 17:29:50.242 (0s)&#xA;</system-err>
          </testcase>
          <testcase name="[It] [sig-storage] StorageClassMigration should be reverted when root disk changed storage class and one local additional disk [SIG-Storage]" classname="Tests" status="skipped" time="0.000113333">
              <skipped message="skipped - This test case is not working everytime. Should be fixed."></skipped>
              <system-err>&gt; Enter [BeforeEach] [sig-storage] StorageClassMigration - /Users/antont/ansible_deckhouse/virtualization-full/tests/e2e/storage/volume_migration_storage_class_changed.go:48 @ 10/12/25 17:29:50.242&#xA;[SKIPPED] This test case is not working everytime. Should be fixed.&#xA;In [BeforeEach] at: /Users/antont/ansible_deckhouse/virtualization-full/tests/e2e/storage/volume_migration_storage_class_changed.go:50 @ 10/12/25 17:29:50.242&#xA;&lt; Exit [BeforeEach] [sig-storage] StorageClassMigration - /Users/antont/ansible_deckhouse/virtualization-full/tests/e2e/storage/volume_migration_storage_class_changed.go:48 @ 10/12/25 17:29:50.242 (0s)&#xA;</system-err>
          </testcase>
          <testcase name="[It] [sig-storage] StorageClassMigration should be reverted when root disk changed storage class and one additional disk [SIG-Storage]" classname="Tests" status="skipped" time="0.000110291">
              <skipped message="skipped - This test case is not working everytime. Should be fixed."></skipped>
              <system-err>&gt; Enter [BeforeEach] [sig-storage] StorageClassMigration - /Users/antont/ansible_deckhouse/virtualization-full/tests/e2e/storage/volume_migration_storage_class_changed.go:48 @ 10/12/25 17:29:50.243&#xA;[SKIPPED] This test case is not working everytime. Should be fixed.&#xA;In [BeforeEach] at: /Users/antont/ansible_deckhouse/virtualization-full/tests/e2e/storage/volume_migration_storage_class_changed.go:50 @ 10/12/25 17:29:50.243&#xA;&lt; Exit [BeforeEach] [sig-storage] StorageClassMigration - /Users/antont/ansible_deckhouse/virtualization-full/tests/e2e/storage/volume_migration_storage_class_changed.go:48 @ 10/12/25 17:29:50.243 (0s)&#xA;</system-err>
          </testcase>
          <testcase name="[It] [sig-storage] StorageClassMigration should be reverted when only additional disk changed storage class [SIG-Storage]" classname="Tests" status="skipped" time="0.000153125">
              <skipped message="skipped - This test case is not working everytime. Should be fixed."></skipped>
              <system-err>&gt; Enter [BeforeEach] [sig-storage] StorageClassMigration - /Users/antont/ansible_deckhouse/virtualization-full/tests/e2e/storage/volume_migration_storage_class_changed.go:48 @ 10/12/25 17:29:50.243&#xA;[SKIPPED] This test case is not working everytime. Should be fixed.&#xA;In [BeforeEach] at: /Users/antont/ansible_deckhouse/virtualization-full/tests/e2e/storage/volume_migration_storage_class_changed.go:50 @ 10/12/25 17:29:50.243&#xA;&lt; Exit [BeforeEach] [sig-storage] StorageClassMigration - /Users/antont/ansible_deckhouse/virtualization-full/tests/e2e/storage/volume_migration_storage_class_changed.go:48 @ 10/12/25 17:29:50.243 (0s)&#xA;</system-err>
          </testcase>
          <testcase name="[It] [sig-storage] StorageClassMigration should be successful two migrations in a row [SIG-Storage]" classname="Tests" status="skipped" time="0.000108417">
              <skipped message="skipped - This test case is not working everytime. Should be fixed."></skipped>
              <system-err>&gt; Enter [BeforeEach] [sig-storage] StorageClassMigration - /Users/antont/ansible_deckhouse/virtualization-full/tests/e2e/storage/volume_migration_storage_class_changed.go:48 @ 10/12/25 17:29:50.243&#xA;[SKIPPED] This test case is not working everytime. Should be fixed.&#xA;In [BeforeEach] at: /Users/antont/ansible_deckhouse/virtualization-full/tests/e2e/storage/volume_migration_storage_class_changed.go:50 @ 10/12/25 17:29:50.243&#xA;&lt; Exit [BeforeEach] [sig-storage] StorageClassMigration - /Users/antont/ansible_deckhouse/virtualization-full/tests/e2e/storage/volume_migration_storage_class_changed.go:48 @ 10/12/25 17:29:50.243 (0s)&#xA;</system-err>
          </testcase>
          <testcase name="[It] VirtualMachineRestoreSafe When the virtualization resources are applied result should be succeeded [SIG-Restoration]" classname="Tests" status="passed" time="6.011336916">
              <system-err>&gt; Enter [BeforeAll] VirtualMachineRestoreSafe - /Users/antont/ansible_deckhouse/virtualization-full/tests/e2e/vm_restore_safe_test.go:52 @ 10/12/25 17:29:50.243&#xA;&lt; Exit [BeforeAll] VirtualMachineRestoreSafe - /Users/antont/ansible_deckhouse/virtualization-full/tests/e2e/vm_restore_safe_test.go:52 @ 10/12/25 17:29:52.19 (1.947s)&#xA;&gt; Enter [BeforeEach] VirtualMachineRestoreSafe - /Users/antont/ansible_deckhouse/virtualization-full/tests/e2e/vm_restore_safe_test.go:61 @ 10/12/25 17:29:52.19&#xA;&lt; Exit [BeforeEach] VirtualMachineRestoreSafe - /Users/antont/ansible_deckhouse/virtualization-full/tests/e2e/vm_restore_safe_test.go:61 @ 10/12/25 17:29:52.19 (0s)&#xA;&gt; Enter [It] result should be succeeded - /Users/antont/ansible_deckhouse/virtualization-full/tests/e2e/vm_restore_safe_test.go:74 @ 10/12/25 17:29:52.19&#xA;&lt; Exit [It] result should be succeeded - /Users/antont/ansible_deckhouse/virtualization-full/tests/e2e/vm_restore_safe_test.go:74 @ 10/12/25 17:29:56.254 (4.065s)&#xA;&gt; Enter [AfterEach] VirtualMachineRestoreSafe - /Users/antont/ansible_deckhouse/virtualization-full/tests/e2e/vm_restore_safe_test.go:65 @ 10/12/25 17:29:56.254&#xA;&lt; Exit [AfterEach] VirtualMachineRestoreSafe - /Users/antont/ansible_deckhouse/virtualization-full/tests/e2e/vm_restore_safe_test.go:65 @ 10/12/25 17:29:56.254 (0s)&#xA;</system-err>
          </testcase>
          <testcase name="[It] VirtualMachineRestoreSafe When the virtualization resources are applied checks the resources phase [SIG-Restoration]" classname="Tests" status="failed" time="1007.904067458">
              <failure message="should observe resources in &#39;&#39;jsonpath={.status.phase}=Running&#39;&#39; state before 16m40s timeout&#xA;Expected&#xA;    &lt;[]string | len:1, cap:1&gt;: [&#xA;        &#34;cmd: kubectl wait virtualmachine.virtualization.deckhouse.io head-5073ae15-vm-restore-safe --namespace head-5073ae15-end-to-end-vm-restore-safe --for=&#39;jsonpath={.status.phase}=Running&#39; --timeout=16m40s\nstderr: error: timed out waiting for the condition on virtualmachines/head-5073ae15-vm-restore-safe\n\nwaited for: &#39;jsonpath={.status.phase}=Running&#39;&#34;,&#xA;    ]&#xA;to be empty" type="failed">[FAILED] should observe resources in &#39;&#39;jsonpath={.status.phase}=Running&#39;&#39; state before 16m40s timeout&#xA;Expected&#xA;    &lt;[]string | len:1, cap:1&gt;: [&#xA;        &#34;cmd: kubectl wait virtualmachine.virtualization.deckhouse.io head-5073ae15-vm-restore-safe --namespace head-5073ae15-end-to-end-vm-restore-safe --for=&#39;jsonpath={.status.phase}=Running&#39; --timeout=16m40s\nstderr: error: timed out waiting for the condition on virtualmachines/head-5073ae15-vm-restore-safe\n\nwaited for: &#39;jsonpath={.status.phase}=Running&#39;&#34;,&#xA;    ]&#xA;to be empty&#xA;In [It] at: /Users/antont/ansible_deckhouse/virtualization-full/tests/e2e/vm_restore_safe_test.go:107 @ 10/12/25 17:46:37.96&#xA;</failure>
              <system-err>&gt; Enter [BeforeEach] VirtualMachineRestoreSafe - /Users/antont/ansible_deckhouse/virtualization-full/tests/e2e/vm_restore_safe_test.go:61 @ 10/12/25 17:29:56.255&#xA;&lt; Exit [BeforeEach] VirtualMachineRestoreSafe - /Users/antont/ansible_deckhouse/virtualization-full/tests/e2e/vm_restore_safe_test.go:61 @ 10/12/25 17:29:56.255 (0s)&#xA;&gt; Enter [It] checks the resources phase - /Users/antont/ansible_deckhouse/virtualization-full/tests/e2e/vm_restore_safe_test.go:105 @ 10/12/25 17:29:56.255&#xA;STEP: `VirtualMachine` agent should be ready - /Users/antont/ansible_deckhouse/virtualization-full/tests/e2e/vm_restore_safe_test.go:106 @ 10/12/25 17:29:56.255&#xA;END STEP: `VirtualMachine` agent should be ready - /Users/antont/ansible_deckhouse/virtualization-full/tests/e2e/vm_restore_safe_test.go:106 @ 10/12/25 17:46:37.96 (16m41.657s)&#xA;[FAILED] should observe resources in &#39;&#39;jsonpath={.status.phase}=Running&#39;&#39; state before 16m40s timeout&#xA;Expected&#xA;    &lt;[]string | len:1, cap:1&gt;: [&#xA;        &#34;cmd: kubectl wait virtualmachine.virtualization.deckhouse.io head-5073ae15-vm-restore-safe --namespace head-5073ae15-end-to-end-vm-restore-safe --for=&#39;jsonpath={.status.phase}=Running&#39; --timeout=16m40s\nstderr: error: timed out waiting for the condition on virtualmachines/head-5073ae15-vm-restore-safe\n\nwaited for: &#39;jsonpath={.status.phase}=Running&#39;&#34;,&#xA;    ]&#xA;to be empty&#xA;In [It] at: /Users/antont/ansible_deckhouse/virtualization-full/tests/e2e/vm_restore_safe_test.go:107 @ 10/12/25 17:46:37.96&#xA;&lt; Exit [It] checks the resources phase - /Users/antont/ansible_deckhouse/virtualization-full/tests/e2e/vm_restore_safe_test.go:105 @ 10/12/25 17:46:37.96 (16m41.657s)&#xA;&gt; Enter [AfterEach] VirtualMachineRestoreSafe - /Users/antont/ansible_deckhouse/virtualization-full/tests/e2e/vm_restore_safe_test.go:65 @ 10/12/25 17:46:37.96&#xA;The list of pods is empty; nothing to dump.&#xA;&lt; Exit [AfterEach] VirtualMachineRestoreSafe - /Users/antont/ansible_deckhouse/virtualization-full/tests/e2e/vm_restore_safe_test.go:65 @ 10/12/25 17:46:44.207 (6.247s)&#xA;</system-err>
          </testcase>
          <testcase name="[It] VirtualMachineRestoreSafe When the virtualization resources are applied add additional interface to virtual machines [SIG-Restoration]" classname="Tests" status="skipped" time="0">
              <skipped message="skipped - Spec skipped because an earlier spec in an ordered container failed"></skipped>
              <system-err>[SKIPPED] Spec skipped because an earlier spec in an ordered container failed&#xA;In [It] at: /Users/antont/ansible_deckhouse/virtualization-full/tests/e2e/vm_restore_safe_test.go:115 @ 10/12/25 17:46:44.207&#xA;</system-err>
          </testcase>
          <testcase name="[It] VirtualMachineRestoreSafe When the resources are ready to use restore the `VirtualMachines` with `Safe` mode [SIG-Restoration]" classname="Tests" status="skipped" time="0">
              <skipped message="skipped - Spec skipped because an earlier spec in an ordered container failed"></skipped>
              <system-err>[SKIPPED] Spec skipped because an earlier spec in an ordered container failed&#xA;In [It] at: /Users/antont/ansible_deckhouse/virtualization-full/tests/e2e/vm_restore_safe_test.go:158 @ 10/12/25 17:46:44.208&#xA;</system-err>
          </testcase>
          <testcase name="[It] VirtualMachineRestoreSafe When the resources are ready to use check the .status.networks of each VM after restore [SIG-Restoration]" classname="Tests" status="skipped" time="0">
              <skipped message="skipped - Spec skipped because an earlier spec in an ordered container failed"></skipped>
              <system-err>[SKIPPED] Spec skipped because an earlier spec in an ordered container failed&#xA;In [It] at: /Users/antont/ansible_deckhouse/virtualization-full/tests/e2e/vm_restore_safe_test.go:348 @ 10/12/25 17:46:44.208&#xA;</system-err>
          </testcase>
          <testcase name="[It] VirtualMachineRestoreSafe When test is completed deletes test case resources [SIG-Restoration]" classname="Tests" status="skipped" time="0">
              <skipped message="skipped - Spec skipped because an earlier spec in an ordered container failed"></skipped>
              <system-err>[SKIPPED] Spec skipped because an earlier spec in an ordered container failed&#xA;In [It] at: /Users/antont/ansible_deckhouse/virtualization-full/tests/e2e/vm_restore_safe_test.go:374 @ 10/12/25 17:46:44.208&#xA;</system-err>
          </testcase>
          <testcase name="[It] ImageHotplug When the virtualization resources are applied result should be succeeded" classname="Tests" status="failed" time="12.751419375">
              <failure message="Warning: resource namespaces/head-5073ae15-end-to-end-image-hotplug is missing the kubectl.kubernetes.io/last-applied-configuration annotation which is required by kubectl apply. kubectl apply should only be used on resources created declaratively by either kubectl create --save-config or kubectl apply. The missing annotation will be patched automatically.&#xA;Error from server (Forbidden): error when creating &#34;/tmp/testdata/image-hotplug&#34;: admission webhook &#34;vi.virtualization-controller.validate.d8-virtualization&#34; denied the request: the storage class &#34;ceph-pool-r2-csi-rbd&#34; lacks of capabilities to support &#39;Virtual Images on PVC&#39; function; use StorageClass that supports volume mode &#39;Block&#39; and access mode &#39;ReadWriteMany&#39;&#xA;&#xA;Unexpected error:&#xA;    &lt;*exec.ExitError | 0x1400075e340&gt;: &#xA;    exit status 1&#xA;    {&#xA;        ProcessState: {&#xA;            pid: 84693,&#xA;            status: 256,&#xA;            rusage: {&#xA;                Utime: {&#xA;                    Sec: 0,&#xA;                    Usec: 294652,&#xA;                    Pad_cgo_0: [0, 0, 0, 0],&#xA;                },&#xA;                Stime: {&#xA;                    Sec: 0,&#xA;                    Usec: 60432,&#xA;                    Pad_cgo_0: [0, 0, 0, 0],&#xA;                },&#xA;                Maxrss: 70877184,&#xA;                Ixrss: 0,&#xA;                Idrss: 0,&#xA;                Isrss: 0,&#xA;                Minflt: 5139,&#xA;                Majflt: 3,&#xA;                Nswap: 0,&#xA;                Inblock: 0,&#xA;                Oublock: 0,&#xA;                Msgsnd: 49,&#xA;                Msgrcv: 54,&#xA;                Nsignals: 338,&#xA;                Nvcsw: 303,&#xA;                Nivcsw: 2716,&#xA;            },&#xA;        },&#xA;        Stderr: nil,&#xA;    }&#xA;occurred" type="failed">[FAILED] Warning: resource namespaces/head-5073ae15-end-to-end-image-hotplug is missing the kubectl.kubernetes.io/last-applied-configuration annotation which is required by kubectl apply. kubectl apply should only be used on resources created declaratively by either kubectl create --save-config or kubectl apply. The missing annotation will be patched automatically.&#xA;Error from server (Forbidden): error when creating &#34;/tmp/testdata/image-hotplug&#34;: admission webhook &#34;vi.virtualization-controller.validate.d8-virtualization&#34; denied the request: the storage class &#34;ceph-pool-r2-csi-rbd&#34; lacks of capabilities to support &#39;Virtual Images on PVC&#39; function; use StorageClass that supports volume mode &#39;Block&#39; and access mode &#39;ReadWriteMany&#39;&#xA;&#xA;Unexpected error:&#xA;    &lt;*exec.ExitError | 0x1400075e340&gt;: &#xA;    exit status 1&#xA;    {&#xA;        ProcessState: {&#xA;            pid: 84693,&#xA;            status: 256,&#xA;            rusage: {&#xA;                Utime: {&#xA;                    Sec: 0,&#xA;                    Usec: 294652,&#xA;                    Pad_cgo_0: [0, 0, 0, 0],&#xA;                },&#xA;                Stime: {&#xA;                    Sec: 0,&#xA;                    Usec: 60432,&#xA;                    Pad_cgo_0: [0, 0, 0, 0],&#xA;                },&#xA;                Maxrss: 70877184,&#xA;                Ixrss: 0,&#xA;                Idrss: 0,&#xA;                Isrss: 0,&#xA;                Minflt: 5139,&#xA;                Majflt: 3,&#xA;                Nswap: 0,&#xA;                Inblock: 0,&#xA;                Oublock: 0,&#xA;                Msgsnd: 49,&#xA;                Msgrcv: 54,&#xA;                Nsignals: 338,&#xA;                Nvcsw: 303,&#xA;                Nivcsw: 2716,&#xA;            },&#xA;        },&#xA;        Stderr: nil,&#xA;    }&#xA;occurred&#xA;In [It] at: /Users/antont/ansible_deckhouse/virtualization-full/tests/e2e/image_hotplug_test.go:109 @ 10/12/25 17:46:51.291&#xA;</failure>
[...]
              <skipped message="skipped"></skipped>
          </testcase>
          <testcase name="[It] VirtualMachineConnectivity When virtual machine agents are ready check nginx status via `d8 v` on VMs" classname="Tests" status="skipped" time="0">
              <skipped message="skipped"></skipped>
          </testcase>
          <testcase name="[It] VirtualMachineConnectivity When virtual machine agents are ready gets page from service head-5073ae15-vm-connectivity-a" classname="Tests" status="skipped" time="0">
              <skipped message="skipped"></skipped>
          </testcase>
          <testcase name="[It] VirtualMachineConnectivity When virtual machine agents are ready gets page from service head-5073ae15-vm-connectivity-b" classname="Tests" status="skipped" time="0">
              <skipped message="skipped"></skipped>
          </testcase>
          <testcase name="[It] VirtualMachineConnectivity When virtual machine agents are ready changes selector in service head-5073ae15-vm-connectivity-a with selector from service head-5073ae15-vm-connectivity-b" classname="Tests" status="skipped" time="0">
              <skipped message="skipped"></skipped>
          </testcase>
          <testcase name="[It] VirtualMachineConnectivity When virtual machine agents are ready checks selector in service head-5073ae15-vm-connectivity-a" classname="Tests" status="skipped" time="0">
              <skipped message="skipped"></skipped>
          </testcase>
          <testcase name="[It] VirtualMachineConnectivity When virtual machine agents are ready gets page from service head-5073ae15-vm-connectivity-a" classname="Tests" status="skipped" time="0">
              <skipped message="skipped"></skipped>
          </testcase>
          <testcase name="[It] VirtualMachineConnectivity When virtual machine agents are ready changes back selector in service head-5073ae15-vm-connectivity-a" classname="Tests" status="skipped" time="0">
              <skipped message="skipped"></skipped>
          </testcase>
          <testcase name="[It] VirtualMachineConnectivity When virtual machine agents are ready checks selector in service head-5073ae15-vm-connectivity-a" classname="Tests" status="skipped" time="0">
              <skipped message="skipped"></skipped>
          </testcase>
          <testcase name="[It] VirtualMachineConnectivity When test is completed deletes test case resources" classname="Tests" status="skipped" time="0">
              <skipped message="skipped"></skipped>
          </testcase>
          <testcase name="[It] VirtualMachineLiveMigrationTCPSession checks TCP connection [SIG-Migration]" classname="Tests" status="skipped" time="0">
              <skipped message="skipped"></skipped>
          </testcase>
          <testcase name="[It] VirtualDiskResizing When the resources are applied result should be succeeded" classname="Tests" status="skipped" time="0">
              <skipped message="skipped"></skipped>
          </testcase>
          <testcase name="[It] VirtualDiskResizing When the virtual images are applied checks `VirtualImages` phase" classname="Tests" status="skipped" time="0">
              <skipped message="skipped"></skipped>
          </testcase>
          <testcase name="[It] VirtualDiskResizing When the virtual disks are applied checks `VirtualDisks` phase" classname="Tests" status="skipped" time="0">
              <skipped message="skipped"></skipped>
          </testcase>
          <testcase name="[It] VirtualDiskResizing When the virtual machine are applied checks `VirtualMachine` phase" classname="Tests" status="skipped" time="0">
              <skipped message="skipped"></skipped>
          </testcase>
          <testcase name="[It] VirtualDiskResizing When the virtual machine are applied retrieves the test objects" classname="Tests" status="skipped" time="0">
              <skipped message="skipped"></skipped>
          </testcase>
          <testcase name="[It] VirtualDiskResizing When the virtual machine block device attachment is applied checks `VirtualMachineBlockDeviceAttachment` phase" classname="Tests" status="skipped" time="0">
              <skipped message="skipped"></skipped>
          </testcase>
          <testcase name="[It] VirtualDiskResizing Resizing When the virtual machine is ready obtains the disks metadata before resizing" classname="Tests" status="skipped" time="0">
              <skipped message="skipped"></skipped>
          </testcase>
          <testcase name="[It] VirtualDiskResizing Resizing When the virtual machine is ready resizes the disks" classname="Tests" status="skipped" time="0">
              <skipped message="skipped"></skipped>
          </testcase>
          <testcase name="[It] VirtualDiskResizing Resizing When the virtual machine is ready checks `VirtualDisks`, `VirtualMachine` and `VirtualMachineBlockDeviceAttachment` phases" classname="Tests" status="skipped" time="0">
              <skipped message="skipped"></skipped>
          </testcase>
          <testcase name="[It] VirtualDiskResizing Resizing When the virtual machine is ready obtains and compares the disks metadata after resizing" classname="Tests" status="skipped" time="0">
              <skipped message="skipped"></skipped>
          </testcase>
          <testcase name="[It] VirtualDiskResizing When test is completed deletes test case resources" classname="Tests" status="skipped" time="0">
              <skipped message="skipped"></skipped>
          </testcase>
          <testcase name="[It] VirtualMachineCancelMigration Cancel migrate [SIG-Migration]" classname="Tests" status="skipped" time="0">
              <skipped message="skipped"></skipped>
          </testcase>
          <testcase name="[It] SizingPolicy When resources are applied result should be succeeded" classname="Tests" status="skipped" time="0">
              <skipped message="skipped"></skipped>
          </testcase>
          <testcase name="[It] SizingPolicy When virtual images are applied checks VIs phases" classname="Tests" status="skipped" time="0">
              <skipped message="skipped"></skipped>
          </testcase>
          <testcase name="[It] SizingPolicy When virtual disks are applied checks VDs phases with map[vm:not-existing-vmclass-with-changing] and map[vm:not-existing-vmclass-with-creating] label" classname="Tests" status="skipped" time="0">
              <skipped message="skipped"></skipped>
          </testcase>
          <testcase name="[It] SizingPolicy When virtual disks are applied checks VDs phases with map[vm:existing-vmclass] label" classname="Tests" status="skipped" time="0">
              <skipped message="skipped"></skipped>
          </testcase>
          <testcase name="[It] SizingPolicy When virtual machines are applied checks VMs phases with map[vm:not-existing-vmclass-with-changing] and map[vm:not-existing-vmclass-with-creating] label" classname="Tests" status="skipped" time="0">
              <skipped message="skipped"></skipped>
          </testcase>
          <testcase name="[It] SizingPolicy When virtual machines are applied checks VMs phases with map[vm:existing-vmclass] label" classname="Tests" status="skipped" time="0">
              <skipped message="skipped"></skipped>
          </testcase>
          <testcase name="[It] SizingPolicy Not existing virtual machine class When virtual machine with label map[vm:not-existing-vmclass-with-changing] in phase Pending checks condition status before changing &#39;virtulaMachineCLass` field with existing class" classname="Tests" status="skipped" time="0">
              <skipped message="skipped"></skipped>
          </testcase>
          <testcase name="[It] SizingPolicy Not existing virtual machine class When virtual machine with label map[vm:not-existing-vmclass-with-changing] in phase Pending changes VMClassName in VM specification with existing VMClass" classname="Tests" status="skipped" time="0">
              <skipped message="skipped"></skipped>
          </testcase>
          <testcase name="[It] SizingPolicy Not existing virtual machine class When virtual machine with label map[vm:not-existing-vmclass-with-changing] in phase Pending checks VM phase and condition status after changing" classname="Tests" status="skipped" time="0">
              <skipped message="skipped"></skipped>
          </testcase>
          <testcase name="[It] SizingPolicy Not existing virtual machine class When virtual machine with label map[vm:not-existing-vmclass-with-creating] in phase Pending checks condition status before creating `VirtualMachineClass`" classname="Tests" status="skipped" time="0">
              <skipped message="skipped"></skipped>
          </testcase>
          <testcase name="[It] SizingPolicy Not existing virtual machine class When virtual machine with label map[vm:not-existing-vmclass-with-creating] in phase Pending changes VMClassName in VM specification with not existing VMClass which have correct prefix for creating" classname="Tests" status="skipped" time="0">
              <skipped message="skipped"></skipped>
          </testcase>
          <testcase name="[It] SizingPolicy Not existing virtual machine class When virtual machine with label map[vm:not-existing-vmclass-with-creating] in phase Pending creates new `VirtualMachineClass`" classname="Tests" status="skipped" time="0">
              <skipped message="skipped"></skipped>
          </testcase>
          <testcase name="[It] SizingPolicy Not existing virtual machine class When virtual machine with label map[vm:not-existing-vmclass-with-creating] in phase Pending checks VM phase and condition after creating" classname="Tests" status="skipped" time="0">
              <skipped message="skipped"></skipped>
          </testcase>
          <testcase name="[It] SizingPolicy When virtual machines in phase Running checks sizing policy match" classname="Tests" status="skipped" time="0">
              <skipped message="skipped"></skipped>
          </testcase>
          <testcase name="[It] SizingPolicy When test is completed deletes test case resources" classname="Tests" status="skipped" time="0">
              <skipped message="skipped"></skipped>
          </testcase>
          <testcase name="[It] VirtualDiskAttachment When resources are applied result should be succeeded" classname="Tests" status="skipped" time="0">
              <skipped message="skipped"></skipped>
          </testcase>
          <testcase name="[It] VirtualDiskAttachment When virtual images are applied checks VIs phases" classname="Tests" status="skipped" time="0">
              <skipped message="skipped"></skipped>
          </testcase>
          <testcase name="[It] VirtualDiskAttachment When virtual disks are applied checks VDs phases" classname="Tests" status="skipped" time="0">
              <skipped message="skipped"></skipped>
          </testcase>
          <testcase name="[It] VirtualDiskAttachment When virtual machines are applied checks VMs phases" classname="Tests" status="skipped" time="0">
              <skipped message="skipped"></skipped>
          </testcase>
          <testcase name="[It] VirtualDiskAttachment Attachment When virtual machine agents are ready get disk count before attachment" classname="Tests" status="skipped" time="0">
              <skipped message="skipped"></skipped>
          </testcase>
          <testcase name="[It] VirtualDiskAttachment Attachment When virtual machine agents are ready attaches virtual disk" classname="Tests" status="skipped" time="0">
              <skipped message="skipped"></skipped>
          </testcase>
          <testcase name="[It] VirtualDiskAttachment Attachment When virtual machine agents are ready checks VM and VMBDA phases" classname="Tests" status="skipped" time="0">
              <skipped message="skipped"></skipped>
          </testcase>
          <testcase name="[It] VirtualDiskAttachment Attachment When virtual machine agents are ready compares disk count before and after attachment" classname="Tests" status="skipped" time="0">
              <skipped message="skipped"></skipped>
          </testcase>
          <testcase name="[It] VirtualDiskAttachment Detachment When virtual machines are in Running phases get disk count before detachment" classname="Tests" status="skipped" time="0">
              <skipped message="skipped"></skipped>
          </testcase>
          <testcase name="[It] VirtualDiskAttachment Detachment When virtual machines are in Running phases detaches virtual disk" classname="Tests" status="skipped" time="0">
              <skipped message="skipped"></skipped>
          </testcase>
          <testcase name="[It] VirtualDiskAttachment Detachment When virtual machines are in Running phases checks VM phase" classname="Tests" status="skipped" time="0">
              <skipped message="skipped"></skipped>
          </testcase>
          <testcase name="[It] VirtualDiskAttachment Detachment When virtual machines are in Running phases compares disk count before and after detachment" classname="Tests" status="skipped" time="0">
              <skipped message="skipped"></skipped>
          </testcase>
          <testcase name="[It] VirtualDiskAttachment When test is completed deletes test case resources" classname="Tests" status="skipped" time="0">
              <skipped message="skipped"></skipped>
          </testcase>
          <testcase name="[It] VirtualMachineMigration When resources are applied result should be succeeded [SIG-Migration]" classname="Tests" status="skipped" time="0">
              <skipped message="skipped"></skipped>
          </testcase>
          <testcase name="[It] VirtualMachineMigration When virtual machines are applied checks VMs phases [SIG-Migration]" classname="Tests" status="skipped" time="0">
              <skipped message="skipped"></skipped>
          </testcase>
          <testcase name="[It] VirtualMachineMigration When virtual machine agents are ready starts migrations [SIG-Migration]" classname="Tests" status="skipped" time="0">
              <skipped message="skipped"></skipped>
          </testcase>
          <testcase name="[It] VirtualMachineMigration When VMs migrations are applied checks VMs and VMOPs phases [SIG-Migration]" classname="Tests" status="skipped" time="0">
              <skipped message="skipped"></skipped>
          </testcase>
          <testcase name="[It] VirtualMachineMigration When VMs migrations are applied checks VMs external connection after migrations [SIG-Migration]" classname="Tests" status="skipped" time="0">
              <skipped message="skipped"></skipped>
          </testcase>
          <testcase name="[It] VirtualMachineMigration When test is completed deletes test case resources [SIG-Migration]" classname="Tests" status="skipped" time="0">
              <skipped message="skipped"></skipped>
          </testcase>
          <testcase name="[It] VirtualMachineVersions When virtualization resources are applied: result should be succeeded" classname="Tests" status="skipped" time="0">
              <skipped message="skipped"></skipped>
          </testcase>
          <testcase name="[It] VirtualMachineVersions When virtual disks are applied: checks VDs phases" classname="Tests" status="skipped" time="0">
              <skipped message="skipped"></skipped>
          </testcase>
          <testcase name="[It] VirtualMachineVersions When virtual machines are applied: checks VMs phases" classname="Tests" status="skipped" time="0">
              <skipped message="skipped"></skipped>
          </testcase>
          <testcase name="[It] VirtualMachineVersions When virtual machines are ready: has qemu version in the status" classname="Tests" status="skipped" time="0">
              <skipped message="skipped"></skipped>
          </testcase>
          <testcase name="[It] VirtualMachineVersions When virtual machines are ready: has libvirt version in the status" classname="Tests" status="skipped" time="0">
              <skipped message="skipped"></skipped>
          </testcase>
          <testcase name="[It] VirtualMachineVersions When test is completed deletes test case resources" classname="Tests" status="skipped" time="0">
              <skipped message="skipped"></skipped>
          </testcase>
          <testcase name="[It] [sig-storage] LocalVirtualDiskMigration should be successful when only root disk on local storage [SIG-Storage]" classname="Tests" status="skipped" time="0">
              <skipped message="skipped"></skipped>
          </testcase>
          <testcase name="[It] [sig-storage] LocalVirtualDiskMigration should be successful when root disk on local storage and one additional disk [SIG-Storage]" classname="Tests" status="skipped" time="0">
              <skipped message="skipped"></skipped>
          </testcase>
          <testcase name="[It] [sig-storage] LocalVirtualDiskMigration should be successful when only additional disk on local storage [SIG-Storage]" classname="Tests" status="skipped" time="0">
              <skipped message="skipped"></skipped>
          </testcase>
          <testcase name="[It] [sig-storage] LocalVirtualDiskMigration should be reverted when only root disk on local storage [SIG-Storage]" classname="Tests" status="skipped" time="0">
              <skipped message="skipped"></skipped>
          </testcase>
          <testcase name="[It] [sig-storage] LocalVirtualDiskMigration should be reverted when root disk on local storage and one additional disk [SIG-Storage]" classname="Tests" status="skipped" time="0">
              <skipped message="skipped"></skipped>
          </testcase>
          <testcase name="[It] [sig-storage] LocalVirtualDiskMigration should be reverted when only additional disk on local storage [SIG-Storage]" classname="Tests" status="skipped" time="0">
              <skipped message="skipped"></skipped>
          </testcase>
          <testcase name="[It] [sig-storage] LocalVirtualDiskMigration should be successful two migrations in a row [SIG-Storage]" classname="Tests" status="skipped" time="0">
              <skipped message="skipped"></skipped>
          </testcase>
          <testcase name="[It] [sig-storage] LocalVirtualDiskMigration should be reverted first and completed second [SIG-Storage]" classname="Tests" status="skipped" time="0">
              <skipped message="skipped"></skipped>
          </testcase>
          <testcase name="[It] [sig-storage] LocalVirtualDiskMigration should be reverted because virtual machine stopped when virtual machine deleting [SIG-Storage]" classname="Tests" status="skipped" time="0">
              <skipped message="skipped"></skipped>
          </testcase>
          <testcase name="[It] [sig-storage] LocalVirtualDiskMigration should be reverted because virtual machine stopped when virtual machine stopped from OS [SIG-Storage]" classname="Tests" status="skipped" time="0">
              <skipped message="skipped"></skipped>
          </testcase>
          <testcase name="[It] [sig-storage] LocalVirtualDiskMigration Migrate to not matched node should reverted because migration canceled when pod pending [SIG-Storage]" classname="Tests" status="skipped" time="0">
              <skipped message="skipped"></skipped>
          </testcase>
          <testcase name="[It] [sig-storage] LocalVirtualDiskMigration should be failed with RWO VMBDA [SIG-Storage]" classname="Tests" status="skipped" time="0">
              <skipped message="skipped"></skipped>
          </testcase>
          <testcase name="[SynchronizedAfterSuite]" classname="Tests" status="skipped" time="4.58e-07">
              <skipped message="skipped"></skipped>
          </testcase>
          <testcase name="[DeferCleanup (Suite)]" classname="Tests" status="skipped" time="1.66e-07">
              <skipped message="skipped"></skipped>
          </testcase>
      </testsuite>
  </testsuites>