<?xml version="1.0" encoding="UTF-8"?>
  <testsuites tests="215" disabled="172" errors="0" failures="16" time="10819.453172208">
      <testsuite name="Tests" package="/Users/antont/ansible_deckhouse/virtualization-full/tests/e2e" tests="215" disabled="0" skipped="172" errors="0" failures="16" time="10819.453172208" timestamp="2025-10-12T12:11:45">
          <properties>
              <property name="SuiteSucceeded" value="false"></property>
              <property name="SuiteHasProgrammaticFocus" value="false"></property>
              <property name="SpecialSuiteFailureReason" value="Suite Timeout Elapsed"></property>
              <property name="SuiteLabels" value="[]"></property>
              <property name="RandomSeed" value="1760260291"></property>
              <property name="RandomizeAllSpecs" value="false"></property>
              <property name="LabelFilter" value=""></property>
              <property name="FocusStrings" value=""></property>
              <property name="SkipStrings" value=""></property>
              <property name="FocusFiles" value=""></property>
              <property name="SkipFiles" value=""></property>
              <property name="FailOnPending" value="false"></property>
              <property name="FailOnEmpty" value="false"></property>
              <property name="FailFast" value="false"></property>
              <property name="FlakeAttempts" value="0"></property>
              <property name="DryRun" value="false"></property>
              <property name="ParallelTotal" value="1"></property>
              <property name="OutputInterceptorMode" value=""></property>
          </properties>
          <testcase name="[SynchronizedBeforeSuite]" classname="Tests" status="passed" time="4.942888291">
              <system-err>&gt; Enter [SynchronizedBeforeSuite] TOP-LEVEL - /Users/antont/ansible_deckhouse/virtualization-full/tests/e2e/e2e_test.go:137 @ 10/12/25 12:11:45.352&#xA;&lt; Exit [SynchronizedBeforeSuite] TOP-LEVEL - /Users/antont/ansible_deckhouse/virtualization-full/tests/e2e/e2e_test.go:137 @ 10/12/25 12:11:50.295 (4.943s)&#xA;&gt; Enter [SynchronizedBeforeSuite] TOP-LEVEL - /Users/antont/ansible_deckhouse/virtualization-full/tests/e2e/e2e_test.go:137 @ 10/12/25 12:11:50.295&#xA;&lt; Exit [SynchronizedBeforeSuite] TOP-LEVEL - /Users/antont/ansible_deckhouse/virtualization-full/tests/e2e/e2e_test.go:137 @ 10/12/25 12:11:50.295 (0s)&#xA;</system-err>
          </testcase>
          <testcase name="[It] VirtualDiskAttachment When resources are applied result should be succeeded" classname="Tests" status="passed" time="5.740305875">
              <system-err>&gt; Enter [BeforeAll] VirtualDiskAttachment - /Users/antont/ansible_deckhouse/virtualization-full/tests/e2e/vm_disk_attachment_test.go:52 @ 10/12/25 12:11:50.297&#xA;&lt; Exit [BeforeAll] VirtualDiskAttachment - /Users/antont/ansible_deckhouse/virtualization-full/tests/e2e/vm_disk_attachment_test.go:52 @ 10/12/25 12:11:52.272 (1.975s)&#xA;&gt; Enter [BeforeEach] VirtualDiskAttachment - /Users/antont/ansible_deckhouse/virtualization-full/tests/e2e/vm_disk_attachment_test.go:64 @ 10/12/25 12:11:52.272&#xA;&lt; Exit [BeforeEach] VirtualDiskAttachment - /Users/antont/ansible_deckhouse/virtualization-full/tests/e2e/vm_disk_attachment_test.go:64 @ 10/12/25 12:11:52.272 (0s)&#xA;&gt; Enter [It] result should be succeeded - /Users/antont/ansible_deckhouse/virtualization-full/tests/e2e/vm_disk_attachment_test.go:77 @ 10/12/25 12:11:52.273&#xA;&lt; Exit [It] result should be succeeded - /Users/antont/ansible_deckhouse/virtualization-full/tests/e2e/vm_disk_attachment_test.go:77 @ 10/12/25 12:11:56.037 (3.765s)&#xA;&gt; Enter [AfterEach] VirtualDiskAttachment - /Users/antont/ansible_deckhouse/virtualization-full/tests/e2e/vm_disk_attachment_test.go:70 @ 10/12/25 12:11:56.037&#xA;&lt; Exit [AfterEach] VirtualDiskAttachment - /Users/antont/ansible_deckhouse/virtualization-full/tests/e2e/vm_disk_attachment_test.go:70 @ 10/12/25 12:11:56.037 (0s)&#xA;</system-err>
          </testcase>
          <testcase name="[It] VirtualDiskAttachment When virtual images are applied checks VIs phases" classname="Tests" status="passed" time="27.084231917">
              <system-err>&gt; Enter [BeforeEach] VirtualDiskAttachment - /Users/antont/ansible_deckhouse/virtualization-full/tests/e2e/vm_disk_attachment_test.go:64 @ 10/12/25 12:11:56.038&#xA;&lt; Exit [BeforeEach] VirtualDiskAttachment - /Users/antont/ansible_deckhouse/virtualization-full/tests/e2e/vm_disk_attachment_test.go:64 @ 10/12/25 12:11:56.038 (0s)&#xA;&gt; Enter [It] checks VIs phases - /Users/antont/ansible_deckhouse/virtualization-full/tests/e2e/vm_disk_attachment_test.go:87 @ 10/12/25 12:11:56.038&#xA;STEP: VIs should be in Ready phases - /Users/antont/ansible_deckhouse/virtualization-full/tests/e2e/vm_disk_attachment_test.go:88 @ 10/12/25 12:11:56.038&#xA;&lt; Exit [It] checks VIs phases - /Users/antont/ansible_deckhouse/virtualization-full/tests/e2e/vm_disk_attachment_test.go:87 @ 10/12/25 12:12:23.122 (27.084s)&#xA;&gt; Enter [AfterEach] VirtualDiskAttachment - /Users/antont/ansible_deckhouse/virtualization-full/tests/e2e/vm_disk_attachment_test.go:70 @ 10/12/25 12:12:23.122&#xA;&lt; Exit [AfterEach] VirtualDiskAttachment - /Users/antont/ansible_deckhouse/virtualization-full/tests/e2e/vm_disk_attachment_test.go:70 @ 10/12/25 12:12:23.122 (0s)&#xA;</system-err>
          </testcase>
          <testcase name="[It] VirtualDiskAttachment When virtual disks are applied checks VDs phases" classname="Tests" status="failed" time="1010.991059834">
              <failure message="should observe resources in &#39;&#39;jsonpath={.status.phase}=Ready&#39;&#39; state before 16m40s timeout&#xA;Expected&#xA;    &lt;[]string | len:1, cap:1&gt;: [&#xA;        &#34;cmd: kubectl wait virtualdisks.virtualization.deckhouse.io head-5073ae15-vd-root-automatic-with-hotplug-standalone --namespace head-5073ae15-end-to-end-vm-disk-attachment --for=&#39;jsonpath={.status.phase}=Ready&#39; --timeout=16m40s\nstderr: error: timed out waiting for the condition on virtualdisks/head-5073ae15-vd-root-automatic-with-hotplug-standalone\n\nwaited for: &#39;jsonpath={.status.phase}=Ready&#39;&#34;,&#xA;    ]&#xA;to be empty" type="failed">[FAILED] should observe resources in &#39;&#39;jsonpath={.status.phase}=Ready&#39;&#39; state before 16m40s timeout&#xA;Expected&#xA;    &lt;[]string | len:1, cap:1&gt;: [&#xA;        &#34;cmd: kubectl wait virtualdisks.virtualization.deckhouse.io head-5073ae15-vd-root-automatic-with-hotplug-standalone --namespace head-5073ae15-end-to-end-vm-disk-attachment --for=&#39;jsonpath={.status.phase}=Ready&#39; --timeout=16m40s\nstderr: error: timed out waiting for the condition on virtualdisks/head-5073ae15-vd-root-automatic-with-hotplug-standalone\n\nwaited for: &#39;jsonpath={.status.phase}=Ready&#39;&#34;,&#xA;    ]&#xA;to be empty&#xA;In [It] at: /Users/antont/ansible_deckhouse/virtualization-full/tests/e2e/vm_disk_attachment_test.go:100 @ 10/12/25 12:29:05.243&#xA;</failure>
              <system-err>&gt; Enter [BeforeEach] VirtualDiskAttachment - /Users/antont/ansible_deckhouse/virtualization-full/tests/e2e/vm_disk_attachment_test.go:64 @ 10/12/25 12:12:23.122&#xA;&lt; Exit [BeforeEach] VirtualDiskAttachment - /Users/antont/ansible_deckhouse/virtualization-full/tests/e2e/vm_disk_attachment_test.go:64 @ 10/12/25 12:12:23.122 (0s)&#xA;&gt; Enter [It] checks VDs phases - /Users/antont/ansible_deckhouse/virtualization-full/tests/e2e/vm_disk_attachment_test.go:98 @ 10/12/25 12:12:23.122&#xA;STEP: VDs with consumers should be in Ready phases - /Users/antont/ansible_deckhouse/virtualization-full/tests/e2e/vm_disk_attachment_test.go:99 @ 10/12/25 12:12:23.122&#xA;[FAILED] should observe resources in &#39;&#39;jsonpath={.status.phase}=Ready&#39;&#39; state before 16m40s timeout&#xA;Expected&#xA;    &lt;[]string | len:1, cap:1&gt;: [&#xA;        &#34;cmd: kubectl wait virtualdisks.virtualization.deckhouse.io head-5073ae15-vd-root-automatic-with-hotplug-standalone --namespace head-5073ae15-end-to-end-vm-disk-attachment --for=&#39;jsonpath={.status.phase}=Ready&#39; --timeout=16m40s\nstderr: error: timed out waiting for the condition on virtualdisks/head-5073ae15-vd-root-automatic-with-hotplug-standalone\n\nwaited for: &#39;jsonpath={.status.phase}=Ready&#39;&#34;,&#xA;    ]&#xA;to be empty&#xA;In [It] at: /Users/antont/ansible_deckhouse/virtualization-full/tests/e2e/vm_disk_attachment_test.go:100 @ 10/12/25 12:29:05.243&#xA;&lt; Exit [It] checks VDs phases - /Users/antont/ansible_deckhouse/virtualization-full/tests/e2e/vm_disk_attachment_test.go:98 @ 10/12/25 12:29:05.244 (16m42.136s)&#xA;&gt; Enter [AfterEach] VirtualDiskAttachment - /Users/antont/ansible_deckhouse/virtualization-full/tests/e2e/vm_disk_attachment_test.go:70 @ 10/12/25 12:29:05.245&#xA;&lt; Exit [AfterEach] VirtualDiskAttachment - /Users/antont/ansible_deckhouse/virtualization-full/tests/e2e/vm_disk_attachment_test.go:70 @ 10/12/25 12:29:14.1 (8.855s)&#xA;</system-err>
          </testcase>
          <testcase name="[It] VirtualDiskAttachment When virtual machines are applied checks VMs phases" classname="Tests" status="skipped" time="0">
              <skipped message="skipped - Spec skipped because an earlier spec in an ordered container failed"></skipped>
              <system-err>[SKIPPED] Spec skipped because an earlier spec in an ordered container failed&#xA;In [It] at: /Users/antont/ansible_deckhouse/virtualization-full/tests/e2e/vm_disk_attachment_test.go:116 @ 10/12/25 12:29:14.1&#xA;</system-err>
          </testcase>
          <testcase name="[It] VirtualDiskAttachment Attachment When virtual machine agents are ready get disk count before attachment" classname="Tests" status="skipped" time="0">
              <skipped message="skipped - Spec skipped because an earlier spec in an ordered container failed"></skipped>
              <system-err>[SKIPPED] Spec skipped because an earlier spec in an ordered container failed&#xA;In [It] at: /Users/antont/ansible_deckhouse/virtualization-full/tests/e2e/vm_disk_attachment_test.go:128 @ 10/12/25 12:29:14.1&#xA;</system-err>
          </testcase>
          <testcase name="[It] VirtualDiskAttachment Attachment When virtual machine agents are ready attaches virtual disk" classname="Tests" status="skipped" time="0">
              <skipped message="skipped - Spec skipped because an earlier spec in an ordered container failed"></skipped>
              <system-err>[SKIPPED] Spec skipped because an earlier spec in an ordered container failed&#xA;In [It] at: /Users/antont/ansible_deckhouse/virtualization-full/tests/e2e/vm_disk_attachment_test.go:133 @ 10/12/25 12:29:14.1&#xA;</system-err>
          </testcase>
          <testcase name="[It] VirtualDiskAttachment Attachment When virtual machine agents are ready checks VM and VMBDA phases" classname="Tests" status="skipped" time="0">
              <skipped message="skipped - Spec skipped because an earlier spec in an ordered container failed"></skipped>
              <system-err>[SKIPPED] Spec skipped because an earlier spec in an ordered container failed&#xA;In [It] at: /Users/antont/ansible_deckhouse/virtualization-full/tests/e2e/vm_disk_attachment_test.go:136 @ 10/12/25 12:29:14.1&#xA;</system-err>
          </testcase>
          <testcase name="[It] VirtualDiskAttachment Attachment When virtual machine agents are ready compares disk count before and after attachment" classname="Tests" status="skipped" time="0">
              <skipped message="skipped - Spec skipped because an earlier spec in an ordered container failed"></skipped>
              <system-err>[SKIPPED] Spec skipped because an earlier spec in an ordered container failed&#xA;In [It] at: /Users/antont/ansible_deckhouse/virtualization-full/tests/e2e/vm_disk_attachment_test.go:150 @ 10/12/25 12:29:14.1&#xA;</system-err>
          </testcase>
          <testcase name="[It] VirtualDiskAttachment Detachment When virtual machines are in Running phases get disk count before detachment" classname="Tests" status="skipped" time="0">
              <skipped message="skipped - Spec skipped because an earlier spec in an ordered container failed"></skipped>
              <system-err>[SKIPPED] Spec skipped because an earlier spec in an ordered container failed&#xA;In [It] at: /Users/antont/ansible_deckhouse/virtualization-full/tests/e2e/vm_disk_attachment_test.go:166 @ 10/12/25 12:29:14.101&#xA;</system-err>
          </testcase>
          <testcase name="[It] VirtualDiskAttachment Detachment When virtual machines are in Running phases detaches virtual disk" classname="Tests" status="skipped" time="0">
              <skipped message="skipped - Spec skipped because an earlier spec in an ordered container failed"></skipped>
              <system-err>[SKIPPED] Spec skipped because an earlier spec in an ordered container failed&#xA;In [It] at: /Users/antont/ansible_deckhouse/virtualization-full/tests/e2e/vm_disk_attachment_test.go:171 @ 10/12/25 12:29:14.101&#xA;</system-err>
          </testcase>
          <testcase name="[It] VirtualDiskAttachment Detachment When virtual machines are in Running phases checks VM phase" classname="Tests" status="skipped" time="0">
              <skipped message="skipped - Spec skipped because an earlier spec in an ordered container failed"></skipped>
              <system-err>[SKIPPED] Spec skipped because an earlier spec in an ordered container failed&#xA;In [It] at: /Users/antont/ansible_deckhouse/virtualization-full/tests/e2e/vm_disk_attachment_test.go:179 @ 10/12/25 12:29:14.101&#xA;</system-err>
          </testcase>
          <testcase name="[It] VirtualDiskAttachment Detachment When virtual machines are in Running phases compares disk count before and after detachment" classname="Tests" status="skipped" time="0">
              <skipped message="skipped - Spec skipped because an earlier spec in an ordered container failed"></skipped>
              <system-err>[SKIPPED] Spec skipped because an earlier spec in an ordered container failed&#xA;In [It] at: /Users/antont/ansible_deckhouse/virtualization-full/tests/e2e/vm_disk_attachment_test.go:187 @ 10/12/25 12:29:14.101&#xA;</system-err>
          </testcase>
          <testcase name="[It] VirtualDiskAttachment When test is completed deletes test case resources" classname="Tests" status="skipped" time="0">
              <skipped message="skipped - Spec skipped because an earlier spec in an ordered container failed"></skipped>
              <system-err>[SKIPPED] Spec skipped because an earlier spec in an ordered container failed&#xA;In [It] at: /Users/antont/ansible_deckhouse/virtualization-full/tests/e2e/vm_disk_attachment_test.go:201 @ 10/12/25 12:29:14.101&#xA;</system-err>
          </testcase>
          <testcase name="[It] ComplexTest When virtualization resources are applied result should be succeeded [Serial]" classname="Tests" status="passed" time="29.20995075">
              <system-err>&gt; Enter [BeforeAll] ComplexTest - /Users/antont/ansible_deckhouse/virtualization-full/tests/e2e/complex_test.go:52 @ 10/12/25 12:29:14.101&#xA;&lt; Exit [BeforeAll] ComplexTest - /Users/antont/ansible_deckhouse/virtualization-full/tests/e2e/complex_test.go:52 @ 10/12/25 12:29:16.087 (1.986s)&#xA;&gt; Enter [It] result should be succeeded - /Users/antont/ansible_deckhouse/virtualization-full/tests/e2e/complex_test.go:62 @ 10/12/25 12:29:16.087&#xA;&lt; Exit [It] result should be succeeded - /Users/antont/ansible_deckhouse/virtualization-full/tests/e2e/complex_test.go:62 @ 10/12/25 12:29:43.311 (27.224s)&#xA;&gt; Enter [AfterEach] ComplexTest - /Users/antont/ansible_deckhouse/virtualization-full/tests/e2e/complex_test.go:46 @ 10/12/25 12:29:43.311&#xA;&lt; Exit [AfterEach] ComplexTest - /Users/antont/ansible_deckhouse/virtualization-full/tests/e2e/complex_test.go:46 @ 10/12/25 12:29:43.311 (0s)&#xA;</system-err>
          </testcase>
          <testcase name="[It] ComplexTest When virtualization resources are applied should fill empty virtualMachineClassName with the default class name [Serial]" classname="Tests" status="passed" time="1.160498458">
              <system-err>&gt; Enter [It] should fill empty virtualMachineClassName with the default class name - /Users/antont/ansible_deckhouse/virtualization-full/tests/e2e/complex_test.go:83 @ 10/12/25 12:29:43.312&#xA;&lt; Exit [It] should fill empty virtualMachineClassName with the default class name - /Users/antont/ansible_deckhouse/virtualization-full/tests/e2e/complex_test.go:83 @ 10/12/25 12:29:44.472 (1.16s)&#xA;&gt; Enter [AfterEach] ComplexTest - /Users/antont/ansible_deckhouse/virtualization-full/tests/e2e/complex_test.go:46 @ 10/12/25 12:29:44.472&#xA;&lt; Exit [AfterEach] ComplexTest - /Users/antont/ansible_deckhouse/virtualization-full/tests/e2e/complex_test.go:46 @ 10/12/25 12:29:44.473 (0s)&#xA;</system-err>
          </testcase>
          <testcase name="[It] ComplexTest When virtual images are applied checks VIs phases [Serial]" classname="Tests" status="passed" time="6.026123792">
              <system-err>&gt; Enter [It] checks VIs phases - /Users/antont/ansible_deckhouse/virtualization-full/tests/e2e/complex_test.go:101 @ 10/12/25 12:29:44.473&#xA;STEP: VIs should be in Ready phases - /Users/antont/ansible_deckhouse/virtualization-full/tests/e2e/complex_test.go:102 @ 10/12/25 12:29:44.473&#xA;&lt; Exit [It] checks VIs phases - /Users/antont/ansible_deckhouse/virtualization-full/tests/e2e/complex_test.go:101 @ 10/12/25 12:29:50.499 (6.026s)&#xA;&gt; Enter [AfterEach] ComplexTest - /Users/antont/ansible_deckhouse/virtualization-full/tests/e2e/complex_test.go:46 @ 10/12/25 12:29:50.499&#xA;&lt; Exit [AfterEach] ComplexTest - /Users/antont/ansible_deckhouse/virtualization-full/tests/e2e/complex_test.go:46 @ 10/12/25 12:29:50.499 (0s)&#xA;</system-err>
          </testcase>
          <testcase name="[It] ComplexTest When cluster virtual images are applied checks CVIs phases [Serial]" classname="Tests" status="passed" time="2.95276225">
              <system-err>&gt; Enter [It] checks CVIs phases - /Users/antont/ansible_deckhouse/virtualization-full/tests/e2e/complex_test.go:112 @ 10/12/25 12:29:50.499&#xA;STEP: CVIs should be in Ready phases - /Users/antont/ansible_deckhouse/virtualization-full/tests/e2e/complex_test.go:113 @ 10/12/25 12:29:50.499&#xA;&lt; Exit [It] checks CVIs phases - /Users/antont/ansible_deckhouse/virtualization-full/tests/e2e/complex_test.go:112 @ 10/12/25 12:29:53.452 (2.953s)&#xA;&gt; Enter [AfterEach] ComplexTest - /Users/antont/ansible_deckhouse/virtualization-full/tests/e2e/complex_test.go:46 @ 10/12/25 12:29:53.452&#xA;&lt; Exit [AfterEach] ComplexTest - /Users/antont/ansible_deckhouse/virtualization-full/tests/e2e/complex_test.go:46 @ 10/12/25 12:29:53.452 (0s)&#xA;</system-err>
          </testcase>
          <testcase name="[It] ComplexTest When virtual machine classes are applied checks VMClasses phases [Serial]" classname="Tests" status="passed" time="2.703665708">
              <system-err>&gt; Enter [It] checks VMClasses phases - /Users/antont/ansible_deckhouse/virtualization-full/tests/e2e/complex_test.go:123 @ 10/12/25 12:29:53.452&#xA;STEP: VMClasses should be in Ready phases - /Users/antont/ansible_deckhouse/virtualization-full/tests/e2e/complex_test.go:124 @ 10/12/25 12:29:53.452&#xA;&lt; Exit [It] checks VMClasses phases - /Users/antont/ansible_deckhouse/virtualization-full/tests/e2e/complex_test.go:123 @ 10/12/25 12:29:56.156 (2.704s)&#xA;&gt; Enter [AfterEach] ComplexTest - /Users/antont/ansible_deckhouse/virtualization-full/tests/e2e/complex_test.go:46 @ 10/12/25 12:29:56.156&#xA;&lt; Exit [AfterEach] ComplexTest - /Users/antont/ansible_deckhouse/virtualization-full/tests/e2e/complex_test.go:46 @ 10/12/25 12:29:56.156 (0s)&#xA;</system-err>
          </testcase>
          <testcase name="[It] ComplexTest When virtual machines IP addresses are applied patches custom VMIP with unassigned address [Serial]" classname="Tests" status="failed" time="351.308338792">
              <failure message="Timed out after 344.808s.&#xA;Expected success, but got an error:&#xA;    &lt;*errors.errorString | 0x14000c2c950&gt;: &#xA;    cannot patch VMIP &#34;head-5073ae15-vm-custom-ip&#34; with unnassigned IP address&#xA;    error: timed out waiting for the condition on virtualmachineipaddresses/head-5073ae15-vm-custom-ip&#xA;    &#xA;    {&#xA;        s: &#34;cannot patch VMIP \&#34;head-5073ae15-vm-custom-ip\&#34; with unnassigned IP address\nerror: timed out waiting for the condition on virtualmachineipaddresses/head-5073ae15-vm-custom-ip\n&#34;,&#xA;    }" type="failed">[FAILED] Timed out after 344.808s.&#xA;Expected success, but got an error:&#xA;    &lt;*errors.errorString | 0x14000c2c950&gt;: &#xA;    cannot patch VMIP &#34;head-5073ae15-vm-custom-ip&#34; with unnassigned IP address&#xA;    error: timed out waiting for the condition on virtualmachineipaddresses/head-5073ae15-vm-custom-ip&#xA;    &#xA;    {&#xA;        s: &#34;cannot patch VMIP \&#34;head-5073ae15-vm-custom-ip\&#34; with unnassigned IP address\nerror: timed out waiting for the condition on virtualmachineipaddresses/head-5073ae15-vm-custom-ip\n&#34;,&#xA;    }&#xA;In [It] at: /Users/antont/ansible_deckhouse/virtualization-full/tests/e2e/complex_test.go:138 @ 10/12/25 12:35:40.99&#xA;</failure>
              <system-err>&gt; Enter [It] patches custom VMIP with unassigned address - /Users/antont/ansible_deckhouse/virtualization-full/tests/e2e/complex_test.go:134 @ 10/12/25 12:29:56.156&#xA;[FAILED] Timed out after 344.808s.&#xA;Expected success, but got an error:&#xA;    &lt;*errors.errorString | 0x14000c2c950&gt;: &#xA;    cannot patch VMIP &#34;head-5073ae15-vm-custom-ip&#34; with unnassigned IP address&#xA;    error: timed out waiting for the condition on virtualmachineipaddresses/head-5073ae15-vm-custom-ip&#xA;    &#xA;    {&#xA;        s: &#34;cannot patch VMIP \&#34;head-5073ae15-vm-custom-ip\&#34; with unnassigned IP address\nerror: timed out waiting for the condition on virtualmachineipaddresses/head-5073ae15-vm-custom-ip\n&#34;,&#xA;    }&#xA;In [It] at: /Users/antont/ansible_deckhouse/virtualization-full/tests/e2e/complex_test.go:138 @ 10/12/25 12:35:40.99&#xA;&lt; Exit [It] patches custom VMIP with unassigned address - /Users/antont/ansible_deckhouse/virtualization-full/tests/e2e/complex_test.go:134 @ 10/12/25 12:35:40.991 (5m44.81s)&#xA;&gt; Enter [AfterEach] ComplexTest - /Users/antont/ansible_deckhouse/virtualization-full/tests/e2e/complex_test.go:46 @ 10/12/25 12:35:40.991&#xA;The list of pods is empty; nothing to dump.&#xA;&lt; Exit [AfterEach] ComplexTest - /Users/antont/ansible_deckhouse/virtualization-full/tests/e2e/complex_test.go:46 @ 10/12/25 12:35:47.49 (6.499s)&#xA;</system-err>
          </testcase>
          <testcase name="[It] ComplexTest When virtual machines IP addresses are applied checks VMIPs phases [Serial]" classname="Tests" status="skipped" time="0">
              <skipped message="skipped - Spec skipped because an earlier spec in an ordered container failed"></skipped>
              <system-err>[SKIPPED] Spec skipped because an earlier spec in an ordered container failed&#xA;In [It] at: /Users/antont/ansible_deckhouse/virtualization-full/tests/e2e/complex_test.go:141 @ 10/12/25 12:35:47.49&#xA;</system-err>
          </testcase>
          <testcase name="[It] ComplexTest When virtual disks are applied checks VDs phases with consumers [Serial]" classname="Tests" status="skipped" time="0">
              <skipped message="skipped - Spec skipped because an earlier spec in an ordered container failed"></skipped>
              <system-err>[SKIPPED] Spec skipped because an earlier spec in an ordered container failed&#xA;In [It] at: /Users/antont/ansible_deckhouse/virtualization-full/tests/e2e/complex_test.go:152 @ 10/12/25 12:35:47.49&#xA;</system-err>
          </testcase>
          <testcase name="[It] ComplexTest When virtual disks are applied checks VDs phases with no consumers [Serial]" classname="Tests" status="skipped" time="0">
              <skipped message="skipped - Spec skipped because an earlier spec in an ordered container failed"></skipped>
              <system-err>[SKIPPED] Spec skipped because an earlier spec in an ordered container failed&#xA;In [It] at: /Users/antont/ansible_deckhouse/virtualization-full/tests/e2e/complex_test.go:162 @ 10/12/25 12:35:47.49&#xA;</system-err>
          </testcase>
          <testcase name="[It] ComplexTest When virtual machines are applied checks VMs phases [Serial]" classname="Tests" status="skipped" time="0">
              <skipped message="skipped - Spec skipped because an earlier spec in an ordered container failed"></skipped>
              <system-err>[SKIPPED] Spec skipped because an earlier spec in an ordered container failed&#xA;In [It] at: /Users/antont/ansible_deckhouse/virtualization-full/tests/e2e/complex_test.go:173 @ 10/12/25 12:35:47.49&#xA;</system-err>
          </testcase>
          <testcase name="[It] ComplexTest When virtual machine block device attachments are applied checks VMBDAs phases [Serial]" classname="Tests" status="skipped" time="0">
              <skipped message="skipped - Spec skipped because an earlier spec in an ordered container failed"></skipped>
              <system-err>[SKIPPED] Spec skipped because an earlier spec in an ordered container failed&#xA;In [It] at: /Users/antont/ansible_deckhouse/virtualization-full/tests/e2e/complex_test.go:184 @ 10/12/25 12:35:47.49&#xA;</system-err>
          </testcase>
          <testcase name="[It] ComplexTest External connection When Virtual machine agents are ready checks VMs external connectivity [Serial]" classname="Tests" status="skipped" time="0">
              <skipped message="skipped - Spec skipped because an earlier spec in an ordered container failed"></skipped>
              <system-err>[SKIPPED] Spec skipped because an earlier spec in an ordered container failed&#xA;In [It] at: /Users/antont/ansible_deckhouse/virtualization-full/tests/e2e/complex_test.go:196 @ 10/12/25 12:35:47.491&#xA;</system-err>
          </testcase>
          <testcase name="[It] ComplexTest Power state checks Verify that the virtual machines are stopping by VMOPs stops VMs by VMOPs [Serial]" classname="Tests" status="skipped" time="0">
              <skipped message="skipped - Spec skipped because an earlier spec in an ordered container failed"></skipped>
              <system-err>[SKIPPED] Spec skipped because an earlier spec in an ordered container failed&#xA;In [It] at: /Users/antont/ansible_deckhouse/virtualization-full/tests/e2e/complex_test.go:220 @ 10/12/25 12:35:47.491&#xA;</system-err>
          </testcase>
          <testcase name="[It] ComplexTest Power state checks Verify that the virtual machines are stopping by VMOPs checks VMOPs and VMs phases [Serial]" classname="Tests" status="skipped" time="0">
              <skipped message="skipped - Spec skipped because an earlier spec in an ordered container failed"></skipped>
              <system-err>[SKIPPED] Spec skipped because an earlier spec in an ordered container failed&#xA;In [It] at: /Users/antont/ansible_deckhouse/virtualization-full/tests/e2e/complex_test.go:245 @ 10/12/25 12:35:47.491&#xA;</system-err>
          </testcase>
          <testcase name="[It] ComplexTest Power state checks Verify that the virtual machines are stopping by VMOPs cleanup AlwaysOn VM VMOPs [Serial]" classname="Tests" status="skipped" time="0">
              <skipped message="skipped - Spec skipped because an earlier spec in an ordered container failed"></skipped>
              <system-err>[SKIPPED] Spec skipped because an earlier spec in an ordered container failed&#xA;In [It] at: /Users/antont/ansible_deckhouse/virtualization-full/tests/e2e/complex_test.go:268 @ 10/12/25 12:35:47.491&#xA;</system-err>
          </testcase>
          <testcase name="[It] ComplexTest Power state checks Verify that the virtual machines are starting starts VMs by VMOP [Serial]" classname="Tests" status="skipped" time="0">
              <skipped message="skipped - Spec skipped because an earlier spec in an ordered container failed"></skipped>
              <system-err>[SKIPPED] Spec skipped because an earlier spec in an ordered container failed&#xA;In [It] at: /Users/antont/ansible_deckhouse/virtualization-full/tests/e2e/complex_test.go:280 @ 10/12/25 12:35:47.491&#xA;</system-err>
          </testcase>
          <testcase name="[It] ComplexTest Power state checks Verify that the virtual machines are starting checks VMs and VMOPs phases [Serial]" classname="Tests" status="skipped" time="0">
              <skipped message="skipped - Spec skipped because an earlier spec in an ordered container failed"></skipped>
              <system-err>[SKIPPED] Spec skipped because an earlier spec in an ordered container failed&#xA;In [It] at: /Users/antont/ansible_deckhouse/virtualization-full/tests/e2e/complex_test.go:299 @ 10/12/25 12:35:47.491&#xA;</system-err>
          </testcase>
          <testcase name="[It] ComplexTest Power state checks Verify that the virtual machines are stopping by ssh stops VMs by ssh [Serial]" classname="Tests" status="skipped" time="0">
              <skipped message="skipped - Spec skipped because an earlier spec in an ordered container failed"></skipped>
              <system-err>[SKIPPED] Spec skipped because an earlier spec in an ordered container failed&#xA;In [It] at: /Users/antont/ansible_deckhouse/virtualization-full/tests/e2e/complex_test.go:316 @ 10/12/25 12:35:47.491&#xA;</system-err>
          </testcase>
          <testcase name="[It] ComplexTest Power state checks Verify that the virtual machines are stopping by ssh checks VMs phases [Serial]" classname="Tests" status="skipped" time="0">
              <skipped message="skipped - Spec skipped because an earlier spec in an ordered container failed"></skipped>
              <system-err>[SKIPPED] Spec skipped because an earlier spec in an ordered container failed&#xA;In [It] at: /Users/antont/ansible_deckhouse/virtualization-full/tests/e2e/complex_test.go:341 @ 10/12/25 12:35:47.491&#xA;</system-err>
          </testcase>
          <testcase name="[It] ComplexTest Power state checks Verify that the virtual machines are stopping by ssh start not AlwaysOn VMs [Serial]" classname="Tests" status="skipped" time="0">
              <skipped message="skipped - Spec skipped because an earlier spec in an ordered container failed"></skipped>
              <system-err>[SKIPPED] Spec skipped because an earlier spec in an ordered container failed&#xA;In [It] at: /Users/antont/ansible_deckhouse/virtualization-full/tests/e2e/complex_test.go:354 @ 10/12/25 12:35:47.491&#xA;</system-err>
          </testcase>
          <testcase name="[It] ComplexTest Power state checks Verify that the virtual machines are stopping by ssh checks VMs and VMOPs phases [Serial]" classname="Tests" status="skipped" time="0">
              <skipped message="skipped - Spec skipped because an earlier spec in an ordered container failed"></skipped>
              <system-err>[SKIPPED] Spec skipped because an earlier spec in an ordered container failed&#xA;In [It] at: /Users/antont/ansible_deckhouse/virtualization-full/tests/e2e/complex_test.go:358 @ 10/12/25 12:35:47.491&#xA;</system-err>
          </testcase>
          <testcase name="[It] ComplexTest Power state checks Verify that the virtual machines are restarting by VMOP reboot VMs by VMOP [Serial]" classname="Tests" status="skipped" time="0">
              <skipped message="skipped - Spec skipped because an earlier spec in an ordered container failed"></skipped>
              <system-err>[SKIPPED] Spec skipped because an earlier spec in an ordered container failed&#xA;In [It] at: /Users/antont/ansible_deckhouse/virtualization-full/tests/e2e/complex_test.go:375 @ 10/12/25 12:35:47.491&#xA;</system-err>
          </testcase>
          <testcase name="[It] ComplexTest Power state checks Verify that the virtual machines are restarting by VMOP checks VMs and VMOPs phases [Serial]" classname="Tests" status="skipped" time="0">
              <skipped message="skipped - Spec skipped because an earlier spec in an ordered container failed"></skipped>
              <system-err>[SKIPPED] Spec skipped because an earlier spec in an ordered container failed&#xA;In [It] at: /Users/antont/ansible_deckhouse/virtualization-full/tests/e2e/complex_test.go:388 @ 10/12/25 12:35:47.491&#xA;</system-err>
          </testcase>
          <testcase name="[It] ComplexTest Power state checks Verify that the virtual machines are restarting by ssh reboot VMs by ssh [Serial]" classname="Tests" status="skipped" time="0">
              <skipped message="skipped - Spec skipped because an earlier spec in an ordered container failed"></skipped>
              <system-err>[SKIPPED] Spec skipped because an earlier spec in an ordered container failed&#xA;In [It] at: /Users/antont/ansible_deckhouse/virtualization-full/tests/e2e/complex_test.go:405 @ 10/12/25 12:35:47.492&#xA;</system-err>
          </testcase>
          <testcase name="[It] ComplexTest Power state checks Verify that the virtual machines are restarting after deleting their pods reboots the VMs by deleting their pods [Serial]" classname="Tests" status="skipped" time="0">
              <skipped message="skipped - Spec skipped because an earlier spec in an ordered container failed"></skipped>
              <system-err>[SKIPPED] Spec skipped because an earlier spec in an ordered container failed&#xA;In [It] at: /Users/antont/ansible_deckhouse/virtualization-full/tests/e2e/complex_test.go:444 @ 10/12/25 12:35:47.492&#xA;</system-err>
          </testcase>
          <testcase name="[It] ComplexTest Power state checks Verify that the virtual machines are restarting after deleting their pods checks VMs external connection after reboot [Serial]" classname="Tests" status="skipped" time="0">
              <skipped message="skipped - Spec skipped because an earlier spec in an ordered container failed"></skipped>
              <system-err>[SKIPPED] Spec skipped because an earlier spec in an ordered container failed&#xA;In [It] at: /Users/antont/ansible_deckhouse/virtualization-full/tests/e2e/complex_test.go:479 @ 10/12/25 12:35:47.492&#xA;</system-err>
          </testcase>
          <testcase name="[It] ComplexTest Migrations When Virtual machine agents are ready starts migrations [Serial]" classname="Tests" status="skipped" time="0">
              <skipped message="skipped - Spec skipped because an earlier spec in an ordered container failed"></skipped>
              <system-err>[SKIPPED] Spec skipped because an earlier spec in an ordered container failed&#xA;In [It] at: /Users/antont/ansible_deckhouse/virtualization-full/tests/e2e/complex_test.go:497 @ 10/12/25 12:35:47.492&#xA;</system-err>
          </testcase>
          <testcase name="[It] ComplexTest Migrations When VMs migrations are applied checks VMs and VMOPs phases [Serial]" classname="Tests" status="skipped" time="0">
              <skipped message="skipped - Spec skipped because an earlier spec in an ordered container failed"></skipped>
              <system-err>[SKIPPED] Spec skipped because an earlier spec in an ordered container failed&#xA;In [It] at: /Users/antont/ansible_deckhouse/virtualization-full/tests/e2e/complex_test.go:512 @ 10/12/25 12:35:47.492&#xA;</system-err>
          </testcase>
          <testcase name="[It] ComplexTest Migrations When VMs migrations are applied checks VMs external connection after migrations [Serial]" classname="Tests" status="skipped" time="0">
              <skipped message="skipped - Spec skipped because an earlier spec in an ordered container failed"></skipped>
              <system-err>[SKIPPED] Spec skipped because an earlier spec in an ordered container failed&#xA;In [It] at: /Users/antont/ansible_deckhouse/virtualization-full/tests/e2e/complex_test.go:528 @ 10/12/25 12:35:47.492&#xA;</system-err>
          </testcase>
          <testcase name="[It] ComplexTest When test is completed deletes test case resources [Serial]" classname="Tests" status="skipped" time="0">
              <skipped message="skipped - Spec skipped because an earlier spec in an ordered container failed"></skipped>
              <system-err>[SKIPPED] Spec skipped because an earlier spec in an ordered container failed&#xA;In [It] at: /Users/antont/ansible_deckhouse/virtualization-full/tests/e2e/complex_test.go:545 @ 10/12/25 12:35:47.492&#xA;</system-err>
          </testcase>
          <testcase name="[It] VirtualMachineLabelAndAnnotation When resources are applied result should be succeeded" classname="Tests" status="passed" time="4.901378084">
              <system-err>&gt; Enter [BeforeAll] VirtualMachineLabelAndAnnotation - /Users/antont/ansible_deckhouse/virtualization-full/tests/e2e/vm_label_annotation_test.go:42 @ 10/12/25 12:35:47.492&#xA;&lt; Exit [BeforeAll] VirtualMachineLabelAndAnnotation - /Users/antont/ansible_deckhouse/virtualization-full/tests/e2e/vm_label_annotation_test.go:42 @ 10/12/25 12:35:49.493 (2.001s)&#xA;&gt; Enter [BeforeEach] VirtualMachineLabelAndAnnotation - /Users/antont/ansible_deckhouse/virtualization-full/tests/e2e/vm_label_annotation_test.go:51 @ 10/12/25 12:35:49.493&#xA;&lt; Exit [BeforeEach] VirtualMachineLabelAndAnnotation - /Users/antont/ansible_deckhouse/virtualization-full/tests/e2e/vm_label_annotation_test.go:51 @ 10/12/25 12:35:49.493 (0s)&#xA;&gt; Enter [It] result should be succeeded - /Users/antont/ansible_deckhouse/virtualization-full/tests/e2e/vm_label_annotation_test.go:64 @ 10/12/25 12:35:49.493&#xA;&lt; Exit [It] result should be succeeded - /Users/antont/ansible_deckhouse/virtualization-full/tests/e2e/vm_label_annotation_test.go:64 @ 10/12/25 12:35:52.394 (2.9s)&#xA;&gt; Enter [AfterEach] VirtualMachineLabelAndAnnotation - /Users/antont/ansible_deckhouse/virtualization-full/tests/e2e/vm_label_annotation_test.go:57 @ 10/12/25 12:35:52.394&#xA;&lt; Exit [AfterEach] VirtualMachineLabelAndAnnotation - /Users/antont/ansible_deckhouse/virtualization-full/tests/e2e/vm_label_annotation_test.go:57 @ 10/12/25 12:35:52.394 (0s)&#xA;</system-err>
          </testcase>
          <testcase name="[It] VirtualMachineLabelAndAnnotation When virtual images are applied checks VIs phases" classname="Tests" status="passed" time="4.483127792">
              <system-err>&gt; Enter [BeforeEach] VirtualMachineLabelAndAnnotation - /Users/antont/ansible_deckhouse/virtualization-full/tests/e2e/vm_label_annotation_test.go:51 @ 10/12/25 12:35:52.394&#xA;&lt; Exit [BeforeEach] VirtualMachineLabelAndAnnotation - /Users/antont/ansible_deckhouse/virtualization-full/tests/e2e/vm_label_annotation_test.go:51 @ 10/12/25 12:35:52.394 (0s)&#xA;&gt; Enter [It] checks VIs phases - /Users/antont/ansible_deckhouse/virtualization-full/tests/e2e/vm_label_annotation_test.go:74 @ 10/12/25 12:35:52.394&#xA;STEP: VIs should be in Ready phases - /Users/antont/ansible_deckhouse/virtualization-full/tests/e2e/vm_label_annotation_test.go:75 @ 10/12/25 12:35:52.394&#xA;&lt; Exit [It] checks VIs phases - /Users/antont/ansible_deckhouse/virtualization-full/tests/e2e/vm_label_annotation_test.go:74 @ 10/12/25 12:35:56.877 (4.483s)&#xA;&gt; Enter [AfterEach] VirtualMachineLabelAndAnnotation - /Users/antont/ansible_deckhouse/virtualization-full/tests/e2e/vm_label_annotation_test.go:57 @ 10/12/25 12:35:56.877&#xA;&lt; Exit [AfterEach] VirtualMachineLabelAndAnnotation - /Users/antont/ansible_deckhouse/virtualization-full/tests/e2e/vm_label_annotation_test.go:57 @ 10/12/25 12:35:56.877 (0s)&#xA;</system-err>
          </testcase>
          <testcase name="[It] VirtualMachineLabelAndAnnotation When virtual disks are applied checks VDs phases" classname="Tests" status="failed" time="1008.403185166">
              <failure message="should observe resources in &#39;&#39;jsonpath={.status.phase}=Ready&#39;&#39; state before 16m40s timeout&#xA;Expected&#xA;    &lt;[]string | len:1, cap:1&gt;: [&#xA;        &#34;cmd: kubectl wait virtualdisks.virtualization.deckhouse.io head-5073ae15-vd-root-label-annotation --namespace head-5073ae15-end-to-end-vm-label-annotation --for=&#39;jsonpath={.status.phase}=Ready&#39; --timeout=16m40s\nstderr: error: timed out waiting for the condition on virtualdisks/head-5073ae15-vd-root-label-annotation\n\nwaited for: &#39;jsonpath={.status.phase}=Ready&#39;&#34;,&#xA;    ]&#xA;to be empty" type="failed">[FAILED] should observe resources in &#39;&#39;jsonpath={.status.phase}=Ready&#39;&#39; state before 16m40s timeout&#xA;Expected&#xA;    &lt;[]string | len:1, cap:1&gt;: [&#xA;        &#34;cmd: kubectl wait virtualdisks.virtualization.deckhouse.io head-5073ae15-vd-root-label-annotation --namespace head-5073ae15-end-to-end-vm-label-annotation --for=&#39;jsonpath={.status.phase}=Ready&#39; --timeout=16m40s\nstderr: error: timed out waiting for the condition on virtualdisks/head-5073ae15-vd-root-label-annotation\n\nwaited for: &#39;jsonpath={.status.phase}=Ready&#39;&#34;,&#xA;    ]&#xA;to be empty&#xA;In [It] at: /Users/antont/ansible_deckhouse/virtualization-full/tests/e2e/vm_label_annotation_test.go:87 @ 10/12/25 12:52:39.067&#xA;</failure>
              <system-err>&gt; Enter [BeforeEach] VirtualMachineLabelAndAnnotation - /Users/antont/ansible_deckhouse/virtualization-full/tests/e2e/vm_label_annotation_test.go:51 @ 10/12/25 12:35:56.877&#xA;&lt; Exit [BeforeEach] VirtualMachineLabelAndAnnotation - /Users/antont/ansible_deckhouse/virtualization-full/tests/e2e/vm_label_annotation_test.go:51 @ 10/12/25 12:35:56.877 (0s)&#xA;&gt; Enter [It] checks VDs phases - /Users/antont/ansible_deckhouse/virtualization-full/tests/e2e/vm_label_annotation_test.go:85 @ 10/12/25 12:35:56.877&#xA;STEP: VDs should be in Ready phases - /Users/antont/ansible_deckhouse/virtualization-full/tests/e2e/vm_label_annotation_test.go:86 @ 10/12/25 12:35:56.878&#xA;[FAILED] should observe resources in &#39;&#39;jsonpath={.status.phase}=Ready&#39;&#39; state before 16m40s timeout&#xA;Expected&#xA;    &lt;[]string | len:1, cap:1&gt;: [&#xA;        &#34;cmd: kubectl wait virtualdisks.virtualization.deckhouse.io head-5073ae15-vd-root-label-annotation --namespace head-5073ae15-end-to-end-vm-label-annotation --for=&#39;jsonpath={.status.phase}=Ready&#39; --timeout=16m40s\nstderr: error: timed out waiting for the condition on virtualdisks/head-5073ae15-vd-root-label-annotation\n\nwaited for: &#39;jsonpath={.status.phase}=Ready&#39;&#34;,&#xA;    ]&#xA;to be empty&#xA;In [It] at: /Users/antont/ansible_deckhouse/virtualization-full/tests/e2e/vm_label_annotation_test.go:87 @ 10/12/25 12:52:39.067&#xA;&lt; Exit [It] checks VDs phases - /Users/antont/ansible_deckhouse/virtualization-full/tests/e2e/vm_label_annotation_test.go:85 @ 10/12/25 12:52:39.068 (16m42.174s)&#xA;&gt; Enter [AfterEach] VirtualMachineLabelAndAnnotation - /Users/antont/ansible_deckhouse/virtualization-full/tests/e2e/vm_label_annotation_test.go:57 @ 10/12/25 12:52:39.068&#xA;The list of pods is empty; nothing to dump.&#xA;&lt; Exit [AfterEach] VirtualMachineLabelAndAnnotation - /Users/antont/ansible_deckhouse/virtualization-full/tests/e2e/vm_label_annotation_test.go:57 @ 10/12/25 12:52:45.297 (6.229s)&#xA;</system-err>
          </testcase>
          <testcase name="[It] VirtualMachineLabelAndAnnotation When virtual machines are applied checks VMs phases" classname="Tests" status="skipped" time="0">
              <skipped message="skipped - Spec skipped because an earlier spec in an ordered container failed"></skipped>
              <system-err>[SKIPPED] Spec skipped because an earlier spec in an ordered container failed&#xA;In [It] at: /Users/antont/ansible_deckhouse/virtualization-full/tests/e2e/vm_label_annotation_test.go:96 @ 10/12/25 12:52:45.297&#xA;</system-err>
          </testcase>
          <testcase name="[It] VirtualMachineLabelAndAnnotation When virtual machine is running marks VMs with label map[&#34;specialKey&#34;:&#34;specialValue&#34;]" classname="Tests" status="skipped" time="0">
              <skipped message="skipped - Spec skipped because an earlier spec in an ordered container failed"></skipped>
              <system-err>[SKIPPED] Spec skipped because an earlier spec in an ordered container failed&#xA;In [It] at: /Users/antont/ansible_deckhouse/virtualization-full/tests/e2e/vm_label_annotation_test.go:107 @ 10/12/25 12:52:45.297&#xA;</system-err>
          </testcase>
          <testcase name="[It] VirtualMachineLabelAndAnnotation When virtual machine is running checks VMs and pods labels after VMs labeling" classname="Tests" status="skipped" time="0">
              <skipped message="skipped - Spec skipped because an earlier spec in an ordered container failed"></skipped>
              <system-err>[SKIPPED] Spec skipped because an earlier spec in an ordered container failed&#xA;In [It] at: /Users/antont/ansible_deckhouse/virtualization-full/tests/e2e/vm_label_annotation_test.go:120 @ 10/12/25 12:52:45.297&#xA;</system-err>
          </testcase>
          <testcase name="[It] VirtualMachineLabelAndAnnotation When virtual machine is running removes label map[specialKey:specialValue] from VMs" classname="Tests" status="skipped" time="0">
              <skipped message="skipped - Spec skipped because an earlier spec in an ordered container failed"></skipped>
              <system-err>[SKIPPED] Spec skipped because an earlier spec in an ordered container failed&#xA;In [It] at: /Users/antont/ansible_deckhouse/virtualization-full/tests/e2e/vm_label_annotation_test.go:152 @ 10/12/25 12:52:45.297&#xA;</system-err>
          </testcase>
          <testcase name="[It] VirtualMachineLabelAndAnnotation When virtual machine is running checks VMs and pods labels after VMs unlabeling" classname="Tests" status="skipped" time="0">
              <skipped message="skipped - Spec skipped because an earlier spec in an ordered container failed"></skipped>
              <system-err>[SKIPPED] Spec skipped because an earlier spec in an ordered container failed&#xA;In [It] at: /Users/antont/ansible_deckhouse/virtualization-full/tests/e2e/vm_label_annotation_test.go:165 @ 10/12/25 12:52:45.297&#xA;</system-err>
          </testcase>
          <testcase name="[It] VirtualMachineLabelAndAnnotation Annotate `VirtualMachines` in Running phase marks VMs with annotation map[&#34;specialKey&#34;:&#34;specialValue&#34;]" classname="Tests" status="skipped" time="0">
              <skipped message="skipped - Spec skipped because an earlier spec in an ordered container failed"></skipped>
              <system-err>[SKIPPED] Spec skipped because an earlier spec in an ordered container failed&#xA;In [It] at: /Users/antont/ansible_deckhouse/virtualization-full/tests/e2e/vm_label_annotation_test.go:199 @ 10/12/25 12:52:45.297&#xA;</system-err>
          </testcase>
          <testcase name="[It] VirtualMachineLabelAndAnnotation Annotate `VirtualMachines` in Running phase checks VMs and pods annotations after VMs annotating" classname="Tests" status="skipped" time="0">
              <skipped message="skipped - Spec skipped because an earlier spec in an ordered container failed"></skipped>
              <system-err>[SKIPPED] Spec skipped because an earlier spec in an ordered container failed&#xA;In [It] at: /Users/antont/ansible_deckhouse/virtualization-full/tests/e2e/vm_label_annotation_test.go:212 @ 10/12/25 12:52:45.298&#xA;</system-err>
          </testcase>
          <testcase name="[It] VirtualMachineLabelAndAnnotation Annotate `VirtualMachines` in Running phase removes annotation map[specialKey:specialValue] from VMs" classname="Tests" status="skipped" time="0">
              <skipped message="skipped - Spec skipped because an earlier spec in an ordered container failed"></skipped>
              <system-err>[SKIPPED] Spec skipped because an earlier spec in an ordered container failed&#xA;In [It] at: /Users/antont/ansible_deckhouse/virtualization-full/tests/e2e/vm_label_annotation_test.go:244 @ 10/12/25 12:52:45.298&#xA;</system-err>
          </testcase>
          <testcase name="[It] VirtualMachineLabelAndAnnotation Annotate `VirtualMachines` in Running phase checks VMs and pods annotations after VMs unannotating" classname="Tests" status="skipped" time="0">
              <skipped message="skipped - Spec skipped because an earlier spec in an ordered container failed"></skipped>
              <system-err>[SKIPPED] Spec skipped because an earlier spec in an ordered container failed&#xA;In [It] at: /Users/antont/ansible_deckhouse/virtualization-full/tests/e2e/vm_label_annotation_test.go:257 @ 10/12/25 12:52:45.298&#xA;</system-err>
          </testcase>
          <testcase name="[It] VirtualMachineLabelAndAnnotation When test is completed deletes test case resources" classname="Tests" status="skipped" time="0">
              <skipped message="skipped - Spec skipped because an earlier spec in an ordered container failed"></skipped>
              <system-err>[SKIPPED] Spec skipped because an earlier spec in an ordered container failed&#xA;In [It] at: /Users/antont/ansible_deckhouse/virtualization-full/tests/e2e/vm_label_annotation_test.go:291 @ 10/12/25 12:52:45.298&#xA;</system-err>
          </testcase>
          <testcase name="[It] VirtualMachineAdditionalNetworkInterfaces When resources are applied result should be succeeded [SIG-Migration]" classname="Tests" status="skipped" time="0.674502625">
              <skipped message="skipped - Module SDN is disabled. Skipping all tests for module SDN."></skipped>
              <system-err>&gt; Enter [BeforeAll] VirtualMachineAdditionalNetworkInterfaces - /Users/antont/ansible_deckhouse/virtualization-full/tests/e2e/vm_vpc_test.go:47 @ 10/12/25 12:52:45.298&#xA;[SKIPPED] Module SDN is disabled. Skipping all tests for module SDN.&#xA;In [BeforeAll] at: /Users/antont/ansible_deckhouse/virtualization-full/tests/e2e/vm_vpc_test.go:50 @ 10/12/25 12:52:45.972&#xA;&lt; Exit [BeforeAll] VirtualMachineAdditionalNetworkInterfaces - /Users/antont/ansible_deckhouse/virtualization-full/tests/e2e/vm_vpc_test.go:47 @ 10/12/25 12:52:45.972 (674ms)&#xA;&gt; Enter [AfterAll] VirtualMachineAdditionalNetworkInterfaces - /Users/antont/ansible_deckhouse/virtualization-full/tests/e2e/vm_vpc_test.go:60 @ 10/12/25 12:52:45.972&#xA;&lt; Exit [AfterAll] VirtualMachineAdditionalNetworkInterfaces - /Users/antont/ansible_deckhouse/virtualization-full/tests/e2e/vm_vpc_test.go:60 @ 10/12/25 12:52:45.972 (0s)&#xA;</system-err>
          </testcase>
          <testcase name="[It] VirtualMachineAdditionalNetworkInterfaces When virtual machines are applied checks VMs phases [SIG-Migration]" classname="Tests" status="skipped" time="0">
              <skipped message="skipped - Spec skipped because Skip() was called in BeforeAll"></skipped>
              <system-err>[SKIPPED] Spec skipped because Skip() was called in BeforeAll&#xA;In [It] at: /Users/antont/ansible_deckhouse/virtualization-full/tests/e2e/vm_vpc_test.go:90 @ 10/12/25 12:52:45.973&#xA;</system-err>
          </testcase>
          <testcase name="[It] VirtualMachineAdditionalNetworkInterfaces When virtual machines are applied checks network availability [SIG-Migration]" classname="Tests" status="skipped" time="0">
              <skipped message="skipped - Spec skipped because Skip() was called in BeforeAll"></skipped>
              <system-err>[SKIPPED] Spec skipped because Skip() was called in BeforeAll&#xA;In [It] at: /Users/antont/ansible_deckhouse/virtualization-full/tests/e2e/vm_vpc_test.go:98 @ 10/12/25 12:52:45.973&#xA;</system-err>
          </testcase>
          <testcase name="[It] VirtualMachineAdditionalNetworkInterfaces When virtual machine agents and network are ready starts migrations [SIG-Migration]" classname="Tests" status="skipped" time="0">
              <skipped message="skipped - Spec skipped because Skip() was called in BeforeAll"></skipped>
              <system-err>[SKIPPED] Spec skipped because Skip() was called in BeforeAll&#xA;In [It] at: /Users/antont/ansible_deckhouse/virtualization-full/tests/e2e/vm_vpc_test.go:111 @ 10/12/25 12:52:45.973&#xA;</system-err>
          </testcase>
          <testcase name="[It] VirtualMachineAdditionalNetworkInterfaces When VMs migrations are applied checks VMs and VMOPs phases [SIG-Migration]" classname="Tests" status="skipped" time="0">
              <skipped message="skipped - Spec skipped because Skip() was called in BeforeAll"></skipped>
              <system-err>[SKIPPED] Spec skipped because Skip() was called in BeforeAll&#xA;In [It] at: /Users/antont/ansible_deckhouse/virtualization-full/tests/e2e/vm_vpc_test.go:125 @ 10/12/25 12:52:45.973&#xA;</system-err>
          </testcase>
          <testcase name="[It] VirtualMachineAdditionalNetworkInterfaces When VMs migrations are applied checks VMs external connection after migrations [SIG-Migration]" classname="Tests" status="skipped" time="0">
              <skipped message="skipped - Spec skipped because Skip() was called in BeforeAll"></skipped>
              <system-err>[SKIPPED] Spec skipped because Skip() was called in BeforeAll&#xA;In [It] at: /Users/antont/ansible_deckhouse/virtualization-full/tests/e2e/vm_vpc_test.go:141 @ 10/12/25 12:52:45.973&#xA;</system-err>
          </testcase>
          <testcase name="[It] VirtualMachineAdditionalNetworkInterfaces When VMs migrations are applied checks network availability after migrations [SIG-Migration]" classname="Tests" status="skipped" time="0">
              <skipped message="skipped - Spec skipped because Skip() was called in BeforeAll"></skipped>
              <system-err>[SKIPPED] Spec skipped because Skip() was called in BeforeAll&#xA;In [It] at: /Users/antont/ansible_deckhouse/virtualization-full/tests/e2e/vm_vpc_test.go:156 @ 10/12/25 12:52:45.973&#xA;</system-err>
          </testcase>
          <testcase name="[It] VirtualMachineAdditionalNetworkInterfaces When test is completed deletes test case resources [SIG-Migration]" classname="Tests" status="skipped" time="0">
              <skipped message="skipped - Spec skipped because Skip() was called in BeforeAll"></skipped>
              <system-err>[SKIPPED] Spec skipped because Skip() was called in BeforeAll&#xA;In [It] at: /Users/antont/ansible_deckhouse/virtualization-full/tests/e2e/vm_vpc_test.go:169 @ 10/12/25 12:52:45.973&#xA;</system-err>
          </testcase>
          <testcase name="[It] VirtualDiskResizing When the resources are applied result should be succeeded" classname="Tests" status="skipped" time="0.000318708">
              <skipped message="skipped - This test case is not working everytime. Should be fixed."></skipped>
              <system-err>&gt; Enter [BeforeAll] VirtualDiskResizing - /Users/antont/ansible_deckhouse/virtualization-full/tests/e2e/vm_disk_resizing_test.go:47 @ 10/12/25 12:52:45.974&#xA;[SKIPPED] This test case is not working everytime. Should be fixed.&#xA;In [BeforeAll] at: /Users/antont/ansible_deckhouse/virtualization-full/tests/e2e/vm_disk_resizing_test.go:51 @ 10/12/25 12:52:45.974&#xA;&lt; Exit [BeforeAll] VirtualDiskResizing - /Users/antont/ansible_deckhouse/virtualization-full/tests/e2e/vm_disk_resizing_test.go:47 @ 10/12/25 12:52:45.974 (0s)&#xA;&gt; Enter [AfterEach] VirtualDiskResizing - /Users/antont/ansible_deckhouse/virtualization-full/tests/e2e/vm_disk_resizing_test.go:65 @ 10/12/25 12:52:45.974&#xA;&lt; Exit [AfterEach] VirtualDiskResizing - /Users/antont/ansible_deckhouse/virtualization-full/tests/e2e/vm_disk_resizing_test.go:65 @ 10/12/25 12:52:45.974 (0s)&#xA;</system-err>
          </testcase>
          <testcase name="[It] VirtualDiskResizing When the virtual images are applied checks `VirtualImages` phase" classname="Tests" status="skipped" time="0">
              <skipped message="skipped - Spec skipped because Skip() was called in BeforeAll"></skipped>
              <system-err>[SKIPPED] Spec skipped because Skip() was called in BeforeAll&#xA;In [It] at: /Users/antont/ansible_deckhouse/virtualization-full/tests/e2e/vm_disk_resizing_test.go:82 @ 10/12/25 12:52:45.974&#xA;</system-err>
          </testcase>
          <testcase name="[It] VirtualDiskResizing When the virtual disks are applied checks `VirtualDisks` phase" classname="Tests" status="skipped" time="0">
              <skipped message="skipped - Spec skipped because Skip() was called in BeforeAll"></skipped>
              <system-err>[SKIPPED] Spec skipped because Skip() was called in BeforeAll&#xA;In [It] at: /Users/antont/ansible_deckhouse/virtualization-full/tests/e2e/vm_disk_resizing_test.go:94 @ 10/12/25 12:52:45.974&#xA;</system-err>
          </testcase>
          <testcase name="[It] VirtualDiskResizing When the virtual machine are applied checks `VirtualMachine` phase" classname="Tests" status="skipped" time="0">
              <skipped message="skipped - Spec skipped because Skip() was called in BeforeAll"></skipped>
              <system-err>[SKIPPED] Spec skipped because Skip() was called in BeforeAll&#xA;In [It] at: /Users/antont/ansible_deckhouse/virtualization-full/tests/e2e/vm_disk_resizing_test.go:106 @ 10/12/25 12:52:45.974&#xA;</system-err>
          </testcase>
          <testcase name="[It] VirtualDiskResizing When the virtual machine are applied retrieves the test objects" classname="Tests" status="skipped" time="0">
              <skipped message="skipped - Spec skipped because Skip() was called in BeforeAll"></skipped>
              <system-err>[SKIPPED] Spec skipped because Skip() was called in BeforeAll&#xA;In [It] at: /Users/antont/ansible_deckhouse/virtualization-full/tests/e2e/vm_disk_resizing_test.go:116 @ 10/12/25 12:52:45.974&#xA;</system-err>
          </testcase>
          <testcase name="[It] VirtualDiskResizing When the virtual machine block device attachment is applied checks `VirtualMachineBlockDeviceAttachment` phase" classname="Tests" status="skipped" time="0">
              <skipped message="skipped - Spec skipped because Skip() was called in BeforeAll"></skipped>
              <system-err>[SKIPPED] Spec skipped because Skip() was called in BeforeAll&#xA;In [It] at: /Users/antont/ansible_deckhouse/virtualization-full/tests/e2e/vm_disk_resizing_test.go:132 @ 10/12/25 12:52:45.974&#xA;</system-err>
          </testcase>
          <testcase name="[It] VirtualDiskResizing Resizing When the virtual machine is ready obtains the disks metadata before resizing" classname="Tests" status="skipped" time="0">
              <skipped message="skipped - Spec skipped because Skip() was called in BeforeAll"></skipped>
              <system-err>[SKIPPED] Spec skipped because Skip() was called in BeforeAll&#xA;In [It] at: /Users/antont/ansible_deckhouse/virtualization-full/tests/e2e/vm_disk_resizing_test.go:151 @ 10/12/25 12:52:45.975&#xA;</system-err>
          </testcase>
          <testcase name="[It] VirtualDiskResizing Resizing When the virtual machine is ready resizes the disks" classname="Tests" status="skipped" time="0">
              <skipped message="skipped - Spec skipped because Skip() was called in BeforeAll"></skipped>
              <system-err>[SKIPPED] Spec skipped because Skip() was called in BeforeAll&#xA;In [It] at: /Users/antont/ansible_deckhouse/virtualization-full/tests/e2e/vm_disk_resizing_test.go:157 @ 10/12/25 12:52:45.975&#xA;</system-err>
          </testcase>
          <testcase name="[It] VirtualDiskResizing Resizing When the virtual machine is ready checks `VirtualDisks`, `VirtualMachine` and `VirtualMachineBlockDeviceAttachment` phases" classname="Tests" status="skipped" time="0">
              <skipped message="skipped - Spec skipped because Skip() was called in BeforeAll"></skipped>
              <system-err>[SKIPPED] Spec skipped because Skip() was called in BeforeAll&#xA;In [It] at: /Users/antont/ansible_deckhouse/virtualization-full/tests/e2e/vm_disk_resizing_test.go:189 @ 10/12/25 12:52:45.975&#xA;</system-err>
          </testcase>
          <testcase name="[It] VirtualDiskResizing Resizing When the virtual machine is ready obtains and compares the disks metadata after resizing" classname="Tests" status="skipped" time="0">
              <skipped message="skipped - Spec skipped because Skip() was called in BeforeAll"></skipped>
              <system-err>[SKIPPED] Spec skipped because Skip() was called in BeforeAll&#xA;In [It] at: /Users/antont/ansible_deckhouse/virtualization-full/tests/e2e/vm_disk_resizing_test.go:216 @ 10/12/25 12:52:45.975&#xA;</system-err>
          </testcase>
          <testcase name="[It] VirtualDiskResizing When test is completed deletes test case resources" classname="Tests" status="skipped" time="0">
              <skipped message="skipped - Spec skipped because Skip() was called in BeforeAll"></skipped>
              <system-err>[SKIPPED] Spec skipped because Skip() was called in BeforeAll&#xA;In [It] at: /Users/antont/ansible_deckhouse/virtualization-full/tests/e2e/vm_disk_resizing_test.go:252 @ 10/12/25 12:52:45.975&#xA;</system-err>
          </testcase>
          <testcase name="[It] [sig-storage] StorageClassMigration should be successful when only root disk changed storage class [SIG-Storage]" classname="Tests" status="skipped" time="0.000163291">
              <skipped message="skipped - This test case is not working everytime. Should be fixed."></skipped>
              <system-err>&gt; Enter [BeforeEach] [sig-storage] StorageClassMigration - /Users/antont/ansible_deckhouse/virtualization-full/tests/e2e/storage/volume_migration_storage_class_changed.go:48 @ 10/12/25 12:52:45.975&#xA;[SKIPPED] This test case is not working everytime. Should be fixed.&#xA;In [BeforeEach] at: /Users/antont/ansible_deckhouse/virtualization-full/tests/e2e/storage/volume_migration_storage_class_changed.go:50 @ 10/12/25 12:52:45.975&#xA;&lt; Exit [BeforeEach] [sig-storage] StorageClassMigration - /Users/antont/ansible_deckhouse/virtualization-full/tests/e2e/storage/volume_migration_storage_class_changed.go:48 @ 10/12/25 12:52:45.975 (0s)&#xA;</system-err>
          </testcase>
          <testcase name="[It] [sig-storage] StorageClassMigration should be successful when root disk changed storage class and one local additional disk [SIG-Storage]" classname="Tests" status="skipped" time="0.000144833">
              <skipped message="skipped - This test case is not working everytime. Should be fixed."></skipped>
              <system-err>&gt; Enter [BeforeEach] [sig-storage] StorageClassMigration - /Users/antont/ansible_deckhouse/virtualization-full/tests/e2e/storage/volume_migration_storage_class_changed.go:48 @ 10/12/25 12:52:45.976&#xA;[SKIPPED] This test case is not working everytime. Should be fixed.&#xA;In [BeforeEach] at: /Users/antont/ansible_deckhouse/virtualization-full/tests/e2e/storage/volume_migration_storage_class_changed.go:50 @ 10/12/25 12:52:45.976&#xA;&lt; Exit [BeforeEach] [sig-storage] StorageClassMigration - /Users/antont/ansible_deckhouse/virtualization-full/tests/e2e/storage/volume_migration_storage_class_changed.go:48 @ 10/12/25 12:52:45.976 (0s)&#xA;</system-err>
          </testcase>
          <testcase name="[It] [sig-storage] StorageClassMigration should be successful when root disk changed storage class and one additional disk [SIG-Storage]" classname="Tests" status="skipped" time="0.000121375">
              <skipped message="skipped - This test case is not working everytime. Should be fixed."></skipped>
              <system-err>&gt; Enter [BeforeEach] [sig-storage] StorageClassMigration - /Users/antont/ansible_deckhouse/virtualization-full/tests/e2e/storage/volume_migration_storage_class_changed.go:48 @ 10/12/25 12:52:45.976&#xA;[SKIPPED] This test case is not working everytime. Should be fixed.&#xA;In [BeforeEach] at: /Users/antont/ansible_deckhouse/virtualization-full/tests/e2e/storage/volume_migration_storage_class_changed.go:50 @ 10/12/25 12:52:45.976&#xA;&lt; Exit [BeforeEach] [sig-storage] StorageClassMigration - /Users/antont/ansible_deckhouse/virtualization-full/tests/e2e/storage/volume_migration_storage_class_changed.go:48 @ 10/12/25 12:52:45.976 (0s)&#xA;</system-err>
          </testcase>
          <testcase name="[It] [sig-storage] StorageClassMigration should be successful when only additional disk changed storage class [SIG-Storage]" classname="Tests" status="skipped" time="0.000127291">
              <skipped message="skipped - This test case is not working everytime. Should be fixed."></skipped>
              <system-err>&gt; Enter [BeforeEach] [sig-storage] StorageClassMigration - /Users/antont/ansible_deckhouse/virtualization-full/tests/e2e/storage/volume_migration_storage_class_changed.go:48 @ 10/12/25 12:52:45.976&#xA;[SKIPPED] This test case is not working everytime. Should be fixed.&#xA;In [BeforeEach] at: /Users/antont/ansible_deckhouse/virtualization-full/tests/e2e/storage/volume_migration_storage_class_changed.go:50 @ 10/12/25 12:52:45.976&#xA;&lt; Exit [BeforeEach] [sig-storage] StorageClassMigration - /Users/antont/ansible_deckhouse/virtualization-full/tests/e2e/storage/volume_migration_storage_class_changed.go:48 @ 10/12/25 12:52:45.976 (0s)&#xA;</system-err>
          </testcase>
          <testcase name="[It] [sig-storage] StorageClassMigration should be reverted when only root disk changed storage class [SIG-Storage]" classname="Tests" status="skipped" time="0.000136167">
              <skipped message="skipped - This test case is not working everytime. Should be fixed."></skipped>
              <system-err>&gt; Enter [BeforeEach] [sig-storage] StorageClassMigration - /Users/antont/ansible_deckhouse/virtualization-full/tests/e2e/storage/volume_migration_storage_class_changed.go:48 @ 10/12/25 12:52:45.976&#xA;[SKIPPED] This test case is not working everytime. Should be fixed.&#xA;In [BeforeEach] at: /Users/antont/ansible_deckhouse/virtualization-full/tests/e2e/storage/volume_migration_storage_class_changed.go:50 @ 10/12/25 12:52:45.976&#xA;&lt; Exit [BeforeEach] [sig-storage] StorageClassMigration - /Users/antont/ansible_deckhouse/virtualization-full/tests/e2e/storage/volume_migration_storage_class_changed.go:48 @ 10/12/25 12:52:45.976 (0s)&#xA;</system-err>
          </testcase>
          <testcase name="[It] [sig-storage] StorageClassMigration should be reverted when root disk changed storage class and one local additional disk [SIG-Storage]" classname="Tests" status="skipped" time="0.000139709">
              <skipped message="skipped - This test case is not working everytime. Should be fixed."></skipped>
              <system-err>&gt; Enter [BeforeEach] [sig-storage] StorageClassMigration - /Users/antont/ansible_deckhouse/virtualization-full/tests/e2e/storage/volume_migration_storage_class_changed.go:48 @ 10/12/25 12:52:45.976&#xA;[SKIPPED] This test case is not working everytime. Should be fixed.&#xA;In [BeforeEach] at: /Users/antont/ansible_deckhouse/virtualization-full/tests/e2e/storage/volume_migration_storage_class_changed.go:50 @ 10/12/25 12:52:45.977&#xA;&lt; Exit [BeforeEach] [sig-storage] StorageClassMigration - /Users/antont/ansible_deckhouse/virtualization-full/tests/e2e/storage/volume_migration_storage_class_changed.go:48 @ 10/12/25 12:52:45.977 (0s)&#xA;</system-err>
          </testcase>
          <testcase name="[It] [sig-storage] StorageClassMigration should be reverted when root disk changed storage class and one additional disk [SIG-Storage]" classname="Tests" status="skipped" time="0.000115584">
              <skipped message="skipped - This test case is not working everytime. Should be fixed."></skipped>
              <system-err>&gt; Enter [BeforeEach] [sig-storage] StorageClassMigration - /Users/antont/ansible_deckhouse/virtualization-full/tests/e2e/storage/volume_migration_storage_class_changed.go:48 @ 10/12/25 12:52:45.977&#xA;[SKIPPED] This test case is not working everytime. Should be fixed.&#xA;In [BeforeEach] at: /Users/antont/ansible_deckhouse/virtualization-full/tests/e2e/storage/volume_migration_storage_class_changed.go:50 @ 10/12/25 12:52:45.977&#xA;&lt; Exit [BeforeEach] [sig-storage] StorageClassMigration - /Users/antont/ansible_deckhouse/virtualization-full/tests/e2e/storage/volume_migration_storage_class_changed.go:48 @ 10/12/25 12:52:45.977 (0s)&#xA;</system-err>
          </testcase>
          <testcase name="[It] [sig-storage] StorageClassMigration should be reverted when only additional disk changed storage class [SIG-Storage]" classname="Tests" status="skipped" time="0.000126375">
              <skipped message="skipped - This test case is not working everytime. Should be fixed."></skipped>
              <system-err>&gt; Enter [BeforeEach] [sig-storage] StorageClassMigration - /Users/antont/ansible_deckhouse/virtualization-full/tests/e2e/storage/volume_migration_storage_class_changed.go:48 @ 10/12/25 12:52:45.977&#xA;[SKIPPED] This test case is not working everytime. Should be fixed.&#xA;In [BeforeEach] at: /Users/antont/ansible_deckhouse/virtualization-full/tests/e2e/storage/volume_migration_storage_class_changed.go:50 @ 10/12/25 12:52:45.977&#xA;&lt; Exit [BeforeEach] [sig-storage] StorageClassMigration - /Users/antont/ansible_deckhouse/virtualization-full/tests/e2e/storage/volume_migration_storage_class_changed.go:48 @ 10/12/25 12:52:45.977 (0s)&#xA;</system-err>
          </testcase>
          <testcase name="[It] [sig-storage] StorageClassMigration should be successful two migrations in a row [SIG-Storage]" classname="Tests" status="skipped" time="0.000119291">
              <skipped message="skipped - This test case is not working everytime. Should be fixed."></skipped>
              <system-err>&gt; Enter [BeforeEach] [sig-storage] StorageClassMigration - /Users/antont/ansible_deckhouse/virtualization-full/tests/e2e/storage/volume_migration_storage_class_changed.go:48 @ 10/12/25 12:52:45.977&#xA;[SKIPPED] This test case is not working everytime. Should be fixed.&#xA;In [BeforeEach] at: /Users/antont/ansible_deckhouse/virtualization-full/tests/e2e/storage/volume_migration_storage_class_changed.go:50 @ 10/12/25 12:52:45.977&#xA;&lt; Exit [BeforeEach] [sig-storage] StorageClassMigration - /Users/antont/ansible_deckhouse/virtualization-full/tests/e2e/storage/volume_migration_storage_class_changed.go:48 @ 10/12/25 12:52:45.977 (0s)&#xA;</system-err>
          </testcase>
          <testcase name="[It] VirtualMachineAffinityAndToleration When the virtualization resources are applied: result should be succeeded" classname="Tests" status="passed" time="11.082336125">
              <system-err>&gt; Enter [BeforeAll] VirtualMachineAffinityAndToleration - /Users/antont/ansible_deckhouse/virtualization-full/tests/e2e/affinity_toleration_test.go:59 @ 10/12/25 12:52:45.977&#xA;&lt; Exit [BeforeAll] VirtualMachineAffinityAndToleration - /Users/antont/ansible_deckhouse/virtualization-full/tests/e2e/affinity_toleration_test.go:59 @ 10/12/25 12:52:47.949 (1.971s)&#xA;&gt; Enter [It] result should be succeeded - /Users/antont/ansible_deckhouse/virtualization-full/tests/e2e/affinity_toleration_test.go:79 @ 10/12/25 12:52:47.949&#xA;&lt; Exit [It] result should be succeeded - /Users/antont/ansible_deckhouse/virtualization-full/tests/e2e/affinity_toleration_test.go:79 @ 10/12/25 12:52:57.06 (9.111s)&#xA;&gt; Enter [AfterEach] VirtualMachineAffinityAndToleration - /Users/antont/ansible_deckhouse/virtualization-full/tests/e2e/affinity_toleration_test.go:72 @ 10/12/25 12:52:57.06&#xA;&lt; Exit [AfterEach] VirtualMachineAffinityAndToleration - /Users/antont/ansible_deckhouse/virtualization-full/tests/e2e/affinity_toleration_test.go:72 @ 10/12/25 12:52:57.06 (0s)&#xA;</system-err>
          </testcase>
          <testcase name="[It] VirtualMachineAffinityAndToleration When the virtualization resources are applied: checks the resources phase" classname="Tests" status="failed" time="1016.461242375">
              <failure message="should observe resources in &#39;&#39;jsonpath={.status.phase}=Ready&#39;&#39; state before 16m40s timeout&#xA;Expected&#xA;    &lt;[]string | len:6, cap:6&gt;: [&#xA;        &#34;cmd: kubectl wait virtualdisks.virtualization.deckhouse.io head-5073ae15-vd-root-c-and-a --namespace head-5073ae15-end-to-end-affinity-toleration --for=&#39;jsonpath={.status.phase}=Ready&#39; --timeout=16m40s\nstderr: error: timed out waiting for the condition on virtualdisks/head-5073ae15-vd-root-c-and-a\n\nwaited for: &#39;jsonpath={.status.phase}=Ready&#39;&#34;,&#xA;        &#34;cmd: kubectl wait virtualdisks.virtualization.deckhouse.io head-5073ae15-vd-root-node-selector --namespace head-5073ae15-end-to-end-affinity-toleration --for=&#39;jsonpath={.status.phase}=Ready&#39; --timeout=16m40s\nstderr: error: timed out waiting for the condition on virtualdisks/head-5073ae15-vd-root-node-selector\n\nwaited for: &#39;jsonpath={.status.phase}=Ready&#39;&#34;,&#xA;        &#34;cmd: kubectl wait virtualdisks.virtualization.deckhouse.io head-5073ae15-vd-root-d --namespace head-5073ae15-end-to-end-affinity-toleration --for=&#39;jsonpath={.status.phase}=Ready&#39; --timeout=16m40s\nstderr: error: timed out waiting for the condition on virtualdisks/head-5073ae15-vd-root-d\n\nwaited for: &#39;jsonpath={.status.phase}=Ready&#39;&#34;,&#xA;        &#34;cmd: kubectl wait virtualdisks.virtualization.deckhouse.io head-5073ae15-vd-root-node-affinity --namespace head-5073ae15-end-to-end-affinity-toleration --for=&#39;jsonpath={.status.phase}=Ready&#39; --timeout=16m40s\nstderr: error: timed out waiting for the condition on virtualdisks/head-5073ae15-vd-root-node-affinity\n\nwaited for: &#39;jsonpath={.status.phase}=Ready&#39;&#34;,&#xA;        &#34;cmd: kubectl wait virtualdisks.virtualization.deckhouse.io head-5073ae15-vd-root-b-not-a --namespace head-5073ae15-end-to-end-affinity-toleration --for=&#39;jsonpath={.status.phase}=Ready&#39; --timeout=16m40s\nstderr: error: timed out waiting for the condition on virtualdisks/head-5073ae15-vd-root-b-not-a\n\nwaited for: &#39;jsonpath={.status.phase}=Ready&#39;&#34;,&#xA;        &#34;cmd: kubectl wait virtualdisks.virtualization.deckhouse.io head-5073ae15-vd-root-a-not-b --namespace head-5073ae15-end-to-end-affinity-toleration --for=&#39;jsonpath={.status.phase}=Ready&#39; --timeout=16m40s\nstderr: error: timed out waiting for the condition on virtualdisks/head-5073ae15-vd-root-a-not-b\n\nwaited for: &#39;jsonpath={.status.phase}=Ready&#39;&#34;,&#xA;    ]&#xA;to be empty" type="failed">[FAILED] should observe resources in &#39;&#39;jsonpath={.status.phase}=Ready&#39;&#39; state before 16m40s timeout&#xA;Expected&#xA;    &lt;[]string | len:6, cap:6&gt;: [&#xA;        &#34;cmd: kubectl wait virtualdisks.virtualization.deckhouse.io head-5073ae15-vd-root-c-and-a --namespace head-5073ae15-end-to-end-affinity-toleration --for=&#39;jsonpath={.status.phase}=Ready&#39; --timeout=16m40s\nstderr: error: timed out waiting for the condition on virtualdisks/head-5073ae15-vd-root-c-and-a\n\nwaited for: &#39;jsonpath={.status.phase}=Ready&#39;&#34;,&#xA;        &#34;cmd: kubectl wait virtualdisks.virtualization.deckhouse.io head-5073ae15-vd-root-node-selector --namespace head-5073ae15-end-to-end-affinity-toleration --for=&#39;jsonpath={.status.phase}=Ready&#39; --timeout=16m40s\nstderr: error: timed out waiting for the condition on virtualdisks/head-5073ae15-vd-root-node-selector\n\nwaited for: &#39;jsonpath={.status.phase}=Ready&#39;&#34;,&#xA;        &#34;cmd: kubectl wait virtualdisks.virtualization.deckhouse.io head-5073ae15-vd-root-d --namespace head-5073ae15-end-to-end-affinity-toleration --for=&#39;jsonpath={.status.phase}=Ready&#39; --timeout=16m40s\nstderr: error: timed out waiting for the condition on virtualdisks/head-5073ae15-vd-root-d\n\nwaited for: &#39;jsonpath={.status.phase}=Ready&#39;&#34;,&#xA;        &#34;cmd: kubectl wait virtualdisks.virtualization.deckhouse.io head-5073ae15-vd-root-node-affinity --namespace head-5073ae15-end-to-end-affinity-toleration --for=&#39;jsonpath={.status.phase}=Ready&#39; --timeout=16m40s\nstderr: error: timed out waiting for the condition on virtualdisks/head-5073ae15-vd-root-node-affinity\n\nwaited for: &#39;jsonpath={.status.phase}=Ready&#39;&#34;,&#xA;        &#34;cmd: kubectl wait virtualdisks.virtualization.deckhouse.io head-5073ae15-vd-root-b-not-a --namespace head-5073ae15-end-to-end-affinity-toleration --for=&#39;jsonpath={.status.phase}=Ready&#39; --timeout=16m40s\nstderr: error: timed out waiting for the condition on virtualdisks/head-5073ae15-vd-root-b-not-a\n\nwaited for: &#39;jsonpath={.status.phase}=Ready&#39;&#34;,&#xA;        &#34;cmd: kubectl wait virtualdisks.virtualization.deckhouse.io head-5073ae15-vd-root-a-not-b --namespace head-5073ae15-end-to-end-affinity-toleration --for=&#39;jsonpath={.status.phase}=Ready&#39; --timeout=16m40s\nstderr: error: timed out waiting for the condition on virtualdisks/head-5073ae15-vd-root-a-not-b\n\nwaited for: &#39;jsonpath={.status.phase}=Ready&#39;&#34;,&#xA;    ]&#xA;to be empty&#xA;In [It] at: /Users/antont/ansible_deckhouse/virtualization-full/tests/e2e/affinity_toleration_test.go:103 @ 10/12/25 13:09:47.23&#xA;</failure>
              <system-err>&gt; Enter [It] checks the resources phase - /Users/antont/ansible_deckhouse/virtualization-full/tests/e2e/affinity_toleration_test.go:87 @ 10/12/25 12:52:57.06&#xA;STEP: `VirtualImages` should be in the &#34;Ready&#34; phase - /Users/antont/ansible_deckhouse/virtualization-full/tests/e2e/affinity_toleration_test.go:88 @ 10/12/25 12:52:57.06&#xA;END STEP: `VirtualImages` should be in the &#34;Ready&#34; phase - /Users/antont/ansible_deckhouse/virtualization-full/tests/e2e/affinity_toleration_test.go:88 @ 10/12/25 12:53:02.278 (5.218s)&#xA;STEP: `VirtualMachineClasses` should be in Ready phases - /Users/antont/ansible_deckhouse/virtualization-full/tests/e2e/affinity_toleration_test.go:95 @ 10/12/25 12:53:02.278&#xA;END STEP: `VirtualMachineClasses` should be in Ready phases - /Users/antont/ansible_deckhouse/virtualization-full/tests/e2e/affinity_toleration_test.go:95 @ 10/12/25 12:53:05.02 (2.742s)&#xA;STEP: `VirtualDisks` should be in the &#34;Ready&#34; phase - /Users/antont/ansible_deckhouse/virtualization-full/tests/e2e/affinity_toleration_test.go:102 @ 10/12/25 12:53:05.02&#xA;END STEP: `VirtualDisks` should be in the &#34;Ready&#34; phase - /Users/antont/ansible_deckhouse/virtualization-full/tests/e2e/affinity_toleration_test.go:102 @ 10/12/25 13:09:47.23 (16m42.194s)&#xA;[FAILED] should observe resources in &#39;&#39;jsonpath={.status.phase}=Ready&#39;&#39; state before 16m40s timeout&#xA;Expected&#xA;    &lt;[]string | len:6, cap:6&gt;: [&#xA;        &#34;cmd: kubectl wait virtualdisks.virtualization.deckhouse.io head-5073ae15-vd-root-c-and-a --namespace head-5073ae15-end-to-end-affinity-toleration --for=&#39;jsonpath={.status.phase}=Ready&#39; --timeout=16m40s\nstderr: error: timed out waiting for the condition on virtualdisks/head-5073ae15-vd-root-c-and-a\n\nwaited for: &#39;jsonpath={.status.phase}=Ready&#39;&#34;,&#xA;        &#34;cmd: kubectl wait virtualdisks.virtualization.deckhouse.io head-5073ae15-vd-root-node-selector --namespace head-5073ae15-end-to-end-affinity-toleration --for=&#39;jsonpath={.status.phase}=Ready&#39; --timeout=16m40s\nstderr: error: timed out waiting for the condition on virtualdisks/head-5073ae15-vd-root-node-selector\n\nwaited for: &#39;jsonpath={.status.phase}=Ready&#39;&#34;,&#xA;        &#34;cmd: kubectl wait virtualdisks.virtualization.deckhouse.io head-5073ae15-vd-root-d --namespace head-5073ae15-end-to-end-affinity-toleration --for=&#39;jsonpath={.status.phase}=Ready&#39; --timeout=16m40s\nstderr: error: timed out waiting for the condition on virtualdisks/head-5073ae15-vd-root-d\n\nwaited for: &#39;jsonpath={.status.phase}=Ready&#39;&#34;,&#xA;        &#34;cmd: kubectl wait virtualdisks.virtualization.deckhouse.io head-5073ae15-vd-root-node-affinity --namespace head-5073ae15-end-to-end-affinity-toleration --for=&#39;jsonpath={.status.phase}=Ready&#39
[...]
     sync.runtime_SemacquireWaitGroup(0x102928b30?, 0xa0?)&#xA;          /opt/homebrew/Cellar/go/1.25.1/libexec/src/runtime/sema.go:114&#xA;        sync.(*WaitGroup).Wait(0x14000a82010)&#xA;          /opt/homebrew/Cellar/go/1.25.1/libexec/src/sync/waitgroup.go:206&#xA;      &gt; github.com/deckhouse/virtualization/tests/e2e.WaitResources({0x1400041a0c0, 0x2, 0x1043a1e58?}, {0x1040bea2d, 0x2a}, {{0x0, 0x0, 0x0}, 0x140005feb40, {0x1400039fe30, ...}, ...})&#xA;          /Users/antont/ansible_deckhouse/virtualization-full/tests/e2e/util_test.go:349&#xA;            | &#x9;&#x9;}()&#xA;            | &#x9;}&#xA;            &gt; &#x9;wg.Wait()&#xA;            | &#x9;Expect(waitErr).To(BeEmpty(), &#34;should observe resources in &#39;%s&#39; state before %s timeout&#34;, opts.For, opts.Timeout.String())&#xA;            | }&#xA;      &gt; github.com/deckhouse/virtualization/tests/e2e.WaitByLabel({0x1040bea2d, 0x2a}, {{0x0, 0x0, 0x0}, 0x140005feb40, {0x1400039fe30, 0x26}, {0x14000976030, 0x22}, ...})&#xA;          /Users/antont/ansible_deckhouse/virtualization-full/tests/e2e/util_test.go:308&#xA;            | &#x9;&#x9;resources = strings.Split(res.StdOut(), &#34; &#34;)&#xA;            | &#x9;}&#xA;            &gt; &#x9;WaitResources(resources, resource, opts)&#xA;            | }&#xA;            | &#xA;      &gt; github.com/deckhouse/virtualization/tests/e2e.WaitPhaseByLabel({0x1040bea2d, 0x2a}, {0x10407ba0a, 0x7}, {{0x0, 0x0, 0x0}, 0x140005feb40, {0x1400039fe30, 0x26}, ...})&#xA;          /Users/antont/ansible_deckhouse/virtualization-full/tests/e2e/util_test.go:290&#xA;            | &#x9;GinkgoHelper()&#xA;            | &#x9;opts.For = fmt.Sprintf(&#34;&#39;jsonpath={.status.phase}=%s&#39;&#34;, phase)&#xA;            &gt; &#x9;WaitByLabel(resource, opts)&#xA;            | }&#xA;            | &#xA;      &gt; github.com/deckhouse/virtualization/tests/e2e.WaitVMAgentReady({{0x0, 0x0, 0x0}, 0x140005feb40, {0x1400039fe30, 0x26}, {0x0, 0x0}, 0xe8d4a51000})&#xA;          /Users/antont/ansible_deckhouse/virtualization-full/tests/e2e/util_test.go:274&#xA;            | func WaitVMAgentReady(opts kc.WaitOptions) {&#xA;            | &#x9;GinkgoHelper()&#xA;            &gt; &#x9;WaitPhaseByLabel(kc.ResourceVM, PhaseRunning, opts)&#xA;            | &#x9;WaitConditionIsTrueByLabel(kc.ResourceVM, vmcondition.TypeAgentReady.String(), opts)&#xA;            | }&#xA;      &gt; github.com/deckhouse/virtualization/tests/e2e.init.func17.5()&#xA;          /Users/antont/ansible_deckhouse/virtualization-full/tests/e2e/vm_evacuation_test.go:98&#xA;            | It(&#34;Evacuation&#34;, func() {&#xA;            | &#x9;By(&#34;Virtual machine agents should be ready&#34;)&#xA;            &gt; &#x9;WaitVMAgentReady(kc.WaitOptions{&#xA;            | &#x9;&#x9;Labels:    testCaseLabel,&#xA;            | &#x9;&#x9;Namespace: ns,&#xA;        github.com/onsi/ginkgo/v2/internal.extractBodyFunction.func3({0x0?, 0x1400074cdc0?})&#xA;          /Users/antont/go/pkg/mod/github.com/onsi/ginkgo/v2@v2.22.0/internal/node.go:475&#xA;        github.com/onsi/ginkgo/v2/internal.(*Suite).runNode.func3()&#xA;          /Users/antont/go/pkg/mod/github.com/onsi/ginkgo/v2@v2.22.0/internal/suite.go:894&#xA;        github.com/onsi/ginkgo/v2/internal.(*Suite).runNode in goroutine 24&#xA;          /Users/antont/go/pkg/mod/github.com/onsi/ginkgo/v2@v2.22.0/internal/suite.go:881&#xA;&#xA;      Goroutines of Interest&#xA;      goroutine 260 [syscall]&#xA;        syscall.syscall6(0x100a82050?, 0x106ca5110?, 0x106c99d58?, 0x90?, 0x105f24480?, 0x1400022a360?, 0x14000f8ea58?)&#xA;          /opt/homebrew/Cellar/go/1.25.1/libexec/src/runtime/sys_darwin.go:60&#xA;        syscall.wait4(0x14000f8ea88?, 0x1029aa6fc?, 0x90?, 0x1049a6120?)&#xA;          /opt/homebrew/Cellar/go/1.25.1/libexec/src/syscall/zsyscall_darwin_arm64.go:44&#xA;        syscall.Wait4(0x140002c8150?, 0x14000f8eac4, 0x14000a82050?, 0x140002c80e0?)&#xA;          /opt/homebrew/Cellar/go/1.25.1/libexec/src/syscall/syscall_bsd.go:144&#xA;        os.(*Process).pidWait.func1(...)&#xA;          /opt/homebrew/Cellar/go/1.25.1/libexec/src/os/exec_unix.go:64&#xA;        os.ignoringEINTR2[...](...)&#xA;          /opt/homebrew/Cellar/go/1.25.1/libexec/src/os/file_posix.go:266&#xA;        os.(*Process).pidWait(0x14000918140)&#xA;          /opt/homebrew/Cellar/go/1.25.1/libexec/src/os/exec_unix.go:63&#xA;        os.(*Process).wait(0x14000826408?)&#xA;          /opt/homebrew/Cellar/go/1.25.1/libexec/src/os/exec_unix.go:28&#xA;        os.(*Process).Wait(...)&#xA;          /opt/homebrew/Cellar/go/1.25.1/libexec/src/os/exec.go:340&#xA;        os/exec.(*Cmd).Wait(0x1400072e000)&#xA;          /opt/homebrew/Cellar/go/1.25.1/libexec/src/os/exec/exec.go:922&#xA;        os/exec.(*Cmd).Run(0x1400072e000)&#xA;          /opt/homebrew/Cellar/go/1.25.1/libexec/src/os/exec/exec.go:626&#xA;      &gt; github.com/deckhouse/virtualization/tests/e2e/executor.CMDExecutor.ExecuteContext({{0x140003f19e0?, 0x104a3de88?, 0x140002c8000?}}, {0x104a5e488?, 0x140002c8000?}, {0x14000824000?, 0xc233058032aaf280?}, {0x104a36d80, 0x140009180c0}, {0x104a36d80, ...})&#xA;          /Users/antont/ansible_deckhouse/virtualization-full/tests/e2e/executor/executor.go:76&#xA;            | &#x9;cmd.Stderr = stderr&#xA;            | &#x9;cmd.Stdout = stdout&#xA;            &gt; &#x9;return cmd.Run()&#xA;            | }&#xA;            | &#xA;      &gt; github.com/deckhouse/virtualization/tests/e2e/executor.CMDExecutor.ExecContext({{0x140003f19e0?, 0x105f4b728?, 0x105f21fa0?}}, {0x104a5e488, 0x140002c8000}, {0x14000824000, 0xc4})&#xA;          /Users/antont/ansible_deckhouse/virtualization-full/tests/e2e/executor/executor.go:49&#xA;            | stdout := new(Buffer)&#xA;            | stderr := new(Buffer)&#xA;            &gt; err := e.ExecuteContext(ctx, command, stdout, stderr)&#xA;            | cmdResult := &amp;CMDResult{&#xA;            | &#x9;stdOut:  stdout,&#xA;      &gt; github.com/deckhouse/virtualization/tests/e2e/kubectl.KubectlCMD.WaitResource({{0x104a62a38?, 0x140002cac00?}, {0x10407bfba?, 0x140009b7e88?}}, {0x1040bea2d, 0x2a}, {0x140002ea3a0, 0x1f}, {{0x0, 0x0, ...}, ...})&#xA;          /Users/antont/ansible_deckhouse/virtualization-full/tests/e2e/kubectl/kubectl.go:260&#xA;            | &#x9;ctx, cancel := context.WithTimeout(context.Background(), timeout)&#xA;            | &#x9;defer cancel()&#xA;            &gt; &#x9;return k.ExecContext(ctx, cmd)&#xA;            | }&#xA;            | &#xA;      &gt; github.com/deckhouse/virtualization/tests/e2e.WaitResources.func1()&#xA;          /Users/antont/ansible_deckhouse/virtualization-full/tests/e2e/util_test.go:341&#xA;            | go func() {&#xA;            | &#x9;defer wg.Done()&#xA;            &gt; &#x9;res := kubectl.WaitResource(resource, name, waitOpts)&#xA;            | &#x9;if res.Error() != nil {&#xA;            | &#x9;&#x9;mu.Lock()&#xA;      &gt; github.com/deckhouse/virtualization/tests/e2e.WaitResources in goroutine 919&#xA;          /Users/antont/ansible_deckhouse/virtualization-full/tests/e2e/util_test.go:339&#xA;            | for _, name := range resources {&#xA;            | &#x9;wg.Add(1)&#xA;            &gt; &#x9;go func() {&#xA;            | &#x9;&#x9;defer wg.Done()&#xA;            | &#x9;&#x9;res := kubectl.WaitResource(resource, name, waitOpts)&#xA;&#xA;      goroutine 259 [syscall]&#xA;        syscall.syscall6(0x10099c030?, 0x1323d3b50?, 0x106c98f30?, 0x90?, 0x14000101008?, 0x14000afa090?, 0x140000b4a58?)&#xA;          /opt/homebrew/Cellar/go/1.25.1/libexec/src/runtime/sys_darwin.go:60&#xA;        syscall.wait4(0x140000b4a88?, 0x1029aa6fc?, 0x90?, 0x1049a6120?)&#xA;          /opt/homebrew/Cellar/go/1.25.1/libexec/src/syscall/zsyscall_darwin_arm64.go:44&#xA;        syscall.Wait4(0x140002ec5b0?, 0x140000b4ac4, 0x1400099c030?, 0x140002ec3f0?)&#xA;          /opt/homebrew/Cellar/go/1.25.1/libexec/src/syscall/syscall_bsd.go:144&#xA;        os.(*Process).pidWait.func1(...)&#xA;          /opt/homebrew/Cellar/go/1.25.1/libexec/src/os/exec_unix.go:64&#xA;        os.ignoringEINTR2[...](...)&#xA;          /opt/homebrew/Cellar/go/1.25.1/libexec/src/os/file_posix.go:266&#xA;        os.(*Process).pidWait(0x14000124200)&#xA;          /opt/homebrew/Cellar/go/1.25.1/libexec/src/os/exec_unix.go:63&#xA;        os.(*Process).wait(0x1400091a408?)&#xA;          /opt/homebrew/Cellar/go/1.25.1/libexec/src/os/exec_unix.go:28&#xA;        os.(*Process).Wait(...)&#xA;          /opt/homebrew/Cellar/go/1.25.1/libexec/src/os/exec.go:340&#xA;        os/exec.(*Cmd).Wait(0x14000197680)&#xA;          /opt/homebrew/Cellar/go/1.25.1/libexec/src/os/exec/exec.go:922&#xA;        os/exec.(*Cmd).Run(0x14000197680)&#xA;          /opt/homebrew/Cellar/go/1.25.1/libexec/src/os/exec/exec.go:626&#xA;      &gt; github.com/deckhouse/virtualization/tests/e2e/executor.CMDExecutor.ExecuteContext({{0x140003f19e0?, 0x104a3de88?, 0x140002ec000?}}, {0x104a5e488?, 0x140002ec000?}, {0x14000510000?, 0xc233058032ab1990?}, {0x104a36d80, 0x14000124000}, {0x104a36d80, ...})&#xA;          /Users/antont/ansible_deckhouse/virtualization-full/tests/e2e/executor/executor.go:76&#xA;            | &#x9;cmd.Stderr = stderr&#xA;            | &#x9;cmd.Stdout = stdout&#xA;            &gt; &#x9;return cmd.Run()&#xA;            | }&#xA;            | &#xA;      &gt; github.com/deckhouse/virtualization/tests/e2e/executor.CMDExecutor.ExecContext({{0x140003f19e0?, 0x105f4b728?, 0x105f21fa0?}}, {0x104a5e488, 0x140002ec000}, {0x14000510000, 0xc4})&#xA;          /Users/antont/ansible_deckhouse/virtualization-full/tests/e2e/executor/executor.go:49&#xA;            | stdout := new(Buffer)&#xA;            | stderr := new(Buffer)&#xA;            &gt; err := e.ExecuteContext(ctx, command, stdout, stderr)&#xA;            | cmdResult := &amp;CMDResult{&#xA;            | &#x9;stdOut:  stdout,&#xA;      &gt; github.com/deckhouse/virtualization/tests/e2e/kubectl.KubectlCMD.WaitResource({{0x104a62a38?, 0x140002cac00?}, {0x10407bfba?, 0x1400050c688?}}, {0x1040bea2d, 0x2a}, {0x140002ea380, 0x1f}, {{0x0, 0x0, ...}, ...})&#xA;          /Users/antont/ansible_deckhouse/virtualization-full/tests/e2e/kubectl/kubectl.go:260&#xA;            | &#x9;ctx, cancel := context.WithTimeout(context.Background(), timeout)&#xA;            | &#x9;defer cancel()&#xA;            &gt; &#x9;return k.ExecContext(ctx, cmd)&#xA;            | }&#xA;            | &#xA;      &gt; github.com/deckhouse/virtualization/tests/e2e.WaitResources.func1()&#xA;          /Users/antont/ansible_deckhouse/virtualization-full/tests/e2e/util_test.go:341&#xA;            | go func() {&#xA;            | &#x9;defer wg.Done()&#xA;            &gt; &#x9;res := kubectl.WaitResource(resource, name, waitOpts)&#xA;            | &#x9;if res.Error() != nil {&#xA;            | &#x9;&#x9;mu.Lock()&#xA;      &gt; github.com/deckhouse/virtualization/tests/e2e.WaitResources in goroutine 919&#xA;          /Users/antont/ansible_deckhouse/virtualization-full/tests/e2e/util_test.go:339&#xA;            | for _, name := range resources {&#xA;            | &#x9;wg.Add(1)&#xA;            &gt; &#x9;go func() {&#xA;            | &#x9;&#x9;defer wg.Done()&#xA;            | &#x9;&#x9;res := kubectl.WaitResource(resource, name, waitOpts)&#xA;&lt; Exit [It] Evacuation - /Users/antont/ansible_deckhouse/virtualization-full/tests/e2e/vm_evacuation_test.go:96 @ 10/12/25 15:11:37.814 (1m58.248s)&#xA;&gt; Enter [AfterEach] VirtualMachineEvacuation - /Users/antont/ansible_deckhouse/virtualization-full/tests/e2e/vm_evacuation_test.go:59 @ 10/12/25 15:11:37.814&#xA;The list of pods is empty; nothing to dump.&#xA;STEP: Response on deletion request should be successful - /Users/antont/ansible_deckhouse/virtualization-full/tests/e2e/util_test.go:604 @ 10/12/25 15:11:43.937&#xA;END STEP: Response on deletion request should be successful - /Users/antont/ansible_deckhouse/virtualization-full/tests/e2e/util_test.go:604 @ 10/12/25 15:11:48.402 (4.465s)&#xA;&lt; Exit [AfterEach] VirtualMachineEvacuation - /Users/antont/ansible_deckhouse/virtualization-full/tests/e2e/vm_evacuation_test.go:59 @ 10/12/25 15:11:48.402 (10.588s)&#xA;</system-err>
          </testcase>
          <testcase name="[It] VirtualMachineRestoreForce When the virtualization resources are applied result should be succeeded [SIG-Restoration]" classname="Tests" status="skipped" time="0">
              <skipped message="skipped"></skipped>
          </testcase>
          <testcase name="[It] VirtualMachineRestoreForce When the virtualization resources are applied checks the resources phase [SIG-Restoration]" classname="Tests" status="skipped" time="0">
              <skipped message="skipped"></skipped>
          </testcase>
          <testcase name="[It] VirtualMachineRestoreForce When the virtualization resources are applied add additional interface to virtual machines [SIG-Restoration]" classname="Tests" status="skipped" time="0">
              <skipped message="skipped"></skipped>
          </testcase>
          <testcase name="[It] VirtualMachineRestoreForce When the resources are ready to use restore the `VirtualMachines` with `forced` mode [SIG-Restoration]" classname="Tests" status="skipped" time="0">
              <skipped message="skipped"></skipped>
          </testcase>
          <testcase name="[It] VirtualMachineRestoreForce When the resources are ready to use check the .status.networks of each VM after restore [SIG-Restoration]" classname="Tests" status="skipped" time="0">
              <skipped message="skipped"></skipped>
          </testcase>
          <testcase name="[It] VirtualMachineRestoreForce When test is completed deletes test case resources [SIG-Restoration]" classname="Tests" status="skipped" time="0">
              <skipped message="skipped"></skipped>
          </testcase>
          <testcase name="[SynchronizedAfterSuite]" classname="Tests" status="failed" time="0.826437292">
              <failure message="Expected success, but got an error:&#xA;    &lt;*errors.joinError | 0x140006a9368&gt;: &#xA;    the container &#34;virtualization-controller&#34; was not found: virtualization-controller-75845f987f-9mg56&#xA;    the container &#34;virtualization-controller&#34; was restarted: virtualization-controller-7b6c96b4c9-bprrz&#xA;    the container &#34;virtualization-controller&#34; was restarted: virtualization-controller-7b6c96b4c9-swkng&#xA;    {&#xA;        errs: [&#xA;            &lt;*errors.joinError | 0x140006a9350&gt;{&#xA;                errs: [&#xA;                    &lt;*errors.joinError | 0x140006a9338&gt;{&#xA;                        errs: [&#xA;                            &lt;*errors.errorString | 0x140003f1d10&gt;{&#xA;                                s: &#34;the container \&#34;virtualization-controller\&#34; was not found: virtualization-controller-75845f987f-9mg56&#34;,&#xA;                            },&#xA;                        ],&#xA;                    },&#xA;                    &lt;*errors.errorString | 0x140003f1d50&gt;{&#xA;                        s: &#34;the container \&#34;virtualization-controller\&#34; was restarted: virtualization-controller-7b6c96b4c9-bprrz&#34;,&#xA;                    },&#xA;                ],&#xA;            },&#xA;            &lt;*errors.errorString | 0x140003f1d70&gt;{&#xA;                s: &#34;the container \&#34;virtualization-controller\&#34; was restarted: virtualization-controller-7b6c96b4c9-swkng&#34;,&#xA;            },&#xA;        ],&#xA;    }" type="failed">[FAILED] Expected success, but got an error:&#xA;    &lt;*errors.joinError | 0x140006a9368&gt;: &#xA;    the container &#34;virtualization-controller&#34; was not found: virtualization-controller-75845f987f-9mg56&#xA;    the container &#34;virtualization-controller&#34; was restarted: virtualization-controller-7b6c96b4c9-bprrz&#xA;    the container &#34;virtualization-controller&#34; was restarted: virtualization-controller-7b6c96b4c9-swkng&#xA;    {&#xA;        errs: [&#xA;            &lt;*errors.joinError | 0x140006a9350&gt;{&#xA;                errs: [&#xA;                    &lt;*errors.joinError | 0x140006a9338&gt;{&#xA;                        errs: [&#xA;                            &lt;*errors.errorString | 0x140003f1d10&gt;{&#xA;                                s: &#34;the container \&#34;virtualization-controller\&#34; was not found: virtualization-controller-75845f987f-9mg56&#34;,&#xA;                            },&#xA;                        ],&#xA;                    },&#xA;                    &lt;*errors.errorString | 0x140003f1d50&gt;{&#xA;                        s: &#34;the container \&#34;virtualization-controller\&#34; was restarted: virtualization-controller-7b6c96b4c9-bprrz&#34;,&#xA;                    },&#xA;                ],&#xA;            },&#xA;            &lt;*errors.errorString | 0x140003f1d70&gt;{&#xA;                s: &#34;the container \&#34;virtualization-controller\&#34; was restarted: virtualization-controller-7b6c96b4c9-swkng&#34;,&#xA;            },&#xA;        ],&#xA;    }&#xA;In [SynchronizedAfterSuite] at: /Users/antont/ansible_deckhouse/virtualization-full/tests/e2e/e2e_test.go:183 @ 10/12/25 15:11:49.231&#xA;</failure>
              <system-err>&gt; Enter [SynchronizedAfterSuite] TOP-LEVEL - /Users/antont/ansible_deckhouse/virtualization-full/tests/e2e/e2e_test.go:182 @ 10/12/25 15:11:48.404&#xA;&lt; Exit [SynchronizedAfterSuite] TOP-LEVEL - /Users/antont/ansible_deckhouse/virtualization-full/tests/e2e/e2e_test.go:182 @ 10/12/25 15:11:48.404 (0s)&#xA;&gt; Enter [SynchronizedAfterSuite] TOP-LEVEL - /Users/antont/ansible_deckhouse/virtualization-full/tests/e2e/e2e_test.go:182 @ 10/12/25 15:11:48.404&#xA;[FAILED] Expected success, but got an error:&#xA;    &lt;*errors.joinError | 0x140006a9368&gt;: &#xA;    the container &#34;virtualization-controller&#34; was not found: virtualization-controller-75845f987f-9mg56&#xA;    the container &#34;virtualization-controller&#34; was restarted: virtualization-controller-7b6c96b4c9-bprrz&#xA;    the container &#34;virtualization-controller&#34; was restarted: virtualization-controller-7b6c96b4c9-swkng&#xA;    {&#xA;        errs: [&#xA;            &lt;*errors.joinError | 0x140006a9350&gt;{&#xA;                errs: [&#xA;                    &lt;*errors.joinError | 0x140006a9338&gt;{&#xA;                        errs: [&#xA;                            &lt;*errors.errorString | 0x140003f1d10&gt;{&#xA;                                s: &#34;the container \&#34;virtualization-controller\&#34; was not found: virtualization-controller-75845f987f-9mg56&#34;,&#xA;                            },&#xA;                        ],&#xA;                    },&#xA;                    &lt;*errors.errorString | 0x140003f1d50&gt;{&#xA;                        s: &#34;the container \&#34;virtualization-controller\&#34; was restarted: virtualization-controller-7b6c96b4c9-bprrz&#34;,&#xA;                    },&#xA;                ],&#xA;            },&#xA;            &lt;*errors.errorString | 0x140003f1d70&gt;{&#xA;                s: &#34;the container \&#34;virtualization-controller\&#34; was restarted: virtualization-controller-7b6c96b4c9-swkng&#34;,&#xA;            },&#xA;        ],&#xA;    }&#xA;In [SynchronizedAfterSuite] at: /Users/antont/ansible_deckhouse/virtualization-full/tests/e2e/e2e_test.go:183 @ 10/12/25 15:11:49.231&#xA;&lt; Exit [SynchronizedAfterSuite] TOP-LEVEL - /Users/antont/ansible_deckhouse/virtualization-full/tests/e2e/e2e_test.go:182 @ 10/12/25 15:11:49.231 (826ms)&#xA;</system-err>
          </testcase>
          <testcase name="[DeferCleanup (Suite)]" classname="Tests" status="passed" time="15.5689365">
              <system-err>&gt; Enter [DeferCleanup (Suite)] TOP-LEVEL - /Users/antont/ansible_deckhouse/virtualization-full/tests/e2e/e2e_test.go:175 @ 10/12/25 15:11:49.231&#xA;&lt; Exit [DeferCleanup (Suite)] TOP-LEVEL - /Users/antont/ansible_deckhouse/virtualization-full/tests/e2e/e2e_test.go:175 @ 10/12/25 15:12:04.8 (15.569s)&#xA;</system-err>
          </testcase>
      </testsuite>
  </testsuites>