<?xml version="1.0" encoding="UTF-8"?>
  <testsuites tests="214" disabled="186" errors="0" failures="18" time="1417.0543915">
      <testsuite name="Tests" package="/Users/antont/ansible_deckhouse/virtualization-full/tests/e2e" tests="214" disabled="0" skipped="186" errors="0" failures="18" time="1417.0543915" timestamp="2025-10-08T22:02:38">
          <properties>
              <property name="SuiteSucceeded" value="false"></property>
              <property name="SuiteHasProgrammaticFocus" value="false"></property>
              <property name="SpecialSuiteFailureReason" value=""></property>
              <property name="SuiteLabels" value="[]"></property>
              <property name="RandomSeed" value="1759950144"></property>
              <property name="RandomizeAllSpecs" value="false"></property>
              <property name="LabelFilter" value=""></property>
              <property name="FocusStrings" value=""></property>
              <property name="SkipStrings" value=""></property>
              <property name="FocusFiles" value=""></property>
              <property name="SkipFiles" value=""></property>
              <property name="FailOnPending" value="false"></property>
              <property name="FailOnEmpty" value="false"></property>
              <property name="FailFast" value="false"></property>
              <property name="FlakeAttempts" value="0"></property>
              <property name="DryRun" value="false"></property>
              <property name="ParallelTotal" value="1"></property>
              <property name="OutputInterceptorMode" value=""></property>
          </properties>
          <testcase name="[SynchronizedBeforeSuite]" classname="Tests" status="passed" time="4.62495925">
              <system-err>&gt; Enter [SynchronizedBeforeSuite] TOP-LEVEL - /Users/antont/ansible_deckhouse/virtualization-full/tests/e2e/e2e_test.go:137 @ 10/08/25 22:02:38.254&#xA;&lt; Exit [SynchronizedBeforeSuite] TOP-LEVEL - /Users/antont/ansible_deckhouse/virtualization-full/tests/e2e/e2e_test.go:137 @ 10/08/25 22:02:42.879 (4.625s)&#xA;&gt; Enter [SynchronizedBeforeSuite] TOP-LEVEL - /Users/antont/ansible_deckhouse/virtualization-full/tests/e2e/e2e_test.go:137 @ 10/08/25 22:02:42.879&#xA;&lt; Exit [SynchronizedBeforeSuite] TOP-LEVEL - /Users/antont/ansible_deckhouse/virtualization-full/tests/e2e/e2e_test.go:137 @ 10/08/25 22:02:42.879 (0s)&#xA;</system-err>
          </testcase>
          <testcase name="[It] ComplexTest When virtualization resources are applied result should be succeeded [Serial]" classname="Tests" status="passed" time="30.452257958">
              <system-err>&gt; Enter [BeforeAll] ComplexTest - /Users/antont/ansible_deckhouse/virtualization-full/tests/e2e/complex_test.go:51 @ 10/08/25 22:02:42.881&#xA;&lt; Exit [BeforeAll] ComplexTest - /Users/antont/ansible_deckhouse/virtualization-full/tests/e2e/complex_test.go:51 @ 10/08/25 22:02:44.833 (1.953s)&#xA;&gt; Enter [It] result should be succeeded - /Users/antont/ansible_deckhouse/virtualization-full/tests/e2e/complex_test.go:61 @ 10/08/25 22:02:44.834&#xA;�[31m�[1m&#xA;this is the `Virtualization-controller` error! not the current `Ginkgo` context error:&#xA;�[0m�[31m{&#xA;  &#34;level&#34;: &#34;error&#34;,&#xA;  &#34;msg&#34;: &#34;Failed to update resource&#34;,&#xA;  &#34;err&#34;: &#34;error updating status subresource: Put \&#34;http://127.0.0.1:23915/apis/virtualization.deckhouse.io/v1alpha2/clustervirtualimages/head-45bdb83d-cvi-from-cvi-ubu-http/status\&#34;: context canceled&#34;,&#xA;  &#34;controller&#34;: &#34;cvi-controller&#34;,&#xA;  &#34;handler&#34;: &#34;&#34;,&#xA;  &#34;ds&#34;: &#34;&#34;,&#xA;  &#34;collector&#34;: &#34;&#34;,&#xA;  &#34;name&#34;: &#34;head-45bdb83d-cvi-from-cvi-ubu-http&#34;,&#xA;  &#34;namespace&#34;: &#34;&#34;,&#xA;  &#34;reconcileID&#34;: &#34;d768e99d-88b1-4646-ad8d-bdcac2dd909b&#34;,&#xA;  &#34;time&#34;: &#34;2025-10-08T19:03:06Z&#34;&#xA;}�[0m&#xA;�[31m�[1m&#xA;this is the `Virtualization-controller` error! not the current `Ginkgo` context error:&#xA;�[0m�[31m{&#xA;  &#34;level&#34;: &#34;error&#34;,&#xA;  &#34;msg&#34;: &#34;Error occurred during reconciliation&#34;,&#xA;  &#34;err&#34;: &#34;error updating status subresource: Put \&#34;http://127.0.0.1:23915/apis/virtualization.deckhouse.io/v1alpha2/clustervirtualimages/head-45bdb83d-cvi-from-cvi-ubu-http/status\&#34;: context canceled&#34;,&#xA;  &#34;controller&#34;: &#34;cvi-controller&#34;,&#xA;  &#34;handler&#34;: &#34;&#34;,&#xA;  &#34;ds&#34;: &#34;&#34;,&#xA;  &#34;collector&#34;: &#34;&#34;,&#xA;  &#34;name&#34;: &#34;head-45bdb83d-cvi-from-cvi-ubu-http&#34;,&#xA;  &#34;namespace&#34;: &#34;&#34;,&#xA;  &#34;reconcileID&#34;: &#34;d768e99d-88b1-4646-ad8d-bdcac2dd909b&#34;,&#xA;  &#34;time&#34;: &#34;2025-10-08T19:03:06Z&#34;&#xA;}�[0m&#xA;�[31m�[1m&#xA;this is the `Virtualization-controller` error! not the current `Ginkgo` context error:&#xA;�[0m�[31m{&#xA;  &#34;level&#34;: &#34;error&#34;,&#xA;  &#34;msg&#34;: &#34;Reconciler error&#34;,&#xA;  &#34;err&#34;: &#34;error updating status subresource: Put \&#34;http://127.0.0.1:23915/apis/virtualization.deckhouse.io/v1alpha2/clustervirtualimages/head-45bdb83d-cvi-from-cvi-ubu-http/status\&#34;: context canceled&#34;,&#xA;  &#34;controller&#34;: &#34;cvi-controller&#34;,&#xA;  &#34;handler&#34;: &#34;&#34;,&#xA;  &#34;ds&#34;: &#34;&#34;,&#xA;  &#34;collector&#34;: &#34;&#34;,&#xA;  &#34;name&#34;: &#34;head-45bdb83d-cvi-from-cvi-ubu-http&#34;,&#xA;  &#34;namespace&#34;: &#34;&#34;,&#xA;  &#34;reconcileID&#34;: &#34;d768e99d-88b1-4646-ad8d-bdcac2dd909b&#34;,&#xA;  &#34;time&#34;: &#34;2025-10-08T19:03:06Z&#34;&#xA;}�[0m&#xA;&lt; Exit [It] result should be succeeded - /Users/antont/ansible_deckhouse/virtualization-full/tests/e2e/complex_test.go:61 @ 10/08/25 22:03:13.333 (28.499s)&#xA;&gt; Enter [AfterEach] ComplexTest - /Users/antont/ansible_deckhouse/virtualization-full/tests/e2e/complex_test.go:45 @ 10/08/25 22:03:13.333&#xA;&lt; Exit [AfterEach] ComplexTest - /Users/antont/ansible_deckhouse/virtualization-full/tests/e2e/complex_test.go:45 @ 10/08/25 22:03:13.333 (0s)&#xA;</system-err>
          </testcase>
          <testcase name="[It] ComplexTest When virtualization resources are applied should fill empty virtualMachineClassName with the default class name [Serial]" classname="Tests" status="passed" time="1.218240417">
              <system-err>&gt; Enter [It] should fill empty virtualMachineClassName with the default class name - /Users/antont/ansible_deckhouse/virtualization-full/tests/e2e/complex_test.go:82 @ 10/08/25 22:03:13.334&#xA;&lt; Exit [It] should fill empty virtualMachineClassName with the default class name - /Users/antont/ansible_deckhouse/virtualization-full/tests/e2e/complex_test.go:82 @ 10/08/25 22:03:14.552 (1.218s)&#xA;&gt; Enter [AfterEach] ComplexTest - /Users/antont/ansible_deckhouse/virtualization-full/tests/e2e/complex_test.go:45 @ 10/08/25 22:03:14.552&#xA;&lt; Exit [AfterEach] ComplexTest - /Users/antont/ansible_deckhouse/virtualization-full/tests/e2e/complex_test.go:45 @ 10/08/25 22:03:14.552 (0s)&#xA;</system-err>
          </testcase>
          <testcase name="[It] ComplexTest When virtual images are applied checks VIs phases [Serial]" classname="Tests" status="passed" time="1.333699542">
              <system-err>&gt; Enter [It] checks VIs phases - /Users/antont/ansible_deckhouse/virtualization-full/tests/e2e/complex_test.go:97 @ 10/08/25 22:03:14.553&#xA;STEP: VIs should be in Ready phases - /Users/antont/ansible_deckhouse/virtualization-full/tests/e2e/complex_test.go:98 @ 10/08/25 22:03:14.554&#xA;&lt; Exit [It] checks VIs phases - /Users/antont/ansible_deckhouse/virtualization-full/tests/e2e/complex_test.go:97 @ 10/08/25 22:03:15.887 (1.334s)&#xA;&gt; Enter [AfterEach] ComplexTest - /Users/antont/ansible_deckhouse/virtualization-full/tests/e2e/complex_test.go:45 @ 10/08/25 22:03:15.887&#xA;&lt; Exit [AfterEach] ComplexTest - /Users/antont/ansible_deckhouse/virtualization-full/tests/e2e/complex_test.go:45 @ 10/08/25 22:03:15.887 (0s)&#xA;</system-err>
          </testcase>
          <testcase name="[It] ComplexTest When cluster virtual images are applied checks CVIs phases [Serial]" classname="Tests" status="passed" time="1.0961405">
              <system-err>&gt; Enter [It] checks CVIs phases - /Users/antont/ansible_deckhouse/virtualization-full/tests/e2e/complex_test.go:108 @ 10/08/25 22:03:15.887&#xA;STEP: CVIs should be in Ready phases - /Users/antont/ansible_deckhouse/virtualization-full/tests/e2e/complex_test.go:109 @ 10/08/25 22:03:15.888&#xA;&lt; Exit [It] checks CVIs phases - /Users/antont/ansible_deckhouse/virtualization-full/tests/e2e/complex_test.go:108 @ 10/08/25 22:03:16.983 (1.096s)&#xA;&gt; Enter [AfterEach] ComplexTest - /Users/antont/ansible_deckhouse/virtualization-full/tests/e2e/complex_test.go:45 @ 10/08/25 22:03:16.983&#xA;&lt; Exit [AfterEach] ComplexTest - /Users/antont/ansible_deckhouse/virtualization-full/tests/e2e/complex_test.go:45 @ 10/08/25 22:03:16.984 (0s)&#xA;</system-err>
          </testcase>
          <testcase name="[It] ComplexTest When virtual machine classes are applied checks VMClasses phases [Serial]" classname="Tests" status="passed" time="1.370511875">
              <system-err>&gt; Enter [It] checks VMClasses phases - /Users/antont/ansible_deckhouse/virtualization-full/tests/e2e/complex_test.go:119 @ 10/08/25 22:03:16.984&#xA;STEP: VMClasses should be in Ready phases - /Users/antont/ansible_deckhouse/virtualization-full/tests/e2e/complex_test.go:120 @ 10/08/25 22:03:16.984&#xA;&lt; Exit [It] checks VMClasses phases - /Users/antont/ansible_deckhouse/virtualization-full/tests/e2e/complex_test.go:119 @ 10/08/25 22:03:18.354 (1.37s)&#xA;&gt; Enter [AfterEach] ComplexTest - /Users/antont/ansible_deckhouse/virtualization-full/tests/e2e/complex_test.go:45 @ 10/08/25 22:03:18.354&#xA;&lt; Exit [AfterEach] ComplexTest - /Users/antont/ansible_deckhouse/virtualization-full/tests/e2e/complex_test.go:45 @ 10/08/25 22:03:18.354 (0s)&#xA;</system-err>
          </testcase>
          <testcase name="[It] ComplexTest When virtual machines IP addresses are applied patches custom VMIP with unassigned address [Serial]" classname="Tests" status="failed" time="348.614015958">
              <failure message="Timed out after 343.852s.&#xA;Expected success, but got an error:&#xA;    &lt;*errors.errorString | 0x1400006d7e0&gt;: &#xA;    cannot patch VMIP &#34;head-45bdb83d-vm-custom-ip&#34; with unnassigned IP address&#xA;    error: timed out waiting for the condition on virtualmachineipaddresses/head-45bdb83d-vm-custom-ip&#xA;    &#xA;    {&#xA;        s: &#34;cannot patch VMIP \&#34;head-45bdb83d-vm-custom-ip\&#34; with unnassigned IP address\nerror: timed out waiting for the condition on virtualmachineipaddresses/head-45bdb83d-vm-custom-ip\n&#34;,&#xA;    }" type="failed">[FAILED] Timed out after 343.852s.&#xA;Expected success, but got an error:&#xA;    &lt;*errors.errorString | 0x1400006d7e0&gt;: &#xA;    cannot patch VMIP &#34;head-45bdb83d-vm-custom-ip&#34; with unnassigned IP address&#xA;    error: timed out waiting for the condition on virtualmachineipaddresses/head-45bdb83d-vm-custom-ip&#xA;    &#xA;    {&#xA;        s: &#34;cannot patch VMIP \&#34;head-45bdb83d-vm-custom-ip\&#34; with unnassigned IP address\nerror: timed out waiting for the condition on virtualmachineipaddresses/head-45bdb83d-vm-custom-ip\n&#34;,&#xA;    }&#xA;In [It] at: /Users/antont/ansible_deckhouse/virtualization-full/tests/e2e/complex_test.go:134 @ 10/08/25 22:09:02.209&#xA;</failure>
              <system-err>&gt; Enter [It] patches custom VMIP with unassigned address - /Users/antont/ansible_deckhouse/virtualization-full/tests/e2e/complex_test.go:130 @ 10/08/25 22:03:18.354&#xA;[FAILED] Timed out after 343.852s.&#xA;Expected success, but got an error:&#xA;    &lt;*errors.errorString | 0x1400006d7e0&gt;: &#xA;    cannot patch VMIP &#34;head-45bdb83d-vm-custom-ip&#34; with unnassigned IP address&#xA;    error: timed out waiting for the condition on virtualmachineipaddresses/head-45bdb83d-vm-custom-ip&#xA;    &#xA;    {&#xA;        s: &#34;cannot patch VMIP \&#34;head-45bdb83d-vm-custom-ip\&#34; with unnassigned IP address\nerror: timed out waiting for the condition on virtualmachineipaddresses/head-45bdb83d-vm-custom-ip\n&#34;,&#xA;    }&#xA;In [It] at: /Users/antont/ansible_deckhouse/virtualization-full/tests/e2e/complex_test.go:134 @ 10/08/25 22:09:02.209&#xA;&lt; Exit [It] patches custom VMIP with unassigned address - /Users/antont/ansible_deckhouse/virtualization-full/tests/e2e/complex_test.go:130 @ 10/08/25 22:09:02.209 (5m43.853s)&#xA;&gt; Enter [AfterEach] ComplexTest - /Users/antont/ansible_deckhouse/virtualization-full/tests/e2e/complex_test.go:45 @ 10/08/25 22:09:02.209&#xA;&lt; Exit [AfterEach] ComplexTest - /Users/antont/ansible_deckhouse/virtualization-full/tests/e2e/complex_test.go:45 @ 10/08/25 22:09:06.97 (4.761s)&#xA;</system-err>
          </testcase>
          <testcase name="[It] ComplexTest When virtual machines IP addresses are applied checks VMIPs phases [Serial]" classname="Tests" status="skipped" time="0">
              <skipped message="skipped - Spec skipped because an earlier spec in an ordered container failed"></skipped>
              <system-err>[SKIPPED] Spec skipped because an earlier spec in an ordered container failed&#xA;In [It] at: /Users/antont/ansible_deckhouse/virtualization-full/tests/e2e/complex_test.go:137 @ 10/08/25 22:09:06.97&#xA;</system-err>
          </testcase>
          <testcase name="[It] ComplexTest When virtual disks are applied checks VDs phases with consumers [Serial]" classname="Tests" status="skipped" time="0">
              <skipped message="skipped - Spec skipped because an earlier spec in an ordered container failed"></skipped>
              <system-err>[SKIPPED] Spec skipped because an earlier spec in an ordered container failed&#xA;In [It] at: /Users/antont/ansible_deckhouse/virtualization-full/tests/e2e/complex_test.go:148 @ 10/08/25 22:09:06.971&#xA;</system-err>
          </testcase>
          <testcase name="[It] ComplexTest When virtual disks are applied checks VDs phases with no consumers [Serial]" classname="Tests" status="skipped" time="0">
              <skipped message="skipped - Spec skipped because an earlier spec in an ordered container failed"></skipped>
              <system-err>[SKIPPED] Spec skipped because an earlier spec in an ordered container failed&#xA;In [It] at: /Users/antont/ansible_deckhouse/virtualization-full/tests/e2e/complex_test.go:158 @ 10/08/25 22:09:06.971&#xA;</system-err>
          </testcase>
          <testcase name="[It] ComplexTest When virtual machines are applied checks VMs phases [Serial]" classname="Tests" status="skipped" time="0">
              <skipped message="skipped - Spec skipped because an earlier spec in an ordered container failed"></skipped>
              <system-err>[SKIPPED] Spec skipped because an earlier spec in an ordered container failed&#xA;In [It] at: /Users/antont/ansible_deckhouse/virtualization-full/tests/e2e/complex_test.go:169 @ 10/08/25 22:09:06.971&#xA;</system-err>
          </testcase>
          <testcase name="[It] ComplexTest When virtual machine block device attachments are applied checks VMBDAs phases [Serial]" classname="Tests" status="skipped" time="0">
              <skipped message="skipped - Spec skipped because an earlier spec in an ordered container failed"></skipped>
              <system-err>[SKIPPED] Spec skipped because an earlier spec in an ordered container failed&#xA;In [It] at: /Users/antont/ansible_deckhouse/virtualization-full/tests/e2e/complex_test.go:180 @ 10/08/25 22:09:06.971&#xA;</system-err>
          </testcase>
          <testcase name="[It] ComplexTest External connection When Virtual machine agents are ready checks VMs external connectivity [Serial]" classname="Tests" status="skipped" time="0">
              <skipped message="skipped - Spec skipped because an earlier spec in an ordered container failed"></skipped>
              <system-err>[SKIPPED] Spec skipped because an earlier spec in an ordered container failed&#xA;In [It] at: /Users/antont/ansible_deckhouse/virtualization-full/tests/e2e/complex_test.go:192 @ 10/08/25 22:09:06.971&#xA;</system-err>
          </testcase>
          <testcase name="[It] ComplexTest Power state checks Verify that the virtual machines are stopping by VMOPs stops VMs by VMOPs [Serial]" classname="Tests" status="skipped" time="0">
              <skipped message="skipped - Spec skipped because an earlier spec in an ordered container failed"></skipped>
              <system-err>[SKIPPED] Spec skipped because an earlier spec in an ordered container failed&#xA;In [It] at: /Users/antont/ansible_deckhouse/virtualization-full/tests/e2e/complex_test.go:216 @ 10/08/25 22:09:06.971&#xA;</system-err>
          </testcase>
          <testcase name="[It] ComplexTest Power state checks Verify that the virtual machines are stopping by VMOPs checks VMOPs and VMs phases [Serial]" classname="Tests" status="skipped" time="0">
              <skipped message="skipped - Spec skipped because an earlier spec in an ordered container failed"></skipped>
              <system-err>[SKIPPED] Spec skipped because an earlier spec in an ordered container failed&#xA;In [It] at: /Users/antont/ansible_deckhouse/virtualization-full/tests/e2e/complex_test.go:240 @ 10/08/25 22:09:06.971&#xA;</system-err>
          </testcase>
          <testcase name="[It] ComplexTest Power state checks Verify that the virtual machines are stopping by VMOPs cleanup AlwaysOn VM VMOPs [Serial]" classname="Tests" status="skipped" time="0">
              <skipped message="skipped - Spec skipped because an earlier spec in an ordered container failed"></skipped>
              <system-err>[SKIPPED] Spec skipped because an earlier spec in an ordered container failed&#xA;In [It] at: /Users/antont/ansible_deckhouse/virtualization-full/tests/e2e/complex_test.go:263 @ 10/08/25 22:09:06.971&#xA;</system-err>
          </testcase>
          <testcase name="[It] ComplexTest Power state checks Verify that the virtual machines are starting starts VMs by VMOP [Serial]" classname="Tests" status="skipped" time="0">
              <skipped message="skipped - Spec skipped because an earlier spec in an ordered container failed"></skipped>
              <system-err>[SKIPPED] Spec skipped because an earlier spec in an ordered container failed&#xA;In [It] at: /Users/antont/ansible_deckhouse/virtualization-full/tests/e2e/complex_test.go:275 @ 10/08/25 22:09:06.971&#xA;</system-err>
          </testcase>
          <testcase name="[It] ComplexTest Power state checks Verify that the virtual machines are starting checks VMs and VMOPs phases [Serial]" classname="Tests" status="skipped" time="0">
              <skipped message="skipped - Spec skipped because an earlier spec in an ordered container failed"></skipped>
              <system-err>[SKIPPED] Spec skipped because an earlier spec in an ordered container failed&#xA;In [It] at: /Users/antont/ansible_deckhouse/virtualization-full/tests/e2e/complex_test.go:293 @ 10/08/25 22:09:06.971&#xA;</system-err>
          </testcase>
          <testcase name="[It] ComplexTest Power state checks Verify that the virtual machines are stopping by ssh stops VMs by ssh [Serial]" classname="Tests" status="skipped" time="0">
              <skipped message="skipped - Spec skipped because an earlier spec in an ordered container failed"></skipped>
              <system-err>[SKIPPED] Spec skipped because an earlier spec in an ordered container failed&#xA;In [It] at: /Users/antont/ansible_deckhouse/virtualization-full/tests/e2e/complex_test.go:310 @ 10/08/25 22:09:06.971&#xA;</system-err>
          </testcase>
          <testcase name="[It] ComplexTest Power state checks Verify that the virtual machines are stopping by ssh checks VMs phases [Serial]" classname="Tests" status="skipped" time="0">
              <skipped message="skipped - Spec skipped because an earlier spec in an ordered container failed"></skipped>
              <system-err>[SKIPPED] Spec skipped because an earlier spec in an ordered container failed&#xA;In [It] at: /Users/antont/ansible_deckhouse/virtualization-full/tests/e2e/complex_test.go:334 @ 10/08/25 22:09:06.971&#xA;</system-err>
          </testcase>
          <testcase name="[It] ComplexTest Power state checks Verify that the virtual machines are stopping by ssh start not AlwaysOn VMs [Serial]" classname="Tests" status="skipped" time="0">
              <skipped message="skipped - Spec skipped because an earlier spec in an ordered container failed"></skipped>
              <system-err>[SKIPPED] Spec skipped because an earlier spec in an ordered container failed&#xA;In [It] at: /Users/antont/ansible_deckhouse/virtualization-full/tests/e2e/complex_test.go:347 @ 10/08/25 22:09:06.971&#xA;</system-err>
          </testcase>
          <testcase name="[It] ComplexTest Power state checks Verify that the virtual machines are stopping by ssh checks VMs and VMOPs phases [Serial]" classname="Tests" status="skipped" time="0">
              <skipped message="skipped - Spec skipped because an earlier spec in an ordered container failed"></skipped>
              <system-err>[SKIPPED] Spec skipped because an earlier spec in an ordered container failed&#xA;In [It] at: /Users/antont/ansible_deckhouse/virtualization-full/tests/e2e/complex_test.go:351 @ 10/08/25 22:09:06.971&#xA;</system-err>
          </testcase>
          <testcase name="[It] ComplexTest Power state checks Verify that the virtual machines are restarting by VMOP reboot VMs by VMOP [Serial]" classname="Tests" status="skipped" time="0">
              <skipped message="skipped - Spec skipped because an earlier spec in an ordered container failed"></skipped>
              <system-err>[SKIPPED] Spec skipped because an earlier spec in an ordered container failed&#xA;In [It] at: /Users/antont/ansible_deckhouse/virtualization-full/tests/e2e/complex_test.go:368 @ 10/08/25 22:09:06.971&#xA;</system-err>
          </testcase>
          <testcase name="[It] ComplexTest Power state checks Verify that the virtual machines are restarting by VMOP checks VMs and VMOPs phases [Serial]" classname="Tests" status="skipped" time="0">
              <skipped message="skipped - Spec skipped because an earlier spec in an ordered container failed"></skipped>
              <system-err>[SKIPPED] Spec skipped because an earlier spec in an ordered container failed&#xA;In [It] at: /Users/antont/ansible_deckhouse/virtualization-full/tests/e2e/complex_test.go:381 @ 10/08/25 22:09:06.971&#xA;</system-err>
          </testcase>
          <testcase name="[It] ComplexTest Power state checks Verify that the virtual machines are restarting by ssh reboot VMs by ssh [Serial]" classname="Tests" status="skipped" time="0">
              <skipped message="skipped - Spec skipped because an earlier spec in an ordered container failed"></skipped>
              <system-err>[SKIPPED] Spec skipped because an earlier spec in an ordered container failed&#xA;In [It] at: /Users/antont/ansible_deckhouse/virtualization-full/tests/e2e/complex_test.go:398 @ 10/08/25 22:09:06.971&#xA;</system-err>
          </testcase>
          <testcase name="[It] ComplexTest Power state checks Verify that the virtual machines are restarting after deleting their pods reboots the VMs by deleting their pods [Serial]" classname="Tests" status="skipped" time="0">
              <skipped message="skipped - Spec skipped because an earlier spec in an ordered container failed"></skipped>
              <system-err>[SKIPPED] Spec skipped because an earlier spec in an ordered container failed&#xA;In [It] at: /Users/antont/ansible_deckhouse/virtualization-full/tests/e2e/complex_test.go:437 @ 10/08/25 22:09:06.971&#xA;</system-err>
          </testcase>
          <testcase name="[It] ComplexTest Power state checks Verify that the virtual machines are restarting after deleting their pods checks VMs external connection after reboot [Serial]" classname="Tests" status="skipped" time="0">
              <skipped message="skipped - Spec skipped because an earlier spec in an ordered container failed"></skipped>
              <system-err>[SKIPPED] Spec skipped because an earlier spec in an ordered container failed&#xA;In [It] at: /Users/antont/ansible_deckhouse/virtualization-full/tests/e2e/complex_test.go:472 @ 10/08/25 22:09:06.971&#xA;</system-err>
          </testcase>
          <testcase name="[It] ComplexTest Migrations When Virtual machine agents are ready starts migrations [Serial]" classname="Tests" status="skipped" time="0">
              <skipped message="skipped - Spec skipped because an earlier spec in an ordered container failed"></skipped>
              <system-err>[SKIPPED] Spec skipped because an earlier spec in an ordered container failed&#xA;In [It] at: /Users/antont/ansible_deckhouse/virtualization-full/tests/e2e/complex_test.go:490 @ 10/08/25 22:09:06.971&#xA;</system-err>
          </testcase>
          <testcase name="[It] ComplexTest Migrations When VMs migrations are applied checks VMs and VMOPs phases [Serial]" classname="Tests" status="skipped" time="0">
              <skipped message="skipped - Spec skipped because an earlier spec in an ordered container failed"></skipped>
              <system-err>[SKIPPED] Spec skipped because an earlier spec in an ordered container failed&#xA;In [It] at: /Users/antont/ansible_deckhouse/virtualization-full/tests/e2e/complex_test.go:505 @ 10/08/25 22:09:06.971&#xA;</system-err>
          </testcase>
          <testcase name="[It] ComplexTest Migrations When VMs migrations are applied checks VMs external connection after migrations [Serial]" classname="Tests" status="skipped" time="0">
              <skipped message="skipped - Spec skipped because an earlier spec in an ordered container failed"></skipped>
              <system-err>[SKIPPED] Spec skipped because an earlier spec in an ordered container failed&#xA;In [It] at: /Users/antont/ansible_deckhouse/virtualization-full/tests/e2e/complex_test.go:521 @ 10/08/25 22:09:06.971&#xA;</system-err>
          </testcase>
          <testcase name="[It] ComplexTest When test is completed deletes test case resources [Serial]" classname="Tests" status="skipped" time="0">
              <skipped message="skipped - Spec skipped because an earlier spec in an ordered container failed"></skipped>
              <system-err>[SKIPPED] Spec skipped because an earlier spec in an ordered container failed&#xA;In [It] at: /Users/antont/ansible_deckhouse/virtualization-full/tests/e2e/complex_test.go:538 @ 10/08/25 22:09:06.971&#xA;</system-err>
          </testcase>
          <testcase name="[It] IPAM vmip with type Auto Creates vmip with type Auto" classname="Tests" status="passed" time="3.307448709">
              <system-err>&gt; Enter [BeforeAll] IPAM - /Users/antont/ansible_deckhouse/virtualization-full/tests/e2e/ipam_test.go:50 @ 10/08/25 22:09:06.971&#xA;&lt; Exit [BeforeAll] IPAM - /Users/antont/ansible_deckhouse/virtualization-full/tests/e2e/ipam_test.go:50 @ 10/08/25 22:09:09.587 (2.616s)&#xA;&gt; Enter [BeforeEach] IPAM - /Users/antont/ansible_deckhouse/virtualization-full/tests/e2e/ipam_test.go:65 @ 10/08/25 22:09:09.587&#xA;&lt; Exit [BeforeEach] IPAM - /Users/antont/ansible_deckhouse/virtualization-full/tests/e2e/ipam_test.go:65 @ 10/08/25 22:09:09.587 (0s)&#xA;&gt; Enter [It] Creates vmip with type Auto - /Users/antont/ansible_deckhouse/virtualization-full/tests/e2e/ipam_test.go:80 @ 10/08/25 22:09:09.587&#xA;STEP: Create a vmip automatically and check its binding with a lease - /Users/antont/ansible_deckhouse/virtualization-full/tests/e2e/ipam_test.go:81 @ 10/08/25 22:09:09.587&#xA;STEP: Remove label from the lease - /Users/antont/ansible_deckhouse/virtualization-full/tests/e2e/ipam_test.go:87 @ 10/08/25 22:09:09.936&#xA;STEP: Wait for the label to be restored by the controller - /Users/antont/ansible_deckhouse/virtualization-full/tests/e2e/ipam_test.go:96 @ 10/08/25 22:09:10.051&#xA;&lt; Exit [It] Creates vmip with type Auto - /Users/antont/ansible_deckhouse/virtualization-full/tests/e2e/ipam_test.go:80 @ 10/08/25 22:09:10.279 (692ms)&#xA;&gt; Enter [AfterEach] IPAM - /Users/antont/ansible_deckhouse/virtualization-full/tests/e2e/ipam_test.go:157 @ 10/08/25 22:09:10.279&#xA;&lt; Exit [AfterEach] IPAM - /Users/antont/ansible_deckhouse/virtualization-full/tests/e2e/ipam_test.go:157 @ 10/08/25 22:09:10.279 (0s)&#xA;</system-err>
          </testcase>
          <testcase name="[It] IPAM vmip with type Static Creates vmip with type Static" classname="Tests" status="passed" time="1.7049050000000001">
              <system-err>&gt; Enter [BeforeEach] IPAM - /Users/antont/ansible_deckhouse/virtualization-full/tests/e2e/ipam_test.go:65 @ 10/08/25 22:09:10.279&#xA;&lt; Exit [BeforeEach] IPAM - /Users/antont/ansible_deckhouse/virtualization-full/tests/e2e/ipam_test.go:65 @ 10/08/25 22:09:10.279 (0s)&#xA;&gt; Enter [It] Creates vmip with type Static - /Users/antont/ansible_deckhouse/virtualization-full/tests/e2e/ipam_test.go:108 @ 10/08/25 22:09:10.279&#xA;STEP: Create an intermediate vmip automatically to allocate a new ip address - /Users/antont/ansible_deckhouse/virtualization-full/tests/e2e/ipam_test.go:109 @ 10/08/25 22:09:10.279&#xA;STEP: Delete the intermediate vmip automatically and check that the lease is released - /Users/antont/ansible_deckhouse/virtualization-full/tests/e2e/ipam_test.go:115 @ 10/08/25 22:09:10.638&#xA;STEP: Reuse the released lease with a static vmip - /Users/antont/ansible_deckhouse/virtualization-full/tests/e2e/ipam_test.go:124 @ 10/08/25 22:09:10.871&#xA;STEP: Delete the static vmip and lease, then create another static vmip with this ip address - /Users/antont/ansible_deckhouse/virtualization-full/tests/e2e/ipam_test.go:132 @ 10/08/25 22:09:11.336&#xA;&lt; Exit [It] Creates vmip with type Static - /Users/antont/ansible_deckhouse/virtualization-full/tests/e2e/ipam_test.go:108 @ 10/08/25 22:09:11.984 (1.705s)&#xA;&gt; Enter [AfterEach] IPAM - /Users/antont/ansible_deckhouse/virtualization-full/tests/e2e/ipam_test.go:157 @ 10/08/25 22:09:11.984&#xA;&lt; Exit [AfterEach] IPAM - /Users/antont/ansible_deckhouse/virtualization-full/tests/e2e/ipam_test.go:157 @ 10/08/25 22:09:11.984 (0s)&#xA;</system-err>
          </testcase>
          <testcase name="[It] VirtualDiskSnapshots When virtualization resources are applied: result should be succeeded" classname="Tests" status="failed" time="6.512590083">
              <failure message="immediate storage class cannot be nil; please set up the immediate storage class in the cluster&#xA;Expected&#xA;    &lt;*v1.StorageClass | 0x0&gt;: nil&#xA;not to be nil" type="failed">[FAILED] immediate storage class cannot be nil; please set up the immediate storage class in the cluster&#xA;Expected&#xA;    &lt;*v1.StorageClass | 0x0&gt;: nil&#xA;not to be nil&#xA;In [BeforeAll] at: /Users/antont/ansible_deckhouse/virtualization-full/tests/e2e/vd_snapshots_test.go:66 @ 10/08/25 22:09:13.519&#xA;</failure>
              <system-err>&gt; Enter [BeforeAll] VirtualDiskSnapshots - /Users/antont/ansible_deckhouse/virtualization-full/tests/e2e/vd_snapshots_test.go:54 @ 10/08/25 22:09:11.985&#xA;[FAILED] immediate storage class cannot be nil; please set up the immediate storage class in the cluster&#xA;Expected&#xA;    &lt;*v1.StorageClass | 0x0&gt;: nil&#xA;not to be nil&#xA;In [BeforeAll] at: /Users/antont/ansible_deckhouse/virtualization-full/tests/e2e/vd_snapshots_test.go:66 @ 10/08/25 22:09:13.519&#xA;&lt; Exit [BeforeAll] VirtualDiskSnapshots - /Users/antont/ansible_deckhouse/virtualization-full/tests/e2e/vd_snapshots_test.go:54 @ 10/08/25 22:09:13.519 (1.534s)&#xA;&gt; Enter [AfterEach] VirtualDiskSnapshots - /Users/antont/ansible_deckhouse/virtualization-full/tests/e2e/vd_snapshots_test.go:78 @ 10/08/25 22:09:13.519&#xA;&lt; Exit [AfterEach] VirtualDiskSnapshots - /Users/antont/ansible_deckhouse/virtualization-full/tests/e2e/vd_snapshots_test.go:78 @ 10/08/25 22:09:18.497 (4.978s)&#xA;</system-err>
          </testcase>
          <testcase name="[It] VirtualDiskSnapshots When virtual images are applied: checks VIs phases" classname="Tests" status="skipped" time="0">
              <skipped message="skipped - Spec skipped because an earlier spec in an ordered container failed"></skipped>
              <system-err>[SKIPPED] Spec skipped because an earlier spec in an ordered container failed&#xA;In [It] at: /Users/antont/ansible_deckhouse/virtualization-full/tests/e2e/vd_snapshots_test.go:95 @ 10/08/25 22:09:18.497&#xA;</system-err>
          </testcase>
          <testcase name="[It] VirtualDiskSnapshots When virtual disks are applied: checks VDs phases" classname="Tests" status="skipped" time="0">
              <skipped message="skipped - Spec skipped because an earlier spec in an ordered container failed"></skipped>
              <system-err>[SKIPPED] Spec skipped because an earlier spec in an ordered container failed&#xA;In [It] at: /Users/antont/ansible_deckhouse/virtualization-full/tests/e2e/vd_snapshots_test.go:106 @ 10/08/25 22:09:18.497&#xA;</system-err>
          </testcase>
          <testcase name="[It] VirtualDiskSnapshots When virtual machines are applied: checks VMs phases" classname="Tests" status="skipped" time="0">
              <skipped message="skipped - Spec skipped because an earlier spec in an ordered container failed"></skipped>
              <system-err>[SKIPPED] Spec skipped because an earlier spec in an ordered container failed&#xA;In [It] at: /Users/antont/ansible_deckhouse/virtualization-full/tests/e2e/vd_snapshots_test.go:117 @ 10/08/25 22:09:18.497&#xA;</system-err>
          </testcase>
          <testcase name="[It] VirtualDiskSnapshots When virtual machine block device attachments are applied: checks VMBDAs phases" classname="Tests" status="skipped" time="0">
              <skipped message="skipped - Spec skipped because an earlier spec in an ordered container failed"></skipped>
              <system-err>[SKIPPED] Spec skipped because an earlier spec in an ordered container failed&#xA;In [It] at: /Users/antont/ansible_deckhouse/virtualization-full/tests/e2e/vd_snapshots_test.go:128 @ 10/08/25 22:09:18.498&#xA;</system-err>
          </testcase>
          <testcase name="[It] VirtualDiskSnapshots When unattached VDs in phase Ready: creates VDs snapshots with `requiredConsistency`" classname="Tests" status="skipped" time="0">
              <skipped message="skipped - Spec skipped because an earlier spec in an ordered container failed"></skipped>
              <system-err>[SKIPPED] Spec skipped because an earlier spec in an ordered container failed&#xA;In [It] at: /Users/antont/ansible_deckhouse/virtualization-full/tests/e2e/vd_snapshots_test.go:139 @ 10/08/25 22:09:18.498&#xA;</system-err>
          </testcase>
          <testcase name="[It] VirtualDiskSnapshots When unattached VDs in phase Ready: checks snapshots of unattached VDs" classname="Tests" status="skipped" time="0">
              <skipped message="skipped - Spec skipped because an earlier spec in an ordered container failed"></skipped>
              <system-err>[SKIPPED] Spec skipped because an earlier spec in an ordered container failed&#xA;In [It] at: /Users/antont/ansible_deckhouse/virtualization-full/tests/e2e/vd_snapshots_test.go:159 @ 10/08/25 22:09:18.498&#xA;</system-err>
          </testcase>
          <testcase name="[It] VirtualDiskSnapshots When virtual machines in Running phase creates snapshots with `requiredConsistency` of attached VDs" classname="Tests" status="skipped" time="0">
              <skipped message="skipped - Spec skipped because an earlier spec in an ordered container failed"></skipped>
              <system-err>[SKIPPED] Spec skipped because an earlier spec in an ordered container failed&#xA;In [It] at: /Users/antont/ansible_deckhouse/virtualization-full/tests/e2e/vd_snapshots_test.go:180 @ 10/08/25 22:09:18.498&#xA;</system-err>
          </testcase>
          <testcase name="[It] VirtualDiskSnapshots When virtual machines in Running phase creates `vdSnapshots` concurrently" classname="Tests" status="skipped" time="0">
              <skipped message="skipped - Spec skipped because an earlier spec in an ordered container failed"></skipped>
              <system-err>[SKIPPED] Spec skipped because an earlier spec in an ordered container failed&#xA;In [It] at: /Users/antont/ansible_deckhouse/virtualization-full/tests/e2e/vd_snapshots_test.go:224 @ 10/08/25 22:09:18.498&#xA;</system-err>
          </testcase>
          <testcase name="[It] VirtualDiskSnapshots When virtual machines in Running phase checks snapshots" classname="Tests" status="skipped" time="0">
              <skipped message="skipped - Spec skipped because an earlier spec in an ordered container failed"></skipped>
              <system-err>[SKIPPED] Spec skipped because an earlier spec in an ordered container failed&#xA;In [It] at: /Users/antont/ansible_deckhouse/virtualization-full/tests/e2e/vd_snapshots_test.go:285 @ 10/08/25 22:09:18.498&#xA;</system-err>
          </testcase>
          <testcase name="[It] VirtualDiskSnapshots When virtual machines in Running phase checks `FileSystemFrozen` status of VMs" classname="Tests" status="skipped" time="0">
              <skipped message="skipped - Spec skipped because an earlier spec in an ordered container failed"></skipped>
              <system-err>[SKIPPED] Spec skipped because an earlier spec in an ordered container failed&#xA;In [It] at: /Users/antont/ansible_deckhouse/virtualization-full/tests/e2e/vd_snapshots_test.go:331 @ 10/08/25 22:09:18.498&#xA;</system-err>
          </testcase>
          <testcase name="[It] VirtualDiskSnapshots When test is completed deletes test case resources" classname="Tests" status="skipped" time="0">
              <skipped message="skipped - Spec skipped because an earlier spec in an ordered container failed"></skipped>
              <system-err>[SKIPPED] Spec skipped because an earlier spec in an ordered container failed&#xA;In [It] at: /Users/antont/ansible_deckhouse/virtualization-full/tests/e2e/vd_snapshots_test.go:357 @ 10/08/25 22:09:18.498&#xA;</system-err>
          </testcase>
          <testcase name="[It] VirtualMachineConfiguration 1 When resources are applied result should be succeeded" classname="Tests" status="passed" time="6.159065958">
              <system-err>&gt; Enter [BeforeAll] VirtualMachineConfiguration 1 - /Users/antont/ansible_deckhouse/virtualization-full/tests/e2e/vm_configuration_test.go:49 @ 10/08/25 22:09:18.498&#xA;&lt; Exit [BeforeAll] VirtualMachineConfiguration 1 - /Users/antont/ansible_deckhouse/virtualization-full/tests/e2e/vm_configuration_test.go:49 @ 10/08/25 22:09:20.023 (1.525s)&#xA;&gt; Enter [It] result should be succeeded - /Users/antont/ansible_deckhouse/virtualization-full/tests/e2e/vm_configuration_test.go:65 @ 10/08/25 22:09:20.023&#xA;&lt; Exit [It] result should be succeeded - /Users/antont/ansible_deckhouse/virtualization-full/tests/e2e/vm_configuration_test.go:65 @ 10/08/25 22:09:24.657 (4.634s)&#xA;&gt; Enter [AfterEach] VirtualMachineConfiguration 1 - /Users/antont/ansible_deckhouse/virtualization-full/tests/e2e/vm_configuration_test.go:58 @ 10/08/25 22:09:24.657&#xA;&lt; Exit [AfterEach] VirtualMachineConfiguration 1 - /Users/antont/ansible_deckhouse/virtualization-full/tests/e2e/vm_configuration_test.go:58 @ 10/08/25 22:09:24.657 (0s)&#xA;</system-err>
          </testcase>
          <testcase name="[It] VirtualMachineConfiguration 1 When virtual images are applied checks VIs phases" classname="Tests" status="passed" time="4.150826333">
              <system-err>&gt; Enter [It] checks VIs phases - /Users/antont/ansible_deckhouse/virtualization-full/tests/e2e/vm_configuration_test.go:88 @ 10/08/25 22:09:24.657&#xA;STEP: VIs should be in Ready phases - /Users/antont/ansible_deckhouse/virtualization-full/tests/e2e/vm_configuration_test.go:89 @ 10/08/25 22:09:24.657&#xA;&lt; Exit [It] checks VIs phases - /Users/antont/ansible_deckhouse/virtualization-full/tests/e2e/vm_configuration_test.go:88 @ 10/08/25 22:09:28.808 (4.151s)&#xA;&gt; Enter [AfterEach] VirtualMachineConfiguration 1 - /Users/antont/ansible_deckhouse/virtualization-full/tests/e2e/vm_configuration_test.go:58 @ 10/08/25 22:09:28.808&#xA;&lt; Exit [AfterEach] VirtualMachineConfiguration 1 - /Users/antont/ansible_deckhouse/virtualization-full/tests/e2e/vm_configuration_test.go:58 @ 10/08/25 22:09:28.808 (0s)&#xA;</system-err>
          </testcase>
          <testcase name="[It] VirtualMachineConfiguration 1 When virtual disks are applied should be in Ready phase" classname="Tests" status="failed" time="1001.689512042">
              <failure message="Expected&#xA;    &lt;[]string | len:2, cap:4&gt;: [&#xA;        &#34;cmd: kubectl wait virtualdisks.virtualization.deckhouse.io head-45bdb83d-vd-root-manual-conf --namespace head-45bdb83d-end-to-end-vm-configuration --for=&#39;jsonpath={.status.phase}=Ready&#39; --timeout=16m40s\nstderr: error: timed out waiting for the condition on virtualdisks/head-45bdb83d-vd-root-manual-conf\n&#34;,&#xA;        &#34;cmd: kubectl wait virtualdisks.virtualization.deckhouse.io head-45bdb83d-vd-root-automatic-conf --namespace head-45bdb83d-end-to-end-vm-configuration --for=&#39;jsonpath={.status.phase}=Ready&#39; --timeout=16m40s\nstderr: error: timed out waiting for the condition on virtualdisks/head-45bdb83d-vd-root-automatic-conf\n&#34;,&#xA;    ]&#xA;to be empty" type="failed">[FAILED] Expected&#xA;    &lt;[]string | len:2, cap:4&gt;: [&#xA;        &#34;cmd: kubectl wait virtualdisks.virtualization.deckhouse.io head-45bdb83d-vd-root-manual-conf --namespace head-45bdb83d-end-to-end-vm-configuration --for=&#39;jsonpath={.status.phase}=Ready&#39; --timeout=16m40s\nstderr: error: timed out waiting for the condition on virtualdisks/head-45bdb83d-vd-root-manual-conf\n&#34;,&#xA;        &#34;cmd: kubectl wait virtualdisks.virtualization.deckhouse.io head-45bdb83d-vd-root-automatic-conf --namespace head-45bdb83d-end-to-end-vm-configuration --for=&#39;jsonpath={.status.phase}=Ready&#39; --timeout=16m40s\nstderr: error: timed out waiting for the condition on virtualdisks/head-45bdb83d-vd-root-automatic-conf\n&#34;,&#xA;    ]&#xA;to be empty&#xA;In [It] at: /Users/antont/ansible_deckhouse/virtualization-full/tests/e2e/vm_configuration_test.go:100 @ 10/08/25 22:26:10.456&#xA;</failure>
              <system-err>&gt; Enter [It] should be in Ready phase - /Users/antont/ansible_deckhouse/virtualization-full/tests/e2e/vm_configuration_test.go:99 @ 10/08/25 22:09:28.809&#xA;[FAILED] Expected&#xA;    &lt;[]string | len:2, cap:4&gt;: [&#xA;        &#34;cmd: kubectl wait virtualdisks.virtualization.deckhouse.io head-45bdb83d-vd-root-manual-conf --namespace head-45bdb83d-end-to-end-vm-configuration --for=&#39;jsonpath={.status.phase}=Ready&#39; --timeout=16m40s\nstderr: error: timed out waiting for the condition on virtualdisks/head-45bdb83d-vd-root-manual-conf\n&#34;,&#xA;        &#34;cmd: kubectl wait virtualdisks.virtualization.deckhouse.io head-45bdb83d-vd-root-automatic-conf --namespace head-45bdb83d-end-to-end-vm-configuration --for=&#39;jsonpath={.status.phase}=Ready&#39; --timeout=16m40s\nstderr: error: timed out waiting for the condition on virtualdisks/head-45bdb83d-vd-root-automatic-conf\n&#34;,&#xA;    ]&#xA;to be empty&#xA;In [It] at: /Users/antont/ansible_deckhouse/virtualization-full/tests/e2e/vm_configuration_test.go:100 @ 10/08/25 22:26:10.456&#xA;&lt; Exit [It] should be in Ready phase - /Users/antont/ansible_deckhouse/virtualization-full/tests/e2e/vm_configuration_test.go:99 @ 10/08/25 22:26:10.456 (16m41.64s)&#xA;&gt; Enter [AfterEach] VirtualMachineConfiguration 1 - /Users/antont/ansible_deckhouse/virtualization-full/tests/e2e/vm_configuration_test.go:58 @ 10/08/25 22:26:10.456&#xA;Get resources error:&#xA;cmd: kubectl get virtualization,intvirt,po,volumesnapshot -A -o yaml -l &#39;testcase=vm-configuration&#39;&#xA;error: exit status 1&#xA;stderr: E1008 22:26:10.492406   54913 memcache.go:265] &#34;Unhandled Error&#34; err=&#34;couldn&#39;t get current server API group list: Get \&#34;http://localhost:8080/api?timeout=32s\&#34;: dial tcp [::1]:8080: connect: connection refused&#34;&#xA;E1008 22:26:10.493923   54913 memcache.go:265] &#34;Unhandled Error&#34; err=&#34;couldn&#39;t get current server API group list: Get \&#34;http://localhost:8080/api?timeout=32s\&#34;: dial tcp [::1]:8080: connect: connection refused&#34;&#xA;E1008 22:26:10.495403   54913 memcache.go:265] &#34;Unhandled Error&#34; err=&#34;couldn&#39;t get current server API group list: Get \&#34;http://localhost:8080/api?timeout=32s\&#34;: dial tcp [::1]:8080: connect: connection refused&#34;&#xA;E1008 22:26:10.496903   54913 memcache.go:265] &#34;Unhandled Error&#34; err=&#34;couldn&#39;t get current server API group list: Get \&#34;http://localhost:8080/api?timeout=32s\&#34;: dial tcp [::1]:8080: connect: connection refused&#34;&#xA;E1008 22:26:10.498415   54913 memcache.go:265] &#34;Unhandled Error&#34; err=&#34;couldn&#39;t get current server API group list: Get \&#34;http://localhost:8080/api?timeout=32s\&#34;: dial tcp [::1]:8080: connect: connection refused&#34;&#xA;E1008 22:26:10.499859   54913 memcache.go:265] &#34;Unhandled Error&#34; err=&#34;couldn&#39;t get current server API group list: Get \&#34;http://localhost:8080/api?timeout=32s\&#34;: dial tcp [::1]:8080: connect: connection refused&#34;&#xA;E1008 22:26:10.501282   54913 memcache.go:265] &#34;Unhandled Error&#34; err=&#34;couldn&#39;t get current server API group list: Get \&#34;http://localhost:8080/api?timeout=32s\&#34;: dial tcp [::1]:8080: connect: connection refused&#34;&#xA;E1008 22:26:10.502750   54913 memcache.go:265] &#34;Unhandled Error&#34; err=&#34;couldn&#39;t get current server API group list: Get \&#34;http://localhost:8080/api?timeout=32s\&#34;: dial tcp [::1]:8080: connect: connection refused&#34;&#xA;The connection to the server localhost:8080 was refused - did you specify the right host or port?&#xA;&#xA;&#xA;&lt; Exit [AfterEach] VirtualMachineConfiguration 1 - /Users/antont/ansible_deckhouse/virtualization-full/tests/e2e/vm_configuration_test.go:58 @ 10/08/25 22:26:10.505 (49ms)&#xA;</system-err>
          </testcase>
          <testcase name="[It] VirtualMachineConfiguration 1 When virtual machines are applied should be ready" classname="Tests" status="skipped" time="0">
              <skipped message="skipped - Spec skipped because an earlier spec in an ordered container failed"></skipped>
              <system-err>[SKIPPED] Spec skipped because an earlier spec in an ordered container failed&#xA;In [It] at: /Users/antont/ansible_deckhouse/virtualization-full/tests/e2e/vm_configuration_test.go:109 @ 10/08/25 22:26:10.505&#xA;</system-err>
          </testcase>
          <testcase name="[It] VirtualMachineConfiguration 1 Manual restart approval mode 1 When virtual machine agents are ready changes the number of processor cores" classname="Tests" status="skipped" time="0">
              <skipped message="skipped - Spec skipped because an earlier spec in an ordered container failed"></skipped>
              <system-err>[SKIPPED] Spec skipped because an earlier spec in an ordered container failed&#xA;In [It] at: /Users/antont/ansible_deckhouse/virtualization-full/tests/e2e/vm_configuration_test.go:123 @ 10/08/25 22:26:10.505&#xA;</system-err>
          </testcase>
          <testcase name="[It] VirtualMachineConfiguration 1 Manual restart approval mode 1 When virtual machine is patched checks the number of processor cores in specification" classname="Tests" status="skipped" time="0">
              <skipped message="skipped - Spec skipped because an earlier spec in an ordered container failed"></skipped>
              <system-err>[SKIPPED] Spec skipped because an earlier spec in an ordered container failed&#xA;In [It] at: /Users/antont/ansible_deckhouse/virtualization-full/tests/e2e/vm_configuration_test.go:147 @ 10/08/25 22:26:10.505&#xA;</system-err>
          </testcase>
          <testcase name="[It] VirtualMachineConfiguration 1 Manual restart approval mode 1 When virtual machine is restarted should be ready" classname="Tests" status="skipped" time="0">
              <skipped message="skipped - Spec skipped because an earlier spec in an ordered container failed"></skipped>
              <system-err>[SKIPPED] Spec skipped because an earlier spec in an ordered container failed&#xA;In [It] at: /Users/antont/ansible_deckhouse/virtualization-full/tests/e2e/vm_configuration_test.go:161 @ 10/08/25 22:26:10.505&#xA;</system-err>
          </testcase>
          <testcase name="[It] VirtualMachineConfiguration 1 Manual restart approval mode 1 When virtual machine agents are ready checks that the number of processor cores was changed" classname="Tests" status="skipped" time="0">
              <skipped message="skipped - Spec skipped because an earlier spec in an ordered container failed"></skipped>
              <system-err>[SKIPPED] Spec skipped because an earlier spec in an ordered container failed&#xA;In [It] at: /Users/antont/ansible_deckhouse/virtualization-full/tests/e2e/vm_configuration_test.go:183 @ 10/08/25 22:26:10.505&#xA;</system-err>
          </testcase>
          <testcase name="[It] VirtualMachineConfiguration 1 Automatic restart approval mode 1 When virtual machine is in Running phase changes the number of processor cores" classname="Tests" status="skipped" time="0">
              <skipped message="skipped - Spec skipped because an earlier spec in an ordered container failed"></skipped>
              <system-err>[SKIPPED] Spec skipped because an earlier spec in an ordered container failed&#xA;In [It] at: /Users/antont/ansible_deckhouse/virtualization-full/tests/e2e/vm_configuration_test.go:202 @ 10/08/25 22:26:10.505&#xA;</system-err>
          </testcase>
          <testcase name="[It] VirtualMachineConfiguration 1 Automatic restart approval mode 1 When virtual machine is patched checks the number of processor cores in specification" classname="Tests" status="skipped" time="0">
              <skipped message="skipped - Spec skipped because an earlier spec in an ordered container failed"></skipped>
              <system-err>[SKIPPED] Spec skipped because an earlier spec in an ordered container failed&#xA;In [It] at: /Users/antont/ansible_deckhouse/virtualization-full/tests/e2e/vm_configuration_test.go:226 @ 10/08/25 22:26:10.505&#xA;</system-err>
          </testcase>
          <testcase name="[It] VirtualMachineConfiguration 1 Automatic restart approval mode 1 When virtual machine is restarted should be ready" classname="Tests" status="skipped" time="0">
              <skipped message="skipped - Spec skipped because an earlier spec in an ordered container failed"></skipped>
              <system-err>[SKIPPED] Spec skipped because an earlier spec in an ordered container failed&#xA;In [It] at: /Users/antont/ansible_deckhouse/virtualization-full/tests/e2e/vm_configuration_test.go:240 @ 10/08/25 22:26:10.505&#xA;</system-err>
          </testcase>
          <testcase name="[It] VirtualMachineConfiguration 1 Automatic restart approval mode 1 When virtual machine agents are ready checks that the number of processor cores was changed" classname="Tests" status="skipped" time="0">
              <skipped message="skipped - Spec skipped because an earlier spec in an ordered container failed"></skipped>
              <system-err>[SKIPPED] Spec skipped because an earlier spec in an ordered container failed&#xA;In [It] at: /Users/antont/ansible_deckhouse/virtualization-full/tests/e2e/vm_configuration_test.go:250 @ 10/08/25 22:26:10.505&#xA;</system-err>
          </testcase>
          <testcase name="[It] VirtualMachineConfiguration 1 When test is completed deletes test case resources" classname="Tests" status="skipped" time="0">
              <skipped message="skipped - Spec skipped because an earlier spec in an ordered container failed"></skipped>
              <system-err>[SKIPPED] Spec skipped because an earlier spec in an ordered container failed&#xA;In [It] at: /Users/antont/ansible_deckhouse/virtualization-full/tests/e2e/vm_configuration_test.go:265 @ 10/08/25 22:26:10.505&#xA;</system-err>
          </testcase>
          <testcase name="[It] VirtualMachineRestoreForce When the virtualization resources are applied result should be succeeded [SIG-Restoration]" classname="Tests" status="failed" time="0.072495292">
              <failure message="kubectl create namespace head-45bdb83d-end-to-end-vm-restore-force&#xA;Unexpected error:&#xA;    &lt;*exec.ExitError | 0x140007165e0&gt;: &#xA;    exit status 1&#xA;    {&#xA;        ProcessState: {&#xA;            pid: 54914,&#xA;            status: 256,&#xA;            rusage: {&#xA;                Utime: {&#xA;                    Sec: 0,&#xA;                    Usec: 23659,&#xA;                    Pad_cgo_0: [0, 0, 0, 0],&#xA;                },&#xA;                Stime: {&#xA;                    Sec: 0,&#xA;                    Usec: 8718,&#xA;                    Pad_cgo_0: [0, 0, 0, 0],&#xA;                },&#xA;                Maxrss: 44449792,&#xA;                Ixrss: 0,&#xA;                Idrss: 0,&#xA;                Isrss: 0,&#xA;                Minflt: 3521,&#xA;                Majflt: 3,&#xA;                Nswap: 0,&#xA;                Inblock: 0,&#xA;                Oublock: 0,&#xA;                Msgsnd: 9,&#xA;                Msgrcv: 9,&#xA;                Nsignals: 54,&#xA;                Nvcsw: 48,&#xA;                Nivcsw: 443,&#xA;            },&#xA;        },&#xA;        Stderr: nil,&#xA;    }&#xA;occurred" type="failed">[FAILED] kubectl create namespace head-45bdb83d-end-to-end-vm-restore-force&#xA;Unexpected error:&#xA;    &lt;*exec.ExitError | 0x140007165e0&gt;: &#xA;    exit status 1&#xA;    {&#xA;        ProcessState: {&#xA;            pid: 54914,&#xA;            status: 256,&#xA;            rusage: {&#xA;                Utime: {&#xA;                    Sec: 0,&#xA;                    Usec: 23659,&#xA;                    Pad_cgo_0: [0, 0, 0, 0],&#xA;                },&#xA;                Stime: {&#xA;                    Sec: 0,&#xA;                    Usec: 8718,&#xA;                    Pad_cgo_0: [0, 0, 0, 0],&#xA;                },&#xA;                Maxrss: 44449792,&#xA;                Ixrss: 0,&#xA;                Idrss: 0,&#xA;                Isrss: 0,&#xA;                Minflt: 3521,&#xA;                Majflt: 3,&#xA;                Nswap: 0,&#xA;                Inblock: 0,&#xA;                Oublock: 0,&#xA;                Msgsnd: 9,&#xA;                Msgrcv: 9,&#xA;                Nsignals: 54,&#xA;                Nvcsw: 48,&#xA;                Nivcsw: 443,&#xA;            },&#xA;        },&#xA;        Stderr: nil,&#xA;    }&#xA;occurred&#xA;In [BeforeAll] at: /Users/antont/ansible_deckhouse/virtualization-full/tests/e2e/vm_restore_force_test.go:61 @ 10/08/25 22:26:10.536&#xA;&#xA;There were additional failures detected after the initial failure. These are visible in the timeline&#xA;</failure>
              <system-err>&gt; Enter [BeforeAll] VirtualMachineRestoreForce - /Users/antont/ansible_deckhouse/virtualization-full/tests/e2e/vm_restore_force_test.go:55 @ 10/08/25 22:26:10.505&#xA;[FAILED] kubectl create namespace head-45bdb83d-end-to-end-vm-restore-force&#xA;Unexpected error:&#xA;    &lt;*exec.ExitError | 0x140007165e0&gt;: &#xA;    exit status 1&#xA;    {&#xA;        ProcessState: {&#xA;            pid: 54914,&#xA;            status: 256,&#xA;            rusage: {&#xA;                Utime: {&#xA;                    Sec: 0,&#xA;                    Usec: 23659,&#xA;                    Pad_cgo_0: [0, 0, 0, 0],&#xA;                },&#xA;                Stime: {&#xA;                    Sec: 0,&#xA;                    Usec: 8718,&#xA;                    Pad_cgo_0: [0, 0, 0, 0],&#xA;                },&#xA;                Maxrss: 44449792,&#xA;                Ixrss: 0,&#xA;                Idrss: 0,&#xA;                Isrss: 0,&#xA;                Minflt: 3521,&#xA;                Majflt: 3,&#xA;                Nswap: 0,&#xA;                Inblock: 0,&#xA;                Oublock: 0,&#xA;                Msgsnd: 9,&#xA;                Msgrcv: 9,&#xA;                Nsignals: 54,&#xA;                Nvcsw: 48,&#xA;                Nivcsw: 443,&#xA;            },&#xA;        },&#xA;        Stderr: nil,&#xA;    }&#xA;occurred&#xA;In [BeforeAll] at: /Users/antont/ansible_deckhouse/virtualization-full/tests/e2e/vm_restore_force_test.go:61 @ 10/08/25 22:26:10.536&#xA;&lt; Exit [BeforeAll] VirtualMachineRestoreForce - /Users/antont/ansible_deckhouse/virtualization-full/tests/e2e/vm_restore_force_test.go:55 @ 10/08/25 22:26:10.536 (31ms)&#xA;&gt; Enter [AfterEach] VirtualMachineRestoreForce - /Users/antont/ansible_deckhouse/virtualization-full/tests/e2e/vm_restore_force_test.go:71 @ 10/08/25 22:26:10.536&#xA;Get resources error:&#xA;cmd: kubectl get virtualization,intvirt,po,volumesnapshot -A -o yaml -l &#39;testcase=vm-restore-force&#39;&#xA;error: exit status 1&#xA;stderr: E1008 22:26:10.565025   54915 memcache.go:265] &#34;Unhandled Error&#34; err=&#34;couldn&#39;t get current server API group list: Get \&#34;http://localhost:8080/api?timeout=32s\&#34;: dial tcp [::1]:8080: connect: connection refused&#34;&#xA;E1008 22:26:10.566536   54915 memcache.go:265] &#34;Unhandled Error&#34; err=&#34;couldn&#39;t get current server API group list: Get \&#34;http://localhost:8080/api?timeout=32s\&#34;: dial tcp [::1]:8080: connect: connection refused&#34;&#xA;E1008 22:26:10.568354   54915 memcache.go:265] &#34;Unhandled Error&#34; err=&#34;couldn&#39;t get current server API group list: Get \&#34;http://localhost:8080/api?timeout=32s\&#34;: dial tcp [::1]:8080: connect: connection refused&#34;&#xA;E1008 22:26:10.569832   54915 memcache.go:265] &#34;Unhandled Error&#34; err=&#34;couldn&#39;t get current server API group list: Get \&#34;http://localhost:8080/api?timeout=32s\&#34;: dial tcp [::1]:8080: connect: connection refused&#34;&#xA;E1008 22:26:10.571398   54915 memcache.go:265] &#34;Unhandled Error&#34; err=&#34;couldn&#39;t get current server API group list: Get \&#34;http://localhost:8080/api?timeout=32s\&#34;: dial tcp [::1]:8080: connect: connection refused&#34;&#xA;E1008 22:26:10.572876   54915 memcache.go:265] &#34;Unhandled Error&#34; err=&#34;couldn&#39;t get current server API group list: Get \&#34;http://localhost:8080/api?timeout=32s\&#34;: dial tcp [::1]:8080: connect: connection refused&#34;&#xA;E1008 22:26:10.574387   54915 memcache.go:265] &#34;Unhandled Error&#34; err=&#34;couldn&#39;t get current server API group list: Get \&#34;http://localhost:8080/api?timeout=32s\&#34;: dial tcp [::1]:8080: connect: connection refused&#34;&#xA;E1008 22:26:10.575824   54915 memcache.go:265] &#34;Unhandled Error&#34; err=&#34;couldn&#39;t get current server API group list: Get \&#34;http://localhost:8080/api?timeout=32s\&#34;: dial tcp [::1]:8080: connect: connection refused&#34;&#xA;The connection to the server localhost:8080 was refused - did you specify the right host or port?&#xA;&#xA;&#xA;[PANICKED] Test Panicked&#xA;In [AfterEach] at: /opt/homebrew/Cellar/go/1.25.1/libexec/src/runtime/panic.go:262 @ 10/08/25 22:26:10.578&#xA;&#xA;runtime error: invalid memory address or nil pointer dereference&#xA;&#xA;Full Stack Trace&#xA;  github.com/deckhouse/virtualization/tests/e2e.init.func21.3()&#xA;  &#x9;/Users/antont/ansible_deckhouse/virtualization-full/tests/e2e/vm_restore_force_test.go:76 +0xd4&#xA;&lt; Exit [AfterEach] VirtualMachineRestoreForce - /Users/antont/ansible_deckhouse/virtualization-full/tests/e2e/vm_restore_force_test.go:71 @ 10/08/25 22:26:10.578 (42ms)&#xA;</system-err>
          </testcase>
          <testcase name="[It] VirtualMachineRestoreForce When the virtualization resources are applied checks the resources phase [SIG-Restoration]" classname="Tests" status="skipped" time="0">
              <skipped message="skipped - Spec skipped because an earlier spec in an ordered container failed"></skipped>
              <system-err>[SKIPPED] Spec skipped because an earlier spec in an ordered container failed&#xA;In [It] at: /Users/antont/ansible_deckhouse/virtualization-full/tests/e2e/vm_restore_force_test.go:111 @ 10/08/25 22:26:10.578&#xA;</system-err>
          </testcase>
          <testcase name="[It] VirtualMachineRestoreForce When the virtualization resources are applied add additional interface to virtual machines [SIG-Restoration]" classname="Tests" status="skipped" time="0">
              <skipped message="skipped - Spec skipped because an earlier spec in an ordered container failed"></skipped>
              <system-err>[SKIPPED] Spec skipped because an earlier spec in an ordered container failed&#xA;In [It] at: /Users/antont/ansible_deckhouse/virtualization-full/tests/e2e/vm_restore_force_test.go:131 @ 10/08/25 22:26:10.578&#xA;</system-err>
          </testcase>
          <testcase name="[It] VirtualMachineRestoreForce When the resources are ready to use restore the `VirtualMachines` with `forced` mode [SIG-Restoration]" classname="Tests" status="skipped" time="0">
              <skipped message="skipped - Spec skipped because an earlier spec in an ordered container failed"></skipped>
              <system-err>[SKIPPED] Spec skipped because an earlier spec in an ordered container failed&#xA;In [It] at: /Users/antont/ansible_deckhouse/virtualization-full/tests/e2e/vm_restore_force_test.go:177 @ 10/08/25 22:26:10.578&#xA;</system-err>
          </testcase>
          <testcase name="[It] VirtualMachineRestoreForce When the resources are ready to use check the .status.networks of each VM after restore [SIG-Restoration]" classname="Tests" status="skipped" time="0">
              <skipped message="skipped - Spec skipped because an earlier spec in an ordered container failed"></skipped>
              <system-err>[SKIPPED] Spec skipped because an earlier spec in an ordered container failed&#xA;In [It] at: /Users/antont/ansible_deckhouse/virtualization-full/tests/e2e/vm_restore_force_test.go:341 @ 10/08/25 22:26:10.578&#xA;</system-err>
          </testcase>
          <testcase name="[It] VirtualMachineRestoreForce When test is completed deletes test case resources [SIG-Restoration]" classname="Tests" status="skipped" time="0">
              <skipped message="skipped - Spec skipped because an earlier spec in an ordered container failed"></skipped>
              <system-err>[SKIPPED] Spec skipped because an earlier spec in an ordered container failed&#xA;In [It] at: /Users/antont/ansible_deckhouse/virtualization-full/tests/e2e/vm_restore_force_test.go:367 @ 10/08/25 22:26:10.578&#xA;</system-err>
          </testcase>
          <testcase name="[It] VirtualImageCreation When resources are applied result should be succeeded" classname="Tests" status="failed" time="0.068581875">
              <failure message="kubectl create namespace head-45bdb83d-end-to-end-images-creation&#xA;Unexpected error:&#xA;    &lt;*exec.ExitError | 0x14000110000&gt;: &#xA;    exit status 1&#xA;    {&#xA;        ProcessState: {&#xA;            pid: 54916,&#xA;            status: 256,&#xA;            rusage: {&#xA;                Utime: {&#xA;                    Sec: 0,&#xA;                    Usec: 23248,&#xA;                    Pad_cgo_0: [0, 0, 0, 0],&#xA;                },&#xA;                Stime: {&#xA;                    Sec: 0,&#xA;                    Usec: 8824,&#xA;                    Pad_cgo_0: [0, 0, 0, 0],&#xA;                },&#xA;                Maxrss: 45973504,&#xA;                Ixrss: 0,&#xA;                Idrss: 0,&#xA;                Isrss: 0,&#xA;                Minflt: 3610,&#xA;                Majflt: 4,&#xA;                Nswap: 0,&#xA;                Inblock: 0,&#xA;                Oublock: 0,&#xA;                Msgsnd: 9,&#xA;                Msgrcv: 9,&#xA;                Nsignals: 46,&#xA;                Nvcsw: 22,&#xA;                Nivcsw: 512,&#xA;            },&#xA;        },&#xA;        Stderr: nil,&#xA;    }&#xA;occurred" type="failed">[FAILED] kubectl create namespace head-45bdb83d-end-to-end-images-creation&#xA;Unexpected error:&#xA;    &lt;*exec.ExitError | 0x14000110000&gt;: &#xA;    exit status 1&#xA;    {&#xA;        ProcessState: {&#xA;            pid: 54916,&#xA;            status: 256,&#xA;            rusage: {&#xA;                Utime: {&#xA;                    Sec: 0,&#xA;                    Usec: 23248,&#xA;                    Pad_cgo_0: [0, 0, 0, 0],&#xA;                },&#xA;                Stime: {&#xA;                    Sec: 0,&#xA;                    Usec: 8824,&#xA;                    Pad_cgo_0: [0, 0, 0, 0],&#xA;                },&#xA;                Maxrss: 45973504,&#xA;                Ixrss: 0,&#xA;                Idrss: 0,&#xA;                Isrss: 0,&#xA;                Minflt: 3610,&#xA;                Majflt: 4,&#xA;                Nswap: 0,&#xA;                Inblock: 0,&#xA;                Oublock: 0,&#xA;                Msgsnd: 9,&#xA;                Msgrcv: 9,&#xA;                Nsignals: 46,&#xA;                Nvcsw: 22,&#xA;                Nivcsw: 512,&#xA;            },&#xA;        },&#xA;        Stderr: nil,&#xA;    }&#xA;occurred&#xA;In [BeforeAll] at: /Users/antont/ansible_deckhouse/virtualization-full/tests/e2e/images_creation_test.go:48 @ 10/08/25 22:26:10.607&#xA;</failure>
              <system-err>&gt; Enter [BeforeAll] VirtualImageCreation - /Users/antont/ansible_deckhouse/virtualization-full/tests/e2e/images_creation_test.go:38 @ 10/08/25 22:26:10.578&#xA;[FAILED] kubectl create namespace head-45bdb83d-end-to-end-images-creation&#xA;Unexpected error:&#xA;    &lt;*exec.ExitError | 0x14000110000&gt;: &#xA;    exit status 1&#xA;    {&#xA;        ProcessState: {&#xA;            pid: 54916,&#xA;            status: 256,&#xA;            rusage: {&#xA;                Utime: {&#xA;                    Sec: 0,&#xA;                    Usec: 23248,&#xA;                    Pad_cgo_0: [0, 0, 0, 0],&#xA;                },&#xA;                Stime: {&#xA;                    Sec: 0,&#xA;                    Usec: 8824,&#xA;                    Pad_cgo_0: [0, 0, 0, 0],&#xA;                },&#xA;                Maxrss: 45973504,&#xA;                Ixrss: 0,&#xA;                Idrss: 0,&#xA;                Isrss: 0,&#xA;                Minflt: 3610,&#xA;                Majflt: 4,&#xA;                Nswap: 0,&#xA;                Inblock: 0,&#xA;                Oublock: 0,&#xA;                Msgsnd: 9,&#xA;                Msgrcv: 9,&#xA;                Nsignals: 46,&#xA;                Nvcsw: 22,&#xA;                Nivcsw: 512,&#xA;            },&#xA;        },&#xA;        Stderr: nil,&#xA;    }&#xA;occurred&#xA;In [BeforeAll] at: /Users/antont/ansible_deckhouse/virtualization-full/tests/e2e/images_creation_test.go:48 @ 10/08/25 22:26:10.607&#xA;&lt; Exit [BeforeAll] VirtualImageCreation - /Users/antont/ansible_deckhouse/virtualization-full/tests/e2e/images_creation_test.go:38 @ 10/08/25 22:26:10.607 (29ms)&#xA;&gt; Enter [AfterEach] VirtualImageCreation - /Users/antont/ansible_deckhouse/virtualization-full/tests/e2e/images_creation_test.go:70 @ 10/08/25 22:26:10.607&#xA;Get resources error:&#xA;cmd: kubectl get virtualization,intvirt,po,volumesnapshot -A -o yaml -l &#39;testcase=images-creation&#39;&#xA;error: exit status 1&#xA;stderr: E1008 22:26:10.633780   54917 memcache.go:265] &#34;Unhandled Error&#34; err=&#34;couldn&#39;t get current server API group list: Get \&#34;http://localhost:8080/api?timeout=32s\&#34;: dial tcp [::1]:8080: connect: connection refused&#34;&#xA;E1008 22:26:10.635396   54917 memcache.go:265] &#34;Unhandled Error&#34; err=&#34;couldn&#39;t get current server API group list: Get \&#34;http://localhost:8080/api?timeout=32s\&#34;: dial tcp [::1]:8080: connect: connection refused&#34;&#xA;E1008 22:26:10.636970   54917 memcache.go:265] &#34;Unhandled Error&#34; err=&#34;couldn&#39;t get current server API group list: Get \&#34;http://localhost:8080/api?timeout=32s\&#34;: dial tcp [::1]:8080: connect: connection refused&#34;&#xA;E1008 22:26:10.638507   54917 memcache.go:265] &#34;Unhandled Error&#34; err=&#34;couldn&#39;t get current server API group list: Get \&#34;http://localhost:8080/api?timeout=32s\&#34;: dial tcp [::1]:8080: connect: connection refused&#34;&#xA;E1008 22:26:10.640247   54917 memcache.go:265] &#34;Unhandled Error&#34; err=&#34;couldn&#39;t get current server API group list: Get \&#34;http://localhost:8080/api?timeout=32s\&#34;: dial tcp [::1]:8080: connect: connection refused&#34;&#xA;E1008 22:26:10.641911   54917 memcache.go:265] &#34;Unhandled Error&#34; err=&#34;couldn&#39;t get current server API group list: Get \&#34;http://localhost:8080/api?timeout=32s\&#34;: dial tcp [::1]:8080: connect: connection refused&#34;&#xA;E1008 22:26:10.643331   54917 memcache.go:265] &#34;Unhandled Error&#34; err=&#34;couldn&#39;t get current server API group list: Get \&#34;http://localhost:8080/api?timeout=32s\&#34;: dial tcp [::1]:8080: connect: connection refused&#34;&#xA;E1008 22:26:10.644755   54917 memcache.go:265] &#34;Unhandled Error&#34; err=&#34;couldn&#39;t get current server API group list: Get \&#34;http://localhost:8080/api?timeout=32s\&#34;: dial tcp [::1]:8080: connect: connection refused&#34;&#xA;The connection to the server localhost:8080 was refused - did you specify the right host or port?&#xA;&#xA;&#xA;&lt; Exit [AfterEach] VirtualImageCreation - /Users/antont/ansible_deckhouse/virtualization-full/tests/e2e/images_creation_test.go:70 @ 10/08/25 22:26:10.647 (40ms)&#xA;</system-err>
          </testcase>
          <testcase name="[It] VirtualImageCreation When base virtual resources are ready checks VD phase" classname="Tests" status="skipped" time="0">
              <skipped message="skipped - Spec skipped because an earlier spec in an ordered container failed"></skipped>
              <system-err>[SKIPPED] Spec skipped because an earlier spec in an ordered container failed&#xA;In [It] at: /Users/antont/ansible_deckhouse/virtualization-full/tests/e2e/images_creation_test.go:87 @ 10/08/25 22:26:10.647&#xA;</system-err>
          </testcase>
          <testcase name="[It] VirtualImageCreation When base virtual resources are ready checks VDSnapshot phase" classname="Tests" status="skipped" time="0">
              <skipped message="skipped - Spec skipped because an earlier spec in an ordered container failed"></skipped>
              <system-err>[SKIPPED] Spec skipped because an earlier spec in an ordered container failed&#xA;In [It] at: /Users/antont/ansible_deckhouse/virtualization-full/tests/e2e/images_creation_test.go:96 @ 10/08/25 22:26:10.647&#xA;</system-err>
          </testcase>
          <testcase name="[It] VirtualImageCreation When virtual images are applied checks VIs phases" classname="Tests" status="skipped" time="0">
              <skipped message="skipped - Spec skipped because an earlier spec in an ordered container failed"></skipped>
              <system-err>[SKIPPED] Spec skipped because an earlier spec in an ordered container failed&#xA;In [It] at: /Users/antont/ansible_deckhouse/virtualization-full/tests/e2e/images_creation_test.go:107 @ 10/08/25 22:26:10.647&#xA;</system-err>
          </testcase>
          <testcase name="[It] VirtualImageCreation When virtual images are applied checks CVIs phases" classname="Tests" status="skipped" time="0">
              <skipped message="skipped - Spec skipped because an earlier spec in an ordered container failed"></skipped>
              <system-err>[SKIPPED] Spec skipped because an earlier spec in an ordered container failed&#xA;In [It] at: /Users/antont/ansible_deckhouse/virtualization-full/tests/e2e/images_creation_test.go:116 @ 10/08/25 22:26:10.647&#xA;</system-err>
          </testcase>
          <testcase name="[It] VirtualImageCreation When test is completed deletes test case resources" classname="Tests" status="skipped" time="0">
              <skipped message="skipped - Spec skipped because an earlier spec in an ordered container failed"></skipped>
              <system-err>[SKIPPED] Spec skipped because an earlier spec in an ordered container failed&#xA;In [It] at: /Users/antont/ansible_deckhouse/virtualization-full/tests/e2e/images_creation_test.go:127 @ 10/08/25 22:26:10.647&#xA;</system-err>
          </testcase>
          <testcase name="[It] VirtualDiskResizing When the resources are applied result should be succeeded" classname="Tests" status="skipped" time="0.000109792">
              <skipped message="skipped - This test case is not working everytime. Should be fixed."></skipped>
              <system-err>&gt; Enter [BeforeAll] VirtualDiskResizing - /Users/antont/ansible_deckhouse/virtualization-full/tests/e2e/vm_disk_resizing_test.go:47 @ 10/08/25 22:26:10.647&#xA;[SKIPPED] This test case is not working everytime. Should be fixed.&#xA;In [BeforeAll] at: /Users/antont/ansible_deckhouse/virtualization-full/tests/e2e/vm_disk_resizing_test.go:51 @ 10/08/25 22:26:10.647&#xA;&lt; Exit [BeforeAll] VirtualDiskResizing - /Users/antont/ansible_deckhouse/virtualization-full/tests/e2e/vm_disk_resizing_test.go:47 @ 10/08/25 22:26:10.647 (0s)&#xA;&gt; Enter [AfterEach] VirtualDiskResizing - /Users/antont/ansible_deckhouse/virtualization-full/tests/e2e/vm_disk_resizing_test.go:65 @ 10/08/25 22:26:10.647&#xA;&lt; Exit [AfterEach] VirtualDiskResizing - /Users/antont/ansible_deckhouse/virtualization-full/tests/e2e/vm_disk_resizing_test.go:65 @ 10/08/25 22:26:10.647 (0s)&#xA;</system-err>
          </testcase>
          <testcase name="[It] VirtualDiskResizing When the virtual images are applied checks `VirtualImages` phase" classname="Tests" status="skipped" time="0">
              <skipped message="skipped - Spec skipped because Skip() was called in BeforeAll"></skipped>
              <system-err>[SKIPPED] Spec skipped because Skip() was called in BeforeAll&#xA;In [It] at: /Users/antont/ansible_deckhouse/virtualization-full/tests/e2e/vm_disk_resizing_test.go:82 @ 10/08/25 22:26:10.647&#xA;</system-err>
          </testcase>
          <testcase name="[It] VirtualDiskResizing When the virtual disks are applied checks `VirtualDisks` phase" classname="Tests" status="skipped" time="0">
              <skipped message="skipped - Spec skipped because Skip() was called in BeforeAll"></skipped>
              <system-err>[SKIPPED] Spec skipped because Skip() was called in BeforeAll&#xA;In [It] at: /Users/antont/ansible_deckhouse/virtualization-full/tests/e2e/vm_disk_resizing_test.go:94 @ 10/08/25 22:26:10.647&#xA;</system-err>
          </testcase>
          <testcase name="[It] VirtualDiskResizing When the virtual machine are applied checks `VirtualMachine` phase" classname="Tests" status="skipped" time="0">
              <skipped message="skipped - Spec skipped because Skip() was called in BeforeAll"></skipped>
              <system-err>[SKIPPED] Spec skipped because Skip() was called in BeforeAll&#xA;In [It] at: /Users/antont/ansible_deckhouse/virtualization-full/tests/e2e/vm_disk_resizing_test.go:106 @ 10/08/25 22:26:10.647&#xA;</system-err>
          </testcase>
          <testcase name="[It] VirtualDiskResizing When the virtual machine are applied retrieves the test objects" classname="Tests" status="skipped" time="0">
              <skipped message="skipped - Spec skipped because Skip() was called in BeforeAll"></skipped>
              <system-err>[SKIPPED] Spec skipped because Skip() was called in BeforeAll&#xA;In [It] at: /Users/antont/ansible_deckhouse/virtualization-full/tests/e2e/vm_disk_resizing_test.go:116 @ 10/08/25 22:26:10.647&#xA;</system-err>
          </testcase>
          <testcase name="[It] VirtualDiskResizing When the virtual machine block device attachment is applied checks `VirtualMachineBlockDeviceAttachment` phase" classname="Tests" status="skipped" time="0">
              <skipped message="skipped - Spec skipped because Skip() was called in BeforeAll"></skipped>
              <system-err>[SKIPPED] Spec skipped because Skip() was called in BeforeAll&#xA;In [It] at: /Users/antont/ansible_deckhouse/virtualization-full/tests/e2e/vm_disk_resizing_test.go:132 @ 10/08/25 22:26:10.647&#xA;</system-err>
          </testcase>
          <testcase name="[It] VirtualDiskResizing Resizing When the virtual machine is ready obtains the disks metadata before resizing" classname="Tests" status="skipped" time="0">
              <skipped message="skipped - Spec skipped because Skip() was called in BeforeAll"></skipped>
              <system-err>[SKIPPED] Spec skipped because Skip() was called in BeforeAll&#xA;In [It] at: /Users/antont/ansible_deckhouse/virtualization-full/tests/e2e/vm_disk_resizing_test.go:151 @ 10/08/25 22:26:10.647&#xA;</system-err>
          </testcase>
          <testcase name="[It] VirtualDiskResizing Resizing When the virtual machine is ready resizes the disks" classname="Tests" status="skipped" time="0">
              <skipped message="skipped - Spec skipped because Skip() was called in BeforeAll"></skipped>
              <system-err>[SKIPPED] Spec skipped because Skip() was called in BeforeAll&#xA;In [It] at: /Users/antont/ansible_deckhouse/virtualization-full/tests/e2e/vm_disk_resizing_test.go:157 @ 10/08/25 22:26:10.647&#xA;</system-err>
          </testcase>
          <testcase name="[It] VirtualDiskResizing Resizing When the virtual machine is ready checks `VirtualDisks`, `VirtualMachine` and `VirtualMachineBlockDeviceAttachment` phases" classname="Tests" status="skipped" time="0">
              <skipped message="skipped - Spec skipped because Skip() was called in BeforeAll"></skipped>
              <system-err>[SKIPPED] Spec skipped because Skip() was called in BeforeAll&#xA;In [It] at: /Users/antont/ansible_deckhouse/virtualization-full/tests/e2e/vm_disk_resizing_test.go:189 @ 10/08/25 22:26:10.647&#xA;</system-err>
          </testcase>
          <testcase name="[It] VirtualDiskResizing Resizing When the virtual machine is ready obtains and compares the disks metadata after resizing" classname="Tests" status="skipped" time="0">
              <skipped message="skipped - Spec skipped because Skip() was called in BeforeAll"></skipped>
              <system-err>[SKIPPED] Spec skipped because Skip() was called in BeforeAll&#xA;In [It] at: /Users/antont/ansible_deckhouse/virtualization-full/tests/e2e/vm_disk_resizing_test.go:216 @ 10/08/25 22:26:10.647&#xA;</system-err>
          </testcase>
          <testcase name="[It] VirtualDiskResizing When test is completed deletes test case resources" classname="Tests" status="skipped" time="0">
              <skipped message="skipped - Spec skipped because Skip() was called in BeforeAll"></skipped>
              <system-err>[SKIPPED] Spec skipped because Skip() was called in BeforeAll&#xA;In [It] at: /Users/antont/ansible_deckhouse/virtualization-full/tests/e2e/vm_disk_resizing_test.go:252 @ 10/08/25 22:26:10.647&#xA;</system-err>
          </testcase>
          <testcase name="[It] VirtualMachineMigration When resources are applied result should be succeeded [SIG-Migration]" classname="Tests" status="failed" time="0.068614167">
[...]
4;&#xA;    E1008 22:26:13.115514   54945 memcache.go:265] &#34;Unhandled Error&#34; err=&#34;couldn&#39;t get current server API group list: Get \&#34;http://localhost:8080/api?timeout=32s\&#34;: dial tcp [::1]:8080: connect: connection refused&#34;&#xA;    E1008 22:26:13.117068   54945 memcache.go:265] &#34;Unhandled Error&#34; err=&#34;couldn&#39;t get current server API group list: Get \&#34;http://localhost:8080/api?timeout=32s\&#34;: dial tcp [::1]:8080: connect: connection refused&#34;&#xA;    E1008 22:26:13.118515   54945 memcache.go:265] &#34;Unhandled Error&#34; err=&#34;couldn&#39;t get current server API group list: Get \&#34;http://localhost:8080/api?timeout=32s\&#34;: dial tcp [::1]:8080: connect: connection refused&#34;&#xA;    E1008 22:26:13.119944   54945 memcache.go:265] &#34;Unhandled Error&#34; err=&#34;couldn&#39;t get current server API group list: Get \&#34;http://localhost:8080/api?timeout=32s\&#34;: dial tcp [::1]:8080: connect: connection refused&#34;&#xA;    E1008 22:26:13.121836   54945 memcache.go:265] &#34;Unhandled Error&#34; err=&#34;couldn&#39;t get current server API group list: Get \&#34;http://localhost:8080/api?timeout=32s\&#34;: dial tcp [::1]:8080: connect: connection refused&#34;&#xA;    E1008 22:26:13.123324   54945 memcache.go:265] &#34;Unhandled Error&#34; err=&#34;couldn&#39;t get current server API group list: Get \&#34;http://localhost:8080/api?timeout=32s\&#34;: dial tcp [::1]:8080: connect: connection refused&#34;&#xA;    The connection to the server localhost:8080 was refused - did you specify the right host or port?&#xA;    &#xA;    cmd: kubectl delete virtualmachineipaddressleases.virtualization.deckhouse.io -l &#39;id=head-45bdb83d&#39; --ignore-not-found&#xA;    stderr: E1008 22:26:13.154184   54946 memcache.go:265] &#34;Unhandled Error&#34; err=&#34;couldn&#39;t get current server API group list: Get \&#34;http://localhost:8080/api?timeout=32s\&#34;: dial tcp [::1]:8080: connect: connection refused&#34;&#xA;    E1008 22:26:13.155687   54946 memcache.go:265] &#34;Unhandled Error&#34; err=&#34;couldn&#39;t get current server API group list: Get \&#34;http://localhost:8080/api?timeout=32s\&#34;: dial tcp [::1]:8080: connect: connection refused&#34;&#xA;    E1008 22:26:13.157264   54946 memcache.go:265] &#34;Unhandled Error&#34; err=&#34;couldn&#39;t get current server API group list: Get \&#34;http://localhost:8080/api?timeout=32s\&#34;: dial tcp [::1]:8080: connect: connection refused&#34;&#xA;    E1008 22:26:13.158751   54946 memcache.go:265] &#34;Unhandled Error&#34; err=&#34;couldn&#39;t get current server API group list: Get \&#34;http://localhost:8080/api?timeout=32s\&#34;: dial tcp [::1]:8080: connect: connection refused&#34;&#xA;    E1008 22:26:13.160227   54946 memcache.go:265] &#34;Unhandled Error&#34; err=&#34;couldn&#39;t get current server API group list: Get \&#34;http://localhost:8080/api?timeout=32s\&#34;: dial tcp [::1]:8080: connect: connection refused&#34;&#xA;    E1008 22:26:13.161803   54946 memcache.go:265] &#34;Unhandled Error&#34; err=&#34;couldn&#39;t get current server API group list: Get \&#34;http://localhost:8080/api?timeout=32s\&#34;: dial tcp [::1]:8080: connect: connection refused&#34;&#xA;    E1008 22:26:13.163423   54946 memcache.go:265] &#34;Unhandled Error&#34; err=&#34;couldn&#39;t get current server API group list: Get \&#34;http://localhost:8080/api?timeout=32s\&#34;: dial tcp [::1]:8080: connect: connection refused&#34;&#xA;    The connection to the server localhost:8080 was refused - did you specify the right host or port?&#xA;    &#xA;    {&#xA;        errs: [&#xA;            &lt;*errors.joinError | 0x1400000e5b8&gt;{&#xA;                errs: [&#xA;                    &lt;*errors.joinError | 0x1400000e408&gt;{&#xA;                        errs: [&#xA;                            &lt;*errors.errorString | 0x1400069c200&gt;{&#xA;                                s: &#34;cmd: kubectl delete clustervirtualimages.virtualization.deckhouse.io -l &#39;id=head-45bdb83d&#39; --ignore-not-found\nstderr: E1008 22:26:13.073537   54944 memcache.go:265] \&#34;Unhandled Error\&#34; err=\&#34;couldn&#39;t get current server API group list: Get \\\&#34;http://localhost:8080/api?timeout=32s\\\&#34;: dial tcp [::1]:8080: connect: connection refused\&#34;\nE1008 22:26:13.075227   54944 memcache.go:265] \&#34;Unhandled Error\&#34; err=\&#34;couldn&#39;t get current server API group list: Get \\\&#34;http://localhost:8080/api?timeout=32s\\\&#34;: dial tcp [::1]:8080: connect: connection refused\&#34;\nE1008 22:26:13.076798   54944 memcache.go:265] \&#34;Unhandled Error\&#34; err=\&#34;couldn&#39;t get current server API group list: Get \\\&#34;http://localhost:8080/api?timeout=32s\\\&#34;: dial tcp [::1]:8080: connect: connection refused\&#34;\nE1008 22:26:13.078288   54944 memcache.go:265] \&#34;Unhandled Error\&#34; err=\&#34;couldn&#39;t get current server API group list: Get \\\&#34;http://localhost:8080/api?timeout=32s\\\&#34;: dial tcp [::1]:8080: connect: connection refused\&#34;\nE1008 22:26:13.079886   54944 memcache.go:265] \&#34;Unhandled Error\&#34; err=\&#34;couldn&#39;t get current server API group list: Get \\\&#34;http://localhost:8080/api?timeout=32s\\\&#34;: dial tcp [::1]:8080: connect: connection refused\&#34;\nE1008 22:26:13.081288   54944 memcache.go:265] \&#34;Unhandled Error\&#34; err=\&#34;couldn&#39;t get current server API group list: Get \\\&#34;http://localhost:8080/api?timeout=32s\\\&#34;: dial tcp [::1]:8080: connect: connection refused\&#34;\nE1008 22:26:13.082704   54944 memcache.go:265] \&#34;Unhandled Error\&#34; err=\&#34;couldn&#39;t get current server API group list: Get \\\&#34;http://localhost:8080/api?timeout=32s\\\&#34;: dial tcp [::1]:8080: connect: connection refused\&#34;\nThe connection to the server localhost:8080 was refused - did you specify the right host or port?\n&#34;,&#xA;                            },&#xA;                        ],&#xA;                    },&#xA;                    &lt;*errors.errorString | 0x1400069ccb0&gt;{&#xA;                        s: &#34;cmd: kubectl delete virtualmachineclasses.virtualization.deckhouse.io -l &#39;id=head-45bdb83d&#39; --ignore-not-found\nstderr: E1008 22:26:13.113967   54945 memcache.go:265] \&#34;Unhandled Error\&#34; err=\&#34;couldn&#39;t get current server API group list: Get \\\&#34;http://localhost:8080/api?timeout=32s\\\&#34;: dial tcp [::1]:8080: connect: connection refused\&#34;\nE1008 22:26:13.115514   54945 memcache.go:265] \&#34;Unhandled Error\&#34; err=\&#34;couldn&#39;t get current server API group list: Get \\\&#34;http://localhost:8080/api?timeout=32s\\\&#34;: dial tcp [::1]:8080: connect: connection refused\&#34;\nE1008 22:26:13.117068   54945 memcache.go:265] \&#34;Unhandled Error\&#34; err=\&#34;couldn&#39;t get current server API group list: Get \\\&#34;http://localhost:8080/api?timeout=32s\\\&#34;: dial tcp [::1]:8080: connect: connection refused\&#34;\nE1008 22:26:13.118515   54945 memcache.go:265] \&#34;Unhandled Error\&#34; err=\&#34;couldn&#39;t get current server API group list: Get \\\&#34;http://localhost:8080/api?timeout=32s\\\&#34;: dial tcp [::1]:8080: connect: connection refused\&#34;\nE1008 22:26:13.119944   54945 memcache.go:265] \&#34;Unhandled Error\&#34; err=\&#34;couldn&#39;t get current server API group list: Get \\\&#34;http://localhost:8080/api?timeout=32s\\\&#34;: dial tcp [::1]:8080: connect: connection refused\&#34;\nE1008 22:26:13.121836   54945 memcache.go:265] \&#34;Unhandled Error\&#34; err=\&#34;couldn&#39;t get current server API group list: Get \\\&#34;http://localhost:8080/api?timeout=32s\\\&#34;: dial tcp [::1]:8080: connect: connection refused\&#34;\nE1008 22:26:13.123324   54945 memcache.go:265] \&#34;Unhandled Error\&#34; err=\&#34;couldn&#39;t get current server API group list: Get \\\&#34;http://localhost:8080/api?timeout=32s\\\&#34;: dial tcp [::1]:8080: connect: connection refused\&#34;\nThe connection to the server localhost:8080 was refused - did you specify the right host or port?\n&#34;,&#xA;                    },&#xA;   ...&#xA;&#xA;Gomega truncated this representation as it exceeds &#39;format.MaxLength&#39;.&#xA;Consider having the object provide a custom &#39;GomegaStringer&#39; representation&#xA;or adjust the parameters in Gomega&#39;s &#39;format&#39; package.&#xA;&#xA;Learn more here: https://onsi.github.io/gomega/#adjusting-output&#xA;In [DeferCleanup (Suite)] at: /Users/antont/ansible_deckhouse/virtualization-full/tests/e2e/e2e_test.go:177 @ 10/08/25 22:26:15.317&#xA;</failure>
              <system-err>&gt; Enter [DeferCleanup (Suite)] TOP-LEVEL - /Users/antont/ansible_deckhouse/virtualization-full/tests/e2e/e2e_test.go:175 @ 10/08/25 22:26:12.926&#xA;[FAILED] Expected success, but got an error:&#xA;    &lt;*errors.joinError | 0x1400057c018&gt;: &#xA;    cmd: kubectl delete clustervirtualimages.virtualization.deckhouse.io -l &#39;id=head-45bdb83d&#39; --ignore-not-found&#xA;    stderr: E1008 22:26:13.073537   54944 memcache.go:265] &#34;Unhandled Error&#34; err=&#34;couldn&#39;t get current server API group list: Get \&#34;http://localhost:8080/api?timeout=32s\&#34;: dial tcp [::1]:8080: connect: connection refused&#34;&#xA;    E1008 22:26:13.075227   54944 memcache.go:265] &#34;Unhandled Error&#34; err=&#34;couldn&#39;t get current server API group list: Get \&#34;http://localhost:8080/api?timeout=32s\&#34;: dial tcp [::1]:8080: connect: connection refused&#34;&#xA;    E1008 22:26:13.076798   54944 memcache.go:265] &#34;Unhandled Error&#34; err=&#34;couldn&#39;t get current server API group list: Get \&#34;http://localhost:8080/api?timeout=32s\&#34;: dial tcp [::1]:8080: connect: connection refused&#34;&#xA;    E1008 22:26:13.078288   54944 memcache.go:265] &#34;Unhandled Error&#34; err=&#34;couldn&#39;t get current server API group list: Get \&#34;http://localhost:8080/api?timeout=32s\&#34;: dial tcp [::1]:8080: connect: connection refused&#34;&#xA;    E1008 22:26:13.079886   54944 memcache.go:265] &#34;Unhandled Error&#34; err=&#34;couldn&#39;t get current server API group list: Get \&#34;http://localhost:8080/api?timeout=32s\&#34;: dial tcp [::1]:8080: connect: connection refused&#34;&#xA;    E1008 22:26:13.081288   54944 memcache.go:265] &#34;Unhandled Error&#34; err=&#34;couldn&#39;t get current server API group list: Get \&#34;http://localhost:8080/api?timeout=32s\&#34;: dial tcp [::1]:8080: connect: connection refused&#34;&#xA;    E1008 22:26:13.082704   54944 memcache.go:265] &#34;Unhandled Error&#34; err=&#34;couldn&#39;t get current server API group list: Get \&#34;http://localhost:8080/api?timeout=32s\&#34;: dial tcp [::1]:8080: connect: connection refused&#34;&#xA;    The connection to the server localhost:8080 was refused - did you specify the right host or port?&#xA;    &#xA;    cmd: kubectl delete virtualmachineclasses.virtualization.deckhouse.io -l &#39;id=head-45bdb83d&#39; --ignore-not-found&#xA;    stderr: E1008 22:26:13.113967   54945 memcache.go:265] &#34;Unhandled Error&#34; err=&#34;couldn&#39;t get current server API group list: Get \&#34;http://localhost:8080/api?timeout=32s\&#34;: dial tcp [::1]:8080: connect: connection refused&#34;&#xA;    E1008 22:26:13.115514   54945 memcache.go:265] &#34;Unhandled Error&#34; err=&#34;couldn&#39;t get current server API group list: Get \&#34;http://localhost:8080/api?timeout=32s\&#34;: dial tcp [::1]:8080: connect: connection refused&#34;&#xA;    E1008 22:26:13.117068   54945 memcache.go:265] &#34;Unhandled Error&#34; err=&#34;couldn&#39;t get current server API group list: Get \&#34;http://localhost:8080/api?timeout=32s\&#34;: dial tcp [::1]:8080: connect: connection refused&#34;&#xA;    E1008 22:26:13.118515   54945 memcache.go:265] &#34;Unhandled Error&#34; err=&#34;couldn&#39;t get current server API group list: Get \&#34;http://localhost:8080/api?timeout=32s\&#34;: dial tcp [::1]:8080: connect: connection refused&#34;&#xA;    E1008 22:26:13.119944   54945 memcache.go:265] &#34;Unhandled Error&#34; err=&#34;couldn&#39;t get current server API group list: Get \&#34;http://localhost:8080/api?timeout=32s\&#34;: dial tcp [::1]:8080: connect: connection refused&#34;&#xA;    E1008 22:26:13.121836   54945 memcache.go:265] &#34;Unhandled Error&#34; err=&#34;couldn&#39;t get current server API group list: Get \&#34;http://localhost:8080/api?timeout=32s\&#34;: dial tcp [::1]:8080: connect: connection refused&#34;&#xA;    E1008 22:26:13.123324   54945 memcache.go:265] &#34;Unhandled Error&#34; err=&#34;couldn&#39;t get current server API group list: Get \&#34;http://localhost:8080/api?timeout=32s\&#34;: dial tcp [::1]:8080: connect: connection refused&#34;&#xA;    The connection to the server localhost:8080 was refused - did you specify the right host or port?&#xA;    &#xA;    cmd: kubectl delete virtualmachineipaddressleases.virtualization.deckhouse.io -l &#39;id=head-45bdb83d&#39; --ignore-not-found&#xA;    stderr: E1008 22:26:13.154184   54946 memcache.go:265] &#34;Unhandled Error&#34; err=&#34;couldn&#39;t get current server API group list: Get \&#34;http://localhost:8080/api?timeout=32s\&#34;: dial tcp [::1]:8080: connect: connection refused&#34;&#xA;    E1008 22:26:13.155687   54946 memcache.go:265] &#34;Unhandled Error&#34; err=&#34;couldn&#39;t get current server API group list: Get \&#34;http://localhost:8080/api?timeout=32s\&#34;: dial tcp [::1]:8080: connect: connection refused&#34;&#xA;    E1008 22:26:13.157264   54946 memcache.go:265] &#34;Unhandled Error&#34; err=&#34;couldn&#39;t get current server API group list: Get \&#34;http://localhost:8080/api?timeout=32s\&#34;: dial tcp [::1]:8080: connect: connection refused&#34;&#xA;    E1008 22:26:13.158751   54946 memcache.go:265] &#34;Unhandled Error&#34; err=&#34;couldn&#39;t get current server API group list: Get \&#34;http://localhost:8080/api?timeout=32s\&#34;: dial tcp [::1]:8080: connect: connection refused&#34;&#xA;    E1008 22:26:13.160227   54946 memcache.go:265] &#34;Unhandled Error&#34; err=&#34;couldn&#39;t get current server API group list: Get \&#34;http://localhost:8080/api?timeout=32s\&#34;: dial tcp [::1]:8080: connect: connection refused&#34;&#xA;    E1008 22:26:13.161803   54946 memcache.go:265] &#34;Unhandled Error&#34; err=&#34;couldn&#39;t get current server API group list: Get \&#34;http://localhost:8080/api?timeout=32s\&#34;: dial tcp [::1]:8080: connect: connection refused&#34;&#xA;    E1008 22:26:13.163423   54946 memcache.go:265] &#34;Unhandled Error&#34; err=&#34;couldn&#39;t get current server API group list: Get \&#34;http://localhost:8080/api?timeout=32s\&#34;: dial tcp [::1]:8080: connect: connection refused&#34;&#xA;    The connection to the server localhost:8080 was refused - did you specify the right host or port?&#xA;    &#xA;    {&#xA;        errs: [&#xA;            &lt;*errors.joinError | 0x1400000e5b8&gt;{&#xA;                errs: [&#xA;                    &lt;*errors.joinError | 0x1400000e408&gt;{&#xA;                        errs: [&#xA;                            &lt;*errors.errorString | 0x1400069c200&gt;{&#xA;                                s: &#34;cmd: kubectl delete clustervirtualimages.virtualization.deckhouse.io -l &#39;id=head-45bdb83d&#39; --ignore-not-found\nstderr: E1008 22:26:13.073537   54944 memcache.go:265] \&#34;Unhandled Error\&#34; err=\&#34;couldn&#39;t get current server API group list: Get \\\&#34;http://localhost:8080/api?timeout=32s\\\&#34;: dial tcp [::1]:8080: connect: connection refused\&#34;\nE1008 22:26:13.075227   54944 memcache.go:265] \&#34;Unhandled Error\&#34; err=\&#34;couldn&#39;t get current server API group list: Get \\\&#34;http://localhost:8080/api?timeout=32s\\\&#34;: dial tcp [::1]:8080: connect: connection refused\&#34;\nE1008 22:26:13.076798   54944 memcache.go:265] \&#34;Unhandled Error\&#34; err=\&#34;couldn&#39;t get current server API group list: Get \\\&#34;http://localhost:8080/api?timeout=32s\\\&#34;: dial tcp [::1]:8080: connect: connection refused\&#34;\nE1008 22:26:13.078288   54944 memcache.go:265] \&#34;Unhandled Error\&#34; err=\&#34;couldn&#39;t get current server API group list: Get \\\&#34;http://localhost:8080/api?timeout=32s\\\&#34;: dial tcp [::1]:8080: connect: connection refused\&#34;\nE1008 22:26:13.079886   54944 memcache.go:265] \&#34;Unhandled Error\&#34; err=\&#34;couldn&#39;t get current server API group list: Get \\\&#34;http://localhost:8080/api?timeout=32s\\\&#34;: dial tcp [::1]:8080: connect: connection refused\&#34;\nE1008 22:26:13.081288   54944 memcache.go:265] \&#34;Unhandled Error\&#34; err=\&#34;couldn&#39;t get current server API group list: Get \\\&#34;http://localhost:8080/api?timeout=32s\\\&#34;: dial tcp [::1]:8080: connect: connection refused\&#34;\nE1008 22:26:13.082704   54944 memcache.go:265] \&#34;Unhandled Error\&#34; err=\&#34;couldn&#39;t get current server API group list: Get \\\&#34;http://localhost:8080/api?timeout=32s\\\&#34;: dial tcp [::1]:8080: connect: connection refused\&#34;\nThe connection to the server localhost:8080 was refused - did you specify the right host or port?\n&#34;,&#xA;                            },&#xA;                        ],&#xA;                    },&#xA;                    &lt;*errors.errorString | 0x1400069ccb0&gt;{&#xA;                        s: &#34;cmd: kubectl delete virtualmachineclasses.virtualization.deckhouse.io -l &#39;id=head-45bdb83d&#39; --ignore-not-found\nstderr: E1008 22:26:13.113967   54945 memcache.go:265] \&#34;Unhandled Error\&#34; err=\&#34;couldn&#39;t get current server API group list: Get \\\&#34;http://localhost:8080/api?timeout=32s\\\&#34;: dial tcp [::1]:8080: connect: connection refused\&#34;\nE1008 22:26:13.115514   54945 memcache.go:265] \&#34;Unhandled Error\&#34; err=\&#34;couldn&#39;t get current server API group list: Get \\\&#34;http://localhost:8080/api?timeout=32s\\\&#34;: dial tcp [::1]:8080: connect: connection refused\&#34;\nE1008 22:26:13.117068   54945 memcache.go:265] \&#34;Unhandled Error\&#34; err=\&#34;couldn&#39;t get current server API group list: Get \\\&#34;http://localhost:8080/api?timeout=32s\\\&#34;: dial tcp [::1]:8080: connect: connection refused\&#34;\nE1008 22:26:13.118515   54945 memcache.go:265] \&#34;Unhandled Error\&#34; err=\&#34;couldn&#39;t get current server API group list: Get \\\&#34;http://localhost:8080/api?timeout=32s\\\&#34;: dial tcp [::1]:8080: connect: connection refused\&#34;\nE1008 22:26:13.119944   54945 memcache.go:265] \&#34;Unhandled Error\&#34; err=\&#34;couldn&#39;t get current server API group list: Get \\\&#34;http://localhost:8080/api?timeout=32s\\\&#34;: dial tcp [::1]:8080: connect: connection refused\&#34;\nE1008 22:26:13.121836   54945 memcache.go:265] \&#34;Unhandled Error\&#34; err=\&#34;couldn&#39;t get current server API group list: Get \\\&#34;http://localhost:8080/api?timeout=32s\\\&#34;: dial tcp [::1]:8080: connect: connection refused\&#34;\nE1008 22:26:13.123324   54945 memcache.go:265] \&#34;Unhandled Error\&#34; err=\&#34;couldn&#39;t get current server API group list: Get \\\&#34;http://localhost:8080/api?timeout=32s\\\&#34;: dial tcp [::1]:8080: connect: connection refused\&#34;\nThe connection to the server localhost:8080 was refused - did you specify the right host or port?\n&#34;,&#xA;                    },&#xA;   ...&#xA;&#xA;Gomega truncated this representation as it exceeds &#39;format.MaxLength&#39;.&#xA;Consider having the object provide a custom &#39;GomegaStringer&#39; representation&#xA;or adjust the parameters in Gomega&#39;s &#39;format&#39; package.&#xA;&#xA;Learn more here: https://onsi.github.io/gomega/#adjusting-output&#xA;In [DeferCleanup (Suite)] at: /Users/antont/ansible_deckhouse/virtualization-full/tests/e2e/e2e_test.go:177 @ 10/08/25 22:26:15.317&#xA;&lt; Exit [DeferCleanup (Suite)] TOP-LEVEL - /Users/antont/ansible_deckhouse/virtualization-full/tests/e2e/e2e_test.go:175 @ 10/08/25 22:26:15.317 (2.39s)&#xA;</system-err>
          </testcase>
      </testsuite>
  </testsuites>