<?xml version="1.0" encoding="UTF-8"?>
  <testsuites tests="215" disabled="169" errors="0" failures="17" time="12777.477971">
      <testsuite name="Tests" package="/Users/antont/ansible_deckhouse/virtualization-full/tests/e2e" tests="215" disabled="0" skipped="169" errors="0" failures="17" time="12777.477971" timestamp="2025-10-13T19:04:54">
          <properties>
              <property name="SuiteSucceeded" value="false"></property>
              <property name="SuiteHasProgrammaticFocus" value="false"></property>
              <property name="SpecialSuiteFailureReason" value=""></property>
              <property name="SuiteLabels" value="[]"></property>
              <property name="RandomSeed" value="1760371487"></property>
              <property name="RandomizeAllSpecs" value="false"></property>
              <property name="LabelFilter" value=""></property>
              <property name="FocusStrings" value=""></property>
              <property name="SkipStrings" value=""></property>
              <property name="FocusFiles" value=""></property>
              <property name="SkipFiles" value=""></property>
              <property name="FailOnPending" value="false"></property>
              <property name="FailOnEmpty" value="false"></property>
              <property name="FailFast" value="false"></property>
              <property name="FlakeAttempts" value="0"></property>
              <property name="DryRun" value="false"></property>
              <property name="ParallelTotal" value="1"></property>
              <property name="OutputInterceptorMode" value=""></property>
          </properties>
          <testcase name="[SynchronizedBeforeSuite]" classname="Tests" status="passed" time="4.59202525">
              <system-err>&gt; Enter [SynchronizedBeforeSuite] TOP-LEVEL - /Users/antont/ansible_deckhouse/virtualization-full/tests/e2e/e2e_test.go:137 @ 10/13/25 19:04:54.06&#xA;&lt; Exit [SynchronizedBeforeSuite] TOP-LEVEL - /Users/antont/ansible_deckhouse/virtualization-full/tests/e2e/e2e_test.go:137 @ 10/13/25 19:04:58.653 (4.592s)&#xA;&gt; Enter [SynchronizedBeforeSuite] TOP-LEVEL - /Users/antont/ansible_deckhouse/virtualization-full/tests/e2e/e2e_test.go:137 @ 10/13/25 19:04:58.653&#xA;&lt; Exit [SynchronizedBeforeSuite] TOP-LEVEL - /Users/antont/ansible_deckhouse/virtualization-full/tests/e2e/e2e_test.go:137 @ 10/13/25 19:04:58.653 (0s)&#xA;</system-err>
          </testcase>
          <testcase name="[It] ImporterNetworkPolicy Project creates project" classname="Tests" status="passed" time="1.357662167">
              <system-err>&gt; Enter [BeforeAll] ImporterNetworkPolicy - /Users/antont/ansible_deckhouse/virtualization-full/tests/e2e/importer_network_policy_test.go:36 @ 10/13/25 19:04:58.654&#xA;&lt; Exit [BeforeAll] ImporterNetworkPolicy - /Users/antont/ansible_deckhouse/virtualization-full/tests/e2e/importer_network_policy_test.go:36 @ 10/13/25 19:04:58.654 (0s)&#xA;&gt; Enter [BeforeEach] ImporterNetworkPolicy - /Users/antont/ansible_deckhouse/virtualization-full/tests/e2e/importer_network_policy_test.go:43 @ 10/13/25 19:04:58.654&#xA;&lt; Exit [BeforeEach] ImporterNetworkPolicy - /Users/antont/ansible_deckhouse/virtualization-full/tests/e2e/importer_network_policy_test.go:43 @ 10/13/25 19:04:58.654 (0s)&#xA;&gt; Enter [It] creates project - /Users/antont/ansible_deckhouse/virtualization-full/tests/e2e/importer_network_policy_test.go:61 @ 10/13/25 19:04:58.654&#xA;&lt; Exit [It] creates project - /Users/antont/ansible_deckhouse/virtualization-full/tests/e2e/importer_network_policy_test.go:61 @ 10/13/25 19:05:00.011 (1.357s)&#xA;&gt; Enter [AfterEach] ImporterNetworkPolicy - /Users/antont/ansible_deckhouse/virtualization-full/tests/e2e/importer_network_policy_test.go:54 @ 10/13/25 19:05:00.011&#xA;&lt; Exit [AfterEach] ImporterNetworkPolicy - /Users/antont/ansible_deckhouse/virtualization-full/tests/e2e/importer_network_policy_test.go:54 @ 10/13/25 19:05:00.012 (0s)&#xA;</system-err>
          </testcase>
          <testcase name="[It] ImporterNetworkPolicy Project checks project readiness" classname="Tests" status="passed" time="2.7100524999999998">
              <system-err>&gt; Enter [BeforeEach] ImporterNetworkPolicy - /Users/antont/ansible_deckhouse/virtualization-full/tests/e2e/importer_network_policy_test.go:43 @ 10/13/25 19:05:00.012&#xA;&lt; Exit [BeforeEach] ImporterNetworkPolicy - /Users/antont/ansible_deckhouse/virtualization-full/tests/e2e/importer_network_policy_test.go:43 @ 10/13/25 19:05:00.012 (0s)&#xA;&gt; Enter [It] checks project readiness - /Users/antont/ansible_deckhouse/virtualization-full/tests/e2e/importer_network_policy_test.go:72 @ 10/13/25 19:05:00.012&#xA;STEP: Project should be deployed - /Users/antont/ansible_deckhouse/virtualization-full/tests/e2e/importer_network_policy_test.go:73 @ 10/13/25 19:05:00.012&#xA;&lt; Exit [It] checks project readiness - /Users/antont/ansible_deckhouse/virtualization-full/tests/e2e/importer_network_policy_test.go:72 @ 10/13/25 19:05:02.722 (2.71s)&#xA;&gt; Enter [AfterEach] ImporterNetworkPolicy - /Users/antont/ansible_deckhouse/virtualization-full/tests/e2e/importer_network_policy_test.go:54 @ 10/13/25 19:05:02.722&#xA;&lt; Exit [AfterEach] ImporterNetworkPolicy - /Users/antont/ansible_deckhouse/virtualization-full/tests/e2e/importer_network_policy_test.go:54 @ 10/13/25 19:05:02.722 (0s)&#xA;</system-err>
          </testcase>
          <testcase name="[It] ImporterNetworkPolicy When resources are applied result should be succeeded" classname="Tests" status="passed" time="2.982778584">
              <system-err>&gt; Enter [BeforeEach] ImporterNetworkPolicy - /Users/antont/ansible_deckhouse/virtualization-full/tests/e2e/importer_network_policy_test.go:43 @ 10/13/25 19:05:02.722&#xA;&lt; Exit [BeforeEach] ImporterNetworkPolicy - /Users/antont/ansible_deckhouse/virtualization-full/tests/e2e/importer_network_policy_test.go:43 @ 10/13/25 19:05:02.722 (0s)&#xA;&gt; Enter [It] result should be succeeded - /Users/antont/ansible_deckhouse/virtualization-full/tests/e2e/importer_network_policy_test.go:83 @ 10/13/25 19:05:02.722&#xA;&lt; Exit [It] result should be succeeded - /Users/antont/ansible_deckhouse/virtualization-full/tests/e2e/importer_network_policy_test.go:83 @ 10/13/25 19:05:05.705 (2.983s)&#xA;&gt; Enter [AfterEach] ImporterNetworkPolicy - /Users/antont/ansible_deckhouse/virtualization-full/tests/e2e/importer_network_policy_test.go:54 @ 10/13/25 19:05:05.705&#xA;&lt; Exit [AfterEach] ImporterNetworkPolicy - /Users/antont/ansible_deckhouse/virtualization-full/tests/e2e/importer_network_policy_test.go:54 @ 10/13/25 19:05:05.705 (0s)&#xA;</system-err>
          </testcase>
          <testcase name="[It] ImporterNetworkPolicy When resources are applied When virtual images are applied" classname="Tests" status="passed" time="6.373328292">
              <system-err>&gt; Enter [BeforeEach] ImporterNetworkPolicy - /Users/antont/ansible_deckhouse/virtualization-full/tests/e2e/importer_network_policy_test.go:43 @ 10/13/25 19:05:05.705&#xA;&lt; Exit [BeforeEach] ImporterNetworkPolicy - /Users/antont/ansible_deckhouse/virtualization-full/tests/e2e/importer_network_policy_test.go:43 @ 10/13/25 19:05:05.706 (0s)&#xA;&gt; Enter [It] When virtual images are applied - /Users/antont/ansible_deckhouse/virtualization-full/tests/e2e/importer_network_policy_test.go:101 @ 10/13/25 19:05:05.706&#xA;STEP: VIs should be in Ready phases - /Users/antont/ansible_deckhouse/virtualization-full/tests/e2e/importer_network_policy_test.go:94 @ 10/13/25 19:05:05.706&#xA;&lt; Exit [It] When virtual images are applied - /Users/antont/ansible_deckhouse/virtualization-full/tests/e2e/importer_network_policy_test.go:101 @ 10/13/25 19:05:12.079 (6.373s)&#xA;&gt; Enter [AfterEach] ImporterNetworkPolicy - /Users/antont/ansible_deckhouse/virtualization-full/tests/e2e/importer_network_policy_test.go:54 @ 10/13/25 19:05:12.079&#xA;&lt; Exit [AfterEach] ImporterNetworkPolicy - /Users/antont/ansible_deckhouse/virtualization-full/tests/e2e/importer_network_policy_test.go:54 @ 10/13/25 19:05:12.079 (0s)&#xA;</system-err>
          </testcase>
          <testcase name="[It] ImporterNetworkPolicy When resources are applied When virtual disks are applied" classname="Tests" status="failed" time="1012.922723458">
              <failure message="should observe resources in &#39;&#39;jsonpath={.status.phase}=Ready&#39;&#39; state before 16m40s timeout&#xA;Expected&#xA;    &lt;[]string | len:2, cap:2&gt;: [&#xA;        &#34;cmd: kubectl wait virtualdisks.virtualization.deckhouse.io head-5073ae15-vd --namespace head-5073ae15-end-to-end-importer-network-policy --for=&#39;jsonpath={.status.phase}=Ready&#39; --timeout=16m40s\nstderr: error: timed out waiting for the condition on virtualdisks/head-5073ae15-vd\n\nwaited for: &#39;jsonpath={.status.phase}=Ready&#39;&#34;,&#xA;        &#34;cmd: kubectl wait virtualdisks.virtualization.deckhouse.io head-5073ae15-vd-cvi --namespace head-5073ae15-end-to-end-importer-network-policy --for=&#39;jsonpath={.status.phase}=Ready&#39; --timeout=16m40s\nstderr: error: timed out waiting for the condition on virtualdisks/head-5073ae15-vd-cvi\n\nwaited for: &#39;jsonpath={.status.phase}=Ready&#39;&#34;,&#xA;    ]&#xA;to be empty" type="failed">[FAILED] should observe resources in &#39;&#39;jsonpath={.status.phase}=Ready&#39;&#39; state before 16m40s timeout&#xA;Expected&#xA;    &lt;[]string | len:2, cap:2&gt;: [&#xA;        &#34;cmd: kubectl wait virtualdisks.virtualization.deckhouse.io head-5073ae15-vd --namespace head-5073ae15-end-to-end-importer-network-policy --for=&#39;jsonpath={.status.phase}=Ready&#39; --timeout=16m40s\nstderr: error: timed out waiting for the condition on virtualdisks/head-5073ae15-vd\n\nwaited for: &#39;jsonpath={.status.phase}=Ready&#39;&#34;,&#xA;        &#34;cmd: kubectl wait virtualdisks.virtualization.deckhouse.io head-5073ae15-vd-cvi --namespace head-5073ae15-end-to-end-importer-network-policy --for=&#39;jsonpath={.status.phase}=Ready&#39; --timeout=16m40s\nstderr: error: timed out waiting for the condition on virtualdisks/head-5073ae15-vd-cvi\n\nwaited for: &#39;jsonpath={.status.phase}=Ready&#39;&#34;,&#xA;    ]&#xA;to be empty&#xA;In [It] at: /Users/antont/ansible_deckhouse/virtualization-full/tests/e2e/importer_network_policy_test.go:95 @ 10/13/25 19:21:54.685&#xA;</failure>
              <system-err>&gt; Enter [BeforeEach] ImporterNetworkPolicy - /Users/antont/ansible_deckhouse/virtualization-full/tests/e2e/importer_network_policy_test.go:43 @ 10/13/25 19:05:12.08&#xA;&lt; Exit [BeforeEach] ImporterNetworkPolicy - /Users/antont/ansible_deckhouse/virtualization-full/tests/e2e/importer_network_policy_test.go:43 @ 10/13/25 19:05:12.08 (0s)&#xA;&gt; Enter [It] When virtual disks are applied - /Users/antont/ansible_deckhouse/virtualization-full/tests/e2e/importer_network_policy_test.go:102 @ 10/13/25 19:05:12.08&#xA;STEP: VDs should be in Ready phases - /Users/antont/ansible_deckhouse/virtualization-full/tests/e2e/importer_network_policy_test.go:94 @ 10/13/25 19:05:12.08&#xA;[FAILED] should observe resources in &#39;&#39;jsonpath={.status.phase}=Ready&#39;&#39; state before 16m40s timeout&#xA;Expected&#xA;    &lt;[]string | len:2, cap:2&gt;: [&#xA;        &#34;cmd: kubectl wait virtualdisks.virtualization.deckhouse.io head-5073ae15-vd --namespace head-5073ae15-end-to-end-importer-network-policy --for=&#39;jsonpath={.status.phase}=Ready&#39; --timeout=16m40s\nstderr: error: timed out waiting for the condition on virtualdisks/head-5073ae15-vd\n\nwaited for: &#39;jsonpath={.status.phase}=Ready&#39;&#34;,&#xA;        &#34;cmd: kubectl wait virtualdisks.virtualization.deckhouse.io head-5073ae15-vd-cvi --namespace head-5073ae15-end-to-end-importer-network-policy --for=&#39;jsonpath={.status.phase}=Ready&#39; --timeout=16m40s\nstderr: error: timed out waiting for the condition on virtualdisks/head-5073ae15-vd-cvi\n\nwaited for: &#39;jsonpath={.status.phase}=Ready&#39;&#34;,&#xA;    ]&#xA;to be empty&#xA;In [It] at: /Users/antont/ansible_deckhouse/virtualization-full/tests/e2e/importer_network_policy_test.go:95 @ 10/13/25 19:21:54.685&#xA;&lt; Exit [It] When virtual disks are applied - /Users/antont/ansible_deckhouse/virtualization-full/tests/e2e/importer_network_policy_test.go:102 @ 10/13/25 19:21:54.686 (16m42.586s)&#xA;&gt; Enter [AfterEach] ImporterNetworkPolicy - /Users/antont/ansible_deckhouse/virtualization-full/tests/e2e/importer_network_policy_test.go:54 @ 10/13/25 19:21:54.686&#xA;&lt; Exit [AfterEach] ImporterNetworkPolicy - /Users/antont/ansible_deckhouse/virtualization-full/tests/e2e/importer_network_policy_test.go:54 @ 10/13/25 19:22:02.87 (8.184s)&#xA;&gt; Enter [AfterAll] ImporterNetworkPolicy - /Users/antont/ansible_deckhouse/virtualization-full/tests/e2e/importer_network_policy_test.go:49 @ 10/13/25 19:22:02.87&#xA;STEP: Delete manifests - /Users/antont/ansible_deckhouse/virtualization-full/tests/e2e/importer_network_policy_test.go:50 @ 10/13/25 19:22:02.87&#xA;STEP: Response on deletion request should be successful - /Users/antont/ansible_deckhouse/virtualization-full/tests/e2e/util_test.go:604 @ 10/13/25 19:22:02.87&#xA;END STEP: Response on deletion request should be successful - /Users/antont/ansible_deckhouse/virtualization-full/tests/e2e/util_test.go:604 @ 10/13/25 19:22:05.022 (2.152s)&#xA;&lt; Exit [AfterAll] ImporterNetworkPolicy - /Users/antont/ansible_deckhouse/virtualization-full/tests/e2e/importer_network_policy_test.go:49 @ 10/13/25 19:22:05.022 (2.152s)&#xA;</system-err>
          </testcase>
          <testcase name="[It] ImporterNetworkPolicy When resources are applied When virtual machines are applied" classname="Tests" status="skipped" time="0">
              <skipped message="skipped - Spec skipped because an earlier spec in an ordered container failed"></skipped>
              <system-err>[SKIPPED] Spec skipped because an earlier spec in an ordered container failed&#xA;In [It] at: /Users/antont/ansible_deckhouse/virtualization-full/tests/e2e/importer_network_policy_test.go:103 @ 10/13/25 19:22:05.023&#xA;</system-err>
          </testcase>
          <testcase name="[It] [sig-storage] StorageClassMigration should be successful when only root disk changed storage class [SIG-Storage]" classname="Tests" status="skipped" time="0.000241083">
              <skipped message="skipped - This test case is not working everytime. Should be fixed."></skipped>
              <system-err>&gt; Enter [BeforeEach] [sig-storage] StorageClassMigration - /Users/antont/ansible_deckhouse/virtualization-full/tests/e2e/storage/volume_migration_storage_class_changed.go:48 @ 10/13/25 19:22:05.023&#xA;[SKIPPED] This test case is not working everytime. Should be fixed.&#xA;In [BeforeEach] at: /Users/antont/ansible_deckhouse/virtualization-full/tests/e2e/storage/volume_migration_storage_class_changed.go:50 @ 10/13/25 19:22:05.023&#xA;&lt; Exit [BeforeEach] [sig-storage] StorageClassMigration - /Users/antont/ansible_deckhouse/virtualization-full/tests/e2e/storage/volume_migration_storage_class_changed.go:48 @ 10/13/25 19:22:05.023 (0s)&#xA;</system-err>
          </testcase>
          <testcase name="[It] [sig-storage] StorageClassMigration should be successful when root disk changed storage class and one local additional disk [SIG-Storage]" classname="Tests" status="skipped" time="0.000176584">
              <skipped message="skipped - This test case is not working everytime. Should be fixed."></skipped>
              <system-err>&gt; Enter [BeforeEach] [sig-storage] StorageClassMigration - /Users/antont/ansible_deckhouse/virtualization-full/tests/e2e/storage/volume_migration_storage_class_changed.go:48 @ 10/13/25 19:22:05.023&#xA;[SKIPPED] This test case is not working everytime. Should be fixed.&#xA;In [BeforeEach] at: /Users/antont/ansible_deckhouse/virtualization-full/tests/e2e/storage/volume_migration_storage_class_changed.go:50 @ 10/13/25 19:22:05.023&#xA;&lt; Exit [BeforeEach] [sig-storage] StorageClassMigration - /Users/antont/ansible_deckhouse/virtualization-full/tests/e2e/storage/volume_migration_storage_class_changed.go:48 @ 10/13/25 19:22:05.023 (0s)&#xA;</system-err>
          </testcase>
          <testcase name="[It] [sig-storage] StorageClassMigration should be successful when root disk changed storage class and one additional disk [SIG-Storage]" classname="Tests" status="skipped" time="0.000185583">
              <skipped message="skipped - This test case is not working everytime. Should be fixed."></skipped>
              <system-err>&gt; Enter [BeforeEach] [sig-storage] StorageClassMigration - /Users/antont/ansible_deckhouse/virtualization-full/tests/e2e/storage/volume_migration_storage_class_changed.go:48 @ 10/13/25 19:22:05.023&#xA;[SKIPPED] This test case is not working everytime. Should be fixed.&#xA;In [BeforeEach] at: /Users/antont/ansible_deckhouse/virtualization-full/tests/e2e/storage/volume_migration_storage_class_changed.go:50 @ 10/13/25 19:22:05.024&#xA;&lt; Exit [BeforeEach] [sig-storage] StorageClassMigration - /Users/antont/ansible_deckhouse/virtualization-full/tests/e2e/storage/volume_migration_storage_class_changed.go:48 @ 10/13/25 19:22:05.024 (0s)&#xA;</system-err>
          </testcase>
          <testcase name="[It] [sig-storage] StorageClassMigration should be successful when only additional disk changed storage class [SIG-Storage]" classname="Tests" status="skipped" time="0.000141791">
              <skipped message="skipped - This test case is not working everytime. Should be fixed."></skipped>
              <system-err>&gt; Enter [BeforeEach] [sig-storage] StorageClassMigration - /Users/antont/ansible_deckhouse/virtualization-full/tests/e2e/storage/volume_migration_storage_class_changed.go:48 @ 10/13/25 19:22:05.024&#xA;[SKIPPED] This test case is not working everytime. Should be fixed.&#xA;In [BeforeEach] at: /Users/antont/ansible_deckhouse/virtualization-full/tests/e2e/storage/volume_migration_storage_class_changed.go:50 @ 10/13/25 19:22:05.024&#xA;&lt; Exit [BeforeEach] [sig-storage] StorageClassMigration - /Users/antont/ansible_deckhouse/virtualization-full/tests/e2e/storage/volume_migration_storage_class_changed.go:48 @ 10/13/25 19:22:05.024 (0s)&#xA;</system-err>
          </testcase>
          <testcase name="[It] [sig-storage] StorageClassMigration should be reverted when only root disk changed storage class [SIG-Storage]" classname="Tests" status="skipped" time="0.000107375">
              <skipped message="skipped - This test case is not working everytime. Should be fixed."></skipped>
              <system-err>&gt; Enter [BeforeEach] [sig-storage] StorageClassMigration - /Users/antont/ansible_deckhouse/virtualization-full/tests/e2e/storage/volume_migration_storage_class_changed.go:48 @ 10/13/25 19:22:05.024&#xA;[SKIPPED] This test case is not working everytime. Should be fixed.&#xA;In [BeforeEach] at: /Users/antont/ansible_deckhouse/virtualization-full/tests/e2e/storage/volume_migration_storage_class_changed.go:50 @ 10/13/25 19:22:05.024&#xA;&lt; Exit [BeforeEach] [sig-storage] StorageClassMigration - /Users/antont/ansible_deckhouse/virtualization-full/tests/e2e/storage/volume_migration_storage_class_changed.go:48 @ 10/13/25 19:22:05.024 (0s)&#xA;</system-err>
          </testcase>
          <testcase name="[It] [sig-storage] StorageClassMigration should be reverted when root disk changed storage class and one local additional disk [SIG-Storage]" classname="Tests" status="skipped" time="0.000115792">
              <skipped message="skipped - This test case is not working everytime. Should be fixed."></skipped>
              <system-err>&gt; Enter [BeforeEach] [sig-storage] StorageClassMigration - /Users/antont/ansible_deckhouse/virtualization-full/tests/e2e/storage/volume_migration_storage_class_changed.go:48 @ 10/13/25 19:22:05.024&#xA;[SKIPPED] This test case is not working everytime. Should be fixed.&#xA;In [BeforeEach] at: /Users/antont/ansible_deckhouse/virtualization-full/tests/e2e/storage/volume_migration_storage_class_changed.go:50 @ 10/13/25 19:22:05.024&#xA;&lt; Exit [BeforeEach] [sig-storage] StorageClassMigration - /Users/antont/ansible_deckhouse/virtualization-full/tests/e2e/storage/volume_migration_storage_class_changed.go:48 @ 10/13/25 19:22:05.024 (0s)&#xA;</system-err>
          </testcase>
          <testcase name="[It] [sig-storage] StorageClassMigration should be reverted when root disk changed storage class and one additional disk [SIG-Storage]" classname="Tests" status="skipped" time="8.675e-05">
              <skipped message="skipped - This test case is not working everytime. Should be fixed."></skipped>
              <system-err>&gt; Enter [BeforeEach] [sig-storage] StorageClassMigration - /Users/antont/ansible_deckhouse/virtualization-full/tests/e2e/storage/volume_migration_storage_class_changed.go:48 @ 10/13/25 19:22:05.024&#xA;[SKIPPED] This test case is not working everytime. Should be fixed.&#xA;In [BeforeEach] at: /Users/antont/ansible_deckhouse/virtualization-full/tests/e2e/storage/volume_migration_storage_class_changed.go:50 @ 10/13/25 19:22:05.024&#xA;&lt; Exit [BeforeEach] [sig-storage] StorageClassMigration - /Users/antont/ansible_deckhouse/virtualization-full/tests/e2e/storage/volume_migration_storage_class_changed.go:48 @ 10/13/25 19:22:05.025 (0s)&#xA;</system-err>
          </testcase>
          <testcase name="[It] [sig-storage] StorageClassMigration should be reverted when only additional disk changed storage class [SIG-Storage]" classname="Tests" status="skipped" time="0.000132042">
              <skipped message="skipped - This test case is not working everytime. Should be fixed."></skipped>
              <system-err>&gt; Enter [BeforeEach] [sig-storage] StorageClassMigration - /Users/antont/ansible_deckhouse/virtualization-full/tests/e2e/storage/volume_migration_storage_class_changed.go:48 @ 10/13/25 19:22:05.025&#xA;[SKIPPED] This test case is not working everytime. Should be fixed.&#xA;In [BeforeEach] at: /Users/antont/ansible_deckhouse/virtualization-full/tests/e2e/storage/volume_migration_storage_class_changed.go:50 @ 10/13/25 19:22:05.025&#xA;&lt; Exit [BeforeEach] [sig-storage] StorageClassMigration - /Users/antont/ansible_deckhouse/virtualization-full/tests/e2e/storage/volume_migration_storage_class_changed.go:48 @ 10/13/25 19:22:05.025 (0s)&#xA;</system-err>
          </testcase>
          <testcase name="[It] [sig-storage] StorageClassMigration should be successful two migrations in a row [SIG-Storage]" classname="Tests" status="skipped" time="0.000198458">
              <skipped message="skipped - This test case is not working everytime. Should be fixed."></skipped>
              <system-err>&gt; Enter [BeforeEach] [sig-storage] StorageClassMigration - /Users/antont/ansible_deckhouse/virtualization-full/tests/e2e/storage/volume_migration_storage_class_changed.go:48 @ 10/13/25 19:22:05.025&#xA;[SKIPPED] This test case is not working everytime. Should be fixed.&#xA;In [BeforeEach] at: /Users/antont/ansible_deckhouse/virtualization-full/tests/e2e/storage/volume_migration_storage_class_changed.go:50 @ 10/13/25 19:22:05.025&#xA;&lt; Exit [BeforeEach] [sig-storage] StorageClassMigration - /Users/antont/ansible_deckhouse/virtualization-full/tests/e2e/storage/volume_migration_storage_class_changed.go:48 @ 10/13/25 19:22:05.025 (0s)&#xA;</system-err>
          </testcase>
          <testcase name="[It] VirtualMachineAdditionalNetworkInterfaces When resources are applied result should be succeeded [SIG-Migration]" classname="Tests" status="skipped" time="0.116910958">
              <skipped message="skipped - Module SDN is disabled. Skipping all tests for module SDN."></skipped>
              <system-err>&gt; Enter [BeforeAll] VirtualMachineAdditionalNetworkInterfaces - /Users/antont/ansible_deckhouse/virtualization-full/tests/e2e/vm_vpc_test.go:47 @ 10/13/25 19:22:05.025&#xA;[SKIPPED] Module SDN is disabled. Skipping all tests for module SDN.&#xA;In [BeforeAll] at: /Users/antont/ansible_deckhouse/virtualization-full/tests/e2e/vm_vpc_test.go:50 @ 10/13/25 19:22:05.142&#xA;&lt; Exit [BeforeAll] VirtualMachineAdditionalNetworkInterfaces - /Users/antont/ansible_deckhouse/virtualization-full/tests/e2e/vm_vpc_test.go:47 @ 10/13/25 19:22:05.142 (117ms)&#xA;&gt; Enter [AfterAll] VirtualMachineAdditionalNetworkInterfaces - /Users/antont/ansible_deckhouse/virtualization-full/tests/e2e/vm_vpc_test.go:60 @ 10/13/25 19:22:05.142&#xA;&lt; Exit [AfterAll] VirtualMachineAdditionalNetworkInterfaces - /Users/antont/ansible_deckhouse/virtualization-full/tests/e2e/vm_vpc_test.go:60 @ 10/13/25 19:22:05.142 (0s)&#xA;</system-err>
          </testcase>
          <testcase name="[It] VirtualMachineAdditionalNetworkInterfaces When virtual machines are applied checks VMs phases [SIG-Migration]" classname="Tests" status="skipped" time="0">
              <skipped message="skipped - Spec skipped because Skip() was called in BeforeAll"></skipped>
              <system-err>[SKIPPED] Spec skipped because Skip() was called in BeforeAll&#xA;In [It] at: /Users/antont/ansible_deckhouse/virtualization-full/tests/e2e/vm_vpc_test.go:90 @ 10/13/25 19:22:05.142&#xA;</system-err>
          </testcase>
          <testcase name="[It] VirtualMachineAdditionalNetworkInterfaces When virtual machines are applied checks network availability [SIG-Migration]" classname="Tests" status="skipped" time="0">
              <skipped message="skipped - Spec skipped because Skip() was called in BeforeAll"></skipped>
              <system-err>[SKIPPED] Spec skipped because Skip() was called in BeforeAll&#xA;In [It] at: /Users/antont/ansible_deckhouse/virtualization-full/tests/e2e/vm_vpc_test.go:98 @ 10/13/25 19:22:05.143&#xA;</system-err>
          </testcase>
          <testcase name="[It] VirtualMachineAdditionalNetworkInterfaces When virtual machine agents and network are ready starts migrations [SIG-Migration]" classname="Tests" status="skipped" time="0">
              <skipped message="skipped - Spec skipped because Skip() was called in BeforeAll"></skipped>
              <system-err>[SKIPPED] Spec skipped because Skip() was called in BeforeAll&#xA;In [It] at: /Users/antont/ansible_deckhouse/virtualization-full/tests/e2e/vm_vpc_test.go:111 @ 10/13/25 19:22:05.143&#xA;</system-err>
          </testcase>
          <testcase name="[It] VirtualMachineAdditionalNetworkInterfaces When VMs migrations are applied checks VMs and VMOPs phases [SIG-Migration]" classname="Tests" status="skipped" time="0">
              <skipped message="skipped - Spec skipped because Skip() was called in BeforeAll"></skipped>
              <system-err>[SKIPPED] Spec skipped because Skip() was called in BeforeAll&#xA;In [It] at: /Users/antont/ansible_deckhouse/virtualization-full/tests/e2e/vm_vpc_test.go:125 @ 10/13/25 19:22:05.143&#xA;</system-err>
          </testcase>
          <testcase name="[It] VirtualMachineAdditionalNetworkInterfaces When VMs migrations are applied checks VMs external connection after migrations [SIG-Migration]" classname="Tests" status="skipped" time="0">
              <skipped message="skipped - Spec skipped because Skip() was called in BeforeAll"></skipped>
              <system-err>[SKIPPED] Spec skipped because Skip() was called in BeforeAll&#xA;In [It] at: /Users/antont/ansible_deckhouse/virtualization-full/tests/e2e/vm_vpc_test.go:141 @ 10/13/25 19:22:05.143&#xA;</system-err>
          </testcase>
          <testcase name="[It] VirtualMachineAdditionalNetworkInterfaces When VMs migrations are applied checks network availability after migrations [SIG-Migration]" classname="Tests" status="skipped" time="0">
              <skipped message="skipped - Spec skipped because Skip() was called in BeforeAll"></skipped>
              <system-err>[SKIPPED] Spec skipped because Skip() was called in BeforeAll&#xA;In [It] at: /Users/antont/ansible_deckhouse/virtualization-full/tests/e2e/vm_vpc_test.go:156 @ 10/13/25 19:22:05.143&#xA;</system-err>
          </testcase>
          <testcase name="[It] VirtualMachineAdditionalNetworkInterfaces When test is completed deletes test case resources [SIG-Migration]" classname="Tests" status="skipped" time="0">
              <skipped message="skipped - Spec skipped because Skip() was called in BeforeAll"></skipped>
              <system-err>[SKIPPED] Spec skipped because Skip() was called in BeforeAll&#xA;In [It] at: /Users/antont/ansible_deckhouse/virtualization-full/tests/e2e/vm_vpc_test.go:169 @ 10/13/25 19:22:05.143&#xA;</system-err>
          </testcase>
          <testcase name="[It] VirtualMachineMigration When resources are applied result should be succeeded [SIG-Migration]" classname="Tests" status="passed" time="7.661785334">
              <system-err>&gt; Enter [BeforeAll] VirtualMachineMigration - /Users/antont/ansible_deckhouse/virtualization-full/tests/e2e/vm_migration_test.go:36 @ 10/13/25 19:22:05.144&#xA;&lt; Exit [BeforeAll] VirtualMachineMigration - /Users/antont/ansible_deckhouse/virtualization-full/tests/e2e/vm_migration_test.go:36 @ 10/13/25 19:22:07.118 (1.974s)&#xA;&gt; Enter [It] result should be succeeded - /Users/antont/ansible_deckhouse/virtualization-full/tests/e2e/vm_migration_test.go:52 @ 10/13/25 19:22:07.118&#xA;&lt; Exit [It] result should be succeeded - /Users/antont/ansible_deckhouse/virtualization-full/tests/e2e/vm_migration_test.go:52 @ 10/13/25 19:22:12.805 (5.688s)&#xA;&gt; Enter [AfterEach] VirtualMachineMigration - /Users/antont/ansible_deckhouse/virtualization-full/tests/e2e/vm_migration_test.go:45 @ 10/13/25 19:22:12.805&#xA;&lt; Exit [AfterEach] VirtualMachineMigration - /Users/antont/ansible_deckhouse/virtualization-full/tests/e2e/vm_migration_test.go:45 @ 10/13/25 19:22:12.805 (0s)&#xA;</system-err>
          </testcase>
          <testcase name="[It] VirtualMachineMigration When virtual machines are applied checks VMs phases [SIG-Migration]" classname="Tests" status="failed" time="1013.400391333">
              <failure message="should observe resources in &#39;&#39;jsonpath={.status.phase}=Running&#39;&#39; state before 16m40s timeout&#xA;Expected&#xA;    &lt;[]string | len:2, cap:2&gt;: [&#xA;        &#34;cmd: kubectl wait virtualmachine.virtualization.deckhouse.io head-5073ae15-vm-migration-bios --namespace head-5073ae15-end-to-end-vm-migration --for=&#39;jsonpath={.status.phase}=Running&#39; --timeout=16m40s\nstderr: error: timed out waiting for the condition on virtualmachines/head-5073ae15-vm-migration-bios\n\nwaited for: &#39;jsonpath={.status.phase}=Running&#39;&#34;,&#xA;        &#34;cmd: kubectl wait virtualmachine.virtualization.deckhouse.io head-5073ae15-vm-migration-uefi --namespace head-5073ae15-end-to-end-vm-migration --for=&#39;jsonpath={.status.phase}=Running&#39; --timeout=16m40s\nstderr: error: timed out waiting for the condition on virtualmachines/head-5073ae15-vm-migration-uefi\n\nwaited for: &#39;jsonpath={.status.phase}=Running&#39;&#34;,&#xA;    ]&#xA;to be empty" type="failed">[FAILED] should observe resources in &#39;&#39;jsonpath={.status.phase}=Running&#39;&#39; state before 16m40s timeout&#xA;Expected&#xA;    &lt;[]string | len:2, cap:2&gt;: [&#xA;        &#34;cmd: kubectl wait virtualmachine.virtualization.deckhouse.io head-5073ae15-vm-migration-bios --namespace head-5073ae15-end-to-end-vm-migration --for=&#39;jsonpath={.status.phase}=Running&#39; --timeout=16m40s\nstderr: error: timed out waiting for the condition on virtualmachines/head-5073ae15-vm-migration-bios\n\nwaited for: &#39;jsonpath={.status.phase}=Running&#39;&#34;,&#xA;        &#34;cmd: kubectl wait virtualmachine.virtualization.deckhouse.io head-5073ae15-vm-migration-uefi --namespace head-5073ae15-end-to-end-vm-migration --for=&#39;jsonpath={.status.phase}=Running&#39; --timeout=16m40s\nstderr: error: timed out waiting for the condition on virtualmachines/head-5073ae15-vm-migration-uefi\n\nwaited for: &#39;jsonpath={.status.phase}=Running&#39;&#34;,&#xA;    ]&#xA;to be empty&#xA;In [It] at: /Users/antont/ansible_deckhouse/virtualization-full/tests/e2e/vm_migration_test.go:77 @ 10/13/25 19:38:55.327&#xA;</failure>
              <system-err>&gt; Enter [It] checks VMs phases - /Users/antont/ansible_deckhouse/virtualization-full/tests/e2e/vm_migration_test.go:75 @ 10/13/25 19:22:12.805&#xA;STEP: Virtual machine agents should be ready - /Users/antont/ansible_deckhouse/virtualization-full/tests/e2e/vm_migration_test.go:76 @ 10/13/25 19:22:12.806&#xA;[FAILED] should observe resources in &#39;&#39;jsonpath={.status.phase}=Running&#39;&#39; state before 16m40s timeout&#xA;Expected&#xA;    &lt;[]string | len:2, cap:2&gt;: [&#xA;        &#34;cmd: kubectl wait virtualmachine.virtualization.deckhouse.io head-5073ae15-vm-migration-bios --namespace head-5073ae15-end-to-end-vm-migration --for=&#39;jsonpath={.status.phase}=Running&#39; --timeout=16m40s\nstderr: error: timed out waiting for the condition on virtualmachines/head-5073ae15-vm-migration-bios\n\nwaited for: &#39;jsonpath={.status.phase}=Running&#39;&#34;,&#xA;        &#34;cmd: kubectl wait virtualmachine.virtualization.deckhouse.io head-5073ae15-vm-migration-uefi --namespace head-5073ae15-end-to-end-vm-migration --for=&#39;jsonpath={.status.phase}=Running&#39; --timeout=16m40s\nstderr: error: timed out waiting for the condition on virtualmachines/head-5073ae15-vm-migration-uefi\n\nwaited for: &#39;jsonpath={.status.phase}=Running&#39;&#34;,&#xA;    ]&#xA;to be empty&#xA;In [It] at: /Users/antont/ansible_deckhouse/virtualization-full/tests/e2e/vm_migration_test.go:77 @ 10/13/25 19:38:55.327&#xA;&lt; Exit [It] checks VMs phases - /Users/antont/ansible_deckhouse/virtualization-full/tests/e2e/vm_migration_test.go:75 @ 10/13/25 19:38:55.328 (16m42.477s)&#xA;&gt; Enter [AfterEach] VirtualMachineMigration - /Users/antont/ansible_deckhouse/virtualization-full/tests/e2e/vm_migration_test.go:45 @ 10/13/25 19:38:55.328&#xA;&lt; Exit [AfterEach] VirtualMachineMigration - /Users/antont/ansible_deckhouse/virtualization-full/tests/e2e/vm_migration_test.go:45 @ 10/13/25 19:39:06.251 (10.923s)&#xA;</system-err>
          </testcase>
          <testcase name="[It] VirtualMachineMigration When virtual machine agents are ready starts migrations [SIG-Migration]" classname="Tests" status="skipped" time="0">
              <skipped message="skipped - Spec skipped because an earlier spec in an ordered container failed"></skipped>
              <system-err>[SKIPPED] Spec skipped because an earlier spec in an ordered container failed&#xA;In [It] at: /Users/antont/ansible_deckhouse/virtualization-full/tests/e2e/vm_migration_test.go:86 @ 10/13/25 19:39:06.251&#xA;</system-err>
          </testcase>
          <testcase name="[It] VirtualMachineMigration When VMs migrations are applied checks VMs and VMOPs phases [SIG-Migration]" classname="Tests" status="skipped" time="0">
              <skipped message="skipped - Spec skipped because an earlier spec in an ordered container failed"></skipped>
              <system-err>[SKIPPED] Spec skipped because an earlier spec in an ordered container failed&#xA;In [It] at: /Users/antont/ansible_deckhouse/virtualization-full/tests/e2e/vm_migration_test.go:100 @ 10/13/25 19:39:06.251&#xA;</system-err>
          </testcase>
          <testcase name="[It] VirtualMachineMigration When VMs migrations are applied checks VMs external connection after migrations [SIG-Migration]" classname="Tests" status="skipped" time="0">
              <skipped message="skipped - Spec skipped because an earlier spec in an ordered container failed"></skipped>
              <system-err>[SKIPPED] Spec skipped because an earlier spec in an ordered container failed&#xA;In [It] at: /Users/antont/ansible_deckhouse/virtualization-full/tests/e2e/vm_migration_test.go:116 @ 10/13/25 19:39:06.251&#xA;</system-err>
          </testcase>
          <testcase name="[It] VirtualMachineMigration When test is completed deletes test case resources [SIG-Migration]" classname="Tests" status="skipped" time="0">
              <skipped message="skipped - Spec skipped because an earlier spec in an ordered container failed"></skipped>
              <system-err>[SKIPPED] Spec skipped because an earlier spec in an ordered container failed&#xA;In [It] at: /Users/antont/ansible_deckhouse/virtualization-full/tests/e2e/vm_migration_test.go:131 @ 10/13/25 19:39:06.251&#xA;</system-err>
          </testcase>
          <testcase name="[It] VirtualMachineLiveMigrationTCPSession checks TCP connection [SIG-Migration]" classname="Tests" status="skipped" time="0.000254583">
              <skipped message="skipped - This test case is not working everytime. Should be fixed."></skipped>
              <system-err>&gt; Enter [BeforeAll] VirtualMachineLiveMigrationTCPSession - /Users/antont/ansible_deckhouse/virtualization-full/tests/e2e/vm_live_migration_tcp_session_test.go:69 @ 10/13/25 19:39:06.251&#xA;[SKIPPED] This test case is not working everytime. Should be fixed.&#xA;In [BeforeAll] at: /Users/antont/ansible_deckhouse/virtualization-full/tests/e2e/vm_live_migration_tcp_session_test.go:73 @ 10/13/25 19:39:06.252&#xA;&lt; Exit [BeforeAll] VirtualMachineLiveMigrationTCPSession - /Users/antont/ansible_deckhouse/virtualization-full/tests/e2e/vm_live_migration_tcp_session_test.go:69 @ 10/13/25 19:39:06.252 (0s)&#xA;&gt; Enter [AfterEach] VirtualMachineLiveMigrationTCPSession - /Users/antont/ansible_deckhouse/virtualization-full/tests/e2e/vm_live_migration_tcp_session_test.go:79 @ 10/13/25 19:39:06.252&#xA;&lt; Exit [AfterEach] VirtualMachineLiveMigrationTCPSession - /Users/antont/ansible_deckhouse/virtualization-full/tests/e2e/vm_live_migration_tcp_session_test.go:79 @ 10/13/25 19:39:06.252 (0s)&#xA;&gt; Enter [AfterAll] VirtualMachineLiveMigrationTCPSession - /Users/antont/ansible_deckhouse/virtualization-full/tests/e2e/framework/framework.go:76 @ 10/13/25 19:39:06.252&#xA;&lt; Exit [AfterAll] VirtualMachineLiveMigrationTCPSession - /Users/antont/ansible_deckhouse/virtualization-full/tests/e2e/framework/framework.go:76 @ 10/13/25 19:39:06.252 (0s)&#xA;</system-err>
          </testcase>
          <testcase name="[It] VirtualMachineCancelMigration Cancel migrate [SIG-Migration]" classname="Tests" status="skipped" time="4.07546675">
              <skipped message="skipped - This test case is not working everytime. Should be fixed."></skipped>
              <system-err>&gt; Enter [BeforeAll] VirtualMachineCancelMigration - /Users/antont/ansible_deckhouse/virtualization-full/tests/e2e/vm_migration_cancel_test.go:39 @ 10/13/25 19:39:06.252&#xA;[SKIPPED] This test case is not working everytime. Should be fixed.&#xA;In [BeforeAll] at: /Users/antont/ansible_deckhouse/virtualization-full/tests/e2e/vm_migration_cancel_test.go:41 @ 10/13/25 19:39:06.252&#xA;&lt; Exit [BeforeAll] VirtualMachineCancelMigration - /Users/antont/ansible_deckhouse/virtualization-full/tests/e2e/vm_migration_cancel_test.go:39 @ 10/13/25 19:39:06.252 (0s)&#xA;&gt; Enter [AfterEach] VirtualMachineCancelMigration - /Users/antont/ansible_deckhouse/virtualization-full/tests/e2e/vm_migration_cancel_test.go:59 @ 10/13/25 19:39:06.252&#xA;STEP: Response on deletion request should be successful - /Users/antont/ansible_deckhouse/virtualization-full/tests/e2e/util_test.go:604 @ 10/13/25 19:39:06.252&#xA;END STEP: Response on deletion request should be successful - /Users/antont/ansible_deckhouse/virtualization-full/tests/e2e/util_test.go:604 @ 10/13/25 19:39:10.327 (4.075s)&#xA;&lt; Exit [AfterEach] VirtualMachineCancelMigration - /Users/antont/ansible_deckhouse/virtualization-full/tests/e2e/vm_migration_cancel_test.go:59 @ 10/13/25 19:39:10.327 (4.075s)&#xA;</system-err>
          </testcase>
          <testcase name="[It] VirtualDiskSnapshots When virtualization resources are applied: result should be succeeded" classname="Tests" status="failed" time="7.357660083">
              <failure message="immediate storage class cannot be nil; please set up the immediate storage class in the cluster&#xA;Expected&#xA;    &lt;*v1.StorageClass | 0x0&gt;: nil&#xA;not to be nil" type="failed">[FAILED] immediate storage class cannot be nil; please set up the immediate storage class in the cluster&#xA;Expected&#xA;    &lt;*v1.StorageClass | 0x0&gt;: nil&#xA;not to be nil&#xA;In [BeforeAll] at: /Users/antont/ansible_deckhouse/virtualization-full/tests/e2e/vd_snapshots_test.go:71 @ 10/13/25 19:39:11.847&#xA;</failure>
              <system-err>&gt; Enter [BeforeAll] VirtualDiskSnapshots - /Users/antont/ansible_deckhouse/virtualization-full/tests/e2e/vd_snapshots_test.go:55 @ 10/13/25 19:39:10.328&#xA;[FAILED] immediate storage class cannot be nil; please set up the immediate storage class in the cluster&#xA;Expected&#xA;    &lt;*v1.StorageClass | 0x0&gt;: nil&#xA;not to be nil&#xA;In [BeforeAll] at: /Users/antont/ansible_deckhouse/virtualization-full/tests/e2e/vd_snapshots_test.go:71 @ 10/13/25 19:39:11.847&#xA;&lt; Exit [BeforeAll] VirtualDiskSnapshots - /Users/antont/ansible_deckhouse/virtualization-full/tests/e2e/vd_snapshots_test.go:55 @ 10/13/25 19:39:11.847 (1.519s)&#xA;&gt; Enter [AfterEach] VirtualDiskSnapshots - /Users/antont/ansible_deckhouse/virtualization-full/tests/e2e/vd_snapshots_test.go:83 @ 10/13/25 19:39:11.847&#xA;The list of pods is empty; nothing to dump.&#xA;&lt; Exit [AfterEach] VirtualDiskSnapshots - /Users/antont/ansible_deckhouse/virtualization-full/tests/e2e/vd_snapshots_test.go:83 @ 10/13/25 19:39:17.685 (5.838s)&#xA;</system-err>
          </testcase>
          <testcase name="[It] VirtualDiskSnapshots When virtual images are applied: checks VIs phases" classname="Tests" status="skipped" time="0">
              <skipped message="skipped - Spec skipped because an earlier spec in an ordered container failed"></skipped>
              <system-err>[SKIPPED] Spec skipped because an earlier spec in an ordered container failed&#xA;In [It] at: /Users/antont/ansible_deckhouse/virtualization-full/tests/e2e/vd_snapshots_test.go:100 @ 10/13/25 19:39:17.686&#xA;</system-err>
          </testcase>
          <testcase name="[It] VirtualDiskSnapshots When virtual disks are applied: checks VDs phases" classname="Tests" status="skipped" time="0">
              <skipped message="skipped - Spec skipped because an earlier spec in an ordered container failed"></skipped>
              <system-err>[SKIPPED] Spec skipped because an earlier spec in an ordered container failed&#xA;In [It] at: /Users/antont/ansible_deckhouse/virtualization-full/tests/e2e/vd_snapshots_test.go:111 @ 10/13/25 19:39:17.686&#xA;</system-err>
          </testcase>
          <testcase name="[It] VirtualDiskSnapshots When virtual machines are applied: checks VMs phases" classname="Tests" status="skipped" time="0">
              <skipped message="skipped - Spec skipped because an earlier spec in an ordered container failed"></skipped>
              <system-err>[SKIPPED] Spec skipped because an earlier spec in an ordered container failed&#xA;In [It] at: /Users/antont/ansible_deckhouse/virtualization-full/tests/e2e/vd_snapshots_test.go:122 @ 10/13/25 19:39:17.686&#xA;</system-err>
          </testcase>
          <testcase name="[It] VirtualDiskSnapshots When virtual machine block device attachments are applied: checks VMBDAs phases" classname="Tests" status="skipped" time="0">
              <skipped message="skipped - Spec skipped because an earlier spec in an ordered container failed"></skipped>
              <system-err>[SKIPPED] Spec skipped because an earlier spec in an ordered container failed&#xA;In [It] at: /Users/antont/ansible_deckhouse/virtualization-full/tests/e2e/vd_snapshots_test.go:133 @ 10/13/25 19:39:17.686&#xA;</system-err>
          </testcase>
          <testcase name="[It] VirtualDiskSnapshots When unattached VDs in phase Ready: creates VDs snapshots with `requiredConsistency`" classname="Tests" status="skipped" time="0">
              <skipped message="skipped - Spec skipped because an earlier spec in an ordered container failed"></skipped>
              <system-err>[SKIPPED] Spec skipped because an earlier spec in an ordered container failed&#xA;In [It] at: /Users/antont/ansible_deckhouse/virtualization-full/tests/e2e/vd_snapshots_test.go:144 @ 10/13/25 19:39:17.686&#xA;</system-err>
          </testcase>
          <testcase name="[It] VirtualDiskSnapshots When unattached VDs in phase Ready: checks snapshots of unattached VDs" classname="Tests" status="skipped" time="0">
              <skipped message="skipped - Spec skipped because an earlier spec in an ordered container failed"></skipped>
              <system-err>[SKIPPED] Spec skipped because an earlier spec in an ordered container failed&#xA;In [It] at: /Users/antont/ansible_deckhouse/virtualization-full/tests/e2e/vd_snapshots_test.go:164 @ 10/13/25 19:39:17.686&#xA;</system-err>
          </testcase>
          <testcase name="[It] VirtualDiskSnapshots When virtual machines in Running phase creates snapshots with `requiredConsistency` of attached VDs" classname="Tests" status="skipped" time="0">
              <skipped message="skipped - Spec skipped because an earlier spec in an ordered container failed"></skipped>
              <system-err>[SKIPPED] Spec skipped because an earlier spec in an ordered container failed&#xA;In [It] at: /Users/antont/ansible_deckhouse/virtualization-full/tests/e2e/vd_snapshots_test.go:185 @ 10/13/25 19:39:17.686&#xA;</system-err>
          </testcase>
          <testcase name="[It] VirtualDiskSnapshots When virtual machines in Running phase creates `vdSnapshots` concurrently" classname="Tests" status="skipped" time="0">
              <skipped message="skipped - Spec skipped because an earlier spec in an ordered container failed"></skipped>
              <system-err>[SKIPPED] Spec skipped because an earlier spec in an ordered container failed&#xA;In [It] at: /Users/antont/ansible_deckhouse/virtualization-full/tests/e2e/vd_snapshots_test.go:229 @ 10/13/25 19:39:17.686&#xA;</system-err>
          </testcase>
          <testcase name="[It] VirtualDiskSnapshots When virtual machines in Running phase checks snapshots" classname="Tests" status="skipped" time="0">
              <skipped message="skipped - Spec skipped because an earlier spec in an ordered container failed"></skipped>
              <system-err>[SKIPPED] Spec skipped because an earlier spec in an ordered container failed&#xA;In [It] at: /Users/antont/ansible_deckhouse/virtualization-full/tests/e2e/vd_snapshots_test.go:290 @ 10/13/25 19:39:17.686&#xA;</system-err>
          </testcase>
          <testcase name="[It] VirtualDiskSnapshots When virtual machines in Running phase checks `FileSystemFrozen` status of VMs" classname="Tests" status="skipped" time="0">
              <skipped message="skipped - Spec skipped because an earlier spec in an ordered container failed"></skipped>
              <system-err>[SKIPPED] Spec skipped because an earlier spec in an ordered container failed&#xA;In [It] at: /Users/antont/ansible_deckhouse/virtualization-full/tests/e2e/vd_snapshots_test.go:341 @ 10/13/25 19:39:17.686&#xA;</system-err>
          </testcase>
          <testcase name="[It] VirtualDiskSnapshots When test is completed deletes test case resources" classname="Tests" status="skipped" time="0">
              <skipped message="skipped - Spec skipped because an earlier spec in an ordered container failed"></skipped>
              <system-err>[SKIPPED] Spec skipped because an earlier spec in an ordered container failed&#xA;In [It] at: /Users/antont/ansible_deckhouse/virtualization-full/tests/e2e/vd_snapshots_test.go:367 @ 10/13/25 19:39:17.686&#xA;</system-err>
          </testcase>
          <testcase name="[It] ImageHotplug When the virtualization resources are applied result should be succeeded" classname="Tests" status="failed" time="13.221741250000001">
              <failure message="Warning: resource namespaces/head-5073ae15-end-to-end-image-hotplug is missing the kubectl.kubernetes.io/last-applied-configuration annotation which is required by kubectl apply. kubectl apply should only be used on resources created declaratively by either kubectl create --save-config or kubectl apply. The missing annotation will be patched automatically.&#xA;Error from server (Forbidden): error when creating &#34;/tmp/testdata/image-hotplug&#34;: admission webhook &#34;vi.virtualization-controller.validate.d8-virtualization&#34; denied the request: the storage class &#34;linstor-thin-r2&#34; lacks of capabilities to support &#39;Virtual Images on PVC&#39; function; use StorageClass that supports volume mode &#39;Block&#39; and access mode &#39;ReadWriteMany&#39;&#xA;&#xA;Unexpected error:&#xA;    &lt;*exec.ExitError | 0x140004c1900&gt;: &#xA;    exit status 1&#xA;    {&#xA;        ProcessState: {&#xA;            pid: 48174,&#xA;            status: 256,&#xA;            rusage: {&#xA;                Utime: {&#xA;                    Sec: 0,&#xA;                    Usec: 234268,&#xA;                    Pad_cgo_0: [0, 0, 0, 0],&#xA;                },&#xA;                Stime: {&#xA;                    Sec: 0,&#xA;                    Usec: 41764,&#xA;                    Pad_cgo_0: [0, 0, 0, 0],&#xA;                },&#xA;                Maxrss: 70713344,&#xA;                Ixrss: 0,&#xA;                Idrss: 0,&#xA;                Isrss: 0,&#xA;                Minflt: 5126,&#xA;                Majflt: 3,&#xA;                Nswap: 0,&#xA;                Inblock: 0,&#xA;                Oublock: 0,&#xA;                Msgsnd: 48,&#xA;                Msgrcv: 62,&#xA;                Nsignals: 278,&#xA;                Nvcsw: 202,&#xA;                Nivcsw: 2888,&#xA;            },&#xA;        },&#xA;        Stderr: nil,&#xA;    }&#xA;occurred" type="failed">[FAILED] Warning: resource namespaces/head-5073ae15-end-to-end-image-hotplug is missing the kubectl.kubernetes.io/last-applied-configuration annotation which is required by kubectl apply. kubectl apply should only be used on resources created declaratively by either kubectl create --save-config or kubectl apply. The missing annotation will be patched automatically.&#xA;Error from server (Forbidden): error when creating &#34;/tmp/testdata/image-hotplug&#34;: admission webhook &#34;vi.virtualization-controller.validate.d8-virtualization&#34; denied the request: the storage class &#34;linstor-thin-r2&#34; lacks of capabilities to support &#39;Virtual Images on PVC&#39; function; use StorageClass that supports volume mode &#39;Block&#39; and access mode &#39;ReadWriteMany&#39;&#xA;&#xA;Unexpected error:&#xA;    &lt;*exec.ExitError | 0x140004c1900&gt;: &#xA;    exit status 1&#xA;    {&#xA;        ProcessState: {&#xA;            pid: 48174,&#xA;            status: 256,&#xA;            rusage: {&#xA;                Utime: {&#xA;                    Sec: 0,&#xA;                    Usec: 234268,&#xA;                    Pad_cgo_0: [0, 0, 0, 0],&#xA;                },&#xA;                Stime: {&#xA;                    Sec: 0,&#xA;                    Usec: 41764,&#xA;                    Pad_cgo_0: [0, 0, 0, 0],&#xA;                },&#xA;                Maxrss: 70713344,&#xA;                Ixrss: 0,&#xA;                Idrss: 0,&#xA;                Isrss: 0,&#xA;                Minflt: 5126,&#xA;                Majflt: 3,&#xA;                Nswap: 0,&#xA;                Inblock: 0,&#xA;                Oublock: 0,&#xA;                Msgsnd: 48,&#xA;                Msgrcv: 62,&#xA;                Nsignals: 278,&#xA;                Nvcsw: 202,&#xA;                Nivcsw: 2888,&#xA;            },&#xA;        },&#xA;        Stderr: nil,&#xA;    }&#xA;occurred&#xA;In [It] at: /Users/antont/ansible_deckhouse/virtualization-full/tests/e2e/image_hotplug_test.go:109 @ 10/13/25 19:39:24.91&#xA;</failure>
              <system-err>&gt; Enter [BeforeAll] ImageHotplug - /Users/antont/ansible_deckhouse/virtualization-full/tests/e2e/image_hotplug_test.go:54 @ 10/13/25 19:39:17.686&#xA;&lt; Exit [BeforeAll] ImageHotplug - /Users/antont/ansible_deckhouse/virtualization-full/tests/e2e/image_hotplug_test.go:54 @ 10/13/25 19:39:21.053 (3.367s)&#xA;&gt; Enter [It] result should be succeeded - /Users/antont/ansible_deckhouse/virtualization-full/tests/e2e/image_hotplug_test.go:77 @ 10/13/25 19:39:21.053&#xA;[FAILED] Warning: resource namespaces/head-5073ae15-end-to-end-image-hotplug is missing the kubectl.kubernetes.io/last-applied-configuration annotation which is required by kubectl apply. kubectl apply should only be used on resources created declaratively by either kubectl create --save-config or kubectl apply. The missing annotation will be patched automatically.&#xA;Error from server (Forbidden): error when creating &#34;/tmp/testdata/image-hotplug&#34;: admission webhook &#34;vi.virtualization-controller.validate.d8-virtualization&#34; denied the request: the storage class &#34;linstor-thin-r2&#34; lacks of capabilities to support &#39;Virtual Images on PVC&#39; function; use StorageClass that supports volume mode &#39;Block&#39; and access mode &#39;ReadWriteMany&#39;&#xA;&#xA;Unexpected error:&#xA;    &lt;*exec.ExitError | 0x140004c1900&gt;: &#xA;    exit status 1&#xA;    {&#xA;        ProcessState: {&#xA;            pid: 48174,&#xA;            status: 256,&#xA;            rusage: {&#xA;                Utime: {&#xA;                    Sec: 0,&#xA;                    Usec: 234268,&#xA;                    Pad_cgo_0: [0, 0, 0, 0],&#xA;                },&#xA;                Stime: {&#xA;                    Sec: 0,&#xA;                    Usec: 41764,&#xA;                    Pad_cgo_0: [0, 0, 0, 0],&#xA;                },&#xA;                Maxrss: 70713344,&#xA;                Ixrss: 0,&#xA;                Idrss: 0,&#xA;                Isrss: 0,&#xA;                Minflt: 5126,&#xA;                Majflt: 3,&#xA;                Nswap: 0,&#xA;                Inblock: 0,&#xA;                Oublock: 0,&#xA;                Msgsnd: 48,&#xA;                Msgrcv: 62,&#xA;                Nsignals: 278,&#xA;                Nvcsw: 202,&#xA;                Nivcsw: 2888,&#xA;            },&#xA;        },&#xA;        Stderr: nil,&#xA;    }&#xA;occurred&#xA;In [It] at: /Users/antont/ansible_deckhouse/virtualization-full/tests/e2e/image_hotplug_test.go:109 @ 10/13/25 19:39:24.91&#xA;&lt; Exit [It] result should be succeeded - /Users/antont/ansible_deckhouse/virtualization-full/tests/e2e/image_hotplug_test.go:77 @ 10/13/25 19:39:24.91 (3.857s)&#xA;&gt; Enter [AfterEach] ImageHotplug - /Users/antont/ansible_deckhouse/virtualization-full/tests/e2e/image_hotplug_test.go:70 @ 10/13/25 19:39:24.91&#xA;The list of pods is empty; nothing to dump.&#xA;&lt; Exit [AfterEach] ImageHotplug - /Users/antont/ansible_deckhouse/virtualization-full/tests/e2e/image_hotplug_test.go:70 @ 10/13/25 19:39:30.908 (5.998s)&#xA;</system-err>
          </testcase>
          <testcase name="[It] ImageHotplug When the virtualization resources are applied checks the resources phase" classname="Tests" status="skipped" time="0">
              <skipped message="skipped - Spec skipped because an earlier spec in an ordered container failed"></skipped>
              <system-err>[SKIPPED] Spec skipped because an earlier spec in an ordered container failed&#xA;In [It] at: /Users/antont/ansible_deckhouse/virtualization-full/tests/e2e/image_hotplug_test.go:112 @ 10/13/25 19:39:30.908&#xA;</system-err>
          </testcase>
          <testcase name="[It] ImageHotplug When the resources are ready to use retrieves the test objects" classname="Tests" status="skipped" time="0">
              <skipped message="skipped - Spec skipped because an earlier spec in an ordered container failed"></skipped>
              <system-err>[SKIPPED] Spec skipped because an earlier spec in an ordered container failed&#xA;In [It] at: /Users/antont/ansible_deckhouse/virtualization-full/tests/e2e/image_hotplug_test.go:147 @ 10/13/25 19:39:30.908&#xA;</system-err>
          </testcase>
          <testcase name="[It] ImageHotplug When the resources are ready to use retrieves the disk count before the images attachment" classname="Tests" status="skipped" time="0">
              <skipped message="skipped - Spec skipped because an earlier spec in an ordered container failed"></skipped>
              <system-err>[SKIPPED] Spec skipped because an earlier spec in an ordered container failed&#xA;In [It] at: /Users/antont/ansible_deckhouse/virtualization-full/tests/e2e/image_hotplug_test.go:190 @ 10/13/25 19:39:30.909&#xA;</system-err>
          </testcase>
          <testcase name="[It] ImageHotplug When the resources are ready to use attaches the images into the `VirtualMachine`" classname="Tests" status="skipped" time="0">
              <skipped message="skipped - Spec skipped because an earlier spec in an ordered container failed"></skipped>
              <system-err>[SKIPPED] Spec skipped because an earlier spec in an ordered container failed&#xA;In [It] at: /Users/antont/ansible_deckhouse/virtualization-full/tests/e2e/image_hotplug_test.go:196 @ 10/13/25 19:39:30.909&#xA;</system-err>
          </testcase>
          <testcase name="[It] ImageHotplug When the resources are ready to use checks the `VirtualMachine` and the `VirtualMachineBlockDeviceAttachments` phases" classname="Tests" status="skipped" time="0">
              <skipped message="skipped - Spec skipped because an earlier spec in an ordered container failed"></skipped>
              <system-err>[SKIPPED] Spec skipped because an earlier spec in an ordered container failed&#xA;In [It] at: /Users/antont/ansible_deckhouse/virtualization-full/tests/e2e/image_hotplug_test.go:204 @ 10/13/25 19:39:30.909&#xA;</system-err>
          </testcase>
          <testcase name="[It] ImageHotplug When the resources are ready to use compares the disk count before and after attachment" classname="Tests" status="skipped" time="0">
              <skipped message="skipped - Spec skipped because an earlier spec in an ordered container failed"></skipped>
              <system-err>[SKIPPED] Spec skipped because an earlier spec in an ordered container failed&#xA;In [It] at: /Users/antont/ansible_deckhouse/virtualization-full/tests/e2e/image_hotplug_test.go:224 @ 10/13/25 19:39:30.909&#xA;</system-err>
          </testcase>
          <testcase name="[It] ImageHotplug When the resources are ready to use checks that the `ISO` image is attached as `CD-ROM`" classname="Tests" status="skipped" time="0">
              <skipped message="skipped - Spec skipped because an earlier spec in an ordered container failed"></skipped>
              <system-err>[SKIPPED] Spec skipped because an earlier spec in an ordered container failed&#xA;In [It] at: /Users/antont/ansible_deckhouse/virtualization-full/tests/e2e/image_hotplug_test.go:236 @ 10/13/25 19:39:30.909&#xA;</system-err>
          </testcase>
          <testcase name="[It] ImageHotplug When the resources are ready to use check that the images are attached as the `ReadOnly` devices" classname="Tests" status="skipped" time="0">
              <skipped message="skipped - Spec skipped because an earlier spec in an ordered container failed"></skipped>
              <system-err>[SKIPPED] Spec skipped because an earlier spec in an ordered container failed&#xA;In [It] at: /Users/antont/ansible_deckhouse/virtualization-full/tests/e2e/image_hotplug_test.go:258 @ 10/13/25 19:39:30.909&#xA;</system-err>
          </testcase>
          <testcase name="[It] ImageHotplug When the resources are ready to use detaches the images" classname="Tests" status="skipped" time="0">
              <skipped message="skipped - Spec skipped because an earlier spec in an ordered container failed"></skipped>
              <system-err>[SKIPPED] Spec skipped because an earlier spec in an ordered container failed&#xA;In [It] at: /Users/antont/ansible_deckhouse/virtualization-full/tests/e2e/image_hotplug_test.go:284 @ 10/13/25 19:39:30.909&#xA;</system-err>
          </testcase>
          <testcase name="[It] ImageHotplug When the resources are ready to use compares the disk count after detachment" classname="Tests" status="skipped" time="0">
              <skipped message="skipped - Spec skipped because an earlier spec in an ordered container failed"></skipped>
              <system-err>[SKIPPED] Spec skipped because an earlier spec in an ordered container failed&#xA;In [It] at: /Users/antont/ansible_deckhouse/virtualization-full/tests/e2e/image_hotplug_test.go:294 @ 10/13/25 19:39:30.909&#xA;</system-err>
          </testcase>
          <testcase name="[It] ImageHotplug When test is completed deletes test case resources" classname="Tests" status="skipped" time="0">
              <skipped message="skipped - Spec skipped because an earlier spec in an ordered container failed"></skipped>
              <system-err>[SKIPPED] Spec skipped because an earlier spec in an ordered container failed&#xA;In [It] at: /Users/antont/ansible_deckhouse/virtualization-full/tests/e2e/image_hotplug_test.go:309 @ 10/13/25 19:39:30.909&#xA;</system-err>
          </testcase>
          <testcase name="[It] VirtualMachineConnectivity When resources are applied result should be succeeded" classname="Tests" status="passed" time="5.298816916">
              <system-err>&gt; Enter [BeforeAll] VirtualMachineConnectivity - /Users/antont/ansible_deckhouse/virtualization-full/tests/e2e/vm_connectivity_test.go:57 @ 10/13/25 19:39:30.909&#xA;&lt; Exit [BeforeAll] VirtualMachineConnectivity - /Users/antont/ansible_deckhouse/virtualization-full/tests/e2e/vm_connectivity_test.go:57 @ 10/13/25 19:39:32.384 (1.475s)&#xA;&gt; Enter [It] result should be succeeded - /Users/antont/ansible_deckhouse/virtualization-full/tests/e2e/vm_connectivity_test.go:73 @ 10/13/25 19:39:32.384&#xA;&lt; Exit [It] result should be succeeded - /Users/antont/ansible_deckhouse/virtualization-full/tests/e2e/vm_connectivity_test.go:73 @ 10/13/25 19:39:36.208 (3.824s)&#xA;&gt; Enter [AfterEach] VirtualMachineConnectivity - /Users/antont/ansible_deckhouse/virtualization-full/tests/e2e/vm_connectivity_test.go:66 @ 10/13/25 19:39:36.208&#xA;&lt; Exit [AfterEach] VirtualMachineConnectivity - /Users/antont/ansible_deckhouse/virtualization-full/tests/e2e/vm_connectivity_test.go:66 @ 10/13/25 19:39:36.208 (0s)&#xA;</system-err>
          </testcase>
          <testcase name="[It] VirtualMachineConnectivity When virtual images are applied checks VIs phases" classname="Tests" status="passed" time="13.914496542">
              <system-err>&gt; Enter [It] checks VIs phases - /Users/antont/ansible_deckhouse/virtualization-full/tests/e2e/vm_connectivity_test.go:96 @ 10/13/25 19:39:36.208&#xA;STEP: VIs should be in Ready phases - /Users/antont/ansible_deckhouse/virtualization-full/tests/e2e/vm_connectivity_test.go:97 @ 10/13/25 19:39:36.208&#xA;&lt; Exit [It] checks VIs phases - /Users/antont/ansible_deckhouse/virtualization-full/tests/e2e/vm_connectivity_test.go:96 @ 10/13/25 19:39:50.123 (13.914s)&#xA;&gt; Enter [AfterEach] VirtualMachineConnectivity - /Users/antont/ansible_deckhouse/virtualization-full/tests/e2e/vm_connectivity_test.go:66 @ 10/13/25 19:39:50.123&#xA;&lt; Exit [AfterEach] VirtualMachineConnectivity - /Users/antont/ansible_deckhouse/virtualization-full/tests/e2e/vm_connectivity_test.go:66 @ 10/13/25 19:39:50.123 (0s)&#xA;</system-err>
          </testcase>
          <testcase name="[It] VirtualMachineConnectivity When virtual disks are applied checks VDs phases" classname="Tests" status="failed" time="1013.020444042">
              <failure message="should observe resources in &#39;&#39;jsonpath={.status.phase}=Ready&#39;&#39; state before 16m40s timeout&#xA;Expected&#xA;    &lt;[]string | len:2, cap:2&gt;: [&#xA;        &#34;cmd: kubectl wait virtualdisks.virtualization.deckhouse.io head-5073ae15-vd-connectivity-b --namespace head-5073ae15-end-to-end-connectivity --for=&#39;jsonpath={.status.phase}=Ready&#39; --timeout=16m40s\nstderr: error: timed out waiting for the condition on virtualdisks/head-5073ae15-vd-connectivity-b\n\nwaited for: &#39;jsonpath={.status.phase}=Ready&#39;&#34;,&#xA;        &#34;cmd: kubectl wait virtualdisks.virtualization.deckhouse.io head-5073ae15-vd-connectivity-a --namespace head-5073ae15-end-to-end-connectivity --for=&#39;jsonpath={.status.phase}=Ready&#39; --timeout=16m40s\nstderr: error: timed out waiting for the condition on virtualdisks/head-5073ae15-vd-connectivity-a\n\nwaited for: &#39;jsonpath={.status.phase}=Ready&#39;&#34;,&#xA;    ]&#xA;to be empty" type="failed">[FAILED] should observe resources in &#39;&#39;jsonpath={.status.phase}=Ready&#39;&#39; state before 16m40s timeout&#xA;Expected&#xA;    &lt;[]string | len:2, cap:2&gt;: [&#xA;        &#34;cmd: kubectl wait virtualdisks.virtualization.deckhouse.io head-5073ae15-vd-connectivity-b --namespace head-5073ae15-end-to-end-connectivity --for=&#39;jsonpath={.status.phase}=Ready&#39; --timeout=16m40s\nstderr: error: timed out waiting for the condition on virtualdisks/head-5073ae15-vd-connectivity-b\n\nwaited for: &#39;jsonpath={.status.phase}=Ready&#39;&#34;,&#xA;        &#34;cmd: kubectl wait virtualdisks.virtualization.deckhouse.io head-5073ae15-vd-connectivity-a --namespace head-5073ae15-end-to-end-connectivity --for=&#39;jsonpath={.status.phase}=Ready&#39; --timeout=16m40s\nstderr: error: timed out waiting for the condition on virtualdisks/head-5073ae15-vd-connectivity-a\n\nwaited for: &#39;jsonpath={.status.phase}=Ready&#39;&#34;,&#xA;    ]&#xA;to be empty&#xA;In [It] at: /Users/antont/ansible_deckhouse/virtualization-full/tests/e2e/vm_connectivity_test.go:109 @ 10/13/25 19:56:32.295&#xA;</failure>
              <system-err>&gt; Enter [It] checks VDs phases - /Users/antont/ansible_deckhouse/virtualization-full/tests/e2e/vm_connectivity_test.go:107 @ 10/13/25 19:39:50.123&#xA;STEP: VDs should be in Ready phase - /Users/antont/ansible_deckhouse/virtualization-full/tests/e2e/vm_connectivity_test.go:108 @ 10/13/25 19:39:50.123&#xA;[FAILED] should observe resources in &#39;&#39;jsonpath={.status.phase}=Ready&#39;&#39; state before 16m40s timeout&#xA;Expected&#xA;    &lt;[]string | len:2, cap:2&gt;: [&#xA;        &#34;cmd: kubectl wait virtualdisks.virtualization.deckhouse.io head-5073ae15-vd-connectivity-b --namespace head-5073ae15-end-to-end-connectivity --for=&#39;jsonpath={.status.phase}=Ready&#39; --timeout=16m40s\nstderr: error: timed out waiting for the condition on virtualdisks/head-5073ae15-vd-connectivity-b\n\nwaited for: &#39;jsonpath={.status.phase}=Ready&#39;&#34;,&#xA;        &#34;cmd: kubectl wait virtualdisks.virtualization.deckhouse.io head-5073ae15-vd-connectivity-a --namespace head-5073ae15-end-to-end-connectivity --for=&#39;jsonpath={.status.phase}=Ready&#39; --timeout=16m40s\nstderr: error: timed out waiting for the condition on virtualdisks/head-5073ae15-vd-connectivity-a\n\nwaited for: &#39;jsonpath={.status.phase}=Ready&#39;&#34;,&#xA;    ]&#xA;to be empty&#xA;In [It] at: /Users/antont/ansible_deckhouse/virtualization-full/tests/e2e/vm_connectivity_test.go:109 @ 10/13/25 19:56:32.295&#xA;&lt; Exit [It] checks VDs phases - /Users/antont/ansible_deckhouse/virtualization-full/tests/e2e/vm_connectivity_test.go:107 @ 10/13/25 19:56:32.295 (16m42.136s)&#xA;&gt; Enter [AfterEach] VirtualMachineConnectivity - /Users/antont/ansible_deckhouse/virtualization-full/tests/e2e/vm_connectivity_test.go:66 @ 10/13/25 19:56:32.296&#xA;&lt; Exit [AfterEach] VirtualMachineConnectivity - /Users/antont/ansible_deckhouse/virtualization-full/tests/e2e/vm_connectivity_test.go:66 @ 10/13/25 19:56:43.18 (10.884s)&#xA;</system-err>
          </testcase>
          <testcase name="[It] VirtualMachineConnectivity When virtual machines are applied checks VMs phases" classname="Tests" status="skipped" time="0">
              <skipped message="skipped - Spec skipped because an earlier spec in an ordered container failed"></skipped>
              <system-err>[SKIPPED] Spec skipped because an earlier spec in an ordered container failed&#xA;In [It] at: /Users/antont/ansible_deckhouse/virtualization-full/tests/e2e/vm_connectivity_test.go:118 @ 10/13/25 19:56:43.18&#xA;</system-err>
          </testcase>
          <testcase name="[It] VirtualMachineConnectivity When run curl-helper status should be in Running phase" classname="Tests" status="skipped" time="0">
              <skipped message="skipped - Spec skipped because an earlier spec in an ordered container failed"></skipped>
              <system-err>[SKIPPED] Spec skipped because an earlier spec in an ordered container failed&#xA;In [It] at: /Users/antont/ansible_deckhouse/virtualization-full/tests/e2e/vm_connectivity_test.go:129 @ 10/13/25 19:56:43.18&#xA;</system-err>
          </testcase>
          <testcase name="[It] VirtualMachineConnectivity When virtual machine agents are ready gets VMs and SVCs objects" classname="Tests" status="skipped" time="0">
              <skipped message="skipped - Spec skipped because an earlier spec in an ordered container failed"></skipped>
              <system-err>[SKIPPED] Spec skipped because an earlier spec in an ordered container failed&#xA;In [It] at: /Users/antont/ansible_deckhouse/virtualization-full/tests/e2e/vm_connectivity_test.go:142 @ 10/13/25 19:56:43.18&#xA;</system-err>
          </testcase>
          <testcase name="[It] VirtualMachineConnectivity When virtual machine agents are ready check ssh connection via `d8 v` to VMs" classname="Tests" status="skipped" time="0">
              <skipped message="skipped - Spec skipped because an earlier spec in an ordered container failed"></skipped>
              <system-err>[SKIPPED] Spec skipped because an earlier spec in an ordered container failed&#xA;In [It] at: /Users/antont/ansible_deckhouse/virtualization-full/tests/e2e/vm_connectivity_test.go:166 @ 10/13/25 19:56:43.18&#xA;</system-err>
          </testcase>
          <testcase name="[It] VirtualMachineConnectivity When virtual machine agents are ready checks VMs connection to external network" classname="Tests" status="skipped" time="0">
              <skipped message="skipped - Spec skipped because an earlier spec in an ordered container failed"></skipped>
              <system-err>[SKIPPED] Spec skipped because an earlier spec in an ordered container failed&#xA;In [It] at: /Users/antont/ansible_deckhouse/virtualization-full/tests/e2e/vm_connectivity_test.go:174 @ 10/13/25 19:56:43.181&#xA;</system-err>
          </testcase>
          <testcase name="[It] VirtualMachineConnectivity When virtual machine agents are ready check nginx status via `d8 v` on VMs" classname="Tests" status="skipped" time="0">
              <skipped message="skipped - Spec skipped because an earlier spec in an ordered container failed"></skipped>
              <system-err>[SKIPPED] Spec skipped because an earlier spec in an ordered container failed&#xA;In [It] at: /Users/antont/ansible_deckhouse/virtualization-full/tests/e2e/vm_connectivity_test.go:179 @ 10/13/25 19:56:43.181&#xA;</system-err>
          </testcase>
          <testcase name="[It] VirtualMachineConnectivity When virtual machine agents are ready gets page from service head-5073ae15-vm-connectivity-a" classname="Tests" status="skipped" time="0">
              <skipped message="skipped - Spec skipped because an earlier spec in an ordered container failed"></skipped>
              <system-err>[SKIPPED] Spec skipped because an earlier spec in an ordered container failed&#xA;In [It] at: /Users/antont/ansible_deckhouse/virtualization-full/tests/e2e/vm_connectivity_test.go:187 @ 10/13/25 19:56:43.181&#xA;</system-err>
          </testcase>
          <testcase name="[It] VirtualMachineConnectivity When virtual machine agents are ready gets page from service head-5073ae15-vm-connectivity-b" classname="Tests" status="skipped" time="0">
              <skipped message="skipped - Spec skipped because an earlier spec in an ordered container failed"></skipped>
              <system-err>[SKIPPED] Spec skipped because an earlier spec in an ordered container failed&#xA;In [It] at: /Users/antont/ansible_deckhouse/virtualization-full/tests/e2e/vm_connectivity_test.go:198 @ 10/13/25 19:56:43.181&#xA;</system-err>
          </testcase>
          <testcase name="[It] VirtualMachineConnectivity When virtual machine agents are ready changes selector in service head-5073ae15-vm-connectivity-a with selector from service head-5073ae15-vm-connectivity-b" classname="Tests" status="skipped" time="0">
              <skipped message="skipped - Spec skipped because an earlier spec in an ordered container failed"></skipped>
              <system-err>[SKIPPED] Spec skipped because an earlier spec in an ordered container failed&#xA;In [It] at: /Users/antont/ansible_deckhouse/virtualization-full/tests/e2e/vm_connectivity_test.go:209 @ 10/13/25 19:56:43.181&#xA;</system-err>
          </testcase>
          <testcase name="[It] VirtualMachineConnectivity When virtual machine agents are ready checks selector in service head-5073ae15-vm-connectivity-a" classname="Tests" status="skipped" time="0">
              <skipped message="skipped - Spec skipped because an earlier spec in an ordered container failed"></skipped>
              <system-err>[SKIPPED] Spec skipped because an earlier spec in an ordered container failed&#xA;In [It] at: /Users/antont/ansible_deckhouse/virtualization-full/tests/e2e/vm_connectivity_test.go:222 @ 10/13/25 19:56:43.181&#xA;</system-err>
          </testcase>
          <testcase name="[It] VirtualMachineConnectivity When virtual machine agents are ready gets page from service head-5073ae15-vm-connectivity-a" classname="Tests" status="skipped" time="0">
              <skipped message="skipped - Spec skipped because an earlier spec in an ordered container failed"></skipped>
              <system-err>[SKIPPED] Spec skipped because an earlier spec in an ordered container failed&#xA;In [It] at: /Users/antont/ansible_deckhouse/virtualization-full/tests/e2e/vm_connectivity_test.go:228 @ 10/13/25 19:56:43.181&#xA;</system-err>
          </testcase>
          <testcase name="[It] VirtualMachineConnectivity When virtual machine agents are ready changes back selector in service head-5073ae15-vm-connectivity-a" classname="Tests" status="skipped" time="0">
              <skipped message="skipped - Spec skipped because an earlier spec in an ordered container failed"></skipped>
              <system-err>[SKIPPED] Spec skipped because an earlier spec in an ordered container failed&#xA;In [It] at: /Users/antont/ansible_deckhouse/virtualization-full/tests/e2e/vm_connectivity_test.go:240 @ 10/13/25 19:56:43.181&#xA;</system-err>
          </testcase>
          <testcase name="[It] VirtualMachineConnectivity When virtual machine agents are ready checks selector in service head-5073ae15-vm-connectivity-a" classname="Tests" status="skipped" time="0">
              <skipped message="skipped - Spec skipped because an earlier spec in an ordered container failed"></skipped>
              <system-err>[SKIPPED] Spec skipped because an earlier spec in an ordered container failed&#xA;In [It] at: /Users/antont/ansible_deckhouse/virtualization-full/tests/e2e/vm_connectivity_test.go:250 @ 10/13/25 19:56:43.181&#xA;</system-err>
          </testcase>
          <testcase name="[It] VirtualMachineConnectivity When test is completed deletes test case resources" classname="Tests" status="skipped" time="0">
              <skipped message="skipped - Spec skipped because an earlier spec in an ordered container failed"></skipped>
              <system-err>[SKIPPED] Spec skipped because an earlier spec in an ordered container failed&#xA;In [It] at: /Users/antont/ansible_deckhouse/virtualization-full/tests/e2e/vm_connectivity_test.go:258 @ 10/13/25 19:56:43.181&#xA;</system-err>
          </testcase>
          <testcase name="[It] VirtualMachineLabelAndAnnotation When resources are applied result should be succeeded" classname="Tests" status="passed" time="4.914134417">
              <system-err>&gt; Enter [BeforeAll] VirtualMachineLabelAndAnnotation - /Users/antont/ansible_deckhouse/virtualization-full/tests/e2e/vm_label_annotation_test.go:42 @ 10/13/25 19:56:43.182&#xA;&lt; Exit [BeforeAll] VirtualMachineLabelAndAnnotation - /Users/antont/ansible_deckhouse/virtualization-full/tests/e2e/vm_label_annotation_test.go:42 @ 10/13/25 19:56:45.199 (2.018s)&#xA;&gt; Enter [BeforeEach] VirtualMachineLabelAndAnnotation - /Users/antont/ansible_deckhouse/virtualization-full/tests/e2e/vm_label_annotation_test.go:51 @ 10/13/25 19:56:45.199&#xA;&lt; Exit [BeforeEach] VirtualMachineLabelAndAnnotation - /Users/antont/ansible_deckhouse/virtualization-full/tests/e2e/vm_label_annotation_test.go:51 @ 10/13/25 19:56:45.199 (0s)&#xA;&gt; Enter [It] result should be succeeded - /Users/antont/ansible_deckhouse/virtualization-full/tests/e2e/vm_label_annotation_test.go:64 @ 10/13/25 19:56:45.199&#xA;&lt; Exit [It] result should be succeeded - /Users/antont/ansible_deckhouse/virtualization-full/tests/e2e/vm_label_annotation_test.go:64 @ 10/13/25 19:56:48.096 (2.896s)&#xA;&gt; Enter [AfterEach] VirtualMachineLabelAndAnnotation - /Users/antont/ansible_deckhouse/virtualization-full/tests/e2e/vm_label_annotation_test.go:57 @ 10/13/25 19:56:48.096&#xA;&lt; Exit [AfterEach] VirtualMachineLabelAndAnnotation - /Users/antont/ansible_deckhouse/virtualization-full/tests/e2e/vm_label_annotation_test.go:57 @ 10/13/25 19:56:48.096 (0s)&#xA;</system-err>
          </testcase>
          <testcase name="[It] VirtualMachineLabelAndAnnotation When virtual images are applied checks VIs phases" classname="Tests" status="passed" time="5.533984833">
              <system-err>&gt; Enter [BeforeEach] VirtualMachineLabelAndAnnotation - /Users/antont/ansible_deckhouse/virtualization-full/tests/e2e/vm_label_annotation_test.go:51 @ 10/13/25 19:56:48.096&#xA;&lt; Exit [BeforeEach] VirtualMachineLabelAndAnnotation - /Users/antont/ansible_deckhouse/virtualization-full/tests/e2e/vm_label_annotation_test.go:51 @ 10/13/25 19:56:48.096 (0s)&#xA;&gt; Enter [It] checks VIs phases - /Users/antont/ansible_deckhouse/virtualization-full/tests/e2e/vm_label_annotation_test.go:74 @ 10/13/25 19:56:48.096&#xA;STEP: VIs should be in Ready phases - /Users/antont/ansible_deckhouse/virtualization-full/tests/e2e/vm_label_annotation_test.go:75 @ 10/13/25 19:56:48.096&#xA;&lt; Exit [It] checks VIs phases - /Users/antont/ansible_deckhouse/virtualization-full/tests/e2e/vm_label_annotation_test.go:74 @ 10/13/25 19:56:53.63 (5.534s)&#xA;&gt; Enter [AfterEach] VirtualMachineLabelAndAnnotation - /Users/antont/ansible_deckhouse/virtualization-full/tests/e2e/vm_label_annotation_test.go:57 @ 10/13/25 19:56:53.63&#xA;&lt; Exit [AfterEach] VirtualMachineLabelAndAnnotation - /Users/antont/ansible_deckhouse/virtualization-full/tests/e2e/vm_label_annotation_test.go:57 @ 10/13/25 19:56:53.63 (0s)&#xA;</system-err>
          </testcase>
          <testcase name="[It] VirtualMachineLabelAndAnnotation When virtual disks are applied checks VDs phases" classname="Tests" status="failed" time="1010.843167459">
[...]
          </testcase>
          <testcase name="[It] ComplexTest Power state checks Verify that the virtual machines are stopping by ssh checks VMs and VMOPs phases [Serial]" classname="Tests" status="skipped" time="0">
              <skipped message="skipped - Spec skipped because an earlier spec in an ordered container failed"></skipped>
              <system-err>[SKIPPED] Spec skipped because an earlier spec in an ordered container failed&#xA;In [It] at: /Users/antont/ansible_deckhouse/virtualization-full/tests/e2e/complex_test.go:358 @ 10/13/25 22:26:35.547&#xA;</system-err>
          </testcase>
          <testcase name="[It] ComplexTest Power state checks Verify that the virtual machines are restarting by VMOP reboot VMs by VMOP [Serial]" classname="Tests" status="skipped" time="0">
              <skipped message="skipped - Spec skipped because an earlier spec in an ordered container failed"></skipped>
              <system-err>[SKIPPED] Spec skipped because an earlier spec in an ordered container failed&#xA;In [It] at: /Users/antont/ansible_deckhouse/virtualization-full/tests/e2e/complex_test.go:375 @ 10/13/25 22:26:35.547&#xA;</system-err>
          </testcase>
          <testcase name="[It] ComplexTest Power state checks Verify that the virtual machines are restarting by VMOP checks VMs and VMOPs phases [Serial]" classname="Tests" status="skipped" time="0">
              <skipped message="skipped - Spec skipped because an earlier spec in an ordered container failed"></skipped>
              <system-err>[SKIPPED] Spec skipped because an earlier spec in an ordered container failed&#xA;In [It] at: /Users/antont/ansible_deckhouse/virtualization-full/tests/e2e/complex_test.go:388 @ 10/13/25 22:26:35.547&#xA;</system-err>
          </testcase>
          <testcase name="[It] ComplexTest Power state checks Verify that the virtual machines are restarting by ssh reboot VMs by ssh [Serial]" classname="Tests" status="skipped" time="0">
              <skipped message="skipped - Spec skipped because an earlier spec in an ordered container failed"></skipped>
              <system-err>[SKIPPED] Spec skipped because an earlier spec in an ordered container failed&#xA;In [It] at: /Users/antont/ansible_deckhouse/virtualization-full/tests/e2e/complex_test.go:405 @ 10/13/25 22:26:35.547&#xA;</system-err>
          </testcase>
          <testcase name="[It] ComplexTest Power state checks Verify that the virtual machines are restarting after deleting their pods reboots the VMs by deleting their pods [Serial]" classname="Tests" status="skipped" time="0">
              <skipped message="skipped - Spec skipped because an earlier spec in an ordered container failed"></skipped>
              <system-err>[SKIPPED] Spec skipped because an earlier spec in an ordered container failed&#xA;In [It] at: /Users/antont/ansible_deckhouse/virtualization-full/tests/e2e/complex_test.go:444 @ 10/13/25 22:26:35.548&#xA;</system-err>
          </testcase>
          <testcase name="[It] ComplexTest Power state checks Verify that the virtual machines are restarting after deleting their pods checks VMs external connection after reboot [Serial]" classname="Tests" status="skipped" time="0">
              <skipped message="skipped - Spec skipped because an earlier spec in an ordered container failed"></skipped>
              <system-err>[SKIPPED] Spec skipped because an earlier spec in an ordered container failed&#xA;In [It] at: /Users/antont/ansible_deckhouse/virtualization-full/tests/e2e/complex_test.go:479 @ 10/13/25 22:26:35.548&#xA;</system-err>
          </testcase>
          <testcase name="[It] ComplexTest Migrations When Virtual machine agents are ready starts migrations [Serial]" classname="Tests" status="skipped" time="0">
              <skipped message="skipped - Spec skipped because an earlier spec in an ordered container failed"></skipped>
              <system-err>[SKIPPED] Spec skipped because an earlier spec in an ordered container failed&#xA;In [It] at: /Users/antont/ansible_deckhouse/virtualization-full/tests/e2e/complex_test.go:497 @ 10/13/25 22:26:35.548&#xA;</system-err>
          </testcase>
          <testcase name="[It] ComplexTest Migrations When VMs migrations are applied checks VMs and VMOPs phases [Serial]" classname="Tests" status="skipped" time="0">
              <skipped message="skipped - Spec skipped because an earlier spec in an ordered container failed"></skipped>
              <system-err>[SKIPPED] Spec skipped because an earlier spec in an ordered container failed&#xA;In [It] at: /Users/antont/ansible_deckhouse/virtualization-full/tests/e2e/complex_test.go:512 @ 10/13/25 22:26:35.548&#xA;</system-err>
          </testcase>
          <testcase name="[It] ComplexTest Migrations When VMs migrations are applied checks VMs external connection after migrations [Serial]" classname="Tests" status="skipped" time="0">
              <skipped message="skipped - Spec skipped because an earlier spec in an ordered container failed"></skipped>
              <system-err>[SKIPPED] Spec skipped because an earlier spec in an ordered container failed&#xA;In [It] at: /Users/antont/ansible_deckhouse/virtualization-full/tests/e2e/complex_test.go:528 @ 10/13/25 22:26:35.548&#xA;</system-err>
          </testcase>
          <testcase name="[It] ComplexTest When test is completed deletes test case resources [Serial]" classname="Tests" status="skipped" time="0">
              <skipped message="skipped - Spec skipped because an earlier spec in an ordered container failed"></skipped>
              <system-err>[SKIPPED] Spec skipped because an earlier spec in an ordered container failed&#xA;In [It] at: /Users/antont/ansible_deckhouse/virtualization-full/tests/e2e/complex_test.go:545 @ 10/13/25 22:26:35.548&#xA;</system-err>
          </testcase>
          <testcase name="[It] VirtualMachineRestoreSafe When the virtualization resources are applied result should be succeeded [SIG-Restoration]" classname="Tests" status="passed" time="5.430531083">
              <system-err>&gt; Enter [BeforeAll] VirtualMachineRestoreSafe - /Users/antont/ansible_deckhouse/virtualization-full/tests/e2e/vm_restore_safe_test.go:52 @ 10/13/25 22:26:35.548&#xA;&lt; Exit [BeforeAll] VirtualMachineRestoreSafe - /Users/antont/ansible_deckhouse/virtualization-full/tests/e2e/vm_restore_safe_test.go:52 @ 10/13/25 22:26:37.063 (1.516s)&#xA;&gt; Enter [BeforeEach] VirtualMachineRestoreSafe - /Users/antont/ansible_deckhouse/virtualization-full/tests/e2e/vm_restore_safe_test.go:61 @ 10/13/25 22:26:37.063&#xA;&lt; Exit [BeforeEach] VirtualMachineRestoreSafe - /Users/antont/ansible_deckhouse/virtualization-full/tests/e2e/vm_restore_safe_test.go:61 @ 10/13/25 22:26:37.063 (0s)&#xA;&gt; Enter [It] result should be succeeded - /Users/antont/ansible_deckhouse/virtualization-full/tests/e2e/vm_restore_safe_test.go:74 @ 10/13/25 22:26:37.063&#xA;&lt; Exit [It] result should be succeeded - /Users/antont/ansible_deckhouse/virtualization-full/tests/e2e/vm_restore_safe_test.go:74 @ 10/13/25 22:26:40.976 (3.915s)&#xA;&gt; Enter [AfterEach] VirtualMachineRestoreSafe - /Users/antont/ansible_deckhouse/virtualization-full/tests/e2e/vm_restore_safe_test.go:65 @ 10/13/25 22:26:40.976&#xA;&lt; Exit [AfterEach] VirtualMachineRestoreSafe - /Users/antont/ansible_deckhouse/virtualization-full/tests/e2e/vm_restore_safe_test.go:65 @ 10/13/25 22:26:40.976 (0s)&#xA;</system-err>
          </testcase>
          <testcase name="[It] VirtualMachineRestoreSafe When the virtualization resources are applied checks the resources phase [SIG-Restoration]" classname="Tests" status="failed" time="1010.610293542">
              <failure message="should observe resources in &#39;&#39;jsonpath={.status.phase}=Running&#39;&#39; state before 16m40s timeout&#xA;Expected&#xA;    &lt;[]string | len:1, cap:1&gt;: [&#xA;        &#34;cmd: kubectl wait virtualmachine.virtualization.deckhouse.io head-5073ae15-vm-restore-safe --namespace head-5073ae15-end-to-end-vm-restore-safe --for=&#39;jsonpath={.status.phase}=Running&#39; --timeout=16m40s\nstderr: error: timed out waiting for the condition on virtualmachines/head-5073ae15-vm-restore-safe\n\nwaited for: &#39;jsonpath={.status.phase}=Running&#39;&#34;,&#xA;    ]&#xA;to be empty" type="failed">[FAILED] should observe resources in &#39;&#39;jsonpath={.status.phase}=Running&#39;&#39; state before 16m40s timeout&#xA;Expected&#xA;    &lt;[]string | len:1, cap:1&gt;: [&#xA;        &#34;cmd: kubectl wait virtualmachine.virtualization.deckhouse.io head-5073ae15-vm-restore-safe --namespace head-5073ae15-end-to-end-vm-restore-safe --for=&#39;jsonpath={.status.phase}=Running&#39; --timeout=16m40s\nstderr: error: timed out waiting for the condition on virtualmachines/head-5073ae15-vm-restore-safe\n\nwaited for: &#39;jsonpath={.status.phase}=Running&#39;&#34;,&#xA;    ]&#xA;to be empty&#xA;In [It] at: /Users/antont/ansible_deckhouse/virtualization-full/tests/e2e/vm_restore_safe_test.go:107 @ 10/13/25 22:43:23.135&#xA;</failure>
              <system-err>&gt; Enter [BeforeEach] VirtualMachineRestoreSafe - /Users/antont/ansible_deckhouse/virtualization-full/tests/e2e/vm_restore_safe_test.go:61 @ 10/13/25 22:26:40.976&#xA;&lt; Exit [BeforeEach] VirtualMachineRestoreSafe - /Users/antont/ansible_deckhouse/virtualization-full/tests/e2e/vm_restore_safe_test.go:61 @ 10/13/25 22:26:40.976 (0s)&#xA;&gt; Enter [It] checks the resources phase - /Users/antont/ansible_deckhouse/virtualization-full/tests/e2e/vm_restore_safe_test.go:105 @ 10/13/25 22:26:40.976&#xA;STEP: `VirtualMachine` agent should be ready - /Users/antont/ansible_deckhouse/virtualization-full/tests/e2e/vm_restore_safe_test.go:106 @ 10/13/25 22:26:40.976&#xA;END STEP: `VirtualMachine` agent should be ready - /Users/antont/ansible_deckhouse/virtualization-full/tests/e2e/vm_restore_safe_test.go:106 @ 10/13/25 22:43:23.135 (16m42.135s)&#xA;[FAILED] should observe resources in &#39;&#39;jsonpath={.status.phase}=Running&#39;&#39; state before 16m40s timeout&#xA;Expected&#xA;    &lt;[]string | len:1, cap:1&gt;: [&#xA;        &#34;cmd: kubectl wait virtualmachine.virtualization.deckhouse.io head-5073ae15-vm-restore-safe --namespace head-5073ae15-end-to-end-vm-restore-safe --for=&#39;jsonpath={.status.phase}=Running&#39; --timeout=16m40s\nstderr: error: timed out waiting for the condition on virtualmachines/head-5073ae15-vm-restore-safe\n\nwaited for: &#39;jsonpath={.status.phase}=Running&#39;&#34;,&#xA;    ]&#xA;to be empty&#xA;In [It] at: /Users/antont/ansible_deckhouse/virtualization-full/tests/e2e/vm_restore_safe_test.go:107 @ 10/13/25 22:43:23.135&#xA;&lt; Exit [It] checks the resources phase - /Users/antont/ansible_deckhouse/virtualization-full/tests/e2e/vm_restore_safe_test.go:105 @ 10/13/25 22:43:23.137 (16m42.136s)&#xA;&gt; Enter [AfterEach] VirtualMachineRestoreSafe - /Users/antont/ansible_deckhouse/virtualization-full/tests/e2e/vm_restore_safe_test.go:65 @ 10/13/25 22:43:23.137&#xA;&lt; Exit [AfterEach] VirtualMachineRestoreSafe - /Users/antont/ansible_deckhouse/virtualization-full/tests/e2e/vm_restore_safe_test.go:65 @ 10/13/25 22:43:31.611 (8.474s)&#xA;</system-err>
          </testcase>
          <testcase name="[It] VirtualMachineRestoreSafe When the virtualization resources are applied add additional interface to virtual machines [SIG-Restoration]" classname="Tests" status="skipped" time="0">
              <skipped message="skipped - Spec skipped because an earlier spec in an ordered container failed"></skipped>
              <system-err>[SKIPPED] Spec skipped because an earlier spec in an ordered container failed&#xA;In [It] at: /Users/antont/ansible_deckhouse/virtualization-full/tests/e2e/vm_restore_safe_test.go:115 @ 10/13/25 22:43:31.611&#xA;</system-err>
          </testcase>
          <testcase name="[It] VirtualMachineRestoreSafe When the resources are ready to use restore the `VirtualMachines` with `Safe` mode [SIG-Restoration]" classname="Tests" status="skipped" time="0">
              <skipped message="skipped - Spec skipped because an earlier spec in an ordered container failed"></skipped>
              <system-err>[SKIPPED] Spec skipped because an earlier spec in an ordered container failed&#xA;In [It] at: /Users/antont/ansible_deckhouse/virtualization-full/tests/e2e/vm_restore_safe_test.go:158 @ 10/13/25 22:43:31.611&#xA;</system-err>
          </testcase>
          <testcase name="[It] VirtualMachineRestoreSafe When the resources are ready to use check the .status.networks of each VM after restore [SIG-Restoration]" classname="Tests" status="skipped" time="0">
              <skipped message="skipped - Spec skipped because an earlier spec in an ordered container failed"></skipped>
              <system-err>[SKIPPED] Spec skipped because an earlier spec in an ordered container failed&#xA;In [It] at: /Users/antont/ansible_deckhouse/virtualization-full/tests/e2e/vm_restore_safe_test.go:348 @ 10/13/25 22:43:31.611&#xA;</system-err>
          </testcase>
          <testcase name="[It] VirtualMachineRestoreSafe When test is completed deletes test case resources [SIG-Restoration]" classname="Tests" status="skipped" time="0">
              <skipped message="skipped - Spec skipped because an earlier spec in an ordered container failed"></skipped>
              <system-err>[SKIPPED] Spec skipped because an earlier spec in an ordered container failed&#xA;In [It] at: /Users/antont/ansible_deckhouse/virtualization-full/tests/e2e/vm_restore_safe_test.go:374 @ 10/13/25 22:43:31.611&#xA;</system-err>
          </testcase>
          <testcase name="[SynchronizedAfterSuite]" classname="Tests" status="failed" time="0.967373083">
              <failure message="Expected success, but got an error:&#xA;    &lt;*errors.joinError | 0x1400000e9f0&gt;: &#xA;    the container &#34;virtualization-controller&#34; was not found: virtualization-controller-65d97ff7b4-25gpr&#xA;    the container &#34;virtualization-controller&#34; was restarted: virtualization-controller-765bd4c78-2mhvk&#xA;    the container &#34;virtualization-controller&#34; was restarted: virtualization-controller-765bd4c78-hfgs2&#xA;    {&#xA;        errs: [&#xA;            &lt;*errors.joinError | 0x1400000e9c0&gt;{&#xA;                errs: [&#xA;                    &lt;*errors.joinError | 0x1400000e990&gt;{&#xA;                        errs: [&#xA;                            &lt;*errors.errorString | 0x1400057e450&gt;{&#xA;                                s: &#34;the container \&#34;virtualization-controller\&#34; was not found: virtualization-controller-65d97ff7b4-25gpr&#34;,&#xA;                            },&#xA;                        ],&#xA;                    },&#xA;                    &lt;*errors.errorString | 0x1400057e490&gt;{&#xA;                        s: &#34;the container \&#34;virtualization-controller\&#34; was restarted: virtualization-controller-765bd4c78-2mhvk&#34;,&#xA;                    },&#xA;                ],&#xA;            },&#xA;            &lt;*errors.errorString | 0x1400057e4f0&gt;{&#xA;                s: &#34;the container \&#34;virtualization-controller\&#34; was restarted: virtualization-controller-765bd4c78-hfgs2&#34;,&#xA;            },&#xA;        ],&#xA;    }" type="failed">[FAILED] Expected success, but got an error:&#xA;    &lt;*errors.joinError | 0x1400000e9f0&gt;: &#xA;    the container &#34;virtualization-controller&#34; was not found: virtualization-controller-65d97ff7b4-25gpr&#xA;    the container &#34;virtualization-controller&#34; was restarted: virtualization-controller-765bd4c78-2mhvk&#xA;    the container &#34;virtualization-controller&#34; was restarted: virtualization-controller-765bd4c78-hfgs2&#xA;    {&#xA;        errs: [&#xA;            &lt;*errors.joinError | 0x1400000e9c0&gt;{&#xA;                errs: [&#xA;                    &lt;*errors.joinError | 0x1400000e990&gt;{&#xA;                        errs: [&#xA;                            &lt;*errors.errorString | 0x1400057e450&gt;{&#xA;                                s: &#34;the container \&#34;virtualization-controller\&#34; was not found: virtualization-controller-65d97ff7b4-25gpr&#34;,&#xA;                            },&#xA;                        ],&#xA;                    },&#xA;                    &lt;*errors.errorString | 0x1400057e490&gt;{&#xA;                        s: &#34;the container \&#34;virtualization-controller\&#34; was restarted: virtualization-controller-765bd4c78-2mhvk&#34;,&#xA;                    },&#xA;                ],&#xA;            },&#xA;            &lt;*errors.errorString | 0x1400057e4f0&gt;{&#xA;                s: &#34;the container \&#34;virtualization-controller\&#34; was restarted: virtualization-controller-765bd4c78-hfgs2&#34;,&#xA;            },&#xA;        ],&#xA;    }&#xA;In [SynchronizedAfterSuite] at: /Users/antont/ansible_deckhouse/virtualization-full/tests/e2e/e2e_test.go:183 @ 10/13/25 22:43:32.579&#xA;</failure>
              <system-err>&gt; Enter [SynchronizedAfterSuite] TOP-LEVEL - /Users/antont/ansible_deckhouse/virtualization-full/tests/e2e/e2e_test.go:182 @ 10/13/25 22:43:31.611&#xA;&lt; Exit [SynchronizedAfterSuite] TOP-LEVEL - /Users/antont/ansible_deckhouse/virtualization-full/tests/e2e/e2e_test.go:182 @ 10/13/25 22:43:31.612 (0s)&#xA;&gt; Enter [SynchronizedAfterSuite] TOP-LEVEL - /Users/antont/ansible_deckhouse/virtualization-full/tests/e2e/e2e_test.go:182 @ 10/13/25 22:43:31.612&#xA;[FAILED] Expected success, but got an error:&#xA;    &lt;*errors.joinError | 0x1400000e9f0&gt;: &#xA;    the container &#34;virtualization-controller&#34; was not found: virtualization-controller-65d97ff7b4-25gpr&#xA;    the container &#34;virtualization-controller&#34; was restarted: virtualization-controller-765bd4c78-2mhvk&#xA;    the container &#34;virtualization-controller&#34; was restarted: virtualization-controller-765bd4c78-hfgs2&#xA;    {&#xA;        errs: [&#xA;            &lt;*errors.joinError | 0x1400000e9c0&gt;{&#xA;                errs: [&#xA;                    &lt;*errors.joinError | 0x1400000e990&gt;{&#xA;                        errs: [&#xA;                            &lt;*errors.errorString | 0x1400057e450&gt;{&#xA;                                s: &#34;the container \&#34;virtualization-controller\&#34; was not found: virtualization-controller-65d97ff7b4-25gpr&#34;,&#xA;                            },&#xA;                        ],&#xA;                    },&#xA;                    &lt;*errors.errorString | 0x1400057e490&gt;{&#xA;                        s: &#34;the container \&#34;virtualization-controller\&#34; was restarted: virtualization-controller-765bd4c78-2mhvk&#34;,&#xA;                    },&#xA;                ],&#xA;            },&#xA;            &lt;*errors.errorString | 0x1400057e4f0&gt;{&#xA;                s: &#34;the container \&#34;virtualization-controller\&#34; was restarted: virtualization-controller-765bd4c78-hfgs2&#34;,&#xA;            },&#xA;        ],&#xA;    }&#xA;In [SynchronizedAfterSuite] at: /Users/antont/ansible_deckhouse/virtualization-full/tests/e2e/e2e_test.go:183 @ 10/13/25 22:43:32.579&#xA;&lt; Exit [SynchronizedAfterSuite] TOP-LEVEL - /Users/antont/ansible_deckhouse/virtualization-full/tests/e2e/e2e_test.go:182 @ 10/13/25 22:43:32.579 (967ms)&#xA;</system-err>
          </testcase>
          <testcase name="[DeferCleanup (Suite)]" classname="Tests" status="passed" time="15.029722708">
              <system-err>&gt; Enter [DeferCleanup (Suite)] TOP-LEVEL - /Users/antont/ansible_deckhouse/virtualization-full/tests/e2e/e2e_test.go:175 @ 10/13/25 22:43:32.579&#xA;&lt; Exit [DeferCleanup (Suite)] TOP-LEVEL - /Users/antont/ansible_deckhouse/virtualization-full/tests/e2e/e2e_test.go:175 @ 10/13/25 22:43:47.609 (15.03s)&#xA;</system-err>
          </testcase>
      </testsuite>
  </testsuites>