<?xml version="1.0" encoding="UTF-8"?>
  <testsuites tests="214" disabled="171" errors="0" failures="15" time="7211.089767958">
      <testsuite name="Tests" package="/Users/antont/ansible_deckhouse/virtualization-full/tests/e2e" tests="214" disabled="0" skipped="171" errors="0" failures="15" time="7211.089767958" timestamp="2025-10-10T09:09:46">
          <properties>
              <property name="SuiteSucceeded" value="false"></property>
              <property name="SuiteHasProgrammaticFocus" value="false"></property>
              <property name="SpecialSuiteFailureReason" value="Suite Timeout Elapsed"></property>
              <property name="SuiteLabels" value="[]"></property>
              <property name="RandomSeed" value="1760076573"></property>
              <property name="RandomizeAllSpecs" value="false"></property>
              <property name="LabelFilter" value=""></property>
              <property name="FocusStrings" value=""></property>
              <property name="SkipStrings" value=""></property>
              <property name="FocusFiles" value=""></property>
              <property name="SkipFiles" value=""></property>
              <property name="FailOnPending" value="false"></property>
              <property name="FailOnEmpty" value="false"></property>
              <property name="FailFast" value="false"></property>
              <property name="FlakeAttempts" value="0"></property>
              <property name="DryRun" value="false"></property>
              <property name="ParallelTotal" value="1"></property>
              <property name="OutputInterceptorMode" value=""></property>
          </properties>
          <testcase name="[SynchronizedBeforeSuite]" classname="Tests" status="passed" time="4.823163083">
              <system-err>&gt; Enter [SynchronizedBeforeSuite] TOP-LEVEL - /Users/antont/ansible_deckhouse/virtualization-full/tests/e2e/e2e_test.go:137 @ 10/10/25 09:09:46.446&#xA;&lt; Exit [SynchronizedBeforeSuite] TOP-LEVEL - /Users/antont/ansible_deckhouse/virtualization-full/tests/e2e/e2e_test.go:137 @ 10/10/25 09:09:51.27 (4.823s)&#xA;&gt; Enter [SynchronizedBeforeSuite] TOP-LEVEL - /Users/antont/ansible_deckhouse/virtualization-full/tests/e2e/e2e_test.go:137 @ 10/10/25 09:09:51.27&#xA;&lt; Exit [SynchronizedBeforeSuite] TOP-LEVEL - /Users/antont/ansible_deckhouse/virtualization-full/tests/e2e/e2e_test.go:137 @ 10/10/25 09:09:51.27 (0s)&#xA;</system-err>
          </testcase>
          <testcase name="[It] VirtualMachineCancelMigration Cancel migrate [SIG-Migration]" classname="Tests" status="skipped" time="4.509919084">
              <skipped message="skipped - This test case is not working everytime. Should be fixed."></skipped>
              <system-err>&gt; Enter [BeforeAll] VirtualMachineCancelMigration - /Users/antont/ansible_deckhouse/virtualization-full/tests/e2e/vm_migration_cancel_test.go:39 @ 10/10/25 09:09:51.275&#xA;[SKIPPED] This test case is not working everytime. Should be fixed.&#xA;In [BeforeAll] at: /Users/antont/ansible_deckhouse/virtualization-full/tests/e2e/vm_migration_cancel_test.go:41 @ 10/10/25 09:09:51.275&#xA;&lt; Exit [BeforeAll] VirtualMachineCancelMigration - /Users/antont/ansible_deckhouse/virtualization-full/tests/e2e/vm_migration_cancel_test.go:39 @ 10/10/25 09:09:51.275 (1ms)&#xA;&gt; Enter [AfterEach] VirtualMachineCancelMigration - /Users/antont/ansible_deckhouse/virtualization-full/tests/e2e/vm_migration_cancel_test.go:59 @ 10/10/25 09:09:51.275&#xA;STEP: Response on deletion request should be successful - /Users/antont/ansible_deckhouse/virtualization-full/tests/e2e/util_test.go:604 @ 10/10/25 09:09:51.275&#xA;END STEP: Response on deletion request should be successful - /Users/antont/ansible_deckhouse/virtualization-full/tests/e2e/util_test.go:604 @ 10/10/25 09:09:55.785 (4.509s)&#xA;&lt; Exit [AfterEach] VirtualMachineCancelMigration - /Users/antont/ansible_deckhouse/virtualization-full/tests/e2e/vm_migration_cancel_test.go:59 @ 10/10/25 09:09:55.785 (4.509s)&#xA;</system-err>
          </testcase>
          <testcase name="[It] VirtualMachineConnectivity When resources are applied result should be succeeded" classname="Tests" status="passed" time="6.199351125">
              <system-err>&gt; Enter [BeforeAll] VirtualMachineConnectivity - /Users/antont/ansible_deckhouse/virtualization-full/tests/e2e/vm_connectivity_test.go:57 @ 10/10/25 09:09:55.785&#xA;&lt; Exit [BeforeAll] VirtualMachineConnectivity - /Users/antont/ansible_deckhouse/virtualization-full/tests/e2e/vm_connectivity_test.go:57 @ 10/10/25 09:09:57.713 (1.928s)&#xA;&gt; Enter [It] result should be succeeded - /Users/antont/ansible_deckhouse/virtualization-full/tests/e2e/vm_connectivity_test.go:73 @ 10/10/25 09:09:57.713&#xA;&lt; Exit [It] result should be succeeded - /Users/antont/ansible_deckhouse/virtualization-full/tests/e2e/vm_connectivity_test.go:73 @ 10/10/25 09:10:01.984 (4.271s)&#xA;&gt; Enter [AfterEach] VirtualMachineConnectivity - /Users/antont/ansible_deckhouse/virtualization-full/tests/e2e/vm_connectivity_test.go:66 @ 10/10/25 09:10:01.984&#xA;&lt; Exit [AfterEach] VirtualMachineConnectivity - /Users/antont/ansible_deckhouse/virtualization-full/tests/e2e/vm_connectivity_test.go:66 @ 10/10/25 09:10:01.985 (0s)&#xA;</system-err>
          </testcase>
          <testcase name="[It] VirtualMachineConnectivity When virtual images are applied checks VIs phases" classname="Tests" status="passed" time="17.50147">
              <system-err>&gt; Enter [It] checks VIs phases - /Users/antont/ansible_deckhouse/virtualization-full/tests/e2e/vm_connectivity_test.go:96 @ 10/10/25 09:10:01.985&#xA;STEP: VIs should be in Ready phases - /Users/antont/ansible_deckhouse/virtualization-full/tests/e2e/vm_connectivity_test.go:97 @ 10/10/25 09:10:01.985&#xA;&lt; Exit [It] checks VIs phases - /Users/antont/ansible_deckhouse/virtualization-full/tests/e2e/vm_connectivity_test.go:96 @ 10/10/25 09:10:19.487 (17.501s)&#xA;&gt; Enter [AfterEach] VirtualMachineConnectivity - /Users/antont/ansible_deckhouse/virtualization-full/tests/e2e/vm_connectivity_test.go:66 @ 10/10/25 09:10:19.487&#xA;&lt; Exit [AfterEach] VirtualMachineConnectivity - /Users/antont/ansible_deckhouse/virtualization-full/tests/e2e/vm_connectivity_test.go:66 @ 10/10/25 09:10:19.487 (0s)&#xA;</system-err>
          </testcase>
          <testcase name="[It] VirtualMachineConnectivity When virtual disks are applied checks VDs phases" classname="Tests" status="failed" time="1007.2261815">
              <failure message="Expected&#xA;    &lt;[]string | len:2, cap:2&gt;: [&#xA;        &#34;cmd: kubectl wait virtualdisks.virtualization.deckhouse.io head-45bdb83d-vd-connectivity-b --namespace head-45bdb83d-end-to-end-connectivity --for=&#39;jsonpath={.status.phase}=Ready&#39; --timeout=16m40s\nstderr: error: timed out waiting for the condition on virtualdisks/head-45bdb83d-vd-connectivity-b\n&#34;,&#xA;        &#34;cmd: kubectl wait virtualdisks.virtualization.deckhouse.io head-45bdb83d-vd-connectivity-a --namespace head-45bdb83d-end-to-end-connectivity --for=&#39;jsonpath={.status.phase}=Ready&#39; --timeout=16m40s\nstderr: W1010 09:36:04.654467    4542 reflector.go:492] k8s.io/client-go/tools/watch/informerwatcher.go:146: watch of *unstructured.Unstructured ended with: an error on the server (\&#34;unable to decode an event from the watch stream: http2: client connection lost\&#34;) has prevented the request from succeeding\nerror: timed out waiting for the condition on virtualdisks/head-45bdb83d-vd-connectivity-a\n&#34;,&#xA;    ]&#xA;to be empty" type="failed">[FAILED] Expected&#xA;    &lt;[]string | len:2, cap:2&gt;: [&#xA;        &#34;cmd: kubectl wait virtualdisks.virtualization.deckhouse.io head-45bdb83d-vd-connectivity-b --namespace head-45bdb83d-end-to-end-connectivity --for=&#39;jsonpath={.status.phase}=Ready&#39; --timeout=16m40s\nstderr: error: timed out waiting for the condition on virtualdisks/head-45bdb83d-vd-connectivity-b\n&#34;,&#xA;        &#34;cmd: kubectl wait virtualdisks.virtualization.deckhouse.io head-45bdb83d-vd-connectivity-a --namespace head-45bdb83d-end-to-end-connectivity --for=&#39;jsonpath={.status.phase}=Ready&#39; --timeout=16m40s\nstderr: W1010 09:36:04.654467    4542 reflector.go:492] k8s.io/client-go/tools/watch/informerwatcher.go:146: watch of *unstructured.Unstructured ended with: an error on the server (\&#34;unable to decode an event from the watch stream: http2: client connection lost\&#34;) has prevented the request from succeeding\nerror: timed out waiting for the condition on virtualdisks/head-45bdb83d-vd-connectivity-a\n&#34;,&#xA;    ]&#xA;to be empty&#xA;In [It] at: /Users/antont/ansible_deckhouse/virtualization-full/tests/e2e/vm_connectivity_test.go:109 @ 10/10/25 09:39:33.879&#xA;</failure>
              <system-err>&gt; Enter [It] checks VDs phases - /Users/antont/ansible_deckhouse/virtualization-full/tests/e2e/vm_connectivity_test.go:107 @ 10/10/25 09:10:19.487&#xA;STEP: VDs should be in Ready phase - /Users/antont/ansible_deckhouse/virtualization-full/tests/e2e/vm_connectivity_test.go:108 @ 10/10/25 09:10:19.487&#xA;[FAILED] Expected&#xA;    &lt;[]string | len:2, cap:2&gt;: [&#xA;        &#34;cmd: kubectl wait virtualdisks.virtualization.deckhouse.io head-45bdb83d-vd-connectivity-b --namespace head-45bdb83d-end-to-end-connectivity --for=&#39;jsonpath={.status.phase}=Ready&#39; --timeout=16m40s\nstderr: error: timed out waiting for the condition on virtualdisks/head-45bdb83d-vd-connectivity-b\n&#34;,&#xA;        &#34;cmd: kubectl wait virtualdisks.virtualization.deckhouse.io head-45bdb83d-vd-connectivity-a --namespace head-45bdb83d-end-to-end-connectivity --for=&#39;jsonpath={.status.phase}=Ready&#39; --timeout=16m40s\nstderr: W1010 09:36:04.654467    4542 reflector.go:492] k8s.io/client-go/tools/watch/informerwatcher.go:146: watch of *unstructured.Unstructured ended with: an error on the server (\&#34;unable to decode an event from the watch stream: http2: client connection lost\&#34;) has prevented the request from succeeding\nerror: timed out waiting for the condition on virtualdisks/head-45bdb83d-vd-connectivity-a\n&#34;,&#xA;    ]&#xA;to be empty&#xA;In [It] at: /Users/antont/ansible_deckhouse/virtualization-full/tests/e2e/vm_connectivity_test.go:109 @ 10/10/25 09:39:33.879&#xA;&lt; Exit [It] checks VDs phases - /Users/antont/ansible_deckhouse/virtualization-full/tests/e2e/vm_connectivity_test.go:107 @ 10/10/25 09:39:33.879 (16m42.128s)&#xA;&gt; Enter [AfterEach] VirtualMachineConnectivity - /Users/antont/ansible_deckhouse/virtualization-full/tests/e2e/vm_connectivity_test.go:66 @ 10/10/25 09:39:33.879&#xA;&lt; Exit [AfterEach] VirtualMachineConnectivity - /Users/antont/ansible_deckhouse/virtualization-full/tests/e2e/vm_connectivity_test.go:66 @ 10/10/25 09:39:38.978 (5.098s)&#xA;</system-err>
          </testcase>
          <testcase name="[It] VirtualMachineConnectivity When virtual machines are applied checks VMs phases" classname="Tests" status="skipped" time="0">
              <skipped message="skipped - Spec skipped because an earlier spec in an ordered container failed"></skipped>
              <system-err>[SKIPPED] Spec skipped because an earlier spec in an ordered container failed&#xA;In [It] at: /Users/antont/ansible_deckhouse/virtualization-full/tests/e2e/vm_connectivity_test.go:118 @ 10/10/25 09:39:38.978&#xA;</system-err>
          </testcase>
          <testcase name="[It] VirtualMachineConnectivity When run curl-helper status should be in Running phase" classname="Tests" status="skipped" time="0">
              <skipped message="skipped - Spec skipped because an earlier spec in an ordered container failed"></skipped>
              <system-err>[SKIPPED] Spec skipped because an earlier spec in an ordered container failed&#xA;In [It] at: /Users/antont/ansible_deckhouse/virtualization-full/tests/e2e/vm_connectivity_test.go:129 @ 10/10/25 09:39:38.978&#xA;</system-err>
          </testcase>
          <testcase name="[It] VirtualMachineConnectivity When virtual machine agents are ready gets VMs and SVCs objects" classname="Tests" status="skipped" time="0">
              <skipped message="skipped - Spec skipped because an earlier spec in an ordered container failed"></skipped>
              <system-err>[SKIPPED] Spec skipped because an earlier spec in an ordered container failed&#xA;In [It] at: /Users/antont/ansible_deckhouse/virtualization-full/tests/e2e/vm_connectivity_test.go:142 @ 10/10/25 09:39:38.978&#xA;</system-err>
          </testcase>
          <testcase name="[It] VirtualMachineConnectivity When virtual machine agents are ready check ssh connection via `d8 v` to VMs" classname="Tests" status="skipped" time="0">
              <skipped message="skipped - Spec skipped because an earlier spec in an ordered container failed"></skipped>
              <system-err>[SKIPPED] Spec skipped because an earlier spec in an ordered container failed&#xA;In [It] at: /Users/antont/ansible_deckhouse/virtualization-full/tests/e2e/vm_connectivity_test.go:166 @ 10/10/25 09:39:38.978&#xA;</system-err>
          </testcase>
          <testcase name="[It] VirtualMachineConnectivity When virtual machine agents are ready checks VMs connection to external network" classname="Tests" status="skipped" time="0">
              <skipped message="skipped - Spec skipped because an earlier spec in an ordered container failed"></skipped>
              <system-err>[SKIPPED] Spec skipped because an earlier spec in an ordered container failed&#xA;In [It] at: /Users/antont/ansible_deckhouse/virtualization-full/tests/e2e/vm_connectivity_test.go:174 @ 10/10/25 09:39:38.978&#xA;</system-err>
          </testcase>
          <testcase name="[It] VirtualMachineConnectivity When virtual machine agents are ready check nginx status via `d8 v` on VMs" classname="Tests" status="skipped" time="0">
              <skipped message="skipped - Spec skipped because an earlier spec in an ordered container failed"></skipped>
              <system-err>[SKIPPED] Spec skipped because an earlier spec in an ordered container failed&#xA;In [It] at: /Users/antont/ansible_deckhouse/virtualization-full/tests/e2e/vm_connectivity_test.go:179 @ 10/10/25 09:39:38.978&#xA;</system-err>
          </testcase>
          <testcase name="[It] VirtualMachineConnectivity When virtual machine agents are ready gets page from service head-45bdb83d-vm-connectivity-a" classname="Tests" status="skipped" time="0">
              <skipped message="skipped - Spec skipped because an earlier spec in an ordered container failed"></skipped>
              <system-err>[SKIPPED] Spec skipped because an earlier spec in an ordered container failed&#xA;In [It] at: /Users/antont/ansible_deckhouse/virtualization-full/tests/e2e/vm_connectivity_test.go:187 @ 10/10/25 09:39:38.978&#xA;</system-err>
          </testcase>
          <testcase name="[It] VirtualMachineConnectivity When virtual machine agents are ready gets page from service head-45bdb83d-vm-connectivity-b" classname="Tests" status="skipped" time="0">
              <skipped message="skipped - Spec skipped because an earlier spec in an ordered container failed"></skipped>
              <system-err>[SKIPPED] Spec skipped because an earlier spec in an ordered container failed&#xA;In [It] at: /Users/antont/ansible_deckhouse/virtualization-full/tests/e2e/vm_connectivity_test.go:198 @ 10/10/25 09:39:38.978&#xA;</system-err>
          </testcase>
          <testcase name="[It] VirtualMachineConnectivity When virtual machine agents are ready changes selector in service head-45bdb83d-vm-connectivity-a with selector from service head-45bdb83d-vm-connectivity-b" classname="Tests" status="skipped" time="0">
              <skipped message="skipped - Spec skipped because an earlier spec in an ordered container failed"></skipped>
              <system-err>[SKIPPED] Spec skipped because an earlier spec in an ordered container failed&#xA;In [It] at: /Users/antont/ansible_deckhouse/virtualization-full/tests/e2e/vm_connectivity_test.go:209 @ 10/10/25 09:39:38.978&#xA;</system-err>
          </testcase>
          <testcase name="[It] VirtualMachineConnectivity When virtual machine agents are ready checks selector in service head-45bdb83d-vm-connectivity-a" classname="Tests" status="skipped" time="0">
              <skipped message="skipped - Spec skipped because an earlier spec in an ordered container failed"></skipped>
              <system-err>[SKIPPED] Spec skipped because an earlier spec in an ordered container failed&#xA;In [It] at: /Users/antont/ansible_deckhouse/virtualization-full/tests/e2e/vm_connectivity_test.go:222 @ 10/10/25 09:39:38.978&#xA;</system-err>
          </testcase>
          <testcase name="[It] VirtualMachineConnectivity When virtual machine agents are ready gets page from service head-45bdb83d-vm-connectivity-a" classname="Tests" status="skipped" time="0">
              <skipped message="skipped - Spec skipped because an earlier spec in an ordered container failed"></skipped>
              <system-err>[SKIPPED] Spec skipped because an earlier spec in an ordered container failed&#xA;In [It] at: /Users/antont/ansible_deckhouse/virtualization-full/tests/e2e/vm_connectivity_test.go:228 @ 10/10/25 09:39:38.978&#xA;</system-err>
          </testcase>
          <testcase name="[It] VirtualMachineConnectivity When virtual machine agents are ready changes back selector in service head-45bdb83d-vm-connectivity-a" classname="Tests" status="skipped" time="0">
              <skipped message="skipped - Spec skipped because an earlier spec in an ordered container failed"></skipped>
              <system-err>[SKIPPED] Spec skipped because an earlier spec in an ordered container failed&#xA;In [It] at: /Users/antont/ansible_deckhouse/virtualization-full/tests/e2e/vm_connectivity_test.go:240 @ 10/10/25 09:39:38.978&#xA;</system-err>
          </testcase>
          <testcase name="[It] VirtualMachineConnectivity When virtual machine agents are ready checks selector in service head-45bdb83d-vm-connectivity-a" classname="Tests" status="skipped" time="0">
              <skipped message="skipped - Spec skipped because an earlier spec in an ordered container failed"></skipped>
              <system-err>[SKIPPED] Spec skipped because an earlier spec in an ordered container failed&#xA;In [It] at: /Users/antont/ansible_deckhouse/virtualization-full/tests/e2e/vm_connectivity_test.go:250 @ 10/10/25 09:39:38.978&#xA;</system-err>
          </testcase>
          <testcase name="[It] VirtualMachineConnectivity When test is completed deletes test case resources" classname="Tests" status="skipped" time="0">
              <skipped message="skipped - Spec skipped because an earlier spec in an ordered container failed"></skipped>
              <system-err>[SKIPPED] Spec skipped because an earlier spec in an ordered container failed&#xA;In [It] at: /Users/antont/ansible_deckhouse/virtualization-full/tests/e2e/vm_connectivity_test.go:258 @ 10/10/25 09:39:38.978&#xA;</system-err>
          </testcase>
          <testcase name="[It] VirtualDiskResizing When the resources are applied result should be succeeded" classname="Tests" status="skipped" time="0.000166583">
              <skipped message="skipped - This test case is not working everytime. Should be fixed."></skipped>
              <system-err>&gt; Enter [BeforeAll] VirtualDiskResizing - /Users/antont/ansible_deckhouse/virtualization-full/tests/e2e/vm_disk_resizing_test.go:47 @ 10/10/25 09:39:38.978&#xA;[SKIPPED] This test case is not working everytime. Should be fixed.&#xA;In [BeforeAll] at: /Users/antont/ansible_deckhouse/virtualization-full/tests/e2e/vm_disk_resizing_test.go:51 @ 10/10/25 09:39:38.978&#xA;&lt; Exit [BeforeAll] VirtualDiskResizing - /Users/antont/ansible_deckhouse/virtualization-full/tests/e2e/vm_disk_resizing_test.go:47 @ 10/10/25 09:39:38.978 (0s)&#xA;&gt; Enter [AfterEach] VirtualDiskResizing - /Users/antont/ansible_deckhouse/virtualization-full/tests/e2e/vm_disk_resizing_test.go:65 @ 10/10/25 09:39:38.978&#xA;&lt; Exit [AfterEach] VirtualDiskResizing - /Users/antont/ansible_deckhouse/virtualization-full/tests/e2e/vm_disk_resizing_test.go:65 @ 10/10/25 09:39:38.978 (0s)&#xA;</system-err>
          </testcase>
          <testcase name="[It] VirtualDiskResizing When the virtual images are applied checks `VirtualImages` phase" classname="Tests" status="skipped" time="0">
              <skipped message="skipped - Spec skipped because Skip() was called in BeforeAll"></skipped>
              <system-err>[SKIPPED] Spec skipped because Skip() was called in BeforeAll&#xA;In [It] at: /Users/antont/ansible_deckhouse/virtualization-full/tests/e2e/vm_disk_resizing_test.go:82 @ 10/10/25 09:39:38.978&#xA;</system-err>
          </testcase>
          <testcase name="[It] VirtualDiskResizing When the virtual disks are applied checks `VirtualDisks` phase" classname="Tests" status="skipped" time="0">
              <skipped message="skipped - Spec skipped because Skip() was called in BeforeAll"></skipped>
              <system-err>[SKIPPED] Spec skipped because Skip() was called in BeforeAll&#xA;In [It] at: /Users/antont/ansible_deckhouse/virtualization-full/tests/e2e/vm_disk_resizing_test.go:94 @ 10/10/25 09:39:38.979&#xA;</system-err>
          </testcase>
          <testcase name="[It] VirtualDiskResizing When the virtual machine are applied checks `VirtualMachine` phase" classname="Tests" status="skipped" time="0">
              <skipped message="skipped - Spec skipped because Skip() was called in BeforeAll"></skipped>
              <system-err>[SKIPPED] Spec skipped because Skip() was called in BeforeAll&#xA;In [It] at: /Users/antont/ansible_deckhouse/virtualization-full/tests/e2e/vm_disk_resizing_test.go:106 @ 10/10/25 09:39:38.979&#xA;</system-err>
          </testcase>
          <testcase name="[It] VirtualDiskResizing When the virtual machine are applied retrieves the test objects" classname="Tests" status="skipped" time="0">
              <skipped message="skipped - Spec skipped because Skip() was called in BeforeAll"></skipped>
              <system-err>[SKIPPED] Spec skipped because Skip() was called in BeforeAll&#xA;In [It] at: /Users/antont/ansible_deckhouse/virtualization-full/tests/e2e/vm_disk_resizing_test.go:116 @ 10/10/25 09:39:38.979&#xA;</system-err>
          </testcase>
          <testcase name="[It] VirtualDiskResizing When the virtual machine block device attachment is applied checks `VirtualMachineBlockDeviceAttachment` phase" classname="Tests" status="skipped" time="0">
              <skipped message="skipped - Spec skipped because Skip() was called in BeforeAll"></skipped>
              <system-err>[SKIPPED] Spec skipped because Skip() was called in BeforeAll&#xA;In [It] at: /Users/antont/ansible_deckhouse/virtualization-full/tests/e2e/vm_disk_resizing_test.go:132 @ 10/10/25 09:39:38.979&#xA;</system-err>
          </testcase>
          <testcase name="[It] VirtualDiskResizing Resizing When the virtual machine is ready obtains the disks metadata before resizing" classname="Tests" status="skipped" time="0">
              <skipped message="skipped - Spec skipped because Skip() was called in BeforeAll"></skipped>
              <system-err>[SKIPPED] Spec skipped because Skip() was called in BeforeAll&#xA;In [It] at: /Users/antont/ansible_deckhouse/virtualization-full/tests/e2e/vm_disk_resizing_test.go:151 @ 10/10/25 09:39:38.979&#xA;</system-err>
          </testcase>
          <testcase name="[It] VirtualDiskResizing Resizing When the virtual machine is ready resizes the disks" classname="Tests" status="skipped" time="0">
              <skipped message="skipped - Spec skipped because Skip() was called in BeforeAll"></skipped>
              <system-err>[SKIPPED] Spec skipped because Skip() was called in BeforeAll&#xA;In [It] at: /Users/antont/ansible_deckhouse/virtualization-full/tests/e2e/vm_disk_resizing_test.go:157 @ 10/10/25 09:39:38.979&#xA;</system-err>
          </testcase>
          <testcase name="[It] VirtualDiskResizing Resizing When the virtual machine is ready checks `VirtualDisks`, `VirtualMachine` and `VirtualMachineBlockDeviceAttachment` phases" classname="Tests" status="skipped" time="0">
              <skipped message="skipped - Spec skipped because Skip() was called in BeforeAll"></skipped>
              <system-err>[SKIPPED] Spec skipped because Skip() was called in BeforeAll&#xA;In [It] at: /Users/antont/ansible_deckhouse/virtualization-full/tests/e2e/vm_disk_resizing_test.go:189 @ 10/10/25 09:39:38.979&#xA;</system-err>
          </testcase>
          <testcase name="[It] VirtualDiskResizing Resizing When the virtual machine is ready obtains and compares the disks metadata after resizing" classname="Tests" status="skipped" time="0">
              <skipped message="skipped - Spec skipped because Skip() was called in BeforeAll"></skipped>
              <system-err>[SKIPPED] Spec skipped because Skip() was called in BeforeAll&#xA;In [It] at: /Users/antont/ansible_deckhouse/virtualization-full/tests/e2e/vm_disk_resizing_test.go:216 @ 10/10/25 09:39:38.979&#xA;</system-err>
          </testcase>
          <testcase name="[It] VirtualDiskResizing When test is completed deletes test case resources" classname="Tests" status="skipped" time="0">
              <skipped message="skipped - Spec skipped because Skip() was called in BeforeAll"></skipped>
              <system-err>[SKIPPED] Spec skipped because Skip() was called in BeforeAll&#xA;In [It] at: /Users/antont/ansible_deckhouse/virtualization-full/tests/e2e/vm_disk_resizing_test.go:252 @ 10/10/25 09:39:38.979&#xA;</system-err>
          </testcase>
          <testcase name="[It] VirtualDiskAttachment When resources are applied result should be succeeded" classname="Tests" status="failed" time="9.888619209">
              <failure message="Warning: resource namespaces/testcases is missing the kubectl.kubernetes.io/last-applied-configuration annotation which is required by kubectl apply. kubectl apply should only be used on resources created declaratively by either kubectl create --save-config or kubectl apply. The missing annotation will be patched automatically.&#xA;Error from server (Forbidden): error when creating &#34;/tmp/testdata/vm-disk-attachment&#34;: admission webhook &#34;vd.virtualization-controller.validate.d8-virtualization&#34; denied the request: the VirtualDisk name &#34;pr-number-or-commit-hash-vd-attach-automatic-with-hotplug-standalone&#34; is too long: it must be no more than 60 characters&#xA;Error from server (Forbidden): error when creating &#34;/tmp/testdata/vm-disk-attachment&#34;: admission webhook &#34;vd.virtualization-controller.validate.d8-virtualization&#34; denied the request: the VirtualDisk name &#34;pr-number-or-commit-hash-vd-root-automatic-with-hotplug-standalone&#34; is too long: it must be no more than 60 characters&#xA;Error from server (Forbidden): error when creating &#34;/tmp/testdata/vm-disk-attachment&#34;: admission webhook &#34;vm.virtualization-controller.validate.d8-virtualization&#34; denied the request: VirtualDisk name &#34;pr-number-or-commit-hash-vd-root-automatic-with-hotplug-standalone&#34; is too long: it must be no more than 60 characters&#xA;&#xA;Expected&#xA;    &lt;bool&gt;: false&#xA;to equal&#xA;    &lt;bool&gt;: true" type="failed">[FAILED] Warning: resource namespaces/testcases is missing the kubectl.kubernetes.io/last-applied-configuration annotation which is required by kubectl apply. kubectl apply should only be used on resources created declaratively by either kubectl create --save-config or kubectl apply. The missing annotation will be patched automatically.&#xA;Error from server (Forbidden): error when creating &#34;/tmp/testdata/vm-disk-attachment&#34;: admission webhook &#34;vd.virtualization-controller.validate.d8-virtualization&#34; denied the request: the VirtualDisk name &#34;pr-number-or-commit-hash-vd-attach-automatic-with-hotplug-standalone&#34; is too long: it must be no more than 60 characters&#xA;Error from server (Forbidden): error when creating &#34;/tmp/testdata/vm-disk-attachment&#34;: admission webhook &#34;vd.virtualization-controller.validate.d8-virtualization&#34; denied the request: the VirtualDisk name &#34;pr-number-or-commit-hash-vd-root-automatic-with-hotplug-standalone&#34; is too long: it must be no more than 60 characters&#xA;Error from server (Forbidden): error when creating &#34;/tmp/testdata/vm-disk-attachment&#34;: admission webhook &#34;vm.virtualization-controller.validate.d8-virtualization&#34; denied the request: VirtualDisk name &#34;pr-number-or-commit-hash-vd-root-automatic-with-hotplug-standalone&#34; is too long: it must be no more than 60 characters&#xA;&#xA;Expected&#xA;    &lt;bool&gt;: false&#xA;to equal&#xA;    &lt;bool&gt;: true&#xA;In [It] at: /Users/antont/ansible_deckhouse/virtualization-full/tests/e2e/vm_disk_attachment_test.go:82 @ 10/10/25 09:39:44.177&#xA;</failure>
              <system-err>&gt; Enter [BeforeAll] VirtualDiskAttachment - /Users/antont/ansible_deckhouse/virtualization-full/tests/e2e/vm_disk_attachment_test.go:52 @ 10/10/25 09:39:38.979&#xA;&lt; Exit [BeforeAll] VirtualDiskAttachment - /Users/antont/ansible_deckhouse/virtualization-full/tests/e2e/vm_disk_attachment_test.go:52 @ 10/10/25 09:39:41.011 (2.032s)&#xA;&gt; Enter [BeforeEach] VirtualDiskAttachment - /Users/antont/ansible_deckhouse/virtualization-full/tests/e2e/vm_disk_attachment_test.go:64 @ 10/10/25 09:39:41.011&#xA;&lt; Exit [BeforeEach] VirtualDiskAttachment - /Users/antont/ansible_deckhouse/virtualization-full/tests/e2e/vm_disk_attachment_test.go:64 @ 10/10/25 09:39:41.011 (0s)&#xA;&gt; Enter [It] result should be succeeded - /Users/antont/ansible_deckhouse/virtualization-full/tests/e2e/vm_disk_attachment_test.go:77 @ 10/10/25 09:39:41.011&#xA;[FAILED] Warning: resource namespaces/testcases is missing the kubectl.kubernetes.io/last-applied-configuration annotation which is required by kubectl apply. kubectl apply should only be used on resources created declaratively by either kubectl create --save-config or kubectl apply. The missing annotation will be patched automatically.&#xA;Error from server (Forbidden): error when creating &#34;/tmp/testdata/vm-disk-attachment&#34;: admission webhook &#34;vd.virtualization-controller.validate.d8-virtualization&#34; denied the request: the VirtualDisk name &#34;pr-number-or-commit-hash-vd-attach-automatic-with-hotplug-standalone&#34; is too long: it must be no more than 60 characters&#xA;Error from server (Forbidden): error when creating &#34;/tmp/testdata/vm-disk-attachment&#34;: admission webhook &#34;vd.virtualization-controller.validate.d8-virtualization&#34; denied the request: the VirtualDisk name &#34;pr-number-or-commit-hash-vd-root-automatic-with-hotplug-standalone&#34; is too long: it must be no more than 60 characters&#xA;Error from server (Forbidden): error when creating &#34;/tmp/testdata/vm-disk-attachment&#34;: admission webhook &#34;vm.virtualization-controller.validate.d8-virtualization&#34; denied the request: VirtualDisk name &#34;pr-number-or-commit-hash-vd-root-automatic-with-hotplug-standalone&#34; is too long: it must be no more than 60 characters&#xA;&#xA;Expected&#xA;    &lt;bool&gt;: false&#xA;to equal&#xA;    &lt;bool&gt;: true&#xA;In [It] at: /Users/antont/ansible_deckhouse/virtualization-full/tests/e2e/vm_disk_attachment_test.go:82 @ 10/10/25 09:39:44.177&#xA;&lt; Exit [It] result should be succeeded - /Users/antont/ansible_deckhouse/virtualization-full/tests/e2e/vm_disk_attachment_test.go:77 @ 10/10/25 09:39:44.177 (3.166s)&#xA;&gt; Enter [AfterEach] VirtualDiskAttachment - /Users/antont/ansible_deckhouse/virtualization-full/tests/e2e/vm_disk_attachment_test.go:70 @ 10/10/25 09:39:44.177&#xA;&lt; Exit [AfterEach] VirtualDiskAttachment - /Users/antont/ansible_deckhouse/virtualization-full/tests/e2e/vm_disk_attachment_test.go:70 @ 10/10/25 09:39:48.868 (4.691s)&#xA;</system-err>
          </testcase>
          <testcase name="[It] VirtualDiskAttachment When virtual images are applied checks VIs phases" classname="Tests" status="skipped" time="0">
              <skipped message="skipped - Spec skipped because an earlier spec in an ordered container failed"></skipped>
              <system-err>[SKIPPED] Spec skipped because an earlier spec in an ordered container failed&#xA;In [It] at: /Users/antont/ansible_deckhouse/virtualization-full/tests/e2e/vm_disk_attachment_test.go:87 @ 10/10/25 09:39:48.868&#xA;</system-err>
          </testcase>
          <testcase name="[It] VirtualDiskAttachment When virtual disks are applied checks VDs phases" classname="Tests" status="skipped" time="0">
              <skipped message="skipped - Spec skipped because an earlier spec in an ordered container failed"></skipped>
              <system-err>[SKIPPED] Spec skipped because an earlier spec in an ordered container failed&#xA;In [It] at: /Users/antont/ansible_deckhouse/virtualization-full/tests/e2e/vm_disk_attachment_test.go:98 @ 10/10/25 09:39:48.868&#xA;</system-err>
          </testcase>
          <testcase name="[It] VirtualDiskAttachment When virtual machines are applied checks VMs phases" classname="Tests" status="skipped" time="0">
              <skipped message="skipped - Spec skipped because an earlier spec in an ordered container failed"></skipped>
              <system-err>[SKIPPED] Spec skipped because an earlier spec in an ordered container failed&#xA;In [It] at: /Users/antont/ansible_deckhouse/virtualization-full/tests/e2e/vm_disk_attachment_test.go:116 @ 10/10/25 09:39:48.868&#xA;</system-err>
          </testcase>
          <testcase name="[It] VirtualDiskAttachment Attachment When virtual machine agents are ready get disk count before attachment" classname="Tests" status="skipped" time="0">
              <skipped message="skipped - Spec skipped because an earlier spec in an ordered container failed"></skipped>
              <system-err>[SKIPPED] Spec skipped because an earlier spec in an ordered container failed&#xA;In [It] at: /Users/antont/ansible_deckhouse/virtualization-full/tests/e2e/vm_disk_attachment_test.go:128 @ 10/10/25 09:39:48.868&#xA;</system-err>
          </testcase>
          <testcase name="[It] VirtualDiskAttachment Attachment When virtual machine agents are ready attaches virtual disk" classname="Tests" status="skipped" time="0">
              <skipped message="skipped - Spec skipped because an earlier spec in an ordered container failed"></skipped>
              <system-err>[SKIPPED] Spec skipped because an earlier spec in an ordered container failed&#xA;In [It] at: /Users/antont/ansible_deckhouse/virtualization-full/tests/e2e/vm_disk_attachment_test.go:133 @ 10/10/25 09:39:48.868&#xA;</system-err>
          </testcase>
          <testcase name="[It] VirtualDiskAttachment Attachment When virtual machine agents are ready checks VM and VMBDA phases" classname="Tests" status="skipped" time="0">
              <skipped message="skipped - Spec skipped because an earlier spec in an ordered container failed"></skipped>
              <system-err>[SKIPPED] Spec skipped because an earlier spec in an ordered container failed&#xA;In [It] at: /Users/antont/ansible_deckhouse/virtualization-full/tests/e2e/vm_disk_attachment_test.go:136 @ 10/10/25 09:39:48.868&#xA;</system-err>
          </testcase>
          <testcase name="[It] VirtualDiskAttachment Attachment When virtual machine agents are ready compares disk count before and after attachment" classname="Tests" status="skipped" time="0">
              <skipped message="skipped - Spec skipped because an earlier spec in an ordered container failed"></skipped>
              <system-err>[SKIPPED] Spec skipped because an earlier spec in an ordered container failed&#xA;In [It] at: /Users/antont/ansible_deckhouse/virtualization-full/tests/e2e/vm_disk_attachment_test.go:150 @ 10/10/25 09:39:48.868&#xA;</system-err>
          </testcase>
          <testcase name="[It] VirtualDiskAttachment Detachment When virtual machines are in Running phases get disk count before detachment" classname="Tests" status="skipped" time="0">
              <skipped message="skipped - Spec skipped because an earlier spec in an ordered container failed"></skipped>
              <system-err>[SKIPPED] Spec skipped because an earlier spec in an ordered container failed&#xA;In [It] at: /Users/antont/ansible_deckhouse/virtualization-full/tests/e2e/vm_disk_attachment_test.go:166 @ 10/10/25 09:39:48.868&#xA;</system-err>
          </testcase>
          <testcase name="[It] VirtualDiskAttachment Detachment When virtual machines are in Running phases detaches virtual disk" classname="Tests" status="skipped" time="0">
              <skipped message="skipped - Spec skipped because an earlier spec in an ordered container failed"></skipped>
              <system-err>[SKIPPED] Spec skipped because an earlier spec in an ordered container failed&#xA;In [It] at: /Users/antont/ansible_deckhouse/virtualization-full/tests/e2e/vm_disk_attachment_test.go:171 @ 10/10/25 09:39:48.868&#xA;</system-err>
          </testcase>
          <testcase name="[It] VirtualDiskAttachment Detachment When virtual machines are in Running phases checks VM phase" classname="Tests" status="skipped" time="0">
              <skipped message="skipped - Spec skipped because an earlier spec in an ordered container failed"></skipped>
              <system-err>[SKIPPED] Spec skipped because an earlier spec in an ordered container failed&#xA;In [It] at: /Users/antont/ansible_deckhouse/virtualization-full/tests/e2e/vm_disk_attachment_test.go:179 @ 10/10/25 09:39:48.868&#xA;</system-err>
          </testcase>
          <testcase name="[It] VirtualDiskAttachment Detachment When virtual machines are in Running phases compares disk count before and after detachment" classname="Tests" status="skipped" time="0">
              <skipped message="skipped - Spec skipped because an earlier spec in an ordered container failed"></skipped>
              <system-err>[SKIPPED] Spec skipped because an earlier spec in an ordered container failed&#xA;In [It] at: /Users/antont/ansible_deckhouse/virtualization-full/tests/e2e/vm_disk_attachment_test.go:187 @ 10/10/25 09:39:48.868&#xA;</system-err>
          </testcase>
          <testcase name="[It] VirtualDiskAttachment When test is completed deletes test case resources" classname="Tests" status="skipped" time="0">
              <skipped message="skipped - Spec skipped because an earlier spec in an ordered container failed"></skipped>
              <system-err>[SKIPPED] Spec skipped because an earlier spec in an ordered container failed&#xA;In [It] at: /Users/antont/ansible_deckhouse/virtualization-full/tests/e2e/vm_disk_attachment_test.go:201 @ 10/10/25 09:39:48.868&#xA;</system-err>
          </testcase>
          <testcase name="[It] VirtualMachineRestoreForce When the virtualization resources are applied result should be succeeded [SIG-Restoration]" classname="Tests" status="passed" time="8.638285458">
              <system-err>&gt; Enter [BeforeAll] VirtualMachineRestoreForce - /Users/antont/ansible_deckhouse/virtualization-full/tests/e2e/vm_restore_force_test.go:55 @ 10/10/25 09:39:48.868&#xA;&lt; Exit [BeforeAll] VirtualMachineRestoreForce - /Users/antont/ansible_deckhouse/virtualization-full/tests/e2e/vm_restore_force_test.go:55 @ 10/10/25 09:39:50.794 (1.926s)&#xA;&gt; Enter [BeforeEach] VirtualMachineRestoreForce - /Users/antont/ansible_deckhouse/virtualization-full/tests/e2e/vm_restore_force_test.go:64 @ 10/10/25 09:39:50.794&#xA;&lt; Exit [BeforeEach] VirtualMachineRestoreForce - /Users/antont/ansible_deckhouse/virtualization-full/tests/e2e/vm_restore_force_test.go:64 @ 10/10/25 09:39:50.794 (0s)&#xA;&gt; Enter [It] result should be succeeded - /Users/antont/ansible_deckhouse/virtualization-full/tests/e2e/vm_restore_force_test.go:80 @ 10/10/25 09:39:50.794&#xA;&lt; Exit [It] result should be succeeded - /Users/antont/ansible_deckhouse/virtualization-full/tests/e2e/vm_restore_force_test.go:80 @ 10/10/25 09:39:57.506 (6.712s)&#xA;&gt; Enter [AfterEach] VirtualMachineRestoreForce - /Users/antont/ansible_deckhouse/virtualization-full/tests/e2e/vm_restore_force_test.go:71 @ 10/10/25 09:39:57.506&#xA;&lt; Exit [AfterEach] VirtualMachineRestoreForce - /Users/antont/ansible_deckhouse/virtualization-full/tests/e2e/vm_restore_force_test.go:71 @ 10/10/25 09:39:57.506 (0s)&#xA;</system-err>
          </testcase>
          <testcase name="[It] VirtualMachineRestoreForce When the virtualization resources are applied checks the resources phase [SIG-Restoration]" classname="Tests" status="failed" time="1007.093492917">
              <failure message="Expected&#xA;    &lt;[]string | len:2, cap:2&gt;: [&#xA;        &#34;cmd: kubectl wait virtualmachine.virtualization.deckhouse.io vm-restore-force-vm-restore-force --namespace test-vm-restore-force --for=&#39;jsonpath={.status.phase}=Running&#39; --timeout=16m40s\nstderr: error: timed out waiting for the condition on virtualmachines/vm-restore-force-vm-restore-force\n&#34;,&#xA;        &#34;cmd: kubectl wait virtualmachine.virtualization.deckhouse.io vm-restore-force-vm-always-on-restore-force --namespace test-vm-restore-force --for=&#39;jsonpath={.status.phase}=Running&#39; --timeout=16m40s\nstderr: error: timed out waiting for the condition on virtualmachines/vm-restore-force-vm-always-on-restore-force\n&#34;,&#xA;    ]&#xA;to be empty" type="failed">[FAILED] Expected&#xA;    &lt;[]string | len:2, cap:2&gt;: [&#xA;        &#34;cmd: kubectl wait virtualmachine.virtualization.deckhouse.io vm-restore-force-vm-restore-force --namespace test-vm-restore-force --for=&#39;jsonpath={.status.phase}=Running&#39; --timeout=16m40s\nstderr: error: timed out waiting for the condition on virtualmachines/vm-restore-force-vm-restore-force\n&#34;,&#xA;        &#34;cmd: kubectl wait virtualmachine.virtualization.deckhouse.io vm-restore-force-vm-always-on-restore-force --namespace test-vm-restore-force --for=&#39;jsonpath={.status.phase}=Running&#39; --timeout=16m40s\nstderr: error: timed out waiting for the condition on virtualmachines/vm-restore-force-vm-always-on-restore-force\n&#34;,&#xA;    ]&#xA;to be empty&#xA;In [It] at: /Users/antont/ansible_deckhouse/virtualization-full/tests/e2e/vm_restore_force_test.go:113 @ 10/10/25 09:56:39.682&#xA;</failure>
              <system-err>&gt; Enter [BeforeEach] VirtualMachineRestoreForce - /Users/antont/ansible_deckhouse/virtualization-full/tests/e2e/vm_restore_force_test.go:64 @ 10/10/25 09:39:57.507&#xA;&lt; Exit [BeforeEach] VirtualMachineRestoreForce - /Users/antont/ansible_deckhouse/virtualization-full/tests/e2e/vm_restore_force_test.go:64 @ 10/10/25 09:39:57.507 (0s)&#xA;&gt; Enter [It] checks the resources phase - /Users/antont/ansible_deckhouse/virtualization-full/tests/e2e/vm_restore_force_test.go:111 @ 10/10/25 09:39:57.507&#xA;STEP: `VirtualMachine` agent should be ready - /Users/antont/ansible_deckhouse/virtualization-full/tests/e2e/vm_restore_force_test.go:112 @ 10/10/25 09:39:57.507&#xA;END STEP: `VirtualMachine` agent should be ready - /Users/antont/ansible_deckhouse/virtualization-full/tests/e2e/vm_restore_force_test.go:112 @ 10/10/25 09:56:39.682 (16m42.168s)&#xA;[FAILED] Expected&#xA;    &lt;[]string | len:2, cap:2&gt;: [&#xA;        &#34;cmd: kubectl wait virtualmachine.virtualization.deckhouse.io vm-restore-force-vm-restore-force --namespace test-vm-restore-force --for=&#39;jsonpath={.status.phase}=Running&#39; --timeout=16m40s\nstderr: error: timed out waiting for the condition on virtualmachines/vm-restore-force-vm-restore-force\n&#34;,&#xA;        &#34;cmd: kubectl wait virtualmachine.virtualization.deckhouse.io vm-restore-force-vm-always-on-restore-force --namespace test-vm-restore-force --for=&#39;jsonpath={.status.phase}=Running&#39; --timeout=16m40s\nstderr: error: timed out waiting for the condition on virtualmachines/vm-restore-force-vm-always-on-restore-force\n&#34;,&#xA;    ]&#xA;to be empty&#xA;In [It] at: /Users/antont/ansible_deckhouse/virtualization-full/tests/e2e/vm_restore_force_test.go:113 @ 10/10/25 09:56:39.682&#xA;&lt; Exit [It] checks the resources phase - /Users/antont/ansible_deckhouse/virtualization-full/tests/e2e/vm_restore_force_test.go:111 @ 10/10/25 09:56:39.682 (16m42.169s)&#xA;&gt; Enter [AfterEach] VirtualMachineRestoreForce - /Users/antont/ansible_deckhouse/virtualization-full/tests/e2e/vm_restore_force_test.go:71 @ 10/10/25 09:56:39.682&#xA;&lt; Exit [AfterEach] VirtualMachineRestoreForce - /Users/antont/ansible_deckhouse/virtualization-full/tests/e2e/vm_restore_force_test.go:71 @ 10/10/25 09:56:44.607 (4.925s)&#xA;</system-err>
          </testcase>
          <testcase name="[It] VirtualMachineRestoreForce When the virtualization resources are applied add additional interface to virtual machines [SIG-Restoration]" classname="Tests" status="skipped" time="0">
              <skipped message="skipped - Spec skipped because an earlier spec in an ordered container failed"></skipped>
              <system-err>[SKIPPED] Spec skipped because an earlier spec in an ordered container failed&#xA;In [It] at: /Users/antont/ansible_deckhouse/virtualization-full/tests/e2e/vm_restore_force_test.go:131 @ 10/10/25 09:56:44.607&#xA;</system-err>
          </testcase>
          <testcase name="[It] VirtualMachineRestoreForce When the resources are ready to use restore the `VirtualMachines` with `forced` mode [SIG-Restoration]" classname="Tests" status="skipped" time="0">
              <skipped message="skipped - Spec skipped because an earlier spec in an ordered container failed"></skipped>
              <system-err>[SKIPPED] Spec skipped because an earlier spec in an ordered container failed&#xA;In [It] at: /Users/antont/ansible_deckhouse/virtualization-full/tests/e2e/vm_restore_force_test.go:177 @ 10/10/25 09:56:44.607&#xA;</system-err>
          </testcase>
          <testcase name="[It] VirtualMachineRestoreForce When the resources are ready to use check the .status.networks of each VM after restore [SIG-Restoration]" classname="Tests" status="skipped" time="0">
              <skipped message="skipped - Spec skipped because an earlier spec in an ordered container failed"></skipped>
              <system-err>[SKIPPED] Spec skipped because an earlier spec in an ordered container failed&#xA;In [It] at: /Users/antont/ansible_deckhouse/virtualization-full/tests/e2e/vm_restore_force_test.go:341 @ 10/10/25 09:56:44.607&#xA;</system-err>
          </testcase>
          <testcase name="[It] VirtualMachineRestoreForce When test is completed deletes test case resources [SIG-Restoration]" classname="Tests" status="skipped" time="0">
              <skipped message="skipped - Spec skipped because an earlier spec in an ordered container failed"></skipped>
              <system-err>[SKIPPED] Spec skipped because an earlier spec in an ordered container failed&#xA;In [It] at: /Users/antont/ansible_deckhouse/virtualization-full/tests/e2e/vm_restore_force_test.go:367 @ 10/10/25 09:56:44.607&#xA;</system-err>
          </testcase>
          <testcase name="[It] VirtualMachineEvacuation Evacuation [SIG-Migration]" classname="Tests" status="failed" time="10.441337459">
              <failure message="kubectl create namespace testcases&#xA;Unexpected error:&#xA;    &lt;*exec.ExitError | 0x140003bb840&gt;: &#xA;    exit status 1&#xA;    {&#xA;        ProcessState: {&#xA;            pid: 6150,&#xA;            status: 256,&#xA;            rusage: {&#xA;                Utime: {&#xA;                    Sec: 0,&#xA;                    Usec: 29061,&#xA;                    Pad_cgo_0: [0, 0, 0, 0],&#xA;                },&#xA;                Stime: {&#xA;                    Sec: 0,&#xA;                    Usec: 12679,&#xA;                    Pad_cgo_0: [0, 0, 0, 0],&#xA;                },&#xA;                Maxrss: 47333376,&#xA;                Ixrss: 0,&#xA;                Idrss: 0,&#xA;                Isrss: 0,&#xA;                Minflt: 3692,&#xA;                Majflt: 9,&#xA;                Nswap: 0,&#xA;                Inblock: 0,&#xA;                Oublock: 0,&#xA;                Msgsnd: 13,&#xA;                Msgrcv: 13,&#xA;                Nsignals: 33,&#xA;                Nvcsw: 14,&#xA;                Nivcsw: 737,&#xA;            },&#xA;        },&#xA;        Stderr: nil,&#xA;    }&#xA;occurred" type="failed">[FAILED] kubectl create namespace testcases&#xA;Unexpected error:&#xA;    &lt;*exec.ExitError | 0x140003bb840&gt;: &#xA;    exit status 1&#xA;    {&#xA;        ProcessState: {&#xA;            pid: 6150,&#xA;            status: 256,&#xA;            rusage: {&#xA;                Utime: {&#xA;                    Sec: 0,&#xA;                    Usec: 29061,&#xA;                    Pad_cgo_0: [0, 0, 0, 0],&#xA;                },&#xA;                Stime: {&#xA;                    Sec: 0,&#xA;                    Usec: 12679,&#xA;                    Pad_cgo_0: [0, 0, 0, 0],&#xA;                },&#xA;                Maxrss: 47333376,&#xA;                Ixrss: 0,&#xA;                Idrss: 0,&#xA;                Isrss: 0,&#xA;                Minflt: 3692,&#xA;                Majflt: 9,&#xA;                Nswap: 0,&#xA;                Inblock: 0,&#xA;                Oublock: 0,&#xA;                Msgsnd: 13,&#xA;                Msgrcv: 13,&#xA;                Nsignals: 33,&#xA;                Nvcsw: 14,&#xA;                Nivcsw: 737,&#xA;            },&#xA;        },&#xA;        Stderr: nil,&#xA;    }&#xA;occurred&#xA;In [BeforeAll] at: /Users/antont/ansible_deckhouse/virtualization-full/tests/e2e/vm_evacuation_test.go:48 @ 10/10/25 09:56:45.126&#xA;</failure>
              <system-err>&gt; Enter [BeforeAll] VirtualMachineEvacuation - /Users/antont/ansible_deckhouse/virtualization-full/tests/e2e/vm_evacuation_test.go:42 @ 10/10/25 09:56:44.607&#xA;[FAILED] kubectl create namespace testcases&#xA;Unexpected error:&#xA;    &lt;*exec.ExitError | 0x140003bb840&gt;: &#xA;    exit status 1&#xA;    {&#xA;        ProcessState: {&#xA;            pid: 6150,&#xA;            status: 256,&#xA;            rusage: {&#xA;                Utime: {&#xA;                    Sec: 0,&#xA;                    Usec: 29061,&#xA;                    Pad_cgo_0: [0, 0, 0, 0],&#xA;                },&#xA;                Stime: {&#xA;                    Sec: 0,&#xA;                    Usec: 12679,&#xA;                    Pad_cgo_0: [0, 0, 0, 0],&#xA;                },&#xA;                Maxrss: 47333376,&#xA;                Ixrss: 0,&#xA;                Idrss: 0,&#xA;                Isrss: 0,&#xA;                Minflt: 3692,&#xA;                Majflt: 9,&#xA;                Nswap: 0,&#xA;                Inblock: 0,&#xA;                Oublock: 0,&#xA;                Msgsnd: 13,&#xA;                Msgrcv: 13,&#xA;                Nsignals: 33,&#xA;                Nvcsw: 14,&#xA;                Nivcsw: 737,&#xA;            },&#xA;        },&#xA;        Stderr: nil,&#xA;    }&#xA;occurred&#xA;In [BeforeAll] at: /Users/antont/ansible_deckhouse/virtualization-full/tests/e2e/vm_evacuation_test.go:48 @ 10/10/25 09:56:45.126&#xA;&lt; Exit [BeforeAll] VirtualMachineEvacuation - /Users/antont/ansible_deckhouse/virtualization-full/tests/e2e/vm_evacuation_test.go:42 @ 10/10/25 09:56:45.126 (519ms)&#xA;&gt; Enter [AfterEach] VirtualMachineEvacuation - /Users/antont/ansible_deckhouse/virtualization-full/tests/e2e/vm_evacuation_test.go:59 @ 10/10/25 09:56:45.126&#xA;STEP: Response on deletion request should be successful - /Users/antont/ansible_deckhouse/virtualization-full/tests/e2e/util_test.go:604 @ 10/10/25 09:56:50.569&#xA;END STEP: Response on deletion request should be successful - /Users/antont/ansible_deckhouse/virtualization-full/tests/e2e/util_test.go:604 @ 10/10/25 09:56:55.049 (4.48s)&#xA;&lt; Exit [AfterEach] VirtualMachineEvacuation - /Users/antont/ansible_deckhouse/virtualization-full/tests/e2e/vm_evacuation_test.go:59 @ 10/10/25 09:56:55.049 (9.923s)&#xA;</system-err>
          </testcase>
          <testcase name="[It] SizingPolicy When resources are applied result should be succeeded" classname="Tests" status="failed" time="5.3386978339999995">
              <failure message="kubectl create namespace testcases&#xA;Unexpected error:&#xA;    &lt;*exec.ExitError | 0x140001b49a0&gt;: &#xA;    exit status 1&#xA;    {&#xA;        ProcessState: {&#xA;            pid: 6194,&#xA;            status: 256,&#xA;            rusage: {&#xA;                Utime: {&#xA;                    Sec: 0,&#xA;                    Usec: 26926,&#xA;                    Pad_cgo_0: [0, 0, 0, 0],&#xA;                },&#xA;                Stime: {&#xA;                    Sec: 0,&#xA;                    Usec: 10717,&#xA;                    Pad_cgo_0: [0, 0, 0, 0],&#xA;                },&#xA;                Maxrss: 47153152,&#xA;                Ixrss: 0,&#xA;                Idrss: 0,&#xA;                Isrss: 0,&#xA;                Minflt: 3679,&#xA;                Majflt: 3,&#xA;                Nswap: 0,&#xA;                Inblock: 0,&#xA;                Oublock: 0,&#xA;                Msgsnd: 13,&#xA;                Msgrcv: 12,&#xA;                Nsignals: 49,&#xA;                Nvcsw: 38,&#xA;                Nivcsw: 756,&#xA;            },&#xA;        },&#xA;        Stderr: nil,&#xA;    }&#xA;occurred" type="failed">[FAILED] kubectl create namespace testcases&#xA;Unexpected error:&#xA;    &lt;*exec.ExitError | 0x140001b49a0&gt;: &#xA;    exit status 1&#xA;    {&#xA;        ProcessState: {&#xA;            pid: 6194,&#xA;            status: 256,&#xA;            rusage: {&#xA;                Utime: {&#xA;                    Sec: 0,&#xA;                    Usec: 26926,&#xA;                    Pad_cgo_0: [0, 0, 0, 0],&#xA;                },&#xA;                Stime: {&#xA;                    Sec: 0,&#xA;                    Usec: 10717,&#xA;                    Pad_cgo_0: [0, 0, 0, 0],&#xA;                },&#xA;                Maxrss: 47153152,&#xA;                Ixrss: 0,&#xA;                Idrss: 0,&#xA;                Isrss: 0,&#xA;                Minflt: 3679,&#xA;                Majflt: 3,&#xA;                Nswap: 0,&#xA;                Inblock: 0,&#xA;                Oublock: 0,&#xA;                Msgsnd: 13,&#xA;                Msgrcv: 12,&#xA;                Nsignals: 49,&#xA;                Nvcsw: 38,&#xA;                Nivcsw: 756,&#xA;            },&#xA;        },&#xA;        Stderr: nil,&#xA;    }&#xA;occurred&#xA;In [BeforeAll] at: /Users/antont/ansible_deckhouse/virtualization-full/tests/e2e/sizing_policy_test.go:64 @ 10/10/25 09:56:55.792&#xA;</failure>
              <system-err>&gt; Enter [BeforeAll] SizingPolicy - /Users/antont/ansible_deckhouse/virtualization-full/tests/e2e/sizing_policy_test.go:52 @ 10/10/25 09:56:55.049&#xA;[FAILED] kubectl create namespace testcases&#xA;Unexpected error:&#xA;    &lt;*exec.ExitError | 0x140001b49a0&gt;: &#xA;    exit status 1&#xA;    {&#xA;        ProcessState: {&#xA;            pid: 6194,&#xA;            status: 256,&#xA;            rusage: {&#xA;                Utime: {&#xA;                    Sec: 0,&#xA;                    Usec: 26926,&#xA;                    Pad_cgo_0: [0, 0, 0, 0],&#xA;                },&#xA;                Stime: {&#xA;                    Sec: 0,&#xA;                    Usec: 10717,&#xA;                    Pad_cgo_0: [0, 0, 0, 0],&#xA;                },&#xA;                Maxrss: 47153152,&#xA;                Ixrss: 0,&#xA;                Idrss: 0,&#xA;                Isrss: 0,&#xA;                Minflt: 3679,&#xA;                Majflt: 3,&#xA;                Nswap: 0,&#xA;                Inblock: 0,&#xA;                Oublock: 0,&#xA;                Msgsnd: 13,&#xA;                Msgrcv: 12,&#xA;                Nsignals: 49,&#xA;                Nvcsw: 38,&#xA;                Nivcsw: 756,&#xA;            },&#xA;        },&#xA;        Stderr: nil,&#xA;    }&#xA;occurred&#xA;In [BeforeAll] at: /Users/antont/ansible_deckhouse/virtualization-full/tests/e2e/sizing_policy_test.go:64 @ 10/10/25 09:56:55.792&#xA;&lt; Exit [BeforeAll] SizingPolicy - /Users/antont/ansible_deckhouse/virtualization-full/tests/e2e/sizing_policy_test.go:52 @ 10/10/25 09:56:55.792 (743ms)&#xA;&gt; Enter [AfterEach] SizingPolicy - /Users/antont/ansible_deckhouse/virtualization-full/tests/e2e/sizing_policy_test.go:73 @ 10/10/25 09:56:55.792&#xA;&lt; Exit [AfterEach] SizingPolicy - /Users/antont/ansible_deckhouse/virtualization-full/tests/e2e/sizing_policy_test.go:73 @ 10/10/25 09:57:00.388 (4.595s)&#xA;</system-err>
          </testcase>
          <testcase name="[It] SizingPolicy When virtual images are applied checks VIs phases" classname="Tests" status="skipped" time="0">
              <skipped message="skipped - Spec skipped because an earlier spec in an ordered container failed"></skipped>
              <system-err>[SKIPPED] Spec skipped because an earlier spec in an ordered container failed&#xA;In [It] at: /Users/antont/ansible_deckhouse/virtualization-full/tests/e2e/sizing_policy_test.go:90 @ 10/10/25 09:57:00.388&#xA;</system-err>
          </testcase>
          <testcase name="[It] SizingPolicy When virtual disks are applied checks VDs phases with map[vm:not-existing-vmclass-with-changing] and map[vm:not-existing-vmclass-with-creating] label" classname="Tests" status="skipped" time="0">
              <skipped message="skipped - Spec skipped because an earlier spec in an ordered container failed"></skipped>
              <system-err>[SKIPPED] Spec skipped because an earlier spec in an ordered container failed&#xA;In [It] at: /Users/antont/ansible_deckhouse/virtualization-full/tests/e2e/sizing_policy_test.go:101 @ 10/10/25 09:57:00.388&#xA;</system-err>
          </testcase>
          <testcase name="[It] SizingPolicy When virtual disks are applied checks VDs phases with map[vm:existing-vmclass] label" classname="Tests" status="skipped" time="0">
              <skipped message="skipped - Spec skipped because an earlier spec in an ordered container failed"></skipped>
              <system-err>[SKIPPED] Spec skipped because an earlier spec in an ordered container failed&#xA;In [It] at: /Users/antont/ansible_deckhouse/virtualization-full/tests/e2e/sizing_policy_test.go:115 @ 10/10/25 09:57:00.388&#xA;</system-err>
          </testcase>
          <testcase name="[It] SizingPolicy When virtual machines are applied checks VMs phases with map[vm:not-existing-vmclass-with-changing] and map[vm:not-existing-vmclass-with-creating] label" classname="Tests" status="skipped" time="0">
              <skipped message="skipped - Spec skipped because an earlier spec in an ordered container failed"></skipped>
              <system-err>[SKIPPED] Spec skipped because an earlier spec in an ordered container failed&#xA;In [It] at: /Users/antont/ansible_deckhouse/virtualization-full/tests/e2e/sizing_policy_test.go:126 @ 10/10/25 09:57:00.388&#xA;</system-err>
          </testcase>
          <testcase name="[It] SizingPolicy When virtual machines are applied checks VMs phases with map[vm:existing-vmclass] label" classname="Tests" status="skipped" time="0">
              <skipped message="skipped - Spec skipped because an earlier spec in an ordered container failed"></skipped>
              <system-err>[SKIPPED] Spec skipped because an earlier spec in an ordered container failed&#xA;In [It] at: /Users/antont/ansible_deckhouse/virtualization-full/tests/e2e/sizing_policy_test.go:140 @ 10/10/25 09:57:00.388&#xA;</system-err>
          </testcase>
          <testcase name="[It] SizingPolicy Not existing virtual machine class When virtual machine with label map[vm:not-existing-vmclass-with-changing] in phase Pending checks condition status before changing &#39;virtulaMachineCLass` field with existing class" classname="Tests" status="skipped" time="0">
              <skipped message="skipped - Spec skipped because an earlier spec in an ordered container failed"></skipped>
              <system-err>[SKIPPED] Spec skipped because an earlier spec in an ordered container failed&#xA;In [It] at: /Users/antont/ansible_deckhouse/virtualization-full/tests/e2e/sizing_policy_test.go:152 @ 10/10/25 09:57:00.388&#xA;</system-err>
          </testcase>
          <testcase name="[It] SizingPolicy Not existing virtual machine class When virtual machine with label map[vm:not-existing-vmclass-with-changing] in phase Pending changes VMClassName in VM specification with existing VMClass" classname="Tests" status="skipped" time="0">
              <skipped message="skipped - Spec skipped because an earlier spec in an ordered container failed"></skipped>
              <system-err>[SKIPPED] Spec skipped because an earlier spec in an ordered container failed&#xA;In [It] at: /Users/antont/ansible_deckhouse/virtualization-full/tests/e2e/sizing_policy_test.go:157 @ 10/10/25 09:57:00.388&#xA;</system-err>
          </testcase>
          <testcase name="[It] SizingPolicy Not existing virtual machine class When virtual machine with label map[vm:not-existing-vmclass-with-changing] in phase Pending checks VM phase and condition status after changing" classname="Tests" status="skipped" time="0">
              <skipped message="skipped - Spec skipped because an earlier spec in an ordered container failed"></skipped>
              <system-err>[SKIPPED] Spec skipped because an earlier spec in an ordered container failed&#xA;In [It] at: /Users/antont/ansible_deckhouse/virtualization-full/tests/e2e/sizing_policy_test.go:163 @ 10/10/25 09:57:00.388&#xA;</system-err>
          </testcase>
          <testcase name="[It] SizingPolicy Not existing virtual machine class When virtual machine with label map[vm:not-existing-vmclass-with-creating] in phase Pending checks condition status before creating `VirtualMachineClass`" classname="Tests" status="skipped" time="0">
              <skipped message="skipped - Spec skipped because an earlier spec in an ordered container failed"></skipped>
              <system-err>[SKIPPED] Spec skipped because an earlier spec in an ordered container failed&#xA;In [It] at: /Users/antont/ansible_deckhouse/virtualization-full/tests/e2e/sizing_policy_test.go:176 @ 10/10/25 09:57:00.388&#xA;</system-err>
          </testcase>
          <testcase name="[It] SizingPolicy Not existing virtual machine class When virtual machine with label map[vm:not-existing-vmclass-with-creating] in phase Pending changes VMClassName in VM specification with not existing VMClass which have correct prefix for creating" classname="Tests" status="skipped" time="0">
              <skipped message="skipped - Spec skipped because an earlier spec in an ordered container failed"></skipped>
              <system-err>[SKIPPED] Spec skipped because an earlier spec in an ordered container failed&#xA;In [It] at: /Users/antont/ansible_deckhouse/virtualization-full/tests/e2e/sizing_policy_test.go:181 @ 10/10/25 09:57:00.388&#xA;</system-err>
          </testcase>
          <testcase name="[It] SizingPolicy Not existing virtual machine class When virtual machine with label map[vm:not-existing-vmclass-with-creating] in phase Pending creates new `VirtualMachineClass`" classname="Tests" status="skipped" time="0">
              <skipped message="skipped - Spec skipped because an earlier spec in an ordered container failed"></skipped>
              <system-err>[SKIPPED] Spec skipped because an earlier spec in an ordered container failed&#xA;In [It] at: /Users/antont/ansible_deckhouse/virtualization-full/tests/e2e/sizing_policy_test.go:187 @ 10/10/25 09:57:00.388&#xA;</system-err>
          </testcase>
          <testcase name="[It] SizingPolicy Not existing virtual machine class When virtual machine with label map[vm:not-existing-vmclass-with-creating] in phase Pending checks VM phase and condition after creating" classname="Tests" status="skipped" time="0">
              <skipped message="skipped - Spec skipped because an earlier spec in an ordered container failed"></skipped>
              <system-err>[SKIPPED] Spec skipped because an earlier spec in an ordered container failed&#xA;In [It] at: /Users/antont/ansible_deckhouse/virtualization-full/tests/e2e/sizing_policy_test.go:202 @ 10/10/25 09:57:00.388&#xA;</system-err>
          </testcase>
          <testcase name="[It] SizingPolicy When virtual machines in phase Running checks sizing policy match" classname="Tests" status="skipped" time="0">
              <skipped message="skipped - Spec skipped because an earlier spec in an ordered container failed"></skipped>
              <system-err>[SKIPPED] Spec skipped because an earlier spec in an ordered container failed&#xA;In [It] at: /Users/antont/ansible_deckhouse/virtualization-full/tests/e2e/sizing_policy_test.go:216 @ 10/10/25 09:57:00.388&#xA;</system-err>
          </testcase>
          <testcase name="[It] SizingPolicy When test is completed deletes test case resources" classname="Tests" status="skipped" time="0">
              <skipped message="skipped - Spec skipped because an earlier spec in an ordered container failed"></skipped>
              <system-err>[SKIPPED] Spec skipped because an earlier spec in an ordered container failed&#xA;In [It] at: /Users/antont/ansible_deckhouse/virtualization-full/tests/e2e/sizing_policy_test.go:240 @ 10/10/25 09:57:00.389&#xA;</system-err>
          </testcase>
          <testcase name="[It] VirtualDiskSnapshots When virtualization resources are applied: result should be succeeded" classname="Tests" status="failed" time="6.55625625">
              <failure message="immediate storage class cannot be nil; please set up the immediate storage class in the cluster&#xA;Expected&#xA;    &lt;*v1.StorageClass | 0x0&gt;: nil&#xA;not to be nil" type="failed">[FAILED] immediate storage class cannot be nil; please set up the immediate storage class in the cluster&#xA;Expected&#xA;    &lt;*v1.StorageClass | 0x0&gt;: nil&#xA;not to be nil&#xA;In [BeforeAll] at: /Users/antont/ansible_deckhouse/virtualization-full/tests/e2e/vd_snapshots_test.go:66 @ 10/10/25 09:57:02.384&#xA;</failure>
              <system-err>&gt; Enter [BeforeAll] VirtualDiskSnapshots - /Users/antont/ansible_deckhouse/virtualization-full/tests/e2e/vd_snapshots_test.go:54 @ 10/10/25 09:57:00.389&#xA;[FAILED] immediate storage class cannot be nil; please set up the immediate storage class in the cluster&#xA;Expected&#xA;    &lt;*v1.StorageClass | 0x0&gt;: nil&#xA;not to be nil&#xA;In [BeforeAll] at: /Users/antont/ansible_deckhouse/virtualization-full/tests/e2e/vd_snapshots_test.go:66 @ 10/10/25 09:57:02.384&#xA;&lt; Exit [BeforeAll] VirtualDiskSnapshots - /Users/antont/ansible_deckhouse/virtualization-full/tests/e2e/vd_snapshots_test.go:54 @ 10/10/25 09:57:02.385 (1.996s)&#xA;&gt; Enter [AfterEach] VirtualDiskSnapshots - /Users/antont/ansible_deckhouse/virtualization-full/tests/e2e/vd_snapshots_test.go:78 @ 10/10/25 09:57:02.385&#xA;&lt; Exit [AfterEach] VirtualDiskSnapshots - /Users/antont/ansible_deckhouse/virtualization-full/tests/e2e/vd_snapshots_test.go:78 @ 10/10/25 09:57:06.945 (4.56s)&#xA;</system-err>
          </testcase>
          <testcase name="[It] VirtualDiskSnapshots When virtual images are applied: checks VIs phases" classname="Tests" status="skipped" time="0">
              <skipped message="skipped - Spec skipped because an earlier spec in an ordered container failed"></skipped>
              <system-err>[SKIPPED] Spec skipped because an earlier spec in an ordered container failed&#xA;In [It] at: /Users/antont/ansible_deckhouse/virtualization-full/tests/e2e/vd_snapshots_test.go:95 @ 10/10/25 09:57:06.945&#xA;</system-err>
          </testcase>
          <testcase name="[It] VirtualDiskSnapshots When virtual disks are applied: checks VDs phases" classname="Tests" status="skipped" time="0">
              <skipped message="skipped - Spec skipped because an earlier spec in an ordered container failed"></skipped>
              <system-err>[SKIPPED] Spec skipped because an earlier spec in an ordered container failed&#xA;In [It] at: /Users/antont/ansible_deckhouse/virtualization-full/tests/e2e/vd_snapshots_test.go:106 @ 10/10/25 09:57:06.946&#xA;</system-err>
          </testcase>
          <testcase name="[It] VirtualDiskSnapshots When virtual machines are applied: checks VMs phases" classname="Tests" status="skipped" time="0">
              <skipped message="skipped - Spec skipped because an earlier spec in an ordered container failed"></skipped>
              <system-err>[SKIPPED] Spec skipped because an earlier spec in an ordered container failed&#xA;In [It] at: /Users/antont/ansible_deckhouse/virtualization-full/tests/e2e/vd_snapshots_test.go:117 @ 10/10/25 09:57:06.946&#xA;</system-err>
          </testcase>
          <testcase name="[It] VirtualDiskSnapshots When virtual machine block device attachments are applied: checks VMBDAs phases" classname="Tests" status="skipped" time="0">
              <skipped message="skipped - Spec skipped because an earlier spec in an ordered container failed"></skipped>
              <system-err>[SKIPPED] Spec skipped because an earlier spec in an ordered container failed&#xA;In [It] at: /Users/antont/ansible_deckhouse/virtualization-full/tests/e2e/vd_snapshots_test.go:128 @ 10/10/25 09:57:06.946&#xA;</system-err>
          </testcase>
          <testcase name="[It] VirtualDiskSnapshots When unattached VDs in phase Ready: creates VDs snapshots with `requiredConsistency`" classname="Tests" status="skipped" time="0">
              <skipped message="skipped - Spec skipped because an earlier spec in an ordered container failed"></skipped>
              <system-err>[SKIPPED] Spec skipped because an earlier spec in an ordered container failed&#xA;In [It] at: /Users/antont/ansible_deckhouse/virtualization-full/tests/e2e/vd_snapshots_test.go:139 @ 10/10/25 09:57:06.946&#xA;</system-err>
          </testcase>
          <testcase name="[It] VirtualDiskSnapshots When unattached VDs in phase Ready: checks snapshots of unattached VDs" classname="Tests" status="skipped" time="0">
              <skipped message="skipped - Spec skipped because an earlier spec in an ordered container failed"></skipped>
              <system-err>[SKIPPED] Spec skipped because an earlier spec in an ordered container failed&#xA;In [It] at: /Users/antont/ansible_deckhouse/virtualization-full/tests/e2e/vd_snapshots_test.go:159 @ 10/10/25 09:57:06.946&#xA;</system-err>
          </testcase>
          <testcase name="[It] VirtualDiskSnapshots When virtual machines in Running phase creates snapshots with `requiredConsistency` of attached VDs" classname="Tests" status="skipped" time="0">
              <skipped message="skipped - Spec skipped because an earlier spec in an ordered container failed"></skipped>
              <system-err>[SKIPPED] Spec skipped because an earlier spec in an ordered container failed&#xA;In [It] at: /Users/antont/ansible_deckhouse/virtualization-full/tests/e2e/vd_snapshots_test.go:180 @ 10/10/25 09:57:06.946&#xA;</system-err>
          </testcase>
          <testcase name="[It] VirtualDiskSnapshots When virtual machines in Running phase creates `vdSnapshots` concurrently" classname="Tests" status="skipped" time="0">
              <skipped message="skipped - Spec skipped because an earlier spec in an ordered container failed"></skipped>
              <system-err>[SKIPPED] Spec skipped because an earlier spec in an ordered container failed&#xA;In [It] at: /Users/antont/ansible_deckhouse/virtualization-full/tests/e2e/vd_snapshots_test.go:224 @ 10/10/25 09:57:06.946&#xA;</system-err>
          </testcase>
          <testcase name="[It] VirtualDiskSnapshots When virtual machines in Running phase checks snapshots" classname="Tests" status="skipped" time="0">
              <skipped message="skipped - Spec skipped because an earlier spec in an ordered container failed"></skipped>
              <system-err>[SKIPPED] Spec skipped because an earlier spec in an ordered container failed&#xA;In [It] at: /Users/antont/ansible_deckhouse/virtualization-full/tests/e2e/vd_snapshots_test.go:285 @ 10/10/25 09:57:06.946&#xA;</system-err>
          </testcase>
          <testcase name="[It] VirtualDiskSnapshots When virtual machines in Running phase checks `FileSystemFrozen` status of VMs" classname="Tests" status="skipped" time="0">
              <skipped message="skipped - Spec skipped because an earlier spec in an ordered container failed"></skipped>
              <system-err>[SKIPPED] Spec skipped because an earlier spec in an ordered container failed&#xA;In [It] at: /Users/antont/ansible_deckhouse/virtualization-full/tests/e2e/vd_snapshots_test.go:331 @ 10/10/25 09:57:06.946&#xA;</system-err>
          </testcase>
          <testcase name="[It] VirtualDiskSnapshots When test is completed deletes test case resources" classname="Tests" status="skipped" time="0">
              <skipped message="skipped - Spec skipped because an earlier spec in an ordered container failed"></skipped>
              <system-err>[SKIPPED] Spec skipped because an earlier spec in an ordered container failed&#xA;In [It] at: /Users/antont/ansible_deckhouse/virtualization-full/tests/e2e/vd_snapshots_test.go:357 @ 10/10/25 09:57:06.946&#xA;</system-err>
          </testcase>
          <testcase name="[It] VirtualMachineAdditionalNetworkInterfaces When resources are applied result should be succeeded [SIG-Migration]" classname="Tests" status="skipped" time="0.545352167">
              <skipped message="skipped - Module SDN is disabled. Skipping all tests for module SDN."></skipped>
              <system-err>&gt; Enter [BeforeAll] VirtualMachineAdditionalNetworkInterfaces - /Users/antont/ansible_deckhouse/virtualization-full/tests/e2e/vm_vpc_test.go:47 @ 10/10/25 09:57:06.947&#xA;[SKIPPED] Module SDN is disabled. Skipping all tests for module SDN.&#xA;In [BeforeAll] at: /Users/antont/ansible_deckhouse/virtualization-full/tests/e2e/vm_vpc_test.go:50 @ 10/10/25 09:57:07.492&#xA;&lt; Exit [BeforeAll] VirtualMachineAdditionalNetworkInterfaces - /Users/antont/ansible_deckhouse/virtualization-full/tests/e2e/vm_vpc_test.go:47 @ 10/10/25 09:57:07.492 (545ms)&#xA;&gt; Enter [AfterAll] VirtualMachineAdditionalNetworkInterfaces - /Users/antont/ansible_deckhouse/virtualization-full/tests/e2e/vm_vpc_test.go:60 @ 10/10/25 09:57:07.492&#xA;&lt; Exit [AfterAll] VirtualMachineAdditionalNetworkInterfaces - /Users/antont/ansible_deckhouse/virtualization-full/tests/e2e/vm_vpc_test.go:60 @ 10/10/25 09:57:07.492 (0s)&#xA;</system-err>
          </testcase>
          <testcase name="[It] VirtualMachineAdditionalNetworkInterfaces When virtual machines are applied checks VMs phases [SIG-Migration]" classname="Tests" status="skipped" time="0">
              <skipped message="skipped - Spec skipped because Skip() was called in BeforeAll"></skipped>
              <system-err>[SKIPPED] Spec skipped because Skip() was called in BeforeAll&#xA;In [It] at: /Users/antont/ansible_deckhouse/virtualization-full/tests/e2e/vm_vpc_test.go:90 @ 10/10/25 09:57:07.492&#xA;</system-err>
          </testcase>
          <testcase name="[It] VirtualMachineAdditionalNetworkInterfaces When virtual machines are applied checks network availability [SIG-Migration]" classname="Tests" status="skipped" time="0">
              <skipped message="skipped - Spec skipped because Skip() was called in BeforeAll"></skipped>
              <system-err>[SKIPPED] Spec skipped because Skip() was called in BeforeAll&#xA;In [It] at: /Users/antont/ansible_deckhouse/virtualization-full/tests/e2e/vm_vpc_test.go:98 @ 10/10/25 09:57:07.492&#xA;</system-err>
          </testcase>
          <testcase name="[It] VirtualMachineAdditionalNetworkInterfaces When virtual machine agents and network are ready starts migrations [SIG-Migration]" classname="Tests" status="skipped" time="0">
              <skipped message="skipped - Spec skipped because Skip() was called in BeforeAll"></skipped>
              <system-err>[SKIPPED] Spec skipped because Skip() was called in BeforeAll&#xA;In [It] at: /Users/antont/ansible_deckhouse/virtualization-full/tests/e2e/vm_vpc_test.go:111 @ 10/10/25 09:57:07.492&#xA;</system-err>
          </testcase>
          <testcase name="[It] VirtualMachineAdditionalNetworkInterfaces When VMs migrations are applied checks VMs and VMOPs phases [SIG-Migration]" classname="Tests" status="skipped" time="0">
              <skipped message="skipped - Spec skipped because Skip() was called in BeforeAll"></skipped>
              <system-err>[SKIPPED] Spec skipped because Skip() was called in BeforeAll&#xA;In [It] at: /Users/antont/ansible_deckhouse/virtualization-full/tests/e2e/vm_vpc_test.go:125 @ 10/10/25 09:57:07.493&#xA;</system-err>
          </testcase>
          <testcase name="[It] VirtualMachineAdditionalNetworkInterfaces When VMs migrations are applied checks VMs external connection after migrations [SIG-Migration]" classname="Tests" status="skipped" time="0">
              <skipped message="skipped - Spec skipped because Skip() was called in BeforeAll"></skipped>
              <system-err>[SKIPPED] Spec skipped because Skip() was called in BeforeAll&#xA;In [It] at: /Users/antont/ansible_deckhouse/virtualization-full/tests/e2e/vm_vpc_test.go:141 @ 10/10/25 09:57:07.493&#xA;</system-err>
          </testcase>
          <testcase name="[It] VirtualMachineAdditionalNetworkInterfaces When VMs migrations are applied checks network availability after migrations [SIG-Migration]" classname="Tests" status="skipped" time="0">
              <skipped message="skipped - Spec skipped because Skip() was called in BeforeAll"></skipped>
              <system-err>[SKIPPED] Spec skipped because Skip() was called in BeforeAll&#xA;In [It] at: /Users/antont/ansible_deckhouse/virtualization-full/tests/e2e/vm_vpc_test.go:156 @ 10/10/25 09:57:07.493&#xA;</system-err>
          </testcase>
          <testcase name="[It] VirtualMachineAdditionalNetworkInterfaces When test is completed deletes test case resources [SIG-Migration]" classname="Tests" status="skipped" time="0">
              <skipped message="skipped - Spec skipped because Skip() was called in BeforeAll"></skipped>
              <system-err>[SKIPPED] Spec skipped because Skip() was called in BeforeAll&#xA;In [It] at: /Users/antont/ansible_deckhouse/virtualization-full/tests/e2e/vm_vpc_test.go:169 @ 10/10/25 09:57:07.493&#xA;</system-err>
          </testcase>
          <testcase name="[It] VirtualMachineRestoreSafe When the virtualization resources are applied result should be succeeded [SIG-Restoration]" classname="Tests" status="passed" time="6.308002625">
[...]
tests/e2e/util_test.go:349&#xA;            | &#x9;&#x9;}()&#xA;            | &#x9;}&#xA;            &gt; &#x9;wg.Wait()&#xA;            | &#x9;Expect(waitErr).To(BeEmpty())&#xA;            | }&#xA;      &gt; github.com/deckhouse/virtualization/tests/e2e.WaitByLabel({0x1064830d7, 0x2a}, {{0x0, 0x0, 0x0}, 0x1400067c390, {0x14000954540, 0x25}, {0x14000c54180, 0x22}, ...})&#xA;          /Users/antont/ansible_deckhouse/virtualization-full/tests/e2e/util_test.go:308&#xA;            | &#x9;&#x9;resources = strings.Split(res.StdOut(), &#34; &#34;)&#xA;            | &#x9;}&#xA;            &gt; &#x9;WaitResources(resources, resource, opts)&#xA;            | }&#xA;            | &#xA;      &gt; github.com/deckhouse/virtualization/tests/e2e.WaitPhaseByLabel({0x1064830d7, 0x2a}, {0x10644037b, 0x7}, {{0x0, 0x0, 0x0}, 0x1400067c390, {0x14000954540, 0x25}, ...})&#xA;          /Users/antont/ansible_deckhouse/virtualization-full/tests/e2e/util_test.go:290&#xA;            | &#x9;GinkgoHelper()&#xA;            | &#x9;opts.For = fmt.Sprintf(&#34;&#39;jsonpath={.status.phase}=%s&#39;&#34;, phase)&#xA;            &gt; &#x9;WaitByLabel(resource, opts)&#xA;            | }&#xA;            | &#xA;      &gt; github.com/deckhouse/virtualization/tests/e2e.WaitVMAgentReady({{0x0, 0x0, 0x0}, 0x1400067c390, {0x14000954540, 0x25}, {0x0, 0x0}, 0xe8d4a51000})&#xA;          /Users/antont/ansible_deckhouse/virtualization-full/tests/e2e/util_test.go:274&#xA;            | func WaitVMAgentReady(opts kc.WaitOptions) {&#xA;            | &#x9;GinkgoHelper()&#xA;            &gt; &#x9;WaitPhaseByLabel(kc.ResourceVM, PhaseRunning, opts)&#xA;            | &#x9;WaitConditionIsTrueByLabel(kc.ResourceVM, vmcondition.TypeAgentReady.String(), opts)&#xA;            | }&#xA;      &gt; github.com/deckhouse/virtualization/tests/e2e.init.func20.4.1()&#xA;          /Users/antont/ansible_deckhouse/virtualization-full/tests/e2e/vm_migration_test.go:77&#xA;            | It(&#34;checks VMs phases&#34;, func() {&#xA;            | &#x9;By(&#34;Virtual machine agents should be ready&#34;)&#xA;            &gt; &#x9;WaitVMAgentReady(kc.WaitOptions{&#xA;            | &#x9;&#x9;Labels:    testCaseLabel,&#xA;            | &#x9;&#x9;Namespace: ns,&#xA;        github.com/onsi/ginkgo/v2/internal.extractBodyFunction.func3({0x0?, 0x1063e4050?})&#xA;          /Users/antont/go/pkg/mod/github.com/onsi/ginkgo/v2@v2.22.0/internal/node.go:475&#xA;        github.com/onsi/ginkgo/v2/internal.(*Suite).runNode.func3()&#xA;          /Users/antont/go/pkg/mod/github.com/onsi/ginkgo/v2@v2.22.0/internal/suite.go:894&#xA;        github.com/onsi/ginkgo/v2/internal.(*Suite).runNode in goroutine 6&#xA;          /Users/antont/go/pkg/mod/github.com/onsi/ginkgo/v2@v2.22.0/internal/suite.go:881&#xA;&#xA;      Goroutines of Interest&#xA;      goroutine 750 [syscall, 10 minutes]&#xA;        syscall.syscall6(0x1008eeaf0?, 0x1149cb0c8?, 0x10904cf30?, 0x90?, 0x14000301808?, 0x14000ac63f0?, 0x1400089fa68?)&#xA;          /opt/homebrew/Cellar/go/1.25.1/libexec/src/runtime/sys_darwin.go:60&#xA;        syscall.wait4(0x1400089fa98?, 0x104d766fc?, 0x90?, 0x106d64660?)&#xA;          /opt/homebrew/Cellar/go/1.25.1/libexec/src/syscall/zsyscall_darwin_arm64.go:44&#xA;        syscall.Wait4(0x1400034aa10?, 0x1400089fad4, 0x140008eeaf0?, 0x1400034a9a0?)&#xA;          /opt/homebrew/Cellar/go/1.25.1/libexec/src/syscall/syscall_bsd.go:144&#xA;        os.(*Process).pidWait.func1(...)&#xA;          /opt/homebrew/Cellar/go/1.25.1/libexec/src/os/exec_unix.go:64&#xA;        os.ignoringEINTR2[...](...)&#xA;          /opt/homebrew/Cellar/go/1.25.1/libexec/src/os/file_posix.go:266&#xA;        os.(*Process).pidWait(0x140004907c0)&#xA;          /opt/homebrew/Cellar/go/1.25.1/libexec/src/os/exec_unix.go:63&#xA;        os.(*Process).wait(0x14000a1b008?)&#xA;          /opt/homebrew/Cellar/go/1.25.1/libexec/src/os/exec_unix.go:28&#xA;        os.(*Process).Wait(...)&#xA;          /opt/homebrew/Cellar/go/1.25.1/libexec/src/os/exec.go:340&#xA;        os/exec.(*Cmd).Wait(0x1400093c300)&#xA;          /opt/homebrew/Cellar/go/1.25.1/libexec/src/os/exec/exec.go:922&#xA;        os/exec.(*Cmd).Run(0x1400093c300)&#xA;          /opt/homebrew/Cellar/go/1.25.1/libexec/src/os/exec/exec.go:626&#xA;      &gt; github.com/deckhouse/virtualization/tests/e2e/executor.CMDExecutor.ExecuteContext({{0x1400031b470?, 0x106dfc1e8?, 0x1400034a850?}}, {0x106e1c808?, 0x1400034a850?}, {0x14000a1e000?, 0xc2324ee91c091fc0?}, {0x106df5120, 0x14000490740}, {0x106df5120, ...})&#xA;          /Users/antont/ansible_deckhouse/virtualization-full/tests/e2e/executor/executor.go:76&#xA;            | &#x9;cmd.Stderr = stderr&#xA;            | &#x9;cmd.Stdout = stdout&#xA;            &gt; &#x9;return cmd.Run()&#xA;            | }&#xA;            | &#xA;      &gt; github.com/deckhouse/virtualization/tests/e2e/executor.CMDExecutor.ExecContext({{0x1400031b470?, 0x108303668?, 0x1082d9ee0?}}, {0x106e1c808, 0x1400034a850}, {0x14000a1e000, 0xc3})&#xA;          /Users/antont/ansible_deckhouse/virtualization-full/tests/e2e/executor/executor.go:49&#xA;            | stdout := new(Buffer)&#xA;            | stderr := new(Buffer)&#xA;            &gt; err := e.ExecuteContext(ctx, command, stdout, stderr)&#xA;            | cmdResult := &amp;CMDResult{&#xA;            | &#x9;stdOut:  stdout,&#xA;      &gt; github.com/deckhouse/virtualization/tests/e2e/kubectl.KubectlCMD.WaitResource({{0x106e20e48?, 0x1400000fea8?}, {0x106440924?, 0x1400062d6d8?}}, {0x1064830d7, 0x2a}, {0x1400092e5e0, 0x1f}, {{0x0, 0x0, ...}, ...})&#xA;          /Users/antont/ansible_deckhouse/virtualization-full/tests/e2e/kubectl/kubectl.go:259&#xA;            | &#x9;ctx, cancel := context.WithTimeout(context.Background(), timeout)&#xA;            | &#x9;defer cancel()&#xA;            &gt; &#x9;return k.ExecContext(ctx, cmd)&#xA;            | }&#xA;            | &#xA;      &gt; github.com/deckhouse/virtualization/tests/e2e.WaitResources.func1()&#xA;          /Users/antont/ansible_deckhouse/virtualization-full/tests/e2e/util_test.go:341&#xA;            | go func() {&#xA;            | &#x9;defer wg.Done()&#xA;            &gt; &#x9;res := kubectl.WaitResource(resource, name, waitOpts)&#xA;            | &#x9;if res.Error() != nil {&#xA;            | &#x9;&#x9;mu.Lock()&#xA;      &gt; github.com/deckhouse/virtualization/tests/e2e.WaitResources in goroutine 701&#xA;          /Users/antont/ansible_deckhouse/virtualization-full/tests/e2e/util_test.go:339&#xA;            | for _, name := range resources {&#xA;            | &#x9;wg.Add(1)&#xA;            &gt; &#x9;go func() {&#xA;            | &#x9;&#x9;defer wg.Done()&#xA;            | &#x9;&#x9;res := kubectl.WaitResource(resource, name, waitOpts)&#xA;&#xA;      goroutine 749 [syscall, 10 minutes]&#xA;        syscall.syscall6(0x1009ae040?, 0x1149cbca8?, 0x10904d3e8?, 0x90?, 0x140000a5808?, 0x14000916090?, 0x14000b19a68?)&#xA;          /opt/homebrew/Cellar/go/1.25.1/libexec/src/runtime/sys_darwin.go:60&#xA;        syscall.wait4(0x14000b19a98?, 0x104d766fc?, 0x90?, 0x106d64660?)&#xA;          /opt/homebrew/Cellar/go/1.25.1/libexec/src/syscall/zsyscall_darwin_arm64.go:44&#xA;        syscall.Wait4(0x140002e8700?, 0x14000b19ad4, 0x140009ae040?, 0x140002e85b0?)&#xA;          /opt/homebrew/Cellar/go/1.25.1/libexec/src/syscall/syscall_bsd.go:144&#xA;        os.(*Process).pidWait.func1(...)&#xA;          /opt/homebrew/Cellar/go/1.25.1/libexec/src/os/exec_unix.go:64&#xA;        os.ignoringEINTR2[...](...)&#xA;          /opt/homebrew/Cellar/go/1.25.1/libexec/src/os/file_posix.go:266&#xA;        os.(*Process).pidWait(0x140008040c0)&#xA;          /opt/homebrew/Cellar/go/1.25.1/libexec/src/os/exec_unix.go:63&#xA;        os.(*Process).wait(0x14000922408?)&#xA;          /opt/homebrew/Cellar/go/1.25.1/libexec/src/os/exec_unix.go:28&#xA;        os.(*Process).Wait(...)&#xA;          /opt/homebrew/Cellar/go/1.25.1/libexec/src/os/exec.go:340&#xA;        os/exec.(*Cmd).Wait(0x14000920000)&#xA;          /opt/homebrew/Cellar/go/1.25.1/libexec/src/os/exec/exec.go:922&#xA;        os/exec.(*Cmd).Run(0x14000920000)&#xA;          /opt/homebrew/Cellar/go/1.25.1/libexec/src/os/exec/exec.go:626&#xA;      &gt; github.com/deckhouse/virtualization/tests/e2e/executor.CMDExecutor.ExecuteContext({{0x1400031b470?, 0x106dfc1e8?, 0x140002e8000?}}, {0x106e1c808?, 0x140002e8000?}, {0x1400091e000?, 0xc2324ee91c095670?}, {0x106df5120, 0x14000804000}, {0x106df5120, ...})&#xA;          /Users/antont/ansible_deckhouse/virtualization-full/tests/e2e/executor/executor.go:76&#xA;            | &#x9;cmd.Stderr = stderr&#xA;            | &#x9;cmd.Stdout = stdout&#xA;            &gt; &#x9;return cmd.Run()&#xA;            | }&#xA;            | &#xA;      &gt; github.com/deckhouse/virtualization/tests/e2e/executor.CMDExecutor.ExecContext({{0x1400031b470?, 0x108303668?, 0x1082d9ee0?}}, {0x106e1c808, 0x140002e8000}, {0x1400091e000, 0xc3})&#xA;          /Users/antont/ansible_deckhouse/virtualization-full/tests/e2e/executor/executor.go:49&#xA;            | stdout := new(Buffer)&#xA;            | stderr := new(Buffer)&#xA;            &gt; err := e.ExecuteContext(ctx, command, stdout, stderr)&#xA;            | cmdResult := &amp;CMDResult{&#xA;            | &#x9;stdOut:  stdout,&#xA;      &gt; github.com/deckhouse/virtualization/tests/e2e/kubectl.KubectlCMD.WaitResource({{0x106e20e48?, 0x1400000fea8?}, {0x106440924?, 0x140009a96d8?}}, {0x1064830d7, 0x2a}, {0x1400092e5c0, 0x1f}, {{0x0, 0x0, ...}, ...})&#xA;          /Users/antont/ansible_deckhouse/virtualization-full/tests/e2e/kubectl/kubectl.go:259&#xA;            | &#x9;ctx, cancel := context.WithTimeout(context.Background(), timeout)&#xA;            | &#x9;defer cancel()&#xA;            &gt; &#x9;return k.ExecContext(ctx, cmd)&#xA;            | }&#xA;            | &#xA;      &gt; github.com/deckhouse/virtualization/tests/e2e.WaitResources.func1()&#xA;          /Users/antont/ansible_deckhouse/virtualization-full/tests/e2e/util_test.go:341&#xA;            | go func() {&#xA;            | &#x9;defer wg.Done()&#xA;            &gt; &#x9;res := kubectl.WaitResource(resource, name, waitOpts)&#xA;            | &#x9;if res.Error() != nil {&#xA;            | &#x9;&#x9;mu.Lock()&#xA;      &gt; github.com/deckhouse/virtualization/tests/e2e.WaitResources in goroutine 701&#xA;          /Users/antont/ansible_deckhouse/virtualization-full/tests/e2e/util_test.go:339&#xA;            | for _, name := range resources {&#xA;            | &#x9;wg.Add(1)&#xA;            &gt; &#x9;go func() {&#xA;            | &#x9;&#x9;defer wg.Done()&#xA;            | &#x9;&#x9;res := kubectl.WaitResource(resource, name, waitOpts)&#xA;&lt; Exit [It] checks VMs phases - /Users/antont/ansible_deckhouse/virtualization-full/tests/e2e/vm_migration_test.go:75 @ 10/10/25 11:22:11.473 (8m44.048s)&#xA;&gt; Enter [AfterEach] VirtualMachineMigration - /Users/antont/ansible_deckhouse/virtualization-full/tests/e2e/vm_migration_test.go:45 @ 10/10/25 11:22:11.473&#xA;&lt; Exit [AfterEach] VirtualMachineMigration - /Users/antont/ansible_deckhouse/virtualization-full/tests/e2e/vm_migration_test.go:45 @ 10/10/25 11:22:16.698 (5.225s)&#xA;</system-err>
          </testcase>
          <testcase name="[It] VirtualMachineMigration When virtual machine agents are ready starts migrations [SIG-Migration]" classname="Tests" status="skipped" time="0">
              <skipped message="skipped"></skipped>
          </testcase>
          <testcase name="[It] VirtualMachineMigration When VMs migrations are applied checks VMs and VMOPs phases [SIG-Migration]" classname="Tests" status="skipped" time="0">
              <skipped message="skipped"></skipped>
          </testcase>
          <testcase name="[It] VirtualMachineMigration When VMs migrations are applied checks VMs external connection after migrations [SIG-Migration]" classname="Tests" status="skipped" time="0">
              <skipped message="skipped"></skipped>
          </testcase>
          <testcase name="[It] VirtualMachineMigration When test is completed deletes test case resources [SIG-Migration]" classname="Tests" status="skipped" time="0">
              <skipped message="skipped"></skipped>
          </testcase>
          <testcase name="[It] VirtualMachineAffinityAndToleration When the virtualization resources are applied: result should be succeeded" classname="Tests" status="skipped" time="0">
              <skipped message="skipped"></skipped>
          </testcase>
          <testcase name="[It] VirtualMachineAffinityAndToleration When the virtualization resources are applied: checks the resources phase" classname="Tests" status="skipped" time="0">
              <skipped message="skipped"></skipped>
          </testcase>
          <testcase name="[It] VirtualMachineAffinityAndToleration When the virtual machines agents are ready checks the `status.nodeName` field of the `VirtualMachines`" classname="Tests" status="skipped" time="0">
              <skipped message="skipped"></skipped>
          </testcase>
          <testcase name="[It] VirtualMachineAffinityAndToleration When the virtual machine `node-selector` agent is ready sets the `spec.nodeSelector` field" classname="Tests" status="skipped" time="0">
              <skipped message="skipped"></skipped>
          </testcase>
          <testcase name="[It] VirtualMachineAffinityAndToleration When the virtual machine `node-affinity` agent is ready sets the `spec.affinity.nodeAffinity` field" classname="Tests" status="skipped" time="0">
              <skipped message="skipped"></skipped>
          </testcase>
          <testcase name="[It] VirtualMachineAffinityAndToleration When test is completed deletes test case resources" classname="Tests" status="skipped" time="0">
              <skipped message="skipped"></skipped>
          </testcase>
          <testcase name="[SynchronizedAfterSuite]" classname="Tests" status="failed" time="0.589506708">
              <failure message="Expected success, but got an error:&#xA;    &lt;*errors.joinError | 0x1400000f290&gt;: &#xA;    the container &#34;virtualization-controller&#34; was restarted: virtualization-controller-5f7744444b-2lsv9&#xA;    the container &#34;virtualization-controller&#34; was restarted: virtualization-controller-5f7744444b-crgqz&#xA;    the container &#34;virtualization-controller&#34; was not found: virtualization-controller-5fb7f4bc7b-sfqb2&#xA;    {&#xA;        errs: [&#xA;            &lt;*errors.joinError | 0x1400000f278&gt;{&#xA;                errs: [&#xA;                    &lt;*errors.joinError | 0x1400000f260&gt;{&#xA;                        errs: [&#xA;                            &lt;*errors.errorString | 0x140006678a0&gt;{&#xA;                                s: &#34;the container \&#34;virtualization-controller\&#34; was restarted: virtualization-controller-5f7744444b-2lsv9&#34;,&#xA;                            },&#xA;                        ],&#xA;                    },&#xA;                    &lt;*errors.errorString | 0x140006678e0&gt;{&#xA;                        s: &#34;the container \&#34;virtualization-controller\&#34; was restarted: virtualization-controller-5f7744444b-crgqz&#34;,&#xA;                    },&#xA;                ],&#xA;            },&#xA;            &lt;*errors.errorString | 0x14000667900&gt;{&#xA;                s: &#34;the container \&#34;virtualization-controller\&#34; was not found: virtualization-controller-5fb7f4bc7b-sfqb2&#34;,&#xA;            },&#xA;        ],&#xA;    }" type="failed">[FAILED] Expected success, but got an error:&#xA;    &lt;*errors.joinError | 0x1400000f290&gt;: &#xA;    the container &#34;virtualization-controller&#34; was restarted: virtualization-controller-5f7744444b-2lsv9&#xA;    the container &#34;virtualization-controller&#34; was restarted: virtualization-controller-5f7744444b-crgqz&#xA;    the container &#34;virtualization-controller&#34; was not found: virtualization-controller-5fb7f4bc7b-sfqb2&#xA;    {&#xA;        errs: [&#xA;            &lt;*errors.joinError | 0x1400000f278&gt;{&#xA;                errs: [&#xA;                    &lt;*errors.joinError | 0x1400000f260&gt;{&#xA;                        errs: [&#xA;                            &lt;*errors.errorString | 0x140006678a0&gt;{&#xA;                                s: &#34;the container \&#34;virtualization-controller\&#34; was restarted: virtualization-controller-5f7744444b-2lsv9&#34;,&#xA;                            },&#xA;                        ],&#xA;                    },&#xA;                    &lt;*errors.errorString | 0x140006678e0&gt;{&#xA;                        s: &#34;the container \&#34;virtualization-controller\&#34; was restarted: virtualization-controller-5f7744444b-crgqz&#34;,&#xA;                    },&#xA;                ],&#xA;            },&#xA;            &lt;*errors.errorString | 0x14000667900&gt;{&#xA;                s: &#34;the container \&#34;virtualization-controller\&#34; was not found: virtualization-controller-5fb7f4bc7b-sfqb2&#34;,&#xA;            },&#xA;        ],&#xA;    }&#xA;In [SynchronizedAfterSuite] at: /Users/antont/ansible_deckhouse/virtualization-full/tests/e2e/e2e_test.go:183 @ 10/10/25 11:22:17.288&#xA;</failure>
              <system-err>&gt; Enter [SynchronizedAfterSuite] TOP-LEVEL - /Users/antont/ansible_deckhouse/virtualization-full/tests/e2e/e2e_test.go:182 @ 10/10/25 11:22:16.698&#xA;&lt; Exit [SynchronizedAfterSuite] TOP-LEVEL - /Users/antont/ansible_deckhouse/virtualization-full/tests/e2e/e2e_test.go:182 @ 10/10/25 11:22:16.698 (0s)&#xA;&gt; Enter [SynchronizedAfterSuite] TOP-LEVEL - /Users/antont/ansible_deckhouse/virtualization-full/tests/e2e/e2e_test.go:182 @ 10/10/25 11:22:16.698&#xA;[FAILED] Expected success, but got an error:&#xA;    &lt;*errors.joinError | 0x1400000f290&gt;: &#xA;    the container &#34;virtualization-controller&#34; was restarted: virtualization-controller-5f7744444b-2lsv9&#xA;    the container &#34;virtualization-controller&#34; was restarted: virtualization-controller-5f7744444b-crgqz&#xA;    the container &#34;virtualization-controller&#34; was not found: virtualization-controller-5fb7f4bc7b-sfqb2&#xA;    {&#xA;        errs: [&#xA;            &lt;*errors.joinError | 0x1400000f278&gt;{&#xA;                errs: [&#xA;                    &lt;*errors.joinError | 0x1400000f260&gt;{&#xA;                        errs: [&#xA;                            &lt;*errors.errorString | 0x140006678a0&gt;{&#xA;                                s: &#34;the container \&#34;virtualization-controller\&#34; was restarted: virtualization-controller-5f7744444b-2lsv9&#34;,&#xA;                            },&#xA;                        ],&#xA;                    },&#xA;                    &lt;*errors.errorString | 0x140006678e0&gt;{&#xA;                        s: &#34;the container \&#34;virtualization-controller\&#34; was restarted: virtualization-controller-5f7744444b-crgqz&#34;,&#xA;                    },&#xA;                ],&#xA;            },&#xA;            &lt;*errors.errorString | 0x14000667900&gt;{&#xA;                s: &#34;the container \&#34;virtualization-controller\&#34; was not found: virtualization-controller-5fb7f4bc7b-sfqb2&#34;,&#xA;            },&#xA;        ],&#xA;    }&#xA;In [SynchronizedAfterSuite] at: /Users/antont/ansible_deckhouse/virtualization-full/tests/e2e/e2e_test.go:183 @ 10/10/25 11:22:17.288&#xA;&lt; Exit [SynchronizedAfterSuite] TOP-LEVEL - /Users/antont/ansible_deckhouse/virtualization-full/tests/e2e/e2e_test.go:182 @ 10/10/25 11:22:17.288 (589ms)&#xA;</system-err>
          </testcase>
          <testcase name="[DeferCleanup (Suite)]" classname="Tests" status="passed" time="12.431844458">
              <system-err>&gt; Enter [DeferCleanup (Suite)] TOP-LEVEL - /Users/antont/ansible_deckhouse/virtualization-full/tests/e2e/e2e_test.go:175 @ 10/10/25 11:22:17.288&#xA;&lt; Exit [DeferCleanup (Suite)] TOP-LEVEL - /Users/antont/ansible_deckhouse/virtualization-full/tests/e2e/e2e_test.go:175 @ 10/10/25 11:22:29.72 (12.432s)&#xA;</system-err>
          </testcase>
      </testsuite>
  </testsuites>