<?xml version="1.0" encoding="UTF-8"?>
  <testsuites tests="215" disabled="166" errors="0" failures="16" time="10814.116453083">
      <testsuite name="Tests" package="/Users/antont/ansible_deckhouse/virtualization-full/tests/e2e" tests="215" disabled="0" skipped="166" errors="0" failures="16" time="10814.116453083" timestamp="2025-10-11T10:00:11">
          <properties>
              <property name="SuiteSucceeded" value="false"></property>
              <property name="SuiteHasProgrammaticFocus" value="false"></property>
              <property name="SpecialSuiteFailureReason" value="Suite Timeout Elapsed"></property>
              <property name="SuiteLabels" value="[]"></property>
              <property name="RandomSeed" value="1760165998"></property>
              <property name="RandomizeAllSpecs" value="false"></property>
              <property name="LabelFilter" value=""></property>
              <property name="FocusStrings" value=""></property>
              <property name="SkipStrings" value=""></property>
              <property name="FocusFiles" value=""></property>
              <property name="SkipFiles" value=""></property>
              <property name="FailOnPending" value="false"></property>
              <property name="FailOnEmpty" value="false"></property>
              <property name="FailFast" value="false"></property>
              <property name="FlakeAttempts" value="0"></property>
              <property name="DryRun" value="false"></property>
              <property name="ParallelTotal" value="1"></property>
              <property name="OutputInterceptorMode" value=""></property>
          </properties>
          <testcase name="[SynchronizedBeforeSuite]" classname="Tests" status="passed" time="4.794031834">
              <system-err>&gt; Enter [SynchronizedBeforeSuite] TOP-LEVEL - /Users/antont/ansible_deckhouse/virtualization-full/tests/e2e/e2e_test.go:137 @ 10/11/25 10:00:11.688&#xA;&lt; Exit [SynchronizedBeforeSuite] TOP-LEVEL - /Users/antont/ansible_deckhouse/virtualization-full/tests/e2e/e2e_test.go:137 @ 10/11/25 10:00:16.482 (4.794s)&#xA;&gt; Enter [SynchronizedBeforeSuite] TOP-LEVEL - /Users/antont/ansible_deckhouse/virtualization-full/tests/e2e/e2e_test.go:137 @ 10/11/25 10:00:16.482&#xA;&lt; Exit [SynchronizedBeforeSuite] TOP-LEVEL - /Users/antont/ansible_deckhouse/virtualization-full/tests/e2e/e2e_test.go:137 @ 10/11/25 10:00:16.482 (0s)&#xA;</system-err>
          </testcase>
          <testcase name="[It] VirtualMachineRestoreForce When the virtualization resources are applied result should be succeeded [SIG-Restoration]" classname="Tests" status="passed" time="7.819487375">
              <system-err>&gt; Enter [BeforeAll] VirtualMachineRestoreForce - /Users/antont/ansible_deckhouse/virtualization-full/tests/e2e/vm_restore_force_test.go:55 @ 10/11/25 10:00:16.483&#xA;&lt; Exit [BeforeAll] VirtualMachineRestoreForce - /Users/antont/ansible_deckhouse/virtualization-full/tests/e2e/vm_restore_force_test.go:55 @ 10/11/25 10:00:17.935 (1.452s)&#xA;&gt; Enter [BeforeEach] VirtualMachineRestoreForce - /Users/antont/ansible_deckhouse/virtualization-full/tests/e2e/vm_restore_force_test.go:64 @ 10/11/25 10:00:17.935&#xA;&lt; Exit [BeforeEach] VirtualMachineRestoreForce - /Users/antont/ansible_deckhouse/virtualization-full/tests/e2e/vm_restore_force_test.go:64 @ 10/11/25 10:00:17.935 (0s)&#xA;&gt; Enter [It] result should be succeeded - /Users/antont/ansible_deckhouse/virtualization-full/tests/e2e/vm_restore_force_test.go:80 @ 10/11/25 10:00:17.935&#xA;&lt; Exit [It] result should be succeeded - /Users/antont/ansible_deckhouse/virtualization-full/tests/e2e/vm_restore_force_test.go:80 @ 10/11/25 10:00:24.302 (6.368s)&#xA;&gt; Enter [AfterEach] VirtualMachineRestoreForce - /Users/antont/ansible_deckhouse/virtualization-full/tests/e2e/vm_restore_force_test.go:71 @ 10/11/25 10:00:24.302&#xA;&lt; Exit [AfterEach] VirtualMachineRestoreForce - /Users/antont/ansible_deckhouse/virtualization-full/tests/e2e/vm_restore_force_test.go:71 @ 10/11/25 10:00:24.303 (0s)&#xA;</system-err>
          </testcase>
          <testcase name="[It] VirtualMachineRestoreForce When the virtualization resources are applied checks the resources phase [SIG-Restoration]" classname="Tests" status="failed" time="1012.572590125">
              <failure message="should observe resources in &#39;&#39;jsonpath={.status.phase}=Running&#39;&#39; state before 16m40s timeout&#xA;Expected&#xA;    &lt;[]string | len:2, cap:2&gt;: [&#xA;        &#34;cmd: kubectl wait virtualmachine.virtualization.deckhouse.io head-5073ae15-vm-restore-force --namespace head-5073ae15-end-to-end-vm-restore-force --for=&#39;jsonpath={.status.phase}=Running&#39; --timeout=16m40s\nstderr: error: timed out waiting for the condition on virtualmachines/head-5073ae15-vm-restore-force\n\nwaited for: &#39;jsonpath={.status.phase}=Running&#39;&#34;,&#xA;        &#34;cmd: kubectl wait virtualmachine.virtualization.deckhouse.io head-5073ae15-vm-always-on-restore-force --namespace head-5073ae15-end-to-end-vm-restore-force --for=&#39;jsonpath={.status.phase}=Running&#39; --timeout=16m40s\nstderr: error: timed out waiting for the condition on virtualmachines/head-5073ae15-vm-always-on-restore-force\n\nwaited for: &#39;jsonpath={.status.phase}=Running&#39;&#34;,&#xA;    ]&#xA;to be empty" type="failed">[FAILED] should observe resources in &#39;&#39;jsonpath={.status.phase}=Running&#39;&#39; state before 16m40s timeout&#xA;Expected&#xA;    &lt;[]string | len:2, cap:2&gt;: [&#xA;        &#34;cmd: kubectl wait virtualmachine.virtualization.deckhouse.io head-5073ae15-vm-restore-force --namespace head-5073ae15-end-to-end-vm-restore-force --for=&#39;jsonpath={.status.phase}=Running&#39; --timeout=16m40s\nstderr: error: timed out waiting for the condition on virtualmachines/head-5073ae15-vm-restore-force\n\nwaited for: &#39;jsonpath={.status.phase}=Running&#39;&#34;,&#xA;        &#34;cmd: kubectl wait virtualmachine.virtualization.deckhouse.io head-5073ae15-vm-always-on-restore-force --namespace head-5073ae15-end-to-end-vm-restore-force --for=&#39;jsonpath={.status.phase}=Running&#39; --timeout=16m40s\nstderr: error: timed out waiting for the condition on virtualmachines/head-5073ae15-vm-always-on-restore-force\n\nwaited for: &#39;jsonpath={.status.phase}=Running&#39;&#34;,&#xA;    ]&#xA;to be empty&#xA;In [It] at: /Users/antont/ansible_deckhouse/virtualization-full/tests/e2e/vm_restore_force_test.go:113 @ 10/11/25 10:55:16.602&#xA;</failure>
              <system-err>&gt; Enter [BeforeEach] VirtualMachineRestoreForce - /Users/antont/ansible_deckhouse/virtualization-full/tests/e2e/vm_restore_force_test.go:64 @ 10/11/25 10:00:24.303&#xA;&lt; Exit [BeforeEach] VirtualMachineRestoreForce - /Users/antont/ansible_deckhouse/virtualization-full/tests/e2e/vm_restore_force_test.go:64 @ 10/11/25 10:00:24.303 (0s)&#xA;&gt; Enter [It] checks the resources phase - /Users/antont/ansible_deckhouse/virtualization-full/tests/e2e/vm_restore_force_test.go:111 @ 10/11/25 10:00:24.303&#xA;STEP: `VirtualMachine` agent should be ready - /Users/antont/ansible_deckhouse/virtualization-full/tests/e2e/vm_restore_force_test.go:112 @ 10/11/25 10:00:24.303&#xA;END STEP: `VirtualMachine` agent should be ready - /Users/antont/ansible_deckhouse/virtualization-full/tests/e2e/vm_restore_force_test.go:112 @ 10/11/25 10:55:16.602 (16m42.153s)&#xA;[FAILED] should observe resources in &#39;&#39;jsonpath={.status.phase}=Running&#39;&#39; state before 16m40s timeout&#xA;Expected&#xA;    &lt;[]string | len:2, cap:2&gt;: [&#xA;        &#34;cmd: kubectl wait virtualmachine.virtualization.deckhouse.io head-5073ae15-vm-restore-force --namespace head-5073ae15-end-to-end-vm-restore-force --for=&#39;jsonpath={.status.phase}=Running&#39; --timeout=16m40s\nstderr: error: timed out waiting for the condition on virtualmachines/head-5073ae15-vm-restore-force\n\nwaited for: &#39;jsonpath={.status.phase}=Running&#39;&#34;,&#xA;        &#34;cmd: kubectl wait virtualmachine.virtualization.deckhouse.io head-5073ae15-vm-always-on-restore-force --namespace head-5073ae15-end-to-end-vm-restore-force --for=&#39;jsonpath={.status.phase}=Running&#39; --timeout=16m40s\nstderr: error: timed out waiting for the condition on virtualmachines/head-5073ae15-vm-always-on-restore-force\n\nwaited for: &#39;jsonpath={.status.phase}=Running&#39;&#34;,&#xA;    ]&#xA;to be empty&#xA;In [It] at: /Users/antont/ansible_deckhouse/virtualization-full/tests/e2e/vm_restore_force_test.go:113 @ 10/11/25 10:55:16.602&#xA;&lt; Exit [It] checks the resources phase - /Users/antont/ansible_deckhouse/virtualization-full/tests/e2e/vm_restore_force_test.go:111 @ 10/11/25 10:55:16.602 (16m42.153s)&#xA;&gt; Enter [AfterEach] VirtualMachineRestoreForce - /Users/antont/ansible_deckhouse/virtualization-full/tests/e2e/vm_restore_force_test.go:71 @ 10/11/25 10:55:16.602&#xA;&lt; Exit [AfterEach] VirtualMachineRestoreForce - /Users/antont/ansible_deckhouse/virtualization-full/tests/e2e/vm_restore_force_test.go:71 @ 10/11/25 10:55:27.021 (10.419s)&#xA;</system-err>
          </testcase>
          <testcase name="[It] VirtualMachineRestoreForce When the virtualization resources are applied add additional interface to virtual machines [SIG-Restoration]" classname="Tests" status="skipped" time="0">
              <skipped message="skipped - Spec skipped because an earlier spec in an ordered container failed"></skipped>
              <system-err>[SKIPPED] Spec skipped because an earlier spec in an ordered container failed&#xA;In [It] at: /Users/antont/ansible_deckhouse/virtualization-full/tests/e2e/vm_restore_force_test.go:131 @ 10/11/25 10:55:27.021&#xA;</system-err>
          </testcase>
          <testcase name="[It] VirtualMachineRestoreForce When the resources are ready to use restore the `VirtualMachines` with `forced` mode [SIG-Restoration]" classname="Tests" status="skipped" time="0">
              <skipped message="skipped - Spec skipped because an earlier spec in an ordered container failed"></skipped>
              <system-err>[SKIPPED] Spec skipped because an earlier spec in an ordered container failed&#xA;In [It] at: /Users/antont/ansible_deckhouse/virtualization-full/tests/e2e/vm_restore_force_test.go:177 @ 10/11/25 10:55:27.022&#xA;</system-err>
          </testcase>
          <testcase name="[It] VirtualMachineRestoreForce When the resources are ready to use check the .status.networks of each VM after restore [SIG-Restoration]" classname="Tests" status="skipped" time="0">
              <skipped message="skipped - Spec skipped because an earlier spec in an ordered container failed"></skipped>
              <system-err>[SKIPPED] Spec skipped because an earlier spec in an ordered container failed&#xA;In [It] at: /Users/antont/ansible_deckhouse/virtualization-full/tests/e2e/vm_restore_force_test.go:341 @ 10/11/25 10:55:27.022&#xA;</system-err>
          </testcase>
          <testcase name="[It] VirtualMachineRestoreForce When test is completed deletes test case resources [SIG-Restoration]" classname="Tests" status="skipped" time="0">
              <skipped message="skipped - Spec skipped because an earlier spec in an ordered container failed"></skipped>
              <system-err>[SKIPPED] Spec skipped because an earlier spec in an ordered container failed&#xA;In [It] at: /Users/antont/ansible_deckhouse/virtualization-full/tests/e2e/vm_restore_force_test.go:367 @ 10/11/25 10:55:27.022&#xA;</system-err>
          </testcase>
          <testcase name="[It] VirtualMachineMigration When resources are applied result should be succeeded [SIG-Migration]" classname="Tests" status="passed" time="7.283494667">
              <system-err>&gt; Enter [BeforeAll] VirtualMachineMigration - /Users/antont/ansible_deckhouse/virtualization-full/tests/e2e/vm_migration_test.go:36 @ 10/11/25 10:55:27.022&#xA;&lt; Exit [BeforeAll] VirtualMachineMigration - /Users/antont/ansible_deckhouse/virtualization-full/tests/e2e/vm_migration_test.go:36 @ 10/11/25 10:55:28.964 (1.942s)&#xA;&gt; Enter [It] result should be succeeded - /Users/antont/ansible_deckhouse/virtualization-full/tests/e2e/vm_migration_test.go:52 @ 10/11/25 10:55:28.964&#xA;&lt; Exit [It] result should be succeeded - /Users/antont/ansible_deckhouse/virtualization-full/tests/e2e/vm_migration_test.go:52 @ 10/11/25 10:55:34.305 (5.341s)&#xA;&gt; Enter [AfterEach] VirtualMachineMigration - /Users/antont/ansible_deckhouse/virtualization-full/tests/e2e/vm_migration_test.go:45 @ 10/11/25 10:55:34.305&#xA;&lt; Exit [AfterEach] VirtualMachineMigration - /Users/antont/ansible_deckhouse/virtualization-full/tests/e2e/vm_migration_test.go:45 @ 10/11/25 10:55:34.305 (0s)&#xA;</system-err>
          </testcase>
          <testcase name="[It] VirtualMachineMigration When virtual machines are applied checks VMs phases [SIG-Migration]" classname="Tests" status="failed" time="1008.222912833">
              <failure message="should observe resources in &#39;&#39;jsonpath={.status.phase}=Running&#39;&#39; state before 16m40s timeout&#xA;Expected&#xA;    &lt;[]string | len:2, cap:2&gt;: [&#xA;        &#34;cmd: kubectl wait virtualmachine.virtualization.deckhouse.io head-5073ae15-vm-migration-bios --namespace head-5073ae15-end-to-end-vm-migration --for=&#39;jsonpath={.status.phase}=Running&#39; --timeout=16m40s\nstderr: error: timed out waiting for the condition on virtualmachines/head-5073ae15-vm-migration-bios\n\nwaited for: &#39;jsonpath={.status.phase}=Running&#39;&#34;,&#xA;        &#34;cmd: kubectl wait virtualmachine.virtualization.deckhouse.io head-5073ae15-vm-migration-uefi --namespace head-5073ae15-end-to-end-vm-migration --for=&#39;jsonpath={.status.phase}=Running&#39; --timeout=16m40s\nstderr: error: timed out waiting for the condition on virtualmachines/head-5073ae15-vm-migration-uefi\n\nwaited for: &#39;jsonpath={.status.phase}=Running&#39;&#34;,&#xA;    ]&#xA;to be empty" type="failed">[FAILED] should observe resources in &#39;&#39;jsonpath={.status.phase}=Running&#39;&#39; state before 16m40s timeout&#xA;Expected&#xA;    &lt;[]string | len:2, cap:2&gt;: [&#xA;        &#34;cmd: kubectl wait virtualmachine.virtualization.deckhouse.io head-5073ae15-vm-migration-bios --namespace head-5073ae15-end-to-end-vm-migration --for=&#39;jsonpath={.status.phase}=Running&#39; --timeout=16m40s\nstderr: error: timed out waiting for the condition on virtualmachines/head-5073ae15-vm-migration-bios\n\nwaited for: &#39;jsonpath={.status.phase}=Running&#39;&#34;,&#xA;        &#34;cmd: kubectl wait virtualmachine.virtualization.deckhouse.io head-5073ae15-vm-migration-uefi --namespace head-5073ae15-end-to-end-vm-migration --for=&#39;jsonpath={.status.phase}=Running&#39; --timeout=16m40s\nstderr: error: timed out waiting for the condition on virtualmachines/head-5073ae15-vm-migration-uefi\n\nwaited for: &#39;jsonpath={.status.phase}=Running&#39;&#34;,&#xA;    ]&#xA;to be empty&#xA;In [It] at: /Users/antont/ansible_deckhouse/virtualization-full/tests/e2e/vm_migration_test.go:77 @ 10/11/25 11:12:22.183&#xA;</failure>
              <system-err>&gt; Enter [It] checks VMs phases - /Users/antont/ansible_deckhouse/virtualization-full/tests/e2e/vm_migration_test.go:75 @ 10/11/25 10:55:34.306&#xA;STEP: Virtual machine agents should be ready - /Users/antont/ansible_deckhouse/virtualization-full/tests/e2e/vm_migration_test.go:76 @ 10/11/25 10:55:34.306&#xA;[FAILED] should observe resources in &#39;&#39;jsonpath={.status.phase}=Running&#39;&#39; state before 16m40s timeout&#xA;Expected&#xA;    &lt;[]string | len:2, cap:2&gt;: [&#xA;        &#34;cmd: kubectl wait virtualmachine.virtualization.deckhouse.io head-5073ae15-vm-migration-bios --namespace head-5073ae15-end-to-end-vm-migration --for=&#39;jsonpath={.status.phase}=Running&#39; --timeout=16m40s\nstderr: error: timed out waiting for the condition on virtualmachines/head-5073ae15-vm-migration-bios\n\nwaited for: &#39;jsonpath={.status.phase}=Running&#39;&#34;,&#xA;        &#34;cmd: kubectl wait virtualmachine.virtualization.deckhouse.io head-5073ae15-vm-migration-uefi --namespace head-5073ae15-end-to-end-vm-migration --for=&#39;jsonpath={.status.phase}=Running&#39; --timeout=16m40s\nstderr: error: timed out waiting for the condition on virtualmachines/head-5073ae15-vm-migration-uefi\n\nwaited for: &#39;jsonpath={.status.phase}=Running&#39;&#34;,&#xA;    ]&#xA;to be empty&#xA;In [It] at: /Users/antont/ansible_deckhouse/virtualization-full/tests/e2e/vm_migration_test.go:77 @ 10/11/25 11:12:22.183&#xA;&lt; Exit [It] checks VMs phases - /Users/antont/ansible_deckhouse/virtualization-full/tests/e2e/vm_migration_test.go:75 @ 10/11/25 11:12:22.183 (16m42.107s)&#xA;&gt; Enter [AfterEach] VirtualMachineMigration - /Users/antont/ansible_deckhouse/virtualization-full/tests/e2e/vm_migration_test.go:45 @ 10/11/25 11:12:22.183&#xA;The list of pods is empty; nothing to dump.&#xA;&lt; Exit [AfterEach] VirtualMachineMigration - /Users/antont/ansible_deckhouse/virtualization-full/tests/e2e/vm_migration_test.go:45 @ 10/11/25 11:12:28.299 (6.116s)&#xA;</system-err>
          </testcase>
          <testcase name="[It] VirtualMachineMigration When virtual machine agents are ready starts migrations [SIG-Migration]" classname="Tests" status="skipped" time="0">
              <skipped message="skipped - Spec skipped because an earlier spec in an ordered container failed"></skipped>
              <system-err>[SKIPPED] Spec skipped because an earlier spec in an ordered container failed&#xA;In [It] at: /Users/antont/ansible_deckhouse/virtualization-full/tests/e2e/vm_migration_test.go:86 @ 10/11/25 11:12:28.3&#xA;</system-err>
          </testcase>
          <testcase name="[It] VirtualMachineMigration When VMs migrations are applied checks VMs and VMOPs phases [SIG-Migration]" classname="Tests" status="skipped" time="0">
              <skipped message="skipped - Spec skipped because an earlier spec in an ordered container failed"></skipped>
              <system-err>[SKIPPED] Spec skipped because an earlier spec in an ordered container failed&#xA;In [It] at: /Users/antont/ansible_deckhouse/virtualization-full/tests/e2e/vm_migration_test.go:100 @ 10/11/25 11:12:28.3&#xA;</system-err>
          </testcase>
          <testcase name="[It] VirtualMachineMigration When VMs migrations are applied checks VMs external connection after migrations [SIG-Migration]" classname="Tests" status="skipped" time="0">
              <skipped message="skipped - Spec skipped because an earlier spec in an ordered container failed"></skipped>
              <system-err>[SKIPPED] Spec skipped because an earlier spec in an ordered container failed&#xA;In [It] at: /Users/antont/ansible_deckhouse/virtualization-full/tests/e2e/vm_migration_test.go:116 @ 10/11/25 11:12:28.3&#xA;</system-err>
          </testcase>
          <testcase name="[It] VirtualMachineMigration When test is completed deletes test case resources [SIG-Migration]" classname="Tests" status="skipped" time="0">
              <skipped message="skipped - Spec skipped because an earlier spec in an ordered container failed"></skipped>
              <system-err>[SKIPPED] Spec skipped because an earlier spec in an ordered container failed&#xA;In [It] at: /Users/antont/ansible_deckhouse/virtualization-full/tests/e2e/vm_migration_test.go:131 @ 10/11/25 11:12:28.3&#xA;</system-err>
          </testcase>
          <testcase name="[It] ImageHotplug When the virtualization resources are applied result should be succeeded" classname="Tests" status="failed" time="12.685537709">
              <failure message="Warning: resource namespaces/head-5073ae15-end-to-end-image-hotplug is missing the kubectl.kubernetes.io/last-applied-configuration annotation which is required by kubectl apply. kubectl apply should only be used on resources created declaratively by either kubectl create --save-config or kubectl apply. The missing annotation will be patched automatically.&#xA;Error from server (Forbidden): error when creating &#34;/tmp/testdata/image-hotplug&#34;: admission webhook &#34;vi.virtualization-controller.validate.d8-virtualization&#34; denied the request: the storage class &#34;ceph-pool-r2-csi-rbd&#34; lacks of capabilities to support &#39;Virtual Images on PVC&#39; function; use StorageClass that supports volume mode &#39;Block&#39; and access mode &#39;ReadWriteMany&#39;&#xA;&#xA;Unexpected error:&#xA;    &lt;*exec.ExitError | 0x14000413720&gt;: &#xA;    exit status 1&#xA;    {&#xA;        ProcessState: {&#xA;            pid: 40942,&#xA;            status: 256,&#xA;            rusage: {&#xA;                Utime: {&#xA;                    Sec: 0,&#xA;                    Usec: 296394,&#xA;                    Pad_cgo_0: [0, 0, 0, 0],&#xA;                },&#xA;                Stime: {&#xA;                    Sec: 0,&#xA;                    Usec: 61884,&#xA;                    Pad_cgo_0: [0, 0, 0, 0],&#xA;                },&#xA;                Maxrss: 70926336,&#xA;                Ixrss: 0,&#xA;                Idrss: 0,&#xA;                Isrss: 0,&#xA;                Minflt: 5146,&#xA;                Majflt: 4,&#xA;                Nswap: 0,&#xA;                Inblock: 0,&#xA;                Oublock: 0,&#xA;                Msgsnd: 49,&#xA;                Msgrcv: 57,&#xA;                Nsignals: 342,&#xA;                Nvcsw: 285,&#xA;                Nivcsw: 2755,&#xA;            },&#xA;        },&#xA;        Stderr: nil,&#xA;    }&#xA;occurred" type="failed">[FAILED] Warning: resource namespaces/head-5073ae15-end-to-end-image-hotplug is missing the kubectl.kubernetes.io/last-applied-configuration annotation which is required by kubectl apply. kubectl apply should only be used on resources created declaratively by either kubectl create --save-config or kubectl apply. The missing annotation will be patched automatically.&#xA;Error from server (Forbidden): error when creating &#34;/tmp/testdata/image-hotplug&#34;: admission webhook &#34;vi.virtualization-controller.validate.d8-virtualization&#34; denied the request: the storage class &#34;ceph-pool-r2-csi-rbd&#34; lacks of capabilities to support &#39;Virtual Images on PVC&#39; function; use StorageClass that supports volume mode &#39;Block&#39; and access mode &#39;ReadWriteMany&#39;&#xA;&#xA;Unexpected error:&#xA;    &lt;*exec.ExitError | 0x14000413720&gt;: &#xA;    exit status 1&#xA;    {&#xA;        ProcessState: {&#xA;            pid: 40942,&#xA;            status: 256,&#xA;            rusage: {&#xA;                Utime: {&#xA;                    Sec: 0,&#xA;                    Usec: 296394,&#xA;                    Pad_cgo_0: [0, 0, 0, 0],&#xA;                },&#xA;                Stime: {&#xA;                    Sec: 0,&#xA;                    Usec: 61884,&#xA;                    Pad_cgo_0: [0, 0, 0, 0],&#xA;                },&#xA;                Maxrss: 70926336,&#xA;                Ixrss: 0,&#xA;                Idrss: 0,&#xA;                Isrss: 0,&#xA;                Minflt: 5146,&#xA;                Majflt: 4,&#xA;                Nswap: 0,&#xA;                Inblock: 0,&#xA;                Oublock: 0,&#xA;                Msgsnd: 49,&#xA;                Msgrcv: 57,&#xA;                Nsignals: 342,&#xA;                Nvcsw: 285,&#xA;                Nivcsw: 2755,&#xA;            },&#xA;        },&#xA;        Stderr: nil,&#xA;    }&#xA;occurred&#xA;In [It] at: /Users/antont/ansible_deckhouse/virtualization-full/tests/e2e/image_hotplug_test.go:109 @ 10/11/25 11:12:34.994&#xA;</failure>
              <system-err>&gt; Enter [BeforeAll] ImageHotplug - /Users/antont/ansible_deckhouse/virtualization-full/tests/e2e/image_hotplug_test.go:54 @ 10/11/25 11:12:28.3&#xA;&lt; Exit [BeforeAll] ImageHotplug - /Users/antont/ansible_deckhouse/virtualization-full/tests/e2e/image_hotplug_test.go:54 @ 10/11/25 11:12:31.299 (2.999s)&#xA;&gt; Enter [It] result should be succeeded - /Users/antont/ansible_deckhouse/virtualization-full/tests/e2e/image_hotplug_test.go:77 @ 10/11/25 11:12:31.299&#xA;[FAILED] Warning: resource namespaces/head-5073ae15-end-to-end-image-hotplug is missing the kubectl.kubernetes.io/last-applied-configuration annotation which is required by kubectl apply. kubectl apply should only be used on resources created declaratively by either kubectl create --save-config or kubectl apply. The missing annotation will be patched automatically.&#xA;Error from server (Forbidden): error when creating &#34;/tmp/testdata/image-hotplug&#34;: admission webhook &#34;vi.virtualization-controller.validate.d8-virtualization&#34; denied the request: the storage class &#34;ceph-pool-r2-csi-rbd&#34; lacks of capabilities to support &#39;Virtual Images on PVC&#39; function; use StorageClass that supports volume mode &#39;Block&#39; and access mode &#39;ReadWriteMany&#39;&#xA;&#xA;Unexpected error:&#xA;    &lt;*exec.ExitError | 0x14000413720&gt;: &#xA;    exit status 1&#xA;    {&#xA;        ProcessState: {&#xA;            pid: 40942,&#xA;            status: 256,&#xA;            rusage: {&#xA;                Utime: {&#xA;                    Sec: 0,&#xA;                    Usec: 296394,&#xA;                    Pad_cgo_0: [0, 0, 0, 0],&#xA;                },&#xA;                Stime: {&#xA;                    Sec: 0,&#xA;                    Usec: 61884,&#xA;                    Pad_cgo_0: [0, 0, 0, 0],&#xA;                },&#xA;                Maxrss: 70926336,&#xA;                Ixrss: 0,&#xA;                Idrss: 0,&#xA;                Isrss: 0,&#xA;                Minflt: 5146,&#xA;                Majflt: 4,&#xA;                Nswap: 0,&#xA;                Inblock: 0,&#xA;                Oublock: 0,&#xA;                Msgsnd: 49,&#xA;                Msgrcv: 57,&#xA;                Nsignals: 342,&#xA;                Nvcsw: 285,&#xA;                Nivcsw: 2755,&#xA;            },&#xA;        },&#xA;        Stderr: nil,&#xA;    }&#xA;occurred&#xA;In [It] at: /Users/antont/ansible_deckhouse/virtualization-full/tests/e2e/image_hotplug_test.go:109 @ 10/11/25 11:12:34.994&#xA;&lt; Exit [It] result should be succeeded - /Users/antont/ansible_deckhouse/virtualization-full/tests/e2e/image_hotplug_test.go:77 @ 10/11/25 11:12:34.994 (3.695s)&#xA;&gt; Enter [AfterEach] ImageHotplug - /Users/antont/ansible_deckhouse/virtualization-full/tests/e2e/image_hotplug_test.go:70 @ 10/11/25 11:12:34.994&#xA;The list of pods is empty; nothing to dump.&#xA;&lt; Exit [AfterEach] ImageHotplug - /Users/antont/ansible_deckhouse/virtualization-full/tests/e2e/image_hotplug_test.go:70 @ 10/11/25 11:12:40.986 (5.992s)&#xA;</system-err>
          </testcase>
          <testcase name="[It] ImageHotplug When the virtualization resources are applied checks the resources phase" classname="Tests" status="skipped" time="0">
              <skipped message="skipped - Spec skipped because an earlier spec in an ordered container failed"></skipped>
              <system-err>[SKIPPED] Spec skipped because an earlier spec in an ordered container failed&#xA;In [It] at: /Users/antont/ansible_deckhouse/virtualization-full/tests/e2e/image_hotplug_test.go:112 @ 10/11/25 11:12:40.986&#xA;</system-err>
          </testcase>
          <testcase name="[It] ImageHotplug When the resources are ready to use retrieves the test objects" classname="Tests" status="skipped" time="0">
              <skipped message="skipped - Spec skipped because an earlier spec in an ordered container failed"></skipped>
              <system-err>[SKIPPED] Spec skipped because an earlier spec in an ordered container failed&#xA;In [It] at: /Users/antont/ansible_deckhouse/virtualization-full/tests/e2e/image_hotplug_test.go:147 @ 10/11/25 11:12:40.986&#xA;</system-err>
          </testcase>
          <testcase name="[It] ImageHotplug When the resources are ready to use retrieves the disk count before the images attachment" classname="Tests" status="skipped" time="0">
              <skipped message="skipped - Spec skipped because an earlier spec in an ordered container failed"></skipped>
              <system-err>[SKIPPED] Spec skipped because an earlier spec in an ordered container failed&#xA;In [It] at: /Users/antont/ansible_deckhouse/virtualization-full/tests/e2e/image_hotplug_test.go:190 @ 10/11/25 11:12:40.987&#xA;</system-err>
          </testcase>
          <testcase name="[It] ImageHotplug When the resources are ready to use attaches the images into the `VirtualMachine`" classname="Tests" status="skipped" time="0">
              <skipped message="skipped - Spec skipped because an earlier spec in an ordered container failed"></skipped>
              <system-err>[SKIPPED] Spec skipped because an earlier spec in an ordered container failed&#xA;In [It] at: /Users/antont/ansible_deckhouse/virtualization-full/tests/e2e/image_hotplug_test.go:196 @ 10/11/25 11:12:40.987&#xA;</system-err>
          </testcase>
          <testcase name="[It] ImageHotplug When the resources are ready to use checks the `VirtualMachine` and the `VirtualMachineBlockDeviceAttachments` phases" classname="Tests" status="skipped" time="0">
              <skipped message="skipped - Spec skipped because an earlier spec in an ordered container failed"></skipped>
              <system-err>[SKIPPED] Spec skipped because an earlier spec in an ordered container failed&#xA;In [It] at: /Users/antont/ansible_deckhouse/virtualization-full/tests/e2e/image_hotplug_test.go:204 @ 10/11/25 11:12:40.987&#xA;</system-err>
          </testcase>
          <testcase name="[It] ImageHotplug When the resources are ready to use compares the disk count before and after attachment" classname="Tests" status="skipped" time="0">
              <skipped message="skipped - Spec skipped because an earlier spec in an ordered container failed"></skipped>
              <system-err>[SKIPPED] Spec skipped because an earlier spec in an ordered container failed&#xA;In [It] at: /Users/antont/ansible_deckhouse/virtualization-full/tests/e2e/image_hotplug_test.go:224 @ 10/11/25 11:12:40.987&#xA;</system-err>
          </testcase>
          <testcase name="[It] ImageHotplug When the resources are ready to use checks that the `ISO` image is attached as `CD-ROM`" classname="Tests" status="skipped" time="0">
              <skipped message="skipped - Spec skipped because an earlier spec in an ordered container failed"></skipped>
              <system-err>[SKIPPED] Spec skipped because an earlier spec in an ordered container failed&#xA;In [It] at: /Users/antont/ansible_deckhouse/virtualization-full/tests/e2e/image_hotplug_test.go:236 @ 10/11/25 11:12:40.987&#xA;</system-err>
          </testcase>
          <testcase name="[It] ImageHotplug When the resources are ready to use check that the images are attached as the `ReadOnly` devices" classname="Tests" status="skipped" time="0">
              <skipped message="skipped - Spec skipped because an earlier spec in an ordered container failed"></skipped>
              <system-err>[SKIPPED] Spec skipped because an earlier spec in an ordered container failed&#xA;In [It] at: /Users/antont/ansible_deckhouse/virtualization-full/tests/e2e/image_hotplug_test.go:258 @ 10/11/25 11:12:40.987&#xA;</system-err>
          </testcase>
          <testcase name="[It] ImageHotplug When the resources are ready to use detaches the images" classname="Tests" status="skipped" time="0">
              <skipped message="skipped - Spec skipped because an earlier spec in an ordered container failed"></skipped>
              <system-err>[SKIPPED] Spec skipped because an earlier spec in an ordered container failed&#xA;In [It] at: /Users/antont/ansible_deckhouse/virtualization-full/tests/e2e/image_hotplug_test.go:284 @ 10/11/25 11:12:40.987&#xA;</system-err>
          </testcase>
          <testcase name="[It] ImageHotplug When the resources are ready to use compares the disk count after detachment" classname="Tests" status="skipped" time="0">
              <skipped message="skipped - Spec skipped because an earlier spec in an ordered container failed"></skipped>
              <system-err>[SKIPPED] Spec skipped because an earlier spec in an ordered container failed&#xA;In [It] at: /Users/antont/ansible_deckhouse/virtualization-full/tests/e2e/image_hotplug_test.go:294 @ 10/11/25 11:12:40.987&#xA;</system-err>
          </testcase>
          <testcase name="[It] ImageHotplug When test is completed deletes test case resources" classname="Tests" status="skipped" time="0">
              <skipped message="skipped - Spec skipped because an earlier spec in an ordered container failed"></skipped>
              <system-err>[SKIPPED] Spec skipped because an earlier spec in an ordered container failed&#xA;In [It] at: /Users/antont/ansible_deckhouse/virtualization-full/tests/e2e/image_hotplug_test.go:309 @ 10/11/25 11:12:40.987&#xA;</system-err>
          </testcase>
          <testcase name="[It] ImporterNetworkPolicy Project creates project" classname="Tests" status="passed" time="1.588258875">
              <system-err>&gt; Enter [BeforeAll] ImporterNetworkPolicy - /Users/antont/ansible_deckhouse/virtualization-full/tests/e2e/importer_network_policy_test.go:36 @ 10/11/25 11:12:40.987&#xA;&lt; Exit [BeforeAll] ImporterNetworkPolicy - /Users/antont/ansible_deckhouse/virtualization-full/tests/e2e/importer_network_policy_test.go:36 @ 10/11/25 11:12:40.989 (2ms)&#xA;&gt; Enter [BeforeEach] ImporterNetworkPolicy - /Users/antont/ansible_deckhouse/virtualization-full/tests/e2e/importer_network_policy_test.go:43 @ 10/11/25 11:12:40.989&#xA;&lt; Exit [BeforeEach] ImporterNetworkPolicy - /Users/antont/ansible_deckhouse/virtualization-full/tests/e2e/importer_network_policy_test.go:43 @ 10/11/25 11:12:40.989 (0s)&#xA;&gt; Enter [It] creates project - /Users/antont/ansible_deckhouse/virtualization-full/tests/e2e/importer_network_policy_test.go:61 @ 10/11/25 11:12:40.989&#xA;&lt; Exit [It] creates project - /Users/antont/ansible_deckhouse/virtualization-full/tests/e2e/importer_network_policy_test.go:61 @ 10/11/25 11:12:42.575 (1.586s)&#xA;&gt; Enter [AfterEach] ImporterNetworkPolicy - /Users/antont/ansible_deckhouse/virtualization-full/tests/e2e/importer_network_policy_test.go:54 @ 10/11/25 11:12:42.575&#xA;&lt; Exit [AfterEach] ImporterNetworkPolicy - /Users/antont/ansible_deckhouse/virtualization-full/tests/e2e/importer_network_policy_test.go:54 @ 10/11/25 11:12:42.575 (0s)&#xA;</system-err>
          </testcase>
          <testcase name="[It] ImporterNetworkPolicy Project checks project readiness" classname="Tests" status="passed" time="2.745676709">
              <system-err>&gt; Enter [BeforeEach] ImporterNetworkPolicy - /Users/antont/ansible_deckhouse/virtualization-full/tests/e2e/importer_network_policy_test.go:43 @ 10/11/25 11:12:42.576&#xA;&lt; Exit [BeforeEach] ImporterNetworkPolicy - /Users/antont/ansible_deckhouse/virtualization-full/tests/e2e/importer_network_policy_test.go:43 @ 10/11/25 11:12:42.576 (0s)&#xA;&gt; Enter [It] checks project readiness - /Users/antont/ansible_deckhouse/virtualization-full/tests/e2e/importer_network_policy_test.go:72 @ 10/11/25 11:12:42.576&#xA;STEP: Project should be deployed - /Users/antont/ansible_deckhouse/virtualization-full/tests/e2e/importer_network_policy_test.go:73 @ 10/11/25 11:12:42.576&#xA;&lt; Exit [It] checks project readiness - /Users/antont/ansible_deckhouse/virtualization-full/tests/e2e/importer_network_policy_test.go:72 @ 10/11/25 11:12:45.321 (2.745s)&#xA;&gt; Enter [AfterEach] ImporterNetworkPolicy - /Users/antont/ansible_deckhouse/virtualization-full/tests/e2e/importer_network_policy_test.go:54 @ 10/11/25 11:12:45.321&#xA;&lt; Exit [AfterEach] ImporterNetworkPolicy - /Users/antont/ansible_deckhouse/virtualization-full/tests/e2e/importer_network_policy_test.go:54 @ 10/11/25 11:12:45.321 (0s)&#xA;</system-err>
          </testcase>
          <testcase name="[It] ImporterNetworkPolicy When resources are applied result should be succeeded" classname="Tests" status="passed" time="2.811723916">
              <system-err>&gt; Enter [BeforeEach] ImporterNetworkPolicy - /Users/antont/ansible_deckhouse/virtualization-full/tests/e2e/importer_network_policy_test.go:43 @ 10/11/25 11:12:45.322&#xA;&lt; Exit [BeforeEach] ImporterNetworkPolicy - /Users/antont/ansible_deckhouse/virtualization-full/tests/e2e/importer_network_policy_test.go:43 @ 10/11/25 11:12:45.322 (0s)&#xA;&gt; Enter [It] result should be succeeded - /Users/antont/ansible_deckhouse/virtualization-full/tests/e2e/importer_network_policy_test.go:83 @ 10/11/25 11:12:45.322&#xA;&lt; Exit [It] result should be succeeded - /Users/antont/ansible_deckhouse/virtualization-full/tests/e2e/importer_network_policy_test.go:83 @ 10/11/25 11:12:48.133 (2.812s)&#xA;&gt; Enter [AfterEach] ImporterNetworkPolicy - /Users/antont/ansible_deckhouse/virtualization-full/tests/e2e/importer_network_policy_test.go:54 @ 10/11/25 11:12:48.133&#xA;&lt; Exit [AfterEach] ImporterNetworkPolicy - /Users/antont/ansible_deckhouse/virtualization-full/tests/e2e/importer_network_policy_test.go:54 @ 10/11/25 11:12:48.133 (0s)&#xA;</system-err>
          </testcase>
          <testcase name="[It] ImporterNetworkPolicy When resources are applied When virtual images are applied" classname="Tests" status="passed" time="6.792032958">
              <system-err>&gt; Enter [BeforeEach] ImporterNetworkPolicy - /Users/antont/ansible_deckhouse/virtualization-full/tests/e2e/importer_network_policy_test.go:43 @ 10/11/25 11:12:48.134&#xA;&lt; Exit [BeforeEach] ImporterNetworkPolicy - /Users/antont/ansible_deckhouse/virtualization-full/tests/e2e/importer_network_policy_test.go:43 @ 10/11/25 11:12:48.134 (0s)&#xA;&gt; Enter [It] When virtual images are applied - /Users/antont/ansible_deckhouse/virtualization-full/tests/e2e/importer_network_policy_test.go:101 @ 10/11/25 11:12:48.134&#xA;STEP: VIs should be in Ready phases - /Users/antont/ansible_deckhouse/virtualization-full/tests/e2e/importer_network_policy_test.go:94 @ 10/11/25 11:12:48.134&#xA;&lt; Exit [It] When virtual images are applied - /Users/antont/ansible_deckhouse/virtualization-full/tests/e2e/importer_network_policy_test.go:101 @ 10/11/25 11:12:54.926 (6.792s)&#xA;&gt; Enter [AfterEach] ImporterNetworkPolicy - /Users/antont/ansible_deckhouse/virtualization-full/tests/e2e/importer_network_policy_test.go:54 @ 10/11/25 11:12:54.926&#xA;&lt; Exit [AfterEach] ImporterNetworkPolicy - /Users/antont/ansible_deckhouse/virtualization-full/tests/e2e/importer_network_policy_test.go:54 @ 10/11/25 11:12:54.926 (0s)&#xA;</system-err>
          </testcase>
          <testcase name="[It] ImporterNetworkPolicy When resources are applied When virtual disks are applied" classname="Tests" status="failed" time="1010.40955525">
              <failure message="should observe resources in &#39;&#39;jsonpath={.status.phase}=Ready&#39;&#39; state before 16m40s timeout&#xA;Expected&#xA;    &lt;[]string | len:2, cap:2&gt;: [&#xA;        &#34;cmd: kubectl wait virtualdisks.virtualization.deckhouse.io head-5073ae15-vd --namespace head-5073ae15-end-to-end-importer-network-policy --for=&#39;jsonpath={.status.phase}=Ready&#39; --timeout=16m40s\nstderr: W1011 11:39:49.978593   40956 reflector.go:492] k8s.io/client-go/tools/watch/informerwatcher.go:146: watch of *unstructured.Unstructured ended with: an error on the server (\&#34;unable to decode an event from the watch stream: http2: client connection lost\&#34;) has prevented the request from succeeding\nerror: timed out waiting for the condition on virtualdisks/head-5073ae15-vd\n\nwaited for: &#39;jsonpath={.status.phase}=Ready&#39;&#34;,&#xA;        &#34;cmd: kubectl wait virtualdisks.virtualization.deckhouse.io head-5073ae15-vd-cvi --namespace head-5073ae15-end-to-end-importer-network-policy --for=&#39;jsonpath={.status.phase}=Ready&#39; --timeout=16m40s\nstderr: W1011 11:43:13.042626   40955 reflector.go:492] k8s.io/client-go/tools/watch/informerwatcher.go:146: watch of *unstructured.Unstructured ended with: an error on the server (\&#34;unable to decode an event from the watch stream: http2: client connection lost\&#34;) has prevented the request from succeeding\nerror: timed out waiting for the condition on virtualdisks/head-5073ae15-vd-cvi\n\nwaited for: &#39;jsonpath={.status.phase}=Ready&#39;&#34;,&#xA;    ]&#xA;to be empty" type="failed">[FAILED] should observe resources in &#39;&#39;jsonpath={.status.phase}=Ready&#39;&#39; state before 16m40s timeout&#xA;Expected&#xA;    &lt;[]string | len:2, cap:2&gt;: [&#xA;        &#34;cmd: kubectl wait virtualdisks.virtualization.deckhouse.io head-5073ae15-vd --namespace head-5073ae15-end-to-end-importer-network-policy --for=&#39;jsonpath={.status.phase}=Ready&#39; --timeout=16m40s\nstderr: W1011 11:39:49.978593   40956 reflector.go:492] k8s.io/client-go/tools/watch/informerwatcher.go:146: watch of *unstructured.Unstructured ended with: an error on the server (\&#34;unable to decode an event from the watch stream: http2: client connection lost\&#34;) has prevented the request from succeeding\nerror: timed out waiting for the condition on virtualdisks/head-5073ae15-vd\n\nwaited for: &#39;jsonpath={.status.phase}=Ready&#39;&#34;,&#xA;        &#34;cmd: kubectl wait virtualdisks.virtualization.deckhouse.io head-5073ae15-vd-cvi --namespace head-5073ae15-end-to-end-importer-network-policy --for=&#39;jsonpath={.status.phase}=Ready&#39; --timeout=16m40s\nstderr: W1011 11:43:13.042626   40955 reflector.go:492] k8s.io/client-go/tools/watch/informerwatcher.go:146: watch of *unstructured.Unstructured ended with: an error on the server (\&#34;unable to decode an event from the watch stream: http2: client connection lost\&#34;) has prevented the request from succeeding\nerror: timed out waiting for the condition on virtualdisks/head-5073ae15-vd-cvi\n\nwaited for: &#39;jsonpath={.status.phase}=Ready&#39;&#34;,&#xA;    ]&#xA;to be empty&#xA;In [It] at: /Users/antont/ansible_deckhouse/virtualization-full/tests/e2e/importer_network_policy_test.go:95 @ 10/11/25 11:48:30.1&#xA;</failure>
              <system-err>&gt; Enter [BeforeEach] ImporterNetworkPolicy - /Users/antont/ansible_deckhouse/virtualization-full/tests/e2e/importer_network_policy_test.go:43 @ 10/11/25 11:12:54.926&#xA;&lt; Exit [BeforeEach] ImporterNetworkPolicy - /Users/antont/ansible_deckhouse/virtualization-full/tests/e2e/importer_network_policy_test.go:43 @ 10/11/25 11:12:54.926 (0s)&#xA;&gt; Enter [It] When virtual disks are applied - /Users/antont/ansible_deckhouse/virtualization-full/tests/e2e/importer_network_policy_test.go:102 @ 10/11/25 11:12:54.926&#xA;STEP: VDs should be in Ready phases - /Users/antont/ansible_deckhouse/virtualization-full/tests/e2e/importer_network_policy_test.go:94 @ 10/11/25 11:12:54.926&#xA;[FAILED] should observe resources in &#39;&#39;jsonpath={.status.phase}=Ready&#39;&#39; state before 16m40s timeout&#xA;Expected&#xA;    &lt;[]string | len:2, cap:2&gt;: [&#xA;        &#34;cmd: kubectl wait virtualdisks.virtualization.deckhouse.io head-5073ae15-vd --namespace head-5073ae15-end-to-end-importer-network-policy --for=&#39;jsonpath={.status.phase}=Ready&#39; --timeout=16m40s\nstderr: W1011 11:39:49.978593   40956 reflector.go:492] k8s.io/client-go/tools/watch/informerwatcher.go:146: watch of *unstructured.Unstructured ended with: an error on the server (\&#34;unable to decode an event from the watch stream: http2: client connection lost\&#34;) has prevented the request from succeeding\nerror: timed out waiting for the condition on virtualdisks/head-5073ae15-vd\n\nwaited for: &#39;jsonpath={.status.phase}=Ready&#39;&#34;,&#xA;        &#34;cmd: kubectl wait virtualdisks.virtualization.deckhouse.io head-5073ae15-vd-cvi --namespace head-5073ae15-end-to-end-importer-network-policy --for=&#39;jsonpath={.status.phase}=Ready&#39; --timeout=16m40s\nstderr: W1011 11:43:13.042626   40955 reflector.go:492] k8s.io/client-go/tools/watch/informerwatcher.go:146: watch of *unstructured.Unstructured ended with: an error on the server (\&#34;unable to decode an event from the watch stream: http2: client connection lost\&#34;) has prevented the request from succeeding\nerror: timed out waiting for the condition on virtualdisks/head-5073ae15-vd-cvi\n\nwaited for: &#39;jsonpath={.status.phase}=Ready&#39;&#34;,&#xA;    ]&#xA;to be empty&#xA;In [It] at: /Users/antont/ansible_deckhouse/virtualization-full/tests/e2e/importer_network_policy_test.go:95 @ 10/11/25 11:48:30.1&#xA;&lt; Exit [It] When virtual disks are applied - /Users/antont/ansible_deckhouse/virtualization-full/tests/e2e/importer_network_policy_test.go:102 @ 10/11/25 11:48:30.101 (16m42.135s)&#xA;&gt; Enter [AfterEach] ImporterNetworkPolicy - /Users/antont/ansible_deckhouse/virtualization-full/tests/e2e/importer_network_policy_test.go:54 @ 10/11/25 11:48:30.102&#xA;The list of pods is empty; nothing to dump.&#xA;&lt; Exit [AfterEach] ImporterNetworkPolicy - /Users/antont/ansible_deckhouse/virtualization-full/tests/e2e/importer_network_policy_test.go:54 @ 10/11/25 11:48:36.244 (6.142s)&#xA;&gt; Enter [AfterAll] ImporterNetworkPolicy - /Users/antont/ansible_deckhouse/virtualization-full/tests/e2e/importer_network_policy_test.go:49 @ 10/11/25 11:48:36.244&#xA;STEP: Delete manifests - /Users/antont/ansible_deckhouse/virtualization-full/tests/e2e/importer_network_policy_test.go:50 @ 10/11/25 11:48:36.244&#xA;STEP: Response on deletion request should be successful - /Users/antont/ansible_deckhouse/virtualization-full/tests/e2e/util_test.go:604 @ 10/11/25 11:48:36.244&#xA;END STEP: Response on deletion request should be successful - /Users/antont/ansible_deckhouse/virtualization-full/tests/e2e/util_test.go:604 @ 10/11/25 11:48:38.376 (2.132s)&#xA;&lt; Exit [AfterAll] ImporterNetworkPolicy - /Users/antont/ansible_deckhouse/virtualization-full/tests/e2e/importer_network_policy_test.go:49 @ 10/11/25 11:48:38.376 (2.132s)&#xA;</system-err>
          </testcase>
          <testcase name="[It] ImporterNetworkPolicy When resources are applied When virtual machines are applied" classname="Tests" status="skipped" time="0">
              <skipped message="skipped - Spec skipped because an earlier spec in an ordered container failed"></skipped>
              <system-err>[SKIPPED] Spec skipped because an earlier spec in an ordered container failed&#xA;In [It] at: /Users/antont/ansible_deckhouse/virtualization-full/tests/e2e/importer_network_policy_test.go:103 @ 10/11/25 11:48:38.377&#xA;</system-err>
          </testcase>
          <testcase name="[It] VirtualMachineEvacuation Evacuation [SIG-Migration]" classname="Tests" status="failed" time="1019.236429083">
              <failure message="should observe resources in &#39;&#39;jsonpath={.status.phase}=Running&#39;&#39; state before 16m40s timeout&#xA;Expected&#xA;    &lt;[]string | len:2, cap:2&gt;: [&#xA;        &#34;cmd: kubectl wait virtualmachine.virtualization.deckhouse.io head-5073ae15-vm-migration-uefi --namespace head-5073ae15-end-to-end-vm-evacuation --for=&#39;jsonpath={.status.phase}=Running&#39; --timeout=16m40s\nstderr: error: timed out waiting for the condition on virtualmachines/head-5073ae15-vm-migration-uefi\n\nwaited for: &#39;jsonpath={.status.phase}=Running&#39;&#34;,&#xA;        &#34;cmd: kubectl wait virtualmachine.virtualization.deckhouse.io head-5073ae15-vm-migration-bios --namespace head-5073ae15-end-to-end-vm-evacuation --for=&#39;jsonpath={.status.phase}=Running&#39; --timeout=16m40s\nstderr: error: timed out waiting for the condition on virtualmachines/head-5073ae15-vm-migration-bios\n\nwaited for: &#39;jsonpath={.status.phase}=Running&#39;&#34;,&#xA;    ]&#xA;to be empty" type="failed">[FAILED] should observe resources in &#39;&#39;jsonpath={.status.phase}=Running&#39;&#39; state before 16m40s timeout&#xA;Expected&#xA;    &lt;[]string | len:2, cap:2&gt;: [&#xA;        &#34;cmd: kubectl wait virtualmachine.virtualization.deckhouse.io head-5073ae15-vm-migration-uefi --namespace head-5073ae15-end-to-end-vm-evacuation --for=&#39;jsonpath={.status.phase}=Running&#39; --timeout=16m40s\nstderr: error: timed out waiting for the condition on virtualmachines/head-5073ae15-vm-migration-uefi\n\nwaited for: &#39;jsonpath={.status.phase}=Running&#39;&#34;,&#xA;        &#34;cmd: kubectl wait virtualmachine.virtualization.deckhouse.io head-5073ae15-vm-migration-bios --namespace head-5073ae15-end-to-end-vm-evacuation --for=&#39;jsonpath={.status.phase}=Running&#39; --timeout=16m40s\nstderr: error: timed out waiting for the condition on virtualmachines/head-5073ae15-vm-migration-bios\n\nwaited for: &#39;jsonpath={.status.phase}=Running&#39;&#34;,&#xA;    ]&#xA;to be empty&#xA;In [It] at: /Users/antont/ansible_deckhouse/virtualization-full/tests/e2e/vm_evacuation_test.go:98 @ 10/11/25 12:05:26.894&#xA;</failure>
              <system-err>&gt; Enter [BeforeAll] VirtualMachineEvacuation - /Users/antont/ansible_deckhouse/virtualization-full/tests/e2e/vm_evacuation_test.go:42 @ 10/11/25 11:48:38.377&#xA;&lt; Exit [BeforeAll] VirtualMachineEvacuation - /Users/antont/ansible_deckhouse/virtualization-full/tests/e2e/vm_evacuation_test.go:42 @ 10/11/25 11:48:39.861 (1.484s)&#xA;&gt; Enter [BeforeEach] VirtualMachineEvacuation - /Users/antont/ansible_deckhouse/virtualization-full/tests/e2e/vm_evacuation_test.go:51 @ 10/11/25 11:48:39.861&#xA;&lt; Exit [BeforeEach] VirtualMachineEvacuation - /Users/antont/ansible_deckhouse/virtualization-full/tests/e2e/vm_evacuation_test.go:51 @ 10/11/25 11:48:44.745 (4.884s)&#xA;&gt; Enter [It] Evacuation - /Users/antont/ansible_deckhouse/virtualization-full/tests/e2e/vm_evacuation_test.go:96 @ 10/11/25 11:48:44.745&#xA;STEP: Virtual machine agents should be ready - /Users/antont/ansible_deckhouse/virtualization-full/tests/e2e/vm_evacuation_test.go:97 @ 10/11/25 11:48:44.745&#xA;[FAILED] should observe resources in &#39;&#39;jsonpath={.status.phase}=Running&#39;&#39; state before 16m40s timeout&#xA;Expected&#xA;    &lt;[]string | len:2, cap:2&gt;: [&#xA;        &#34;cmd: kubectl wait virtualmachine.virtualization.deckhouse.io head-5073ae15-vm-migration-uefi --namespace head-5073ae15-end-to-end-vm-evacuation --for=&#39;jsonpath={.status.phase}=Running&#39; --timeout=16m40s\nstderr: error: timed out waiting for the condition on virtualmachines/head-5073ae15-vm-migration-uefi\n\nwaited for: &#39;jsonpath={.status.phase}=Running&#39;&#34;,&#xA;        &#34;cmd: kubectl wait virtualmachine.virtualization.deckhouse.io head-5073ae15-vm-migration-bios --namespace head-5073ae15-end-to-end-vm-evacuation --for=&#39;jsonpath={.status.phase}=Running&#39; --timeout=16m40s\nstderr: error: timed out waiting for the condition on virtualmachines/head-5073ae15-vm-migration-bios\n\nwaited for: &#39;jsonpath={.status.phase}=Running&#39;&#34;,&#xA;    ]&#xA;to be empty&#xA;In [It] at: /Users/antont/ansible_deckhouse/virtualization-full/tests/e2e/vm_evacuation_test.go:98 @ 10/11/25 12:05:26.894&#xA;&lt; Exit [It] Evacuation - /Users/antont/ansible_deckhouse/virtualization-full/tests/e2e/vm_evacuation_test.go:96 @ 10/11/25 12:05:26.895 (16m42.128s)&#xA;&gt; Enter [AfterEach] VirtualMachineEvacuation - /Users/antont/ansible_deckhouse/virtualization-full/tests/e2e/vm_evacuation_test.go:59 @ 10/11/25 12:05:26.895&#xA;The list of pods is empty; nothing to dump.&#xA;STEP: Response on deletion request should be successful - /Users/antont/ansible_deckhouse/virtualization-full/tests/e2e/util_test.go:604 @ 10/11/25 12:05:33.123&#xA;END STEP: Response on deletion request should be successful - /Users/antont/ansible_deckhouse/virtualization-full/tests/e2e/util_test.go:604 @ 10/11/25 12:05:37.635 (4.512s)&#xA;&lt; Exit [AfterEach] VirtualMachineEvacuation - /Users/antont/ansible_deckhouse/virtualization-full/tests/e2e/vm_evacuation_test.go:59 @ 10/11/25 12:05:37.635 (10.74s)&#xA;</system-err>
          </testcase>
          <testcase name="[It] VirtualMachineCancelMigration Cancel migrate [SIG-Migration]" classname="Tests" status="skipped" time="4.66044175">
              <skipped message="skipped - This test case is not working everytime. Should be fixed."></skipped>
              <system-err>&gt; Enter [BeforeAll] VirtualMachineCancelMigration - /Users/antont/ansible_deckhouse/virtualization-full/tests/e2e/vm_migration_cancel_test.go:39 @ 10/11/25 12:05:37.635&#xA;[SKIPPED] This test case is not working everytime. Should be fixed.&#xA;In [BeforeAll] at: /Users/antont/ansible_deckhouse/virtualization-full/tests/e2e/vm_migration_cancel_test.go:41 @ 10/11/25 12:05:37.636&#xA;&lt; Exit [BeforeAll] VirtualMachineCancelMigration - /Users/antont/ansible_deckhouse/virtualization-full/tests/e2e/vm_migration_cancel_test.go:39 @ 10/11/25 12:05:37.636 (0s)&#xA;&gt; Enter [AfterEach] VirtualMachineCancelMigration - /Users/antont/ansible_deckhouse/virtualization-full/tests/e2e/vm_migration_cancel_test.go:59 @ 10/11/25 12:05:37.636&#xA;STEP: Response on deletion request should be successful - /Users/antont/ansible_deckhouse/virtualization-full/tests/e2e/util_test.go:604 @ 10/11/25 12:05:37.636&#xA;END STEP: Response on deletion request should be successful - /Users/antont/ansible_deckhouse/virtualization-full/tests/e2e/util_test.go:604 @ 10/11/25 12:05:42.296 (4.66s)&#xA;&lt; Exit [AfterEach] VirtualMachineCancelMigration - /Users/antont/ansible_deckhouse/virtualization-full/tests/e2e/vm_migration_cancel_test.go:59 @ 10/11/25 12:05:42.296 (4.66s)&#xA;</system-err>
          </testcase>
          <testcase name="[It] VirtualDiskSnapshots When virtualization resources are applied: result should be succeeded" classname="Tests" status="failed" time="7.5492">
              <failure message="immediate storage class cannot be nil; please set up the immediate storage class in the cluster&#xA;Expected&#xA;    &lt;*v1.StorageClass | 0x0&gt;: nil&#xA;not to be nil" type="failed">[FAILED] immediate storage class cannot be nil; please set up the immediate storage class in the cluster&#xA;Expected&#xA;    &lt;*v1.StorageClass | 0x0&gt;: nil&#xA;not to be nil&#xA;In [BeforeAll] at: /Users/antont/ansible_deckhouse/virtualization-full/tests/e2e/vd_snapshots_test.go:71 @ 10/11/25 12:05:43.81&#xA;</failure>
              <system-err>&gt; Enter [BeforeAll] VirtualDiskSnapshots - /Users/antont/ansible_deckhouse/virtualization-full/tests/e2e/vd_snapshots_test.go:55 @ 10/11/25 12:05:42.296&#xA;[FAILED] immediate storage class cannot be nil; please set up the immediate storage class in the cluster&#xA;Expected&#xA;    &lt;*v1.StorageClass | 0x0&gt;: nil&#xA;not to be nil&#xA;In [BeforeAll] at: /Users/antont/ansible_deckhouse/virtualization-full/tests/e2e/vd_snapshots_test.go:71 @ 10/11/25 12:05:43.81&#xA;&lt; Exit [BeforeAll] VirtualDiskSnapshots - /Users/antont/ansible_deckhouse/virtualization-full/tests/e2e/vd_snapshots_test.go:55 @ 10/11/25 12:05:43.81 (1.513s)&#xA;&gt; Enter [AfterEach] VirtualDiskSnapshots - /Users/antont/ansible_deckhouse/virtualization-full/tests/e2e/vd_snapshots_test.go:83 @ 10/11/25 12:05:43.81&#xA;The list of pods is empty; nothing to dump.&#xA;&lt; Exit [AfterEach] VirtualDiskSnapshots - /Users/antont/ansible_deckhouse/virtualization-full/tests/e2e/vd_snapshots_test.go:83 @ 10/11/25 12:05:49.846 (6.036s)&#xA;</system-err>
          </testcase>
          <testcase name="[It] VirtualDiskSnapshots When virtual images are applied: checks VIs phases" classname="Tests" status="skipped" time="0">
              <skipped message="skipped - Spec skipped because an earlier spec in an ordered container failed"></skipped>
              <system-err>[SKIPPED] Spec skipped because an earlier spec in an ordered container failed&#xA;In [It] at: /Users/antont/ansible_deckhouse/virtualization-full/tests/e2e/vd_snapshots_test.go:100 @ 10/11/25 12:05:49.846&#xA;</system-err>
          </testcase>
          <testcase name="[It] VirtualDiskSnapshots When virtual disks are applied: checks VDs phases" classname="Tests" status="skipped" time="0">
              <skipped message="skipped - Spec skipped because an earlier spec in an ordered container failed"></skipped>
              <system-err>[SKIPPED] Spec skipped because an earlier spec in an ordered container failed&#xA;In [It] at: /Users/antont/ansible_deckhouse/virtualization-full/tests/e2e/vd_snapshots_test.go:111 @ 10/11/25 12:05:49.846&#xA;</system-err>
          </testcase>
          <testcase name="[It] VirtualDiskSnapshots When virtual machines are applied: checks VMs phases" classname="Tests" status="skipped" time="0">
              <skipped message="skipped - Spec skipped because an earlier spec in an ordered container failed"></skipped>
              <system-err>[SKIPPED] Spec skipped because an earlier spec in an ordered container failed&#xA;In [It] at: /Users/antont/ansible_deckhouse/virtualization-full/tests/e2e/vd_snapshots_test.go:122 @ 10/11/25 12:05:49.846&#xA;</system-err>
          </testcase>
          <testcase name="[It] VirtualDiskSnapshots When virtual machine block device attachments are applied: checks VMBDAs phases" classname="Tests" status="skipped" time="0">
              <skipped message="skipped - Spec skipped because an earlier spec in an ordered container failed"></skipped>
              <system-err>[SKIPPED] Spec skipped because an earlier spec in an ordered container failed&#xA;In [It] at: /Users/antont/ansible_deckhouse/virtualization-full/tests/e2e/vd_snapshots_test.go:133 @ 10/11/25 12:05:49.846&#xA;</system-err>
          </testcase>
          <testcase name="[It] VirtualDiskSnapshots When unattached VDs in phase Ready: creates VDs snapshots with `requiredConsistency`" classname="Tests" status="skipped" time="0">
              <skipped message="skipped - Spec skipped because an earlier spec in an ordered container failed"></skipped>
              <system-err>[SKIPPED] Spec skipped because an earlier spec in an ordered container failed&#xA;In [It] at: /Users/antont/ansible_deckhouse/virtualization-full/tests/e2e/vd_snapshots_test.go:144 @ 10/11/25 12:05:49.846&#xA;</system-err>
          </testcase>
          <testcase name="[It] VirtualDiskSnapshots When unattached VDs in phase Ready: checks snapshots of unattached VDs" classname="Tests" status="skipped" time="0">
              <skipped message="skipped - Spec skipped because an earlier spec in an ordered container failed"></skipped>
              <system-err>[SKIPPED] Spec skipped because an earlier spec in an ordered container failed&#xA;In [It] at: /Users/antont/ansible_deckhouse/virtualization-full/tests/e2e/vd_snapshots_test.go:164 @ 10/11/25 12:05:49.846&#xA;</system-err>
          </testcase>
          <testcase name="[It] VirtualDiskSnapshots When virtual machines in Running phase creates snapshots with `requiredConsistency` of attached VDs" classname="Tests" status="skipped" time="0">
              <skipped message="skipped - Spec skipped because an earlier spec in an ordered container failed"></skipped>
              <system-err>[SKIPPED] Spec skipped because an earlier spec in an ordered container failed&#xA;In [It] at: /Users/antont/ansible_deckhouse/virtualization-full/tests/e2e/vd_snapshots_test.go:185 @ 10/11/25 12:05:49.846&#xA;</system-err>
          </testcase>
          <testcase name="[It] VirtualDiskSnapshots When virtual machines in Running phase creates `vdSnapshots` concurrently" classname="Tests" status="skipped" time="0">
              <skipped message="skipped - Spec skipped because an earlier spec in an ordered container failed"></skipped>
              <system-err>[SKIPPED] Spec skipped because an earlier spec in an ordered container failed&#xA;In [It] at: /Users/antont/ansible_deckhouse/virtualization-full/tests/e2e/vd_snapshots_test.go:229 @ 10/11/25 12:05:49.846&#xA;</system-err>
          </testcase>
          <testcase name="[It] VirtualDiskSnapshots When virtual machines in Running phase checks snapshots" classname="Tests" status="skipped" time="0">
              <skipped message="skipped - Spec skipped because an earlier spec in an ordered container failed"></skipped>
              <system-err>[SKIPPED] Spec skipped because an earlier spec in an ordered container failed&#xA;In [It] at: /Users/antont/ansible_deckhouse/virtualization-full/tests/e2e/vd_snapshots_test.go:290 @ 10/11/25 12:05:49.847&#xA;</system-err>
          </testcase>
          <testcase name="[It] VirtualDiskSnapshots When virtual machines in Running phase checks `FileSystemFrozen` status of VMs" classname="Tests" status="skipped" time="0">
              <skipped message="skipped - Spec skipped because an earlier spec in an ordered container failed"></skipped>
              <system-err>[SKIPPED] Spec skipped because an earlier spec in an ordered container failed&#xA;In [It] at: /Users/antont/ansible_deckhouse/virtualization-full/tests/e2e/vd_snapshots_test.go:341 @ 10/11/25 12:05:49.847&#xA;</system-err>
          </testcase>
          <testcase name="[It] VirtualDiskSnapshots When test is completed deletes test case resources" classname="Tests" status="skipped" time="0">
              <skipped message="skipped - Spec skipped because an earlier spec in an ordered container failed"></skipped>
              <system-err>[SKIPPED] Spec skipped because an earlier spec in an ordered container failed&#xA;In [It] at: /Users/antont/ansible_deckhouse/virtualization-full/tests/e2e/vd_snapshots_test.go:367 @ 10/11/25 12:05:49.847&#xA;</system-err>
          </testcase>
          <testcase name="[It] ComplexTest When virtualization resources are applied result should be succeeded [Serial]" classname="Tests" status="passed" time="29.424437833">
              <system-err>&gt; Enter [BeforeAll] ComplexTest - /Users/antont/ansible_deckhouse/virtualization-full/tests/e2e/complex_test.go:52 @ 10/11/25 12:05:49.847&#xA;&lt; Exit [BeforeAll] ComplexTest - /Users/antont/ansible_deckhouse/virtualization-full/tests/e2e/complex_test.go:52 @ 10/11/25 12:05:51.8 (1.953s)&#xA;&gt; Enter [It] result should be succeeded - /Users/antont/ansible_deckhouse/virtualization-full/tests/e2e/complex_test.go:62 @ 10/11/25 12:05:51.8&#xA;&lt; Exit [It] result should be succeeded - /Users/antont/ansible_deckhouse/virtualization-full/tests/e2e/complex_test.go:62 @ 10/11/25 12:06:19.271 (27.471s)&#xA;&gt; Enter [AfterEach] ComplexTest - /Users/antont/ansible_deckhouse/virtualization-full/tests/e2e/complex_test.go:46 @ 10/11/25 12:06:19.271&#xA;&lt; Exit [AfterEach] ComplexTest - /Users/antont/ansible_deckhouse/virtualization-full/tests/e2e/complex_test.go:46 @ 10/11/25 12:06:19.272 (0s)&#xA;</system-err>
          </testcase>
          <testcase name="[It] ComplexTest When virtualization resources are applied should fill empty virtualMachineClassName with the default class name [Serial]" classname="Tests" status="passed" time="1.450971834">
              <system-err>&gt; Enter [It] should fill empty virtualMachineClassName with the default class name - /Users/antont/ansible_deckhouse/virtualization-full/tests/e2e/complex_test.go:83 @ 10/11/25 12:06:19.272&#xA;&lt; Exit [It] should fill empty virtualMachineClassName with the default class name - /Users/antont/ansible_deckhouse/virtualization-full/tests/e2e/complex_test.go:83 @ 10/11/25 12:06:20.723 (1.451s)&#xA;&gt; Enter [AfterEach] ComplexTest - /Users/antont/ansible_deckhouse/virtualization-full/tests/e2e/complex_test.go:46 @ 10/11/25 12:06:20.723&#xA;&lt; Exit [AfterEach] ComplexTest - /Users/antont/ansible_deckhouse/virtualization-full/tests/e2e/complex_test.go:46 @ 10/11/25 12:06:20.723 (0s)&#xA;</system-err>
          </testcase>
          <testcase name="[It] ComplexTest When virtual images are applied checks VIs phases [Serial]" classname="Tests" status="passed" time="4.745892375">
              <system-err>&gt; Enter [It] checks VIs phases - /Users/antont/ansible_deckhouse/virtualization-full/tests/e2e/complex_test.go:101 @ 10/11/25 12:06:20.723&#xA;STEP: VIs should be in Ready phases - /Users/antont/ansible_deckhouse/virtualization-full/tests/e2e/complex_test.go:102 @ 10/11/25 12:06:20.723&#xA;&lt; Exit [It] checks VIs phases - /Users/antont/ansible_deckhouse/virtualization-full/tests/e2e/complex_test.go:101 @ 10/11/25 12:06:25.469 (4.746s)&#xA;&gt; Enter [AfterEach] ComplexTest - /Users/antont/ansible_deckhouse/virtualization-full/tests/e2e/complex_test.go:46 @ 10/11/25 12:06:25.469&#xA;&lt; Exit [AfterEach] ComplexTest - /Users/antont/ansible_deckhouse/virtualization-full/tests/e2e/complex_test.go:46 @ 10/11/25 12:06:25.469 (0s)&#xA;</system-err>
          </testcase>
          <testcase name="[It] ComplexTest When cluster virtual images are applied checks CVIs phases [Serial]" classname="Tests" status="passed" time="2.826399333">
              <system-err>&gt; Enter [It] checks CVIs phases - /Users/antont/ansible_deckhouse/virtualization-full/tests/e2e/complex_test.go:112 @ 10/11/25 12:06:25.469&#xA;STEP: CVIs should be in Ready phases - /Users/antont/ansible_deckhouse/virtualization-full/tests/e2e/complex_test.go:113 @ 10/11/25 12:06:25.469&#xA;&lt; Exit [It] checks CVIs phases - /Users/antont/ansible_deckhouse/virtualization-full/tests/e2e/complex_test.go:112 @ 10/11/25 12:06:28.296 (2.826s)&#xA;&gt; Enter [AfterEach] ComplexTest - /Users/antont/ansible_deckhouse/virtualization-full/tests/e2e/complex_test.go:46 @ 10/11/25 12:06:28.296&#xA;&lt; Exit [AfterEach] ComplexTest - /Users/antont/ansible_deckhouse/virtualization-full/tests/e2e/complex_test.go:46 @ 10/11/25 12:06:28.296 (0s)&#xA;</system-err>
          </testcase>
          <testcase name="[It] ComplexTest When virtual machine classes are applied checks VMClasses phases [Serial]" classname="Tests" status="passed" time="2.7173687920000003">
              <system-err>&gt; Enter [It] checks VMClasses phases - /Users/antont/ansible_deckhouse/virtualization-full/tests/e2e/complex_test.go:123 @ 10/11/25 12:06:28.296&#xA;STEP: VMClasses should be in Ready phases - /Users/antont/ansible_deckhouse/virtualization-full/tests/e2e/complex_test.go:124 @ 10/11/25 12:06:28.296&#xA;&lt; Exit [It] checks VMClasses phases - /Users/antont/ansible_deckhouse/virtualization-full/tests/e2e/complex_test.go:123 @ 10/11/25 12:06:31.013 (2.717s)&#xA;&gt; Enter [AfterEach] ComplexTest - /Users/antont/ansible_deckhouse/virtualization-full/tests/e2e/complex_test.go:46 @ 10/11/25 12:06:31.013&#xA;&lt; Exit [AfterEach] ComplexTest - /Users/antont/ansible_deckhouse/virtualization-full/tests/e2e/complex_test.go:46 @ 10/11/25 12:06:31.013 (0s)&#xA;</system-err>
          </testcase>
          <testcase name="[It] ComplexTest When virtual machines IP addresses are applied patches custom VMIP with unassigned address [Serial]" classname="Tests" status="failed" time="350.695293458">
              <failure message="Timed out after 344.281s.&#xA;Expected success, but got an error:&#xA;    &lt;*errors.errorString | 0x14000614070&gt;: &#xA;    cannot patch VMIP &#34;head-5073ae15-vm-custom-ip&#34; with unnassigned IP address&#xA;    error: timed out waiting for the condition on virtualmachineipaddresses/head-5073ae15-vm-custom-ip&#xA;    &#xA;    {&#xA;        s: &#34;cannot patch VMIP \&#34;head-5073ae15-vm-custom-ip\&#34; with unnassigned IP address\nerror: timed out waiting for the condition on virtualmachineipaddresses/head-5073ae15-vm-custom-ip\n&#34;,&#xA;    }" type="failed">[FAILED] Timed out after 344.281s.&#xA;Expected success, but got an error:&#xA;    &lt;*errors.errorString | 0x14000614070&gt;: &#xA;    cannot patch VMIP &#34;head-5073ae15-vm-custom-ip&#34; with unnassigned IP address&#xA;    error: timed out waiting for the condition on virtualmachineipaddresses/head-5073ae15-vm-custom-ip&#xA;    &#xA;    {&#xA;        s: &#34;cannot patch VMIP \&#34;head-5073ae15-vm-custom-ip\&#34; with unnassigned IP address\nerror: timed out waiting for the condition on virtualmachineipaddresses/head-5073ae15-vm-custom-ip\n&#34;,&#xA;    }&#xA;In [It] at: /Users/antont/ansible_deckhouse/virtualization-full/tests/e2e/complex_test.go:138 @ 10/11/25 12:12:15.259&#xA;</failure>
              <system-err>&gt; Enter [It] patches custom VMIP with unassigned address - /Users/antont/ansible_deckhouse/virtualization-full/tests/e2e/complex_test.go:134 @ 10/11/25 12:06:31.014&#xA;[FAILED] Timed out after 344.281s.&#xA;Expected success, but got an error:&#xA;    &lt;*errors.errorString | 0x14000614070&gt;: &#xA;    cannot patch VMIP &#34;head-5073ae15-vm-custom-ip&#34; with unnassigned IP address&#xA;    error: timed out waiting for the condition on virtualmachineipaddresses/head-5073ae15-vm-custom-ip&#xA;    &#xA;    {&#xA;        s: &#34;cannot patch VMIP \&#34;head-5073ae15-vm-custom-ip\&#34; with unnassigned IP address\nerror: timed out waiting for the condition on virtualmachineipaddresses/head-5073ae15-vm-custom-ip\n&#34;,&#xA;    }&#xA;In [It] at: /Users/antont/ansible_deckhouse/virtualization-full/tests/e2e/complex_test.go:138 @ 10/11/25 12:12:15.259&#xA;&lt; Exit [It] patches custom VMIP with unassigned address - /Users/antont/ansible_deckhouse/virtualization-full/tests/e2e/complex_test.go:134 @ 10/11/25 12:12:15.259 (5m44.282s)&#xA;&gt; Enter [AfterEach] ComplexTest - /Users/antont/ansible_deckhouse/virtualization-full/tests/e2e/complex_test.go:46 @ 10/11/25 12:12:15.259&#xA;The list of pods is empty; nothing to dump.&#xA;&lt; Exit [AfterEach] ComplexTest - /Users/antont/ansible_deckhouse/virtualization-full/tests/e2e/complex_test.go:46 @ 10/11/25 12:12:21.672 (6.413s)&#xA;</system-err>
          </testcase>
          <testcase name="[It] ComplexTest When virtual machines IP addresses are applied checks VMIPs phases [Serial]" classname="Tests" status="skipped" time="0">
              <skipped message="skipped - Spec skipped because an earlier spec in an ordered container failed"></skipped>
              <system-err>[SKIPPED] Spec skipped because an earlier spec in an ordered container failed&#xA;In [It] at: /Users/antont/ansible_deckhouse/virtualization-full/tests/e2e/complex_test.go:141 @ 10/11/25 12:12:21.673&#xA;</system-err>
          </testcase>
          <testcase name="[It] ComplexTest When virtual disks are applied checks VDs phases with consumers [Serial]" classname="Tests" status="skipped" time="0">
              <skipped message="skipped - Spec skipped because an earlier spec in an ordered container failed"></skipped>
              <system-err>[SKIPPED] Spec skipped because an earlier spec in an ordered container failed&#xA;In [It] at: /Users/antont/ansible_deckhouse/virtualization-full/tests/e2e/complex_test.go:152 @ 10/11/25 12:12:21.673&#xA;</system-err>
          </testcase>
          <testcase name="[It] ComplexTest When virtual disks are applied checks VDs phases with no consumers [Serial]" classname="Tests" status="skipped" time="0">
              <skipped message="skipped - Spec skipped because an earlier spec in an ordered container failed"></skipped>
              <system-err>[SKIPPED] Spec skipped because an earlier spec in an ordered container failed&#xA;In [It] at: /Users/antont/ansible_deckhouse/virtualization-full/tests/e2e/complex_test.go:162 @ 10/11/25 12:12:21.673&#xA;</system-err>
          </testcase>
          <testcase name="[It] ComplexTest When virtual machines are applied checks VMs phases [Serial]" classname="Tests" status="skipped" time="0">
              <skipped message="skipped - Spec skipped because an earlier spec in an ordered container failed"></skipped>
              <system-err>[SKIPPED] Spec skipped because an earlier spec in an ordered container failed&#xA;In [It] at: /Users/antont/ansible_deckhouse/virtualization-full/tests/e2e/complex_test.go:173 @ 10/11/25 12:12:21.673&#xA;</system-err>
          </testcase>
          <testcase name="[It] ComplexTest When virtual machine block device attachments are applied checks VMBDAs phases [Serial]" classname="Tests" status="skipped" time="0">
              <skipped message="skipped - Spec skipped because an earlier spec in an ordered container failed"></skipped>
              <system-err>[SKIPPED] Spec skipped because an earlier spec in an ordered container failed&#xA;In [It] at: /Users/antont/ansible_deckhouse/virtualization-full/tests/e2e/complex_test.go:184 @ 10/11/25 12:12:21.673&#xA;</system-err>
          </testcase>
          <testcase name="[It] ComplexTest External connection When Virtual machine agents are ready checks VMs external connectivity [Serial]" classname="Tests" status="skipped" time="0">
              <skipped message="skipped - Spec skipped because an earlier spec in an ordered container failed"></skipped>
              <system-err>[SKIPPED] Spec skipped because an earlier spec in an ordered container failed&#xA;In [It] at: /Users/antont/ansible_deckhouse/virtualization-full/tests/e2e/complex_test.go:196 @ 10/11/25 12:12:21.673&#xA;</system-err>
          </testcase>
          <testcase name="[It] ComplexTest Power state checks Verify that the virtual machines are stopping by VMOPs stops VMs by VMOPs [Serial]" classname="Tests" status="skipped" time="0">
              <skipped message="skipped - Spec skipped because an earlier spec in an ordered container failed"></skipped>
              <system-err>[SKIPPED] Spec skipped because an earlier spec in an ordered container failed&#xA;In [It] at: /Users/antont/ansible_deckhouse/virtualization-full/tests/e2e/complex_test.go:220 @ 10/11/25 12:12:21.673&#xA;</system-err>
          </testcase>
          <testcase name="[It] ComplexTest Power state checks Verify that the virtual machines are stopping by VMOPs checks VMOPs and VMs phases [Serial]" classname="Tests" status="skipped" time="0">
              <skipped message="skipped - Spec skipped because an earlier spec in an ordered container failed"></skipped>
              <system-err>[SKIPPED] Spec skipped because an earlier spec in an ordered container failed&#xA;In [It] at: /Users/antont/ansible_deckhouse/virtualization-full/tests/e2e/complex_test.go:245 @ 10/11/25 12:12:21.673&#xA;</system-err>
          </testcase>
          <testcase name="[It] ComplexTest Power state checks Verify that the virtual machines are stopping by VMOPs cleanup AlwaysOn VM VMOPs [Serial]" classname="Tests" status="skipped" time="0">
              <skipped message="skipped - Spec skipped because an earlier spec in an ordered container failed"></skipped>
              <system-err>[SKIPPED] Spec skipped because an earlier spec in an ordered container failed&#xA;In [It] at: /Users/antont/ansible_deckhouse/virtualization-full/tests/e2e/complex_test.go:268 @ 10/11/25 12:12:21.673&#xA;</system-err>
          </testcase>
          <testcase name="[It] ComplexTest Power state checks Verify that the virtual machines are starting starts VMs by VMOP [Serial]" classname="Tests" status="skipped" time="0">
              <skipped message="skipped - Spec skipped because an earlier spec in an ordered container failed"></skipped>
              <system-err>[SKIPPED] Spec skipped because an earlier spec in an ordered container failed&#xA;In [It] at: /Users/antont/ansible_deckhouse/virtualization-full/tests/e2e/complex_test.go:280 @ 10/11/25 12:12:21.674&#xA;</system-err>
          </testcase>
          <testcase name="[It] ComplexTest Power state checks Verify that the virtual machines are starting checks VMs and VMOPs phases [Serial]" classname="Tests" status="skipped" time="0">
              <skipped message="skipped - Spec skipped because an earlier spec in an ordered container failed"></skipped>
              <system-err>[SKIPPED] Spec skipped because an earlier spec in an ordered container failed&#xA;In [It] at: /Users/antont/ansible_deckhouse/virtualization-full/tests/e2e/complex_test.go:299 @ 10/11/25 12:12:21.674&#xA;</system-err>
          </testcase>
          <testcase name="[It] ComplexTest Power state checks Verify that the virtual machines are stopping by ssh stops VMs by ssh [Serial]" classname="Tests" status="skipped" time="0">
              <skipped message="skipped - Spec skipped because an earlier spec in an ordered container failed"></skipped>
              <system-err>[SKIPPED] Spec skipped because an earlier spec in an ordered container failed&#xA;In [It] at: /Users/antont/ansible_deckhouse/virtualization-full/tests/e2e/complex_test.go:316 @ 10/11/25 12:12:21.674&#xA;</system-err>
          </testcase>
          <testcase name="[It] ComplexTest Power state checks Verify that the virtual machines are stopping by ssh checks VMs phases [Serial]" classname="Tests" status="skipped" time="0">
              <skipped message="skipped - Spec skipped because an earlier spec in an ordered container failed"></skipped>
              <system-err>[SKIPPED] Spec skipped because an earlier spec in an ordered container failed&#xA;In [It] at: /Users/antont/ansible_deckhouse/virtualization-full/tests/e2e/complex_test.go:341 @ 10/11/25 12:12:21.674&#xA;</system-err>
          </testcase>
          <testcase name="[It] ComplexTest Power state checks Verify that the virtual machines are stopping by ssh start not AlwaysOn VMs [Serial]" classname="Tests" status="skipped" time="0">
              <skipped message="skipped - Spec skipped because an earlier spec in an ordered container failed"></skipped>
              <system-err>[SKIPPED] Spec skipped because an earlier spec in an ordered container failed&#xA;In [It] at: /Users/antont/ansible_deckhouse/virtualization-full/tests/e2e/complex_test.go:354 @ 10/11/25 12:12:21.674&#xA;</system-err>
          </testcase>
          <testcase name="[It] ComplexTest Power state checks Verify that the virtual machines are stopping by ssh checks VMs and VMOPs phases [Serial]" classname="Tests" status="skipped" time="0">
              <skipped message="skipped - Spec skipped because an earlier spec in an ordered container failed"></skipped>
              <system-err>[SKIPPED] Spec skipped because an earlier spec in an ordered container failed&#xA;In [It] at: /Users/antont/ansible_deckhouse/virtualization-full/tests/e2e/complex_test.go:358 @ 10/11/25 12:12:21.674&#xA;</system-err>
          </testcase>
          <testcase name="[It] ComplexTest Power state checks Verify that the virtual machines are restarting by VMOP reboot VMs by VMOP [Serial]" classname="Tests" status="skipped" time="0">
              <skipped message="skipped - Spec skipped because an earlier spec in an ordered container failed"></skipped>
              <system-err>[SKIPPED] Spec skipped because an earlier spec in an ordered container failed&#xA;In [It] at: /Users/antont/ansible_deckhouse/virtualization-full/tests/e2e/complex_test.go:375 @ 10/11/25 12:12:21.674&#xA;</system-err>
          </testcase>
          <testcase name="[It] ComplexTest Power state checks Verify that the virtual machines are restarting by VMOP checks VMs and VMOPs phases [Serial]" classname="Tests" status="skipped" time="0">
              <skipped message="skipped - Spec skipped because an earlier spec in an ordered container failed"></skipped>
              <system-err>[SKIPPED] Spec skipped because an earlier spec in an ordered container failed&#xA;In [It] at: /Users/antont/ansible_deckhouse/virtualization-full/tests/e2e/complex_test.go:388 @ 10/11/25 12:12:21.674&#xA;</system-err>
          </testcase>
          <testcase name="[It] ComplexTest Power state checks Verify that the virtual machines are restarting by ssh reboot VMs by ssh [Serial]" classname="Tests" status="skipped" time="0">
              <skipped message="skipped - Spec skipped because an earlier spec in an ordered container failed"></skipped>
              <system-err>[SKIPPED] Spec skipped because an earlier spec in an ordered container failed&#xA;In [It] at: /Users/antont/ansible_deckhouse/virtualization-full/tests/e2e/complex_test.go:405 @ 10/11/25 12:12:21.674&#xA;</system-err>
          </testcase>
          <testcase name="[It] ComplexTest Power state checks Verify that the virtual machines are restarting after deleting their pods reboots the VMs by deleting their pods [Serial]" classname="Tests" status="skipped" time="0">
              <skipped message="skipped - Spec skipped because an earlier spec in an ordered container failed"></skipped>
              <system-err>[SKIPPED] Spec skipped because an earlier spec in an ordered container failed&#xA;In [It] at: /Users/antont/ansible_deckhouse/virtualization-full/tests/e2e/complex_test.go:444 @ 10/11/25 12:12:21.674&#xA;</system-err>
          </testcase>
          <testcase name="[It] ComplexTest Power state checks Verify that the virtual machines are restarting after deleting their pods checks VMs external connection after reboot [Serial]" classname="Tests" status="skipped" time="0">
              <skipped message="skipped - Spec skipped because an earlier spec in an ordered container failed"></skipped>
              <system-err>[SKIPPED] Spec skipped because an earlier spec in an ordered container failed&#xA;In [It] at: /Users/antont/ansible_deckhouse/virtualization-full/tests/e2e/complex_test.go:479 @ 10/11/25 12:12:21.674&#xA;</system-err>
          </testcase>
          <testcase name="[It] ComplexTest Migrations When Virtual machine agents are ready starts migrations [Serial]" classname="Tests" status="skipped" time="0">
              <skipped message="skipped - Spec skipped because an earlier spec in an ordered container failed"></skipped>
              <system-err>[SKIPPED] Spec skipped because an earlier spec in an ordered container failed&#xA;In [It] at: /Users/antont/ansible_deckhouse/virtualization-full/tests/e2e/complex_test.go:497 @ 10/11/25 12:12:21.674&#xA;</system-err>
          </testcase>
          <testcase name="[It] ComplexTest Migrations When VMs migrations are applied checks VMs and VMOPs phases [Serial]" classname="Tests" status="skipped" time="0">
              <skipped message="skipped - Spec skipped because an earlier spec in an ordered container failed"></skipped>
              <system-err>[SKIPPED] Spec skipped because an earlier spec in an ordered container failed&#xA;In [It] at: /Users/antont/ansible_deckhouse/virtualization-full/tests/e2e/complex_test.go:512 @ 10/11/25 12:12:21.675&#xA;</system-err>
          </testcase>
          <testcase name="[It] ComplexTest Migrations When VMs migrations are applied checks VMs external connection after migrations [Serial]" classname="Tests" status="skipped" time="0">
              <skipped message="skipped - Spec skipped because an earlier spec in an ordered container failed"></skipped>
              <system-err>[SKIPPED] Spec skipped because an earlier spec in an ordered container failed&#xA;In [It] at: /Users/antont/ansible_deckhouse/virtualization-full/tests/e2e/complex_test.go:528 @ 10/11/25 12:12:21.675&#xA;</system-err>
          </testcase>
          <testcase name="[It] ComplexTest When test is completed deletes test case resources [Serial]" classname="Tests" status="skipped" time="0">
              <skipped message="skipped - Spec skipped because an earlier spec in an ordered container failed"></skipped>
              <system-err>[SKIPPED] Spec skipped because an earlier spec in an ordered container failed&#xA;In [It] at: /Users/antont/ansible_deckhouse/virtualization-full/tests/e2e/complex_test.go:545 @ 10/11/25 12:12:21.675&#xA;</system-err>
          </testcase>
          <testcase name="[It] VirtualDiskAttachment When resources are applied result should be succeeded" classname="Tests" status="passed" time="5.11604775">
              <system-err>&gt; Enter [BeforeAll] VirtualDiskAttachment - /Users/antont/ansible_deckhouse/virtualization-full/tests/e2e/vm_disk_attachment_test.go:52 @ 10/11/25 12:12:21.675&#xA;&lt; Exit [BeforeAll] VirtualDiskAttachment - /Users/antont/ansible_deckhouse/virtualization-full/tests/e2e/vm_disk_attachment_test.go:52 @ 10/11/25 12:12:23.621 (1.946s)&#xA;&gt; Enter [BeforeEach] VirtualDiskAttachment - /Users/antont/ansible_deckhouse/virtualization-full/tests/e2e/vm_disk_attachment_test.go:64 @ 10/11/25 12:12:23.621&#xA;&lt; Exit [BeforeEach] VirtualDiskAttachment - /Users/antont/ansible_deckhouse/virtualization-full/tests/e2e/vm_disk_attachment_test.go:64 @ 10/11/25 12:12:23.621 (0s)&#xA;&gt; Enter [It] result should be succeeded - /Users/antont/ansible_deckhouse/virtualization-full/tests/e2e/vm_disk_attachment_test.go:77 @ 10/11/25 12:12:23.621&#xA;&lt; Exit [It] result should be succeeded - /Users/antont/ansible_deckhouse/virtualization-full/tests/e2e/vm_disk_attachment_test.go:77 @ 10/11/25 12:12:26.791 (3.17s)&#xA;&gt; Enter [AfterEach] VirtualDiskAttachment - /Users/antont/ansible_deckhouse/virtualization-full/tests/e2e/vm_disk_attachment_test.go:70 @ 10/11/25 12:12:26.791&#xA;&lt; Exit [AfterEach] VirtualDiskAttachment - /Users/antont/ansible_deckhouse/virtualization-full/tests/e2e/vm_disk_attachment_test.go:70 @ 10/11/25 12:12:26.791 (0s)&#xA;</system-err>
          </testcase>
          <testcase name="[It] VirtualDiskAttachment When virtual images are applied checks VIs phases" classname="Tests" status="passed" time="5.748929458">
              <system-err>&gt; Enter [BeforeEach] VirtualDiskAttachment - /Users/antont/ansible_deckhouse/virtualization-full/tests/e2e/vm_disk_attachment_test.go:64 @ 10/11/25 12:12:26.791&#xA;&lt; Exit [BeforeEach] VirtualDiskAttachment - /Users/antont/ansible_deckhouse/virtualization-full/tests/e2e/vm_disk_attachment_test.go:64 @ 10/11/25 12:12:26.791 (0s)&#xA;&gt; Enter [It] checks VIs phases - /Users/antont/ansible_deckhouse/virtualization-full/tests/e2e/vm_disk_attachment_test.go:87 @ 10/11/25 12:12:26.791&#xA;STEP: VIs should be in Ready phases - /Users/antont/ansible_deckhouse/virtualization-full/tests/e2e/vm_disk_attachment_test.go:88 @ 10/11/25 12:12:26.791&#xA;&lt; Exit [It] checks VIs phases - /Users/antont/ansible_deckhouse/virtualization-full/tests/e2e/vm_disk_attachment_test.go:87 @ 10/11/25 12:12:32.54 (5.749s)&#xA;&gt; Enter [AfterEach] VirtualDiskAttachment - /Users/antont/ansible_deckhouse/virtualization-full/tests/e2e/vm_disk_attachment_test.go:70 @ 10/11/25 12:12:32.54&#xA;&lt; Exit [AfterEach] VirtualDiskAttachment - /Users/antont/ansible_deckhouse/virtualization-full/tests/e2e/vm_disk_attachment_test.go:70 @ 10/11/25 12:12:32.54 (0s)&#xA;</system-err>
          </testcase>
          <testcase name="[It] VirtualDiskAttachment When virtual disks are applied checks VDs phases" classname="Tests" status="failed" time="1008.186572417">
              <failure message="should observe resources in &#39;&#39;jsonpath={.status.phase}=Ready&#39;&#39; state before 16m40s timeout&#xA;Expected&#xA;    &lt;[]string | len:1, cap:1&gt;: [&#xA;        &#34;cmd: kubectl wait virtualdisks.virtualization.deckhouse.io head-5073ae15-vd-root-automatic-with-hotplug-standalone --namespace head-5073ae15-end-to-end-vm-disk-attachment --for=&#39;jsonpath={.status.phase}=Ready&#39; --timeout=16m40s\nstderr: error: timed out waiting for the condition on virtualdisks/head-5073ae15-vd-root-automatic-with-hotplug-standalone\n\nwaited for: &#39;jsonpath={.status.phase}=Ready&#39;&#34;,&#xA;    ]&#xA;to be empty" type="failed">[FAILED] should observe resources in &#39;&#39;jsonpath={.status.phase}=Ready&#39;&#39; state before 16m40s timeout&#xA;Expected&#xA;    &lt;[]string | len:1, cap:1&gt;: [&#xA;        &#34;cmd: kubectl wait virtualdisks.virtualization.deckhouse.io head-5073ae15-vd-root-automatic-with-hotplug-standalone --namespace head-5073ae15-end-to-end-vm-disk-attachment --for=&#39;jsonpath={.status.phase}=Ready&#39; --timeout=16m40s\nstderr: error: timed out waiting for the condition on virtualdisks/head-5073ae15-vd-root-automatic-with-hotplug-standalone\n\nwaited for: &#39;jsonpath={.status.phase}=Ready&#39;&#34;,&#xA;    ]&#xA;to be empty&#xA;In [It] at: /Users/antont/ansible_deckhouse/virtualization-full/tests/e2e/vm_disk_attachment_test.go:100 @ 10/11/25 12:29:14.623&#xA;</failure>
              <system-err>&gt; Enter [BeforeEach] VirtualDiskAttachment - /Users/antont/ansible_deckhouse/virtualization-full/tests/e2e/vm_disk_attachment_test.go:64 @ 10/11/25 12:12:32.541&#xA;&lt; Exit [BeforeEach] VirtualDiskAttachment - /Users/antont/ansible_deckhouse/virtualization-full/tests/e2e/vm_disk_attachment_test.go:64 @ 10/11/25 12:12:32.541 (0s)&#xA;&gt; Enter [It] checks VDs phases - /Users/antont/ansible_deckhouse/virtualization-full/tests/e2e/vm_disk_attachment_test.go:98 @ 10/11/25 12:12:32.541&#xA;STEP: VDs with consumers should be in Ready phases - /Users/antont/ansible_deckhouse/virtualization-full/tests/e2e/vm_disk_attachment_test.go:99 @ 10/11/25 12:12:32.541&#xA;[FAILED] should observe resources in &#39;&#39;jsonpath={.status.phase}=Ready&#39;&#39; state before 16m40s timeout&#xA;Expected&#xA;    &lt;[]string | len:1, cap:1&gt;: [&#xA;        &#34;cmd: kubectl wait virtualdisks.virtualization.deckhouse.io head-5073ae15-vd-root-automatic-with-hotplug-standalone --namespace head-5073ae15-end-to-end-vm-disk-attachment --for=&#39;jsonpath={.status.phase}=Ready&#39; --timeout=16m40s\nstderr: error: timed out waiting for the condition on virtualdisks/head-5073ae15-vd-root-automatic-with-hotplug-standalone\n\nwaited for: &#39;jsonpath={.status.phase}=Ready&#39;&#34;,&#xA;    ]&#xA;to be empty&#xA;In [It] at: /Users/antont/ansible_deckhouse/virtualization-full/tests/e2e/vm_disk_attachment_test.go:100 @ 10/11/25 12:29:14.623&#xA;&lt; Exit [It] checks VDs phases - /Users/antont/ansible_deckhouse/virtualization-full/tests/e2e/vm_disk_attachment_test.go:98 @ 10/11/25 12:29:14.625 (16m42.111s)&#xA;&gt; Enter [AfterEach] VirtualDiskAttachment - /Users/antont/ansible_deckhouse/virtualization-full/tests/e2e/vm_disk_attachment_test.go:70 @ 10/11/25 12:29:14.625&#xA;The list of pods is empty; nothing to dump.&#xA;&lt; Exit [AfterEach] VirtualDiskAttachment - /Users/antont/ansible_deckhouse/virtualization-full/tests/e2e/vm_disk_attachment_test.go:70 @ 10/11/25 12:29:20.7 (6.075s)&#xA;</system-err>
          </testcase>
          <testcase name="[It] VirtualDiskAttachment When virtual machines are applied checks VMs phases" classname="Tests" status="skipped" time="0">
              <skipped message="skipped - Spec skipped because an earlier spec in an ordered container failed"></skipped>
              <system-err>[SKIPPED] Spec skipped because an earlier spec in an ordered container failed&#xA;In [It] at: /Users/antont/ansible_deckhouse/virtualization-full/tests/e2e/vm_disk_attachment_test.go:116 @ 10/11/25 12:29:20.7&#xA;</system-err>
          </testcase>
          <testcase name="[It] VirtualDiskAttachment Attachment When virtual machine agents are ready get disk count before attachment" classname="Tests" status="skipped" time="0">
              <skipped message="skipped - Spec skipped because an earlier spec in an ordered container failed"></skipped>
              <system-err>[SKIPPED] Spec skipped because an earlier spec in an ordered container failed&#xA;In [It] at: /Users/antont/ansible_deckhouse/virtualization-full/tests/e2e/vm_disk_attachment_test.go:128 @ 10/11/25 12:29:20.7&#xA;</system-err>
          </testcase>
          <testcase name="[It] VirtualDiskAttachment Attachment When virtual machine agents are ready attaches virtual disk" classname="Tests" status="skipped" time="0">
              <skipped message="skipped - Spec skipped because an earlier spec in an ordered container failed"></skipped>
              <system-err>[SKIPPED] Spec skipped because an earlier spec in an ordered container failed&#xA;In [It] at: /Users/antont/ansible_deckhouse/virtualization-full/tests/e2e/vm_disk_attachment_test.go:133 @ 10/11/25 12:29:20.7&#xA;</system-err>
          </testcase>
          <testcase name="[It] VirtualDiskAttachment Attachment When virtual machine agents are ready checks VM and VMBDA phases" classname="Tests" status="skipped" time="0">
              <skipped message="skipped - Spec skipped because an earlier spec in an ordered container failed"></skipped>
              <system-err>[SKIPPED] Spec skipped because an earlier spec in an ordered container failed&#xA;In [It] at: /Users/antont/ansible_deckhouse/virtualization-full/tests/e2e/vm_disk_attachment_test.go:136 @ 10/11/25 12:29:20.7&#xA;</system-err>
          </testcase>
          <testcase name="[It] VirtualDiskAttachment Attachment When virtual machine agents are ready compares disk count before and after attachment" classname="Tests" status="skipped" time="0">
              <skipped message="skipped - Spec skipped because an earlier spec in an ordered container failed"></skipped>
              <system-err>[SKIPPED] Spec skipped because an earlier spec in an ordered container failed&#xA;In [It] at: /Users/antont/ansible_deckhouse/virtualization-full/tests/e2e/vm_disk_attachment_test.go:150 @ 10/11/25 12:29:20.701&#xA;</system-err>
          </testcase>
          <testcase name="[It] VirtualDiskAttachment Detachment When virtual machines are in Running phases get disk count before detachment" classname="Tests" status="skipped" time="0">
              <skipped message="skipped - Spec skipped because an earlier spec in an ordered container failed"></skipped>
              <system-err>[SKIPPED] Spec skipped because an earlier spec in an ordered container failed&#xA;In [It] at: /Users/antont/ansible_deckhouse/virtualization-full/tests/e2e/vm_disk_attachment_test.go:166 @ 10/11/25 12:29:20.701&#xA;</system-err>
          </testcase>
          <testcase name="[It] VirtualDiskAttachment Detachment When virtual machines are in Running phases detaches virtual disk" classname="Tests" status="skipped" time="0">
              <skipped message="skipped - Spec skipped because an earlier spec in an ordered container failed"></skipped>
              <system-err>[SKIPPED] Spec skipped because an earlier spec in an ordered container failed&#xA;In [It] at: /Users/antont/ansible_deckhouse/virtualization-full/tests/e2e/vm_disk_attachment_test.go:171 @ 10/11/25 12:29:20.701&#xA;</system-err>
          </testcase>
          <testcase name="[It] VirtualDiskAttachment Detachment When virtual machines are in Running phases checks VM phase" classname="Tests" status="skipped" time="0">
              <skipped message="skipped - Spec skipped because an earlier spec in an ordered container failed"></skipped>
              <system-err>[SKIPPED] Spec skipped because an earlier spec in an ordered container failed&#xA;In [It] at: /Users/antont/ansible_deckhouse/virtualization-full/tests/e2e/vm_disk_attachment_test.go:179 @ 10/11/25 12:29:20.701&#xA;</system-err>
          </testcase>
          <testcase name="[It] VirtualDiskAttachment Detachment When virtual machines are in Running phases compares disk count before and after detachment" classname="Tests" status="skipped" time="0">
              <skipped message="skipped - Spec skipped because an earlier spec in an ordered container failed"></skipped>
              <system-err>[SKIPPED] Spec skipped because an earlier spec in an ordered container failed&#xA;In [It] at: /Users/antont/ansible_deckhouse/virtualization-full/tests/e2e/vm_disk_attachment_test.go:187 @ 10/11/25 12:29:20.701&#xA;</system-err>
          </testcase>
          <testcase name="[It] VirtualDiskAttachment When test is completed deletes test case resources" classname="Tests" status="skipped" time="0">
              <skipped message="skipped - Spec skipped because an earlier spec in an ordered container failed"></skipped>
              <system-err>[SKIPPED] Spec skipped because an earlier spec in an ordered container failed&#xA;In [It] at: /Users/antont/ansible_deckhouse/virtualization-full/tests/e2e/vm_disk_attachment_test.go:201 @ 10/11/25 12:29:20.701&#xA;</system-err>
          </testcase>
          <testcase name="[It] VirtualMachineVersions When virtualization resources are applied: result should be succeeded" classname="Tests" status="passed" time="4.179966167">
              <system-err>&gt; Enter [BeforeAll] VirtualMachineVersions - /Users/antont/ansible_deckhouse/virtualization-full/tests/e2e/vm_version_test.go:35 @ 10/11/25 12:29:20.701&#xA;&lt; Exit [BeforeAll] VirtualMachineVersions - /Users/antont/ansible_deckhouse/virtualization-full/tests/e2e/vm_version_test.go:35 @ 10/11/25 12:29:22.628 (1.927s)&#xA;&gt; Enter [BeforeEach] VirtualMachineVersions - /Users/antont/ansible_deckhouse/virtualization-full/tests/e2e/vm_version_test.go:44 @ 10/11/25 12:29:22.628&#xA;&lt; Exit [BeforeEach] VirtualMachineVersions - /Users/antont/ansible_deckhouse/virtualization-full/tests/e2e/vm_version_test.go:44 @ 10/11/25 12:29:22.628 (0s)&#xA;&gt; Enter [It] result should be succeeded - /Users/antont/ansible_deckhouse/virtualization-full/tests/e2e/vm_version_test.go:57 @ 10/11/25 12:29:22.628&#xA;&lt; Exit [It] result should be succeeded - /Users/antont/ansible_deckhouse/virtualization-full/tests/e2e/vm_version_test.go:57 @ 10/11/25 12:29:24.881 (2.253s)&#xA;&gt; Enter [AfterEach] VirtualMachineVersions - /Users/antont/ansible_deckhouse/virtualization-full/tests/e2e/vm_version_test.go:50 @ 10/11/25 12:29:24.881&#xA;&lt; Exit [AfterEach] VirtualMachineVersions - /Users/antont/ansible_deckhouse/virtualization-full/tests/e2e/vm_version_test.go:50 @ 10/11/25 12:29:24.881 (0s)&#xA;</system-err>
          </testcase>
          <testcase name="[It] VirtualMachineVersions When virtual disks are applied: checks VDs phases" classname="Tests" status="passed" time="18.503805875">
              <system-err>&gt; Enter [BeforeEach] VirtualMachineVersions - /Users/antont/ansible_deckhouse/virtualization-full/tests/e2e/vm_version_test.go:44 @ 10/11/25 12:29:24.881&#xA;&lt; Exit [BeforeEach] VirtualMachineVersions - /Users/antont/ansible_deckhouse/virtualization-full/tests/e2e/vm_version_test.go:44 @ 10/11/25 12:29:24.881 (0s)&#xA;&gt; Enter [It] checks VDs phases - /Users/antont/ansible_deckhouse/virtualization-full/tests/e2e/vm_version_test.go:67 @ 10/11/25 12:29:24.881&#xA;STEP: VDs should be in Ready phase - /Users/antont/ansible_deckhouse/virtualization-full/tests/e2e/vm_version_test.go:68 @ 10/11/25 12:29:24.881&#xA;&lt; Exit [It] checks VDs phases - /Users/antont/ansible_deckhouse/virtualization-full/tests/e2e/vm_version_test.go:67 @ 10/11/25 12:29:43.385 (18.504s)&#xA;&gt; Enter [AfterEach] VirtualMachineVersions - /Users/antont/ansible_deckhouse/virtualization-full/tests/e2e/vm_version_test.go:50 @ 10/11/25 12:29:43.385&#xA;&lt; Exit [AfterEach] VirtualMachineVersions - /Users/antont/ansible_deckhouse/virtualization-full/tests/e2e/vm_version_test.go:50 @ 10/11/25 12:29:43.385 (0s)&#xA;</system-err>
          </testcase>
          <testcase name="[It] VirtualMachineVersions When virtual machines are applied: checks VMs phases" classname="Tests" status="passed" time="3.038623125">
              <system-err>&gt; Enter [BeforeEach] VirtualMachineVersions - /Users/antont/ansible_deckhouse/virtualization-full/tests/e2e/vm_version_test.go:44 @ 10/11/25 12:29:43.385&#xA;&lt; Exit [BeforeEach] VirtualMachineVersions - /Users/antont/ansible_deckhouse/virtualization-full/tests/e2e/vm_version_test.go:44 @ 10/11/25 12:29:43.385 (0s)&#xA;&gt; Enter [It] checks VMs phases - /Users/antont/ansible_deckhouse/virtualization-full/tests/e2e/vm_version_test.go:78 @ 10/11/25 12:29:43.385&#xA;STEP: VM should be in Running phase - /Users/antont/ansible_deckhouse/virtualization-full/tests/e2e/vm_version_test.go:79 @ 10/11/25 12:29:43.385&#xA;&lt; Exit [It] checks VMs phases - /Users/antont/ansible_deckhouse/virtualization-full/tests/e2e/vm_version_test.go:78 @ 10/11/25 12:29:46.424 (3.038s)&#xA;&gt; Enter [AfterEach] VirtualMachineVersions - /Users/antont/ansible_deckhouse/virtualization-full/tests/e2e/vm_version_test.go:50 @ 10/11/25 12:29:46.424&#xA;&lt; Exit [AfterEach] VirtualMachineVersions - /Users/antont/ansible_deckhouse/virtualization-full/tests/e2e/vm_version_test.go:50 @ 10/11/25 12:29:46.424 (0s)&#xA;</system-err>
          </testcase>
          <testcase name="[It] VirtualMachineVersions When virtual machines are ready: has qemu version in the status" classname="Tests" status="passed" time="5.9042e-05">
              <system-err>&gt; Enter [BeforeEach] VirtualMachineVersions - /Users/antont/ansible_deckhouse/virtualization-full/tests/e2e/vm_version_test.go:44 @ 10/11/25 12:29:46.424&#xA;&lt; Exit [BeforeEach] VirtualMachineVersions - /Users/antont/ansible_deckhouse/virtualization-full/tests/e2e/vm_version_test.go:44 @ 10/11/25 12:29:46.424 (0s)&#xA;&gt; Enter [It] has qemu version in the status - /Users/antont/ansible_deckhouse/virtualization-full/tests/e2e/vm_version_test.go:97 @ 10/11/25 12:29:46.424&#xA;&lt; Exit [It] has qemu version in the status - /Users/antont/ansible_deckhouse/virtualization-full/tests/e2e/vm_version_test.go:97 @ 10/11/25 12:29:46.424 (0s)&#xA;&gt; Enter [AfterEach] VirtualMachineVersions - /Users/antont/ansible_deckhouse/virtualization-full/tests/e2e/vm_version_test.go:50 @ 10/11/25 12:29:46.424&#xA;&lt; Exit [AfterEach] VirtualMachineVersions - /Users/antont/ansible_deckhouse/virtualization-full/tests/e2e/vm_version_test.go:50 @ 10/11/25 12:29:46.424 (0s)&#xA;</system-err>
          </testcase>
          <testcase name="[It] VirtualMachineVersions When virtual machines are ready: has libvirt version in the status" classname="Tests" status="passed" time="6.7833e-05">
              <system-err>&gt; Enter [BeforeEach] VirtualMachineVersions - /Users/antont/ansible_deckhouse/virtualization-full/tests/e2e/vm_version_test.go:44 @ 10/11/25 12:29:46.424&#xA;&lt; Exit [BeforeEach] VirtualMachineVersions - /Users/antont/ansible_deckhouse/virtualization-full/tests/e2e/vm_version_test.go:44 @ 10/11/25 12:29:46.424 (0s)&#xA;&gt; Enter [It] has libvirt version in the status - /Users/antont/ansible_deckhouse/virtualization-full/tests/e2e/vm_version_test.go:103 @ 10/11/25 12:29:46.424&#xA;&lt; Exit [It] has libvirt version in the status - /Users/antont/ansible_deckhouse/virtualization-full/tests/e2e/vm_version_test.go:103 @ 10/11/25 12:29:46.424 (0s)&#xA;&gt; Enter [AfterEach] VirtualMachineVersions - /Users/antont/ansible_deckhouse/virtualization-full/tests/e2e/vm_version_test.go:50 @ 10/11/25 12:29:46.424&#xA;&lt; Exit [AfterEach] VirtualMachineVersions - /Users/antont/ansible_deckhouse/virtualization-full/tests/e2e/vm_version_test.go:50 @ 10/11/25 12:29:46.424 (0s)&#xA;</system-err>
          </testcase>
          <testcase name="[It] VirtualMachineVersions When test is completed deletes test case resources" classname="Tests" status="passed" time="70.242070084">
              <system-err>&gt; Enter [BeforeEach] VirtualMachineVersions - /Users/antont/ansible_deckhouse/virtualization-full/tests/e2e/vm_version_test.go:44 @ 10/11/25 12:29:46.424&#xA;&lt; Exit [BeforeEach] VirtualMachineVersions - /Users/antont/ansible_deckhouse/virtualization-full/tests/e2e/vm_version_test.go:44 @ 10/11/25 12:29:46.424 (0s)&#xA;&gt; Enter [It] deletes test case resources - /Users/antont/ansible_deckhouse/virtualization-full/tests/e2e/vm_version_test.go:114 @ 10/11/25 12:29:46.424&#xA;STEP: Response on deletion request should be successful - /Users/antont/ansible_deckhouse/virtualization-full/tests/e2e/util_test.go:604 @ 10/11/25 12:29:46.424&#xA;END STEP: Response on deletion request should be successful - /Users/antont/ansible_deckhouse/virtualization-full/tests/e2e/util_test.go:604 @ 10/11/25 12:30:56.666 (1m10.242s)&#xA;&lt; Exit [It] deletes test case resources - /Users/antont/ansible_deckhouse/virtualization-full/tests/e2e/vm_version_test.go:114 @ 10/11/25 12:30:56.666 (1m10.242s)&#xA;&gt; Enter [AfterEach] VirtualMachineVersions - /Users/antont/ansible_deckhouse/virtualization-full/tests/e2e/vm_version_test.go:50 @ 10/11/25 12:30:56.666&#xA;&lt; Exit [AfterEach] VirtualMachineVersions - /Users/antont/ansible_deckhouse/virtualization-full/tests/e2e/vm_version_test.go:50 @ 10/11/25 12:30:56.666 (0s)&#xA;</system-err>
          </testcase>
          <testcase name="[It] VirtualMachineAdditionalNetworkInterfaces When resources are applied result should be succeeded [SIG-Migration]" classname="Tests" status="skipped" time="0.484052833">
              <skipped message="skipped - Module SDN is disabled. Skipping all tests for module SDN."></skipped>
              <system-err>&gt; Enter [BeforeAll] VirtualMachineAdditionalNetworkInterfaces - /Users/antont/ansible_deckhouse/virtualization-full/tests/e2e/vm_vpc_test.go:47 @ 10/11/25 12:30:56.667&#xA;[SKIPPED] Module SDN is disabled. Skipping all tests for module SDN.&#xA;In [BeforeAll] at: /Users/antont/ansible_deckhouse/virtualization-full/tests/e2e/vm_vpc_test.go:50 @ 10/11/25 12:30:57.151&#xA;&lt; Exit [BeforeAll] VirtualMachineAdditionalNetworkInterfaces - /Users/antont/ansible_deckhouse/virtualization-full/tests/e2e/vm_vpc_test.go:47 @ 10/11/25 12:30:57.151 (484ms)&#xA;&gt; Enter [AfterAll] VirtualMachineAdditionalNetworkInterfaces - /Users/antont/ansible_deckhouse/virtualization-full/tests/e2e/vm_vpc_test.go:60 @ 10/11/25 12:30:57.151&#xA;&lt; Exit [AfterAll] VirtualMachineAdditionalNetworkInterfaces - /Users/antont/ansible_deckhouse/virtualization-full/tests/e2e/vm_vpc_test.go:60 @ 10/11/25 12:30:57.151 (0s)&#xA;</system-err>
          </testcase>
          <testcase name="[It] VirtualMachineAdditionalNetworkInterfaces When virtual machines are applied checks VMs phases [SIG-Migration]" classname="Tests" status="skipped" time="0">
              <skipped message="skipped - Spec skipped because Skip() was called in BeforeAll"></skipped>
              <system-err>[SKIPPED] Spec skipped because Skip() was called in BeforeAll&#xA;In [It] at: /Users/antont/ansible_deckhouse/virtualization-full/tests/e2e/vm_vpc_test.go:90 @ 10/11/25 12:30:57.151&#xA;</system-err>
          </testcase>
          <testcase name="[It] VirtualMachineAdditionalNetworkInterfaces When virtual machines are applied checks network availability [SIG-Migration]" classname="Tests" status="skipped" time="0">
              <skipped message="skipped - Spec skipped because Skip() was called in BeforeAll"></skipped>
              <system-err>[SKIPPED] Spec skipped because Skip() was called in BeforeAll&#xA;In [It] at: /Users/antont/ansible_deckhouse/virtualization-full/tests/e2e/vm_vpc_test.go:98 @ 10/11/25 12:30:57.151&#xA;</system-err>
          </testcase>
          <testcase name="[It] VirtualMachineAdditionalNetworkInterfaces When virtual machine agents and network are ready starts migrations [SIG-Migration]" classname="Tests" status="skipped" time="0">
              <skipped message="skipped - Spec skipped because Skip() was called in BeforeAll"></skipped>
              <system-err>[SKIPPED] Spec skipped because Skip() was called in BeforeAll&#xA;In [It] at: /Users/antont/ansible_deckhouse/virtualization-full/tests/e2e/vm_vpc_test.go:111 @ 10/11/25 12:30:57.152&#xA;</system-err>
          </testcase>
          <testcase name="[It] VirtualMachineAdditionalNetworkInterfaces When VMs migrations are applied checks VMs and VMOPs phases [SIG-Migration]" classname="Tests" status="skipped" time="0">
              <skipped message="skipped - Spec skipped because Skip() was called in BeforeAll"></skipped>
              <system-err>[SKIPPED] Spec skipped because Skip() was called in BeforeAll&#xA;In [It] at: /Users/antont/ansible_deckhouse/virtualization-full/tests/e2e/vm_vpc_test.go:125 @ 10/11/25 12:30:57.152&#xA;</system-err>
          </testcase>
          <testcase name="[It] VirtualMachineAdditionalNetworkInterfaces When VMs migrations are applied checks VMs external connection after migrations [SIG-Migration]" classname="Tests" status="skipped" time="0">
              <skipped message="skipped - Spec skipped because Skip() was called in BeforeAll"></skipped>
              <system-err>[SKIPPED] Spec skipped because Skip() was called in BeforeAll&#xA;In [It] at: /Users/antont/ansible_deckhouse/virtualization-full/tests/e2e/vm_vpc_test.go:141 @ 10/11/25 12:30:57.152&#xA;</system-err>
          </testcase>
          <testcase name="[It] VirtualMachineAdditionalNetworkInterfaces When VMs migrations are applied checks network availability after migrations [SIG-Migration]" classname="Tests" status="skipped" time="0">
              <skipped message="skipped - Spec skipped because Skip() was called in BeforeAll"></skipped>
              <system-err>[SKIPPED] Spec skipped because Skip() was called in BeforeAll&#xA;In [It] at: /Users/antont/ansible_deckhouse/virtualization-full/tests/e2e/vm_vpc_test.go:156 @ 10/11/25 12:30:57.152&#xA;</system-err>
          </testcase>
          <testcase name="[It] VirtualMachineAdditionalNetworkInterfaces When test is completed deletes test case resources [SIG-Migration]" classname="Tests" status="skipped" time="0">
              <skipped message="skipped - Spec skipped because Skip() was called in BeforeAll"></skipped>
              <system-err>[SKIPPED] Spec skipped because Skip() was called in BeforeAll&#xA;In [It] at: /Users/antont/ansible_deckhouse/virtualization-full/tests/e2e/vm_vpc_test.go:169 @ 10/11/25 12:30:57.152&#xA;</system-err>
          </testcase>
          <testcase name="[It] VirtualMachineLiveMigrationTCPSession checks TCP connection [SIG-Migration]" classname="Tests" status="skipped" time="0.000237375">
              <skipped message="skipped - This test case is not working everytime. Should be fixed."></skipped>
              <system-err>&gt; Enter [BeforeAll] VirtualMachineLiveMigrationTCPSession - /Users/antont/ansible_deckhouse/virtualization-full/tests/e2e/vm_live_migration_tcp_session_test.go:69 @ 10/11/25 12:30:57.152&#xA;[SKIPPED] This test case is not working everytime. Should be fixed.&#xA;In [BeforeAll] at: /Users/antont/ansible_deckhouse/virtualization-full/tests/e2e/vm_live_migration_tcp_session_test.go:73 @ 10/11/25 12:30:57.152&#xA;&lt; Exit [BeforeAll] VirtualMachineLiveMigrationTCPSession - /Users/antont/ansible_deckhouse/virtualization-full/tests/e2e/vm_live_migration_tcp_session_test.go:69 @ 10/11/25 12:30:57.152 (0s)&#xA;&gt; Enter [AfterEach] VirtualMachineLiveMigrationTCPSession - /Users/antont/ansible_deckhouse/virtualization-full/tests/e2e/vm_live_migration_tcp_session_test.go:79 @ 10/11/25 12:30:57.152&#xA;&lt; Exit [AfterEach] VirtualMachineLiveMigrationTCPSession - /Users/antont/ansible_deckhouse/virtualization-full/tests/e2e/vm_live_migration_tcp_session_test.go:79 @ 10/11/25 12:30:57.152 (0s)&#xA;&gt; Enter [AfterAll] VirtualMachineLiveMigrationTCPSession - /Users/antont/ansible_deckhouse/virtualization-full/tests/e2e/framework/framework.go:76 @ 10/11/25 12:30:57.152&#xA;&lt; Exit [AfterAll] VirtualMachineLiveMigrationTCPSession - /Users/antont/ansible_deckhouse/virtualization-full/tests/e2e/framework/framework.go:76 @ 10/11/25 12:30:57.152 (0s)&#xA;</system-err>
          </testcase>
          <testcase name="[It] VirtualMachineRestoreSafe When the virtualization resources are applied result should be succeeded [SIG-Restoration]" classname="Tests" status="passed" time="5.274245125">
              <system-err>&gt; Enter [BeforeAll] VirtualMachineRestoreSafe - /Users/antont/ansible_deckhouse/virtualization-full/tests/e2e/vm_restore_safe_test.go:52 @ 10/11/25 12:30:57.153&#xA;&lt; Exit [BeforeAll] VirtualMachineRestoreSafe - /Users/antont/ansible_deckhouse/virtualization-full/tests/e2e/vm_restore_safe_test.go:52 @ 10/11/25 12:30:58.612 (1.46s)&#xA;&gt; Enter [BeforeEach] VirtualMachineRestoreSafe - /Users/antont/ansible_deckhouse/virtualization-full/tests/e2e/vm_restore_safe_test.go:61 @ 10/11/25 12:30:58.612&#xA;&lt; Exit [BeforeEach] VirtualMachineRestoreSafe - /Users/antont/ansible_deckhouse/virtualization-full/tests/e2e/vm_restore_safe_test.go:61 @ 10/11/25 12:30:58.612 (0s)&#xA;&gt; Enter [It] result should be succeeded - /Users/antont/ansible_deckhouse/virtualization-full/tests/e2e/vm_restore_safe_test.go:74 @ 10/11/25 12:30:58.612&#xA;&lt; Exit [It] result should be succeeded - /Users/antont/ansible_deckhouse/virtualization-full/tests/e2e/vm_restore_safe_test.go:74 @ 10/11/25 12:31:02.427 (3.814s)&#xA;&gt; Enter [AfterEach] VirtualMachineRestoreSafe - /Users/antont/ansible_deckhouse/virtualization-full/tests/e2e/vm_restore_safe_test.go:65 @ 10/11/25 12:31:02.427&#xA;&lt; Exit [AfterEach] VirtualMachineRestoreSafe - /Users/antont/ansible_deckhouse/virtualization-full/tests/e2e/vm_restore_safe_test.go:65 @ 10/11/25 12:31:02.427 (0s)&#xA;</system-err>
          </testcase>
          <testcase name="[It] VirtualMachineRestoreSafe When the virtualization resources are applied checks the resources phase [SIG-Restoration]" classname="Tests" status="failed" time="1007.783453875">
              <failure message="should observe resources in &#39;&#39;jsonpath={.status.phase}=Running&#39;&#39; state before 16m40s timeout&#xA;Expected&#xA;    &lt;[]string | len:1, cap:1&gt;: [&#xA;        &#34;cmd: kubectl wait virtualmachine.virtualization.deckhouse.io head-5073ae15-vm-restore-safe --namespace head-5073ae15-end-to-end-vm-restore-safe --for=&#39;jsonpath={.status.phase}=Running&#39; --timeout=16m40s\nstderr: error: timed out waiting for the condition on virtualmachines/head-5073ae15-vm-restore-safe\n\nwaited for: &#39;jsonpath={.status.phase}=Running&#39;&#34;,&#xA;    ]&#xA;to be empty" type="failed">[FAILED] should observe resources in &#39;&#39;jsonpath={.status.phase}=Running&#39;&#39; state before 16m40s timeout&#xA;Expected&#xA;    &lt;[]string | len:1, cap:1&gt;: [&#xA;        &#34;cmd: kubectl wait virtualmachine.virtualization.deckhouse.io head-5073ae15-vm-restore-safe --namespace head-5073ae15-end-to-end-vm-restore-safe --for=&#39;jsonpath={.status.phase}=Running&#39; --timeout=16m40s\nstderr: error: timed out waiting for the condition on virtualmachines/head-5073ae15-vm-restore-safe\n\nwaited for: &#39;jsonpath={.status.phase}=Running&#39;&#34;,&#xA;    ]&#xA;to be empty&#xA;In [It] at: /Users/antont/ansible_deckhouse/virtualization-full/tests/e2e/vm_restore_safe_test.go:107 @ 10/11/25 12:47:44.079&#xA;</failure>
              <system-err>&gt; Enter [BeforeEach] VirtualMachineRestoreSafe - /Users/antont/ansible_deckhouse/virtualization-full/tests/e2e/vm_restore_safe_test.go:61 @ 10/11/25 12:31:02.427&#xA;&lt; Exit [BeforeEach] VirtualMachineRestoreSafe - /Users/antont/ansible_deckhouse/virtualization-full/tests/e2e/vm_restore_safe_test.go:61 @ 10/11/25 12:31:02.427 (0s)&#xA;&gt; Enter [It] checks the resources phase - /Users/antont/ansible_deckhouse/virtualization-full/tests/e2e/vm_restore_safe_test.go:105 @ 10/11/25 12:31:02.427&#xA;STEP: `VirtualMachine` agent should be ready - /Users/antont/ansible_deckhouse/virtualization-full/tests/e2e/vm_restore_safe_test.go:106 @ 10/11/25 12:31:02.427&#xA;END STEP: `VirtualMachine` agent should be ready - /Users/antont/ansible_deckhouse/virtualization-full/tests/e2e/vm_restore_safe_test.go:106 @ 10/11/25 12:47:44.079 (16m41.624s)&#xA;[FAILED] should observe resources in &#39;&#39;jsonpath={.status.phase}=Running&#39;&#39; state before 16m40s timeout&#xA;Expected&#xA;    &lt;[]string | len:1, cap:1&gt;: [&#xA;        &#34;cmd: kubectl wait virtualmachine.virtualization.deckhouse.io head-5073ae15-vm-restore-safe --namespace head-5073ae15-end-to-end-vm-restore-safe --for=&#39;jsonpath={.status.phase}=Running&#39; --timeout=16m40s\nstderr: error: timed out waiting for the condition on virtualmachines/head-5073ae15-vm-restore-safe\n\nwaited for: &#39;jsonpath={.status.phase}=Running&#39;&#34;,&#xA;    ]&#xA;to be empty&#xA;In [It] at: /Users/antont/ansible_deckhouse/virtualization-full/tests/e2e/vm_restore_safe_test.go:107 @ 10/11/25 12:47:44.079&#xA;&lt; Exit [It] checks the resources phase - /Users/antont/ansible_deckhouse/virtualization-full/tests/e2e/vm_restore_safe_test.go:105 @ 10/11/25 12:47:44.08 (16m41.625s)&#xA;&gt; Enter [AfterEach] VirtualMachineRestoreSafe - /Users/antont/ansible_deckhouse/virtualization-full/tests/e2e/vm_restore_safe_test.go:65 @ 10/11/25 12:47:44.08&#xA;The list of pods is empty; nothing to dump.&#xA;&lt; Exit [AfterEach] VirtualMachineRestoreSafe - /Users/antont/ansible_deckhouse/virtualization-full/tests/e2e/vm_restore_safe_test.go:65 @ 10/11/25 12:47:50.238 (6.158s)&#xA;</system-err>
          </testcase>
          <testcase name="[It] VirtualMachineRestoreSafe When the virtualization resources are applied add additional interface to virtual machines [SIG-Restoration]" classname="Tests" status="skipped" time="0">
              <skipped message="skipped - Spec skipped because an earlier spec in an ordered container failed"></skipped>
              <system-err>[SKIPPED] Spec skipped because an earlier spec in an ordered container failed&#xA;In [It] at: /Users/antont/ansible_deckhouse/virtualization-full/tests/e2e/vm_restore_safe_test.go:115 @ 10/11/25 12:47:50.238&#xA;</system-err>
          </testcase>
          <testcase name="[It] VirtualMachineRestoreSafe When the resources are ready to use restore the `VirtualMachines` with `Safe` mode [SIG-Restoration]" classname="Tests" status="skipped" time="0">
              <skipped message="skipped - Spec skipped because an earlier spec in an ordered container failed"></skipped>
              <system-err>[SKIPPED] Spec skipped because an earlier spec in an ordered container failed&#xA;In [It] at: /Users/antont/ansible_deckhouse/virtualization-full/tests/e2e/vm_restore_safe_test.go:158 @ 10/11/25 12:47:50.238&#xA;</system-err>
          </testcase>
          <testcase name="[It] VirtualMachineRestoreSafe When the resources are ready to use check the .status.networks of each VM after restore [SIG-Restoration]" classname="Tests" status="skipped" time="0">
              <skipped message="skipped - Spec skipped because an earlier spec in an ordered container failed"></skipped>
              <system-err>[SKIPPED] Spec skipped because an earlier spec in an ordered container failed&#xA;In [It] at: /Users/antont/ansible_deckhouse/virtualization-full/tests/e2e/vm_restore_safe_test.go:348 @ 10/11/25 12:47:50.238&#xA;</system-err>
          </testcase>
          <testcase name="[It] VirtualMachineRestoreSafe When test is completed deletes test case resources [SIG-Restoration]" classname="Tests" status="skipped" time="0">
              <skipped message="skipped - Spec skipped because an earlier spec in an ordered container failed"></skipped>
              <system-err>[SKIPPED] Spec skipped because an earlier spec in an ordered container failed&#xA;In [It] at: /Users/antont/ansible_deckhouse/virtualization-full/tests/e2e/vm_restore_safe_test.go:374 @ 10/11/25 12:47:50.238&#xA;</system-err>
          </testcase>
          <testcase name="[It] VirtualDiskResizing When the resources are applied result should be succeeded" classname="Tests" status="skipped" time="0.000377333">
              <skipped message="skipped - This test case is not working everytime. Should be fixed."></skipped>
              <system-err>&gt; Enter [BeforeAll] VirtualDiskResizing - /Users/antont/ansible_deckhouse/virtualization-full/tests/e2e/vm_disk_resizing_test.go:47 @ 10/11/25 12:47:50.239&#xA;[SKIPPED] This test case is not working everytime. Should be fixed.&#xA;In [BeforeAll] at: /Users/antont/ansible_deckhouse/virtualization-full/tests/e2e/vm_disk_resizing_test.go:51 @ 10/11/25 12:47:50.239&#xA;&lt; Exit [BeforeAll] VirtualDiskResizing - /Users/antont/ansible_deckhouse/virtualization-full/tests/e2e/vm_disk_resizing_test.go:47 @ 10/11/25 12:47:50.239 (0s)&#xA;&gt; Enter [AfterEach] VirtualDiskResizing - /Users/antont/ansible_deckhouse/virtualization-full/tests/e2e/vm_disk_resizing_test.go:65 @ 10/11/25 12:47:50.239&#xA;&lt; Exit [AfterEach] VirtualDiskResizing - /Users/antont/ansible_deckhouse/virtualization-full/tests/e2e/vm_disk_resizing_test.go:65 @ 10/11/25 12:47:50.239 (0s)&#xA;</system-err>
          </testcase>
          <testcase name="[It] VirtualDiskResizing When the virtual images are applied checks `VirtualImages` phase" classname="Tests" status="skipped" time="0">
              <skipped message="skipped - Spec skipped because Skip() was called in BeforeAll"></skipped>
              <system-err>[SKIPPED] Spec skipped because Skip() was called in BeforeAll&#xA;In [It] at: /Users/antont/ansible_deckhouse/virtualization-full/tests/e2e/vm_disk_resizing_test.go:82 @ 10/11/25 12:47:50.239&#xA;</system-err>
          </testcase>
          <testcase name="[It] VirtualDiskResizing When the virtual disks are applied checks `VirtualDisks` phase" classname="Tests" status="skipped" time="0">
              <skipped message="skipped - Spec skipped because Skip() was called in BeforeAll"></skipped>
              <system-err>[SKIPPED] Spec skipped because Skip() was called in BeforeAll&#xA;In [It] at: /Users/antont/ansible_deckhouse/virtualization-full/tests/e2e/vm_disk_resizing_test.go:94 @ 10/11/25 12:47:50.239&#xA;</system-err>
          </testcase>
          <testcase name="[It] VirtualDiskResizing When the virtual machine are applied checks `VirtualMachine` phase" classname="Tests" status="skipped" time="0">
              <skipped message="skipped - Spec skipped because Skip() was called in BeforeAll"></skipped>
              <system-err>[SKIPPED] Spec skipped because Skip() was called in BeforeAll&#xA;In [It] at: /Users/antont/ansible_deckhouse/virtualization-full/tests/e2e/vm_disk_resizing_test.go:106 @ 10/11/25 12:47:50.239&#xA;</system-err>
          </testcase>
          <testcase name="[It] VirtualDiskResizing When the virtual machine are applied retrieves the test objects" classname="Tests" status="skipped" time="0">
              <skipped message="skipped - Spec skipped because Skip() was called in BeforeAll"></skipped>
              <system-err>[SKIPPED] Spec skipped because Skip() was called in BeforeAll&#xA;In [It] at: /Users/antont/ansible_deckhouse/virtualization-full/tests/e2e/vm_disk_resizing_test.go:116 @ 10/11/25 12:47:50.239&#xA;</system-err>
          </testcase>
          <testcase name="[It] VirtualDiskResizing When the virtual machine block device attachment is applied checks `VirtualMachineBlockDeviceAttachment` phase" classname="Tests" status="skipped" time="0">
              <skipped message="skipped - Spec skipped because Skip() was called in BeforeAll"></skipped>
              <system-err>[SKIPPED] Spec skipped because Skip() was called in BeforeAll&#xA;In [It] at: /Users/antont/ansible_deckhouse/virtualization-full/tests/e2e/vm_disk_resizing_test.go:132 @ 10/11/25 12:47:50.239&#xA;</system-err>
          </testcase>
          <testcase name="[It] VirtualDiskResizing Resizing When the virtual machine is ready obtains the disks metadata before resizing" classname="Tests" status="skipped" time="0">
              <skipped message="skipped - Spec skipped because Skip() was called in BeforeAll"></skipped>
              <system-err>[SKIPPED] Spec skipped because Skip() was called in BeforeAll&#xA;In [It] at: /Users/antont/ansible_deckhouse/virtualization-full/tests/e2e/vm_disk_resizing_test.go:151 @ 10/11/25 12:47:50.24&#xA;</system-err>
          </testcase>
          <testcase name="[It] VirtualDiskResizing Resizing When the virtual machine is ready resizes the disks" classname="Tests" status="skipped" time="0">
              <skipped message="skipped - Spec skipped because Skip() was called in BeforeAll"></skipped>
              <system-err>[SKIPPED] Spec skipped because Skip() was called in BeforeAll&#xA;In [It] at: /Users/antont/ansible_deckhouse/virtualization-full/tests/e2e/vm_disk_resizing_test.go:157 @ 10/11/25 12:47:50.24&#xA;</system-err>
          </testcase>
          <testcase name="[It] VirtualDiskResizing Resizing When the virtual machine is ready checks `VirtualDisks`, `VirtualMachine` and `VirtualMachineBlockDeviceAttachment` phases" classname="Tests" status="skipped" time="0">
              <skipped message="skipped - Spec skipped because Skip() was called in BeforeAll"></skipped>
              <system-err>[SKIPPED] Spec skipped because Skip() was called in BeforeAll&#xA;In [It] at: /Users/antont/ansible_deckhouse/virtualization-full/tests/e2e/vm_disk_resizing_test.go:189 @ 10/11/25 12:47:50.24&#xA;</system-err>
          </testcase>
          <testcase name="[It] VirtualDiskResizing Resizing When the virtual machine is ready obtains and compares the disks metadata after resizing" classname="Tests" status="skipped" time="0">
              <skipped message="skipped - Spec skipped because Skip() was called in BeforeAll"></skipped>
              <system-err>[SKIPPED] Spec skipped because Skip() was called in BeforeAll&#xA;In [It] at: /Users/antont/ansible_deckhouse/virtualization-full/tests/e2e/vm_disk_resizing_test.go:216 @ 10/11/25 12:47:50.24&#xA;</system-err>
          </testcase>
          <testcase name="[It] VirtualDiskResizing When test is completed deletes test case resources" classname="Tests" status="skipped" time="0">
              <skipped message="skipped - Spec skipped because Skip() was called in BeforeAll"></skipped>
              <system-err>[SKIPPED] Spec skipped because Skip() was called in BeforeAll&#xA;In [It] at: /Users/antont/ansible_deckhouse/virtualization-full/tests/e2e/vm_disk_resizing_test.go:252 @ 10/11/25 12:47:50.24&#xA;</system-err>
          </testcase>
          <testcase name="[It] [sig-storage] StorageClassMigration should be successful when only root disk changed storage class [SIG-Storage]" classname="Tests" status="skipped" time="0.000170583">
              <skipped message="skipped - This test case is not working everytime. Should be fixed."></skipped>
              <system-err>&gt; Enter [BeforeEach] [sig-storage] StorageClassMigration - /Users/antont/ansible_deckhouse/virtualization-full/tests/e2e/storage/volume_migration_storage_class_changed.go:48 @ 10/11/25 12:47:50.24&#xA;[SKIPPED] This test case is not working everytime. Should be fixed.&#xA;In [BeforeEach] at: /Users/antont/ansible_deckhouse/virtualization-full/tests/e2e/storage/volume_migration_storage_class_changed.go:50 @ 10/11/25 12:47:50.24&#xA;&lt; Exit [BeforeEach] [sig-storage] StorageClassMigration - /Users/antont/ansible_deckhouse/virtualization-full/tests/e2e/storage/volume_migration_storage_class_changed.go:48 @ 10/11/25 12:47:50.24 (0s)&#xA;</system-err>
          </testcase>
          <testcase name="[It] [sig-storage] StorageClassMigration should be successful when root disk changed storage class and one local additional disk [SIG-Storage]" classname="Tests" status="skipped" time="0.000140167">
              <skipped message="skipped - This test case is not working everytime. Should be fixed."></skipped>
              <system-err>&gt; Enter [BeforeEach] [sig-storage] StorageClassMigration - /Users/antont/ansible_deckhouse/virtualization-full/tests/e2e/storage/volume_migration_storage_class_changed.go:48 @ 10/11/25 12:47:50.24&#xA;[SKIPPED] This test case is not working everytime. Should be fixed.&#xA;In [BeforeEach] at: /Users/antont/ansible_deckhouse/virtualization-full/tests/e2e/storage/volume_migration_storage_class_changed.go:50 @ 10/11/25 12:47:50.24&#xA;&lt; Exit [BeforeEach] [sig-storage] StorageClassMigration - /Users/antont/ansible_deckhouse/virtualization-full/tests/e2e/storage/volume_migration_storage_class_changed.go:48 @ 10/11/25 12:47:50.24 (0s)&#xA;</system-err>
          </testcase>
          <testcase name="[It] [sig-storage] StorageClassMigration should be successful when root disk changed storage class and one additional disk [SIG-Storage]" classname="Tests" status="skipped" time="0.000118125">
              <skipped message="skipped - This test case is not working everytime. Should be fixed."></skipped>
              <system-err>&gt; Enter [BeforeEach] [sig-storage] StorageClassMigration - /Users/antont/ansible_deckhouse/virtualization-full/tests/e2e/storage/volume_migration_storage_class_changed.go:48 @ 10/11/25 12:47:50.24&#xA;[SKIPPED] This test case is not working everytime. Should be fixed.&#xA;In [BeforeEach] at: /Users/antont/ansible_deckhouse/virtualization-full/tests/e2e/storage/volume_migration_storage_class_changed.go:50 @ 10/11/25 12:47:50.241&#xA;&lt; Exit [BeforeEach] [sig-storage] StorageClassMigration - /Users/antont/ansible_deckhouse/virtualization-full/tests/e2e/storage/volume_migration_storage_class_changed.go:48 @ 10/11/25 12:47:50.241 (0s)&#xA;</system-err>
          </testcase>
          <testcase name="[It] [sig-storage] StorageClassMigration should be successful when only additional disk changed storage class [SIG-Storage]" classname="Tests" status="skipped" time="0.000109166">
              <skipped message="skipped - This test case is not working everytime. Should be fixed."></skipped>
              <system-err>&gt; Enter [BeforeEach] [sig-storage] StorageClassMigration - /Users/antont/ansible_deckhouse/virtualization-full/tests/e2e/storage/volume_migration_storage_class_changed.go:48 @ 10/11/25 12:47:50.241&#xA;[SKIPPED] This test case is not working everytime. Should be fixed.&#xA;In [BeforeEach] at: /Users/antont/ansible_deckhouse/virtualization-full/tests/e2e/storage/volume_migration_storage_class_changed.go:50 @ 10/11/25 12:47:50.241&#xA;&lt; Exit [BeforeEach] [sig-storage] StorageClassMigration - /Users/antont/ansible_deckhouse/virtualization-full/tests/e2e/storage/volume_migration_storage_class_changed.go:48 @ 10/11/25 12:47:50.241 (0s)&#xA;</system-err>
          </testcase>
          <testcase name="[It] [sig-storage] StorageClassMigration should be reverted when only root disk changed storage class [SIG-Storage]" classname="Tests" status="skipped" time="0.000175458">
              <skipped message="skipped - This test case is not working everytime. Should be fixed."></skipped>
              <system-err>&gt; Enter [BeforeEach] [sig-storage] StorageClassMigration - /Users/antont/ansible_deckhouse/virtualization-full/tests/e2e/storage/volume_migration_storage_class_changed.go:48 @ 10/11/25 12:47:50.241&#xA;[SKIPPED] This test case is not working everytime. Should be fixed.&#xA;In [BeforeEach] at: /Users/antont/ansible_deckhouse/virtualization-full/tests/e2e/storage/volume_migration_storage_class_changed.go:50 @ 10/11/25 12:47:50.241&#xA;&lt; Exit [BeforeEach] [sig-storage] StorageClassMigration - /Users/antont/ansible_deckhouse/virtualization-full/tests/e2e/storage/volume_migration_storage_class_changed.go:48 @ 10/11/25 12:47:50.241 (0s)&#xA;</system-err>
          </testcase>
          <testcase name="[It] [sig-storage] StorageClassMigration should be reverted when root disk changed storage class and one local additional disk [SIG-Storage]" classname="Tests" status="skipped" time="0.000121792">
              <skipped message="skipped - This test case is not working everytime. Should be fixed."></skipped>
              <system-err>&gt; Enter [BeforeEach] [sig-storage] StorageClassMigration - /Users/antont/ansible_deckhouse/virtualization-full/tests/e2e/storage/volume_migration_storage_class_changed.go:48 @ 10/11/25 12:47:50.241&#xA;[SKIPPED] This test case is not working everytime. Should be fixed.&#xA;In [BeforeEach] at: /Users/antont/ansible_deckhouse/virtualization-full/tests/e2e/storage/volume_migration_storage_class_changed.go:50 @ 10/11/25 12:47:50.241&#xA;&lt; Exit [BeforeEach] [sig-storage] StorageClassMigration - /Users/antont/ansible_deckhouse/virtualization-full/tests/e2e/storage/volume_migration_storage_class_changed.go:48 @ 10/11/25 12:47:50.241 (0s)&#xA;</system-err>
          </testcase>
          <testcase name="[It] [sig-storage] StorageClassMigration should be reverted when root disk changed storage class and one additional disk [SIG-Storage]" classname="Tests" status="skipped" time="0.000130083">
              <skipped message="skipped - This test case is not working everytime. Should be fixed."></skipped>
              <system-err>&gt; Enter [BeforeEach] [sig-storage] StorageClassMigration - /Users/antont/ansible_deckhouse/virtualization-full/tests/e2e/storage/volume_migration_storage_class_changed.go:48 @ 10/11/25 12:47:50.241&#xA;[SKIPPED] This test case is not working everytime. Should be fixed.&#xA;In [BeforeEach] at: /Users/antont/ansible_deckhouse/virtualization-full/tests/e2e/storage/volume_migration_storage_class_changed.go:50 @ 10/11/25 12:47:50.241&#xA;&lt; Exit [BeforeEach] [sig-storage] StorageClassMigration - /Users/antont/ansible_deckhouse/virtualization-full/tests/e2e/storage/volume_migration_storage_class_changed.go:48 @ 10/11/25 12:47:50.242 (0s)&#xA;</system-err>
          </testcase>
          <testcase name="[It] [sig-storage] StorageClassMigration should be reverted when only additional disk changed storage class [SIG-Storage]" classname="Tests" status="skipped" time="0.00014575">
              <skipped message="skipped - This test case is not working everytime. Should be fixed."></skipped>
              <system-err>&gt; Enter [BeforeEach] [sig-storage] StorageClassMigration - /Users/antont/ansible_deckhouse/virtualization-full/tests/e2e/storage/volume_migration_storage_class_changed.go:48 @ 10/11/25 12:47:50.242&#xA;[SKIPPED] This test case is not working everytime. Should be fixed.&#xA;In [BeforeEach] at: /Users/antont/ansible_deckhouse/virtualization-full/tests/e2e/storage/volume_migration_storage_class_changed.go:50 @ 10/11/25 12:47:50.242&#xA;&lt; Exit [BeforeEach] [sig-storage] StorageClassMigration - /Users/antont/ansible_deckhouse/virtualization-full/tests/e2e/storage/volume_migration_storage_class_changed.go:48 @ 10/11/25 12:47:50.242 (0s)&#xA;</system-err>
          </testcase>
          <testcase name="[It] [sig-storage] StorageClassMigration should be successful two migrations in a row [SIG-Storage]" classname="Tests" status="skipped" time="0.000109125">
              <skipped message="skipped - This test case is not working everytime. Should be fixed."></skipped>
              <system-err>&gt; Enter [BeforeEach] [sig-storage] StorageClassMigration - /Users/antont/ansible_deckhouse/virtualization-full/tests/e2e/storage/volume_migration_storage_class_changed.go:48 @ 10/11/25 12:47:50.242&#xA;[SKIPPED] This test case is not working everytime. Should be fixed.&#xA;In [BeforeEach] at: /Users/antont/ansible_deckhouse/virtualization-full/tests/e2e/storage/volume_migration_storage_class_changed.go:50 @ 10/11/25 12:47:50.242&#xA;&lt; Exit [BeforeEach] [sig-storage] StorageClassMigration - /Users/antont/ansible_deckhouse/virtualization-full/tests/e2e/storage/volume_migration_storage_class_changed.go:48 @ 10/11/25 12:47:50.242 (0s)&#xA;</system-err>
          </testcase>
          <testcase name="[It] VirtualImageCreation When resources are applied result should be succeeded" classname="Tests" status="failed" time="7.573950708">
              <failure message="immediate storage class cannot be nil; please set up the immediate storage class in the cluster&#xA;Expected&#xA;    &lt;*v1.StorageClass | 0x0&gt;: nil&#xA;not to be nil" type="failed">[FAILED] immediate storage class cannot be nil; please set up the immediate storage class in the cluster&#xA;Expected&#xA;    &lt;*v1.StorageClass | 0x0&gt;: nil&#xA;not to be nil&#xA;In [BeforeAll] at: /Users/antont/ansible_deckhouse/virtualization-full/tests/e2e/images_creation_test.go:51 @ 10/11/25 12:47:52.219&#xA;</failure>
              <system-err>&gt; Enter [BeforeAll] VirtualImageCreation - /Users/antont/ansible_deckhouse/virtualization-full/tests/e2e/images_creation_test.go:39 @ 10/11/25 12:47:50.242&#xA;[FAILED] immediate storage class cannot be nil; please set up the immediate storage class in the cluster&#xA;Expected&#xA;    &lt;*v1.StorageClass | 0x0&gt;: nil&#xA;not to be nil&#xA;In [BeforeAll] at: /Users/antont/ansible_deckhouse/virtualization-full/tests/e2e/images_creation_test.go:51 @ 10/11/25 12:47:52.219&#xA;&lt; Exit [BeforeAll] VirtualImageCreation - /Users/antont/ansible_deckhouse/virtualization-full/tests/e2e/images_creation_test.go:39 @ 10/11/25 12:47:52.219 (1.977s)&#xA;&gt; Enter [AfterEach] VirtualImageCreation - /Users/antont/ansible_deckhouse/virtualization-full/tests/e2e/images_creation_test.go:71 @ 10/11/25 12:47:52.219&#xA;The list of pods is empty; nothing to dump.&#xA;&lt; Exit [AfterEach] VirtualImageCreation - /Users/antont/ansible_deckhouse/virtualization-full/tests/e2e/images_creation_test.go:71 @ 10/11/25 12:47:57.816 (5.597s)&#xA;</system-err>
          </testcase>
          <testcase name="[It] VirtualImageCreation When base virtual resources are ready checks VD phase" classname="Tests" status="skipped" time="0">
              <skipped message="skipped - Spec skipped because an earlier spec in an ordered container failed"></skipped>
              <system-err>[SKIPPED] Spec skipped because an earlier spec in an ordered container failed&#xA;In [It] at: /Users/antont/ansible_deckhouse/virtualization-full/tests/e2e/images_creation_test.go:94 @ 10/11/25 12:47:57.816&#xA;</system-err>
          </testcase>
          <testcase name="[It] VirtualImageCreation When base virtual resources are ready checks VDSnapshot phase" classname="Tests" status="skipped" time="0">
              <skipped message="skipped - Spec skipped because an earlier spec in an ordered container failed"></skipped>
              <system-err>[SKIPPED] Spec skipped because an earlier spec in an ordered container failed&#xA;In [It] at: /Users/antont/ansible_deckhouse/virtualization-full/tests/e2e/images_creation_test.go:103 @ 10/11/25 12:47:57.816&#xA;</system-err>
          </testcase>
          <testcase name="[It] VirtualImageCreation When virtual images are applied checks VIs phases" classname="Tests" status="skipped" time="0">
              <skipped message="skipped - Spec skipped because an earlier spec in an ordered container failed"></skipped>
              <system-err>[SKIPPED] Spec skipped because an earlier spec in an ordered container failed&#xA;In [It] at: /Users/antont/ansible_deckhouse/virtualization-full/tests/e2e/images_creation_test.go:114 @ 10/11/25 12:47:57.817&#xA;</system-err>
          </testcase>
          <testcase name="[It] VirtualImageCreation When virtual images are applied checks CVIs phases" classname="Tests" status="skipped" time="0">
              <skipped message="skipped - Spec skipped because an earlier spec in an ordered container failed"></skipped>
              <system-err>[SKIPPED] Spec skipped because an earlier spec in an ordered container failed&#xA;In [It] at: /Users/antont/ansible_deckhouse/virtualization-full/tests/e2e/images_creation_test.go:128 @ 10/11/25 12:47:57.817&#xA;</system-err>
          </testcase>
          <testcase name="[It] VirtualImageCreation When test is completed deletes test case resources" classname="Tests" status="skipped" time="0">
              <skipped message="skipped - Spec skipped because an earlier spec in an ordered container failed"></skipped>
              <system-err>[SKIPPED] Spec skipped because an earlier spec in an ordered container failed&#xA;In [It] at: /Users/antont/ansible_deckhouse/virtualization-full/tests/e2e/images_creation_test.go:139 @ 10/11/25 12:47:57.817&#xA;</system-err>
          </testcase>
          <testcase name="[It] [sig-storage] LocalVirtualDiskMigration should be successful when only root disk on local storage [SIG-Storage]" classname="Tests" status="skipped" time="0.000245708">
              <skipped message="skipped - This test case is not working everytime. Should be fixed."></skipped>
              <system-err>&gt; Enter [BeforeEach] [sig-storage] LocalVirtualDiskMigration - /Users/antont/ansible_deckhouse/virtualization-full/tests/e2e/storage/volume_migration_local_disks.go:53 @ 10/11/25 12:47:57.817&#xA;[SKIPPED] This test case is not working everytime. Should be fixed.&#xA;In [BeforeEach] at: /Users/antont/ansible_deckhouse/virtualization-full/tests/e2e/storage/volume_migration_local_disks.go:55 @ 10/11/25 12:47:57.817&#xA;&lt; Exit [BeforeEach] [sig-storage] LocalVirtualDiskMigration - /Users/antont/ansible_deckhouse/virtualization-full/tests/e2e/storage/volume_migration_local_disks.go:53 @ 10/11/25 12:47:57.817 (0s)&#xA;</system-err>
          </testcase>
          <testcase name="[It] [sig-storage] LocalVirtualDiskMigration should be successful when root disk on local storage and one additional disk [SIG-Storage]" classname="Tests" status="skipped" time="0.000117041">
              <skipped message="skipped - This test case is not working everytime. Should be fixed."></skipped>
              <system-err>&gt; Enter [BeforeEach] [sig-storage] LocalVirtualDiskMigration - /Users/antont/ansible_deckhouse/virtualization-full/tests/e2e/storage/volume_migration_local_disks.go:53 @ 10/11/25 12:47:57.817&#xA;[SKIPPED] This test case is not working everytime. Should be fixed.&#xA;In [BeforeEach] at: /Users/antont/ansible_deckhouse/virtualization-full/tests/e2e/storage/volume_migration_local_disks.go:55 @ 10/11/25 12:47:57.817&#xA;&lt; Exit [BeforeEach] [sig-storage] LocalVirtualDiskMigration - /Users/antont/ansible_deckhouse/virtualization-full/tests/e2e/storage/volume_migration_local_disks.go:53 @ 10/11/25 12:47:57.817 (0s)&#xA;</system-err>
          </testcase>
          <testcase name="[It] [sig-storage] LocalVirtualDiskMigration should be successful when only additional disk on local storage [SIG-Storage]" classname="Tests" status="skipped" time="0.000142958">
              <skipped message="skipped - This test case is not working everytime. Should be fixed."></skipped>
              <system-err>&gt; Enter [BeforeEach] [sig-storage] LocalVirtualDiskMigration - /Users/antont/ansible_deckhouse/virtualization-full/tests/e2e/storage/volume_migration_local_disks.go:53 @ 10/11/25 12:47:57.817&#xA;[SKIPPED] This test case is not working everytime. Should be fixed.&#xA;In [BeforeEach] at: /Users/antont/ansible_deckhouse/virtualization-full/tests/e2e/storage/volume_migration_local_disks.go:55 @ 10/11/25 12:47:57.818&#xA;&lt; Exit [BeforeEach] [sig-storage] LocalVirtualDiskMigration - /Users/antont/ansible_deckhouse/virtualization-full/tests/e2e/storage/volume_migration_local_disks.go:53 @ 10/11/25 12:47:57.818 (0s)&#xA;</system-err>
          </testcase>
          <testcase name="[It] [sig-storage] LocalVirtualDiskMigration should be reverted when only root disk on local storage [SIG-Storage]" classname="Tests" status="skipped" time="0.000124041">
              <skipped message="skipped - This test case is not working everytime. Should be fixed."></skipped>
              <system-err>&gt; Enter [BeforeEach] [sig-storage] LocalVirtualDiskMigration - /Users/antont/ansible_deckhouse/virtualization-full/tests/e2e/storage/volume_migration_local_disks.go:53 @ 10/11/25 12:47:57.818&#xA;[SKIPPED] This test case is not working everytime. Should be fixed.&#xA;In [BeforeEach] at: /Users/antont/ansible_deckhouse/virtualization-full/tests/e2e/storage/volume_migration_local_disks.go:55 @ 10/11/25 12:47:57.818&#xA;&lt; Exit [BeforeEach] [sig-storage] LocalVirtualDiskMigration - /Users/antont/ansible_deckhouse/virtualization-full/tests/e2e/storage/volume_migration_local_disks.go:53 @ 10/11/25 12:47:57.818 (0s)&#xA;</system-err>
          </testcase>
          <testcase name="[It] [sig-storage] LocalVirtualDiskMigration should be reverted when root disk on local storage and one additional disk [SIG-Storage]" classname="Tests" status="skipped" time="0.000112291">
              <skipped message="skipped - This test case is not working everytime. Should be fixed."></skipped>
              <system-err>&gt; Enter [BeforeEach] [sig-storage] LocalVirtualDiskMigration - /Users/antont/ansible_deckhouse/virtualization-full/tests/e2e/storage/volume_migration_local_disks.go:53 @ 10/11/25 12:47:57.818&#xA;[SKIPPED] This test case is not working everytime. Should be fixed.&#xA;In [BeforeEach] at: /Users/antont/ansible_deckhouse/virtualization-full/tests/e2e/storage/volume_migration_local_disks.go:55 @ 10/11/25 12:47:57.818&#xA;&lt; Exit [BeforeEach] [sig-storage] LocalVirtualDiskMigration - /Users/antont/ansible_deckhouse/virtualization-full/tests/e2e/storage/volume_migration_local_disks.go:53 @ 10/11/25 12:47:57.818 (0s)&#xA;</system-err>
          </testcase>
          <testcase name="[It] [sig-storage] LocalVirtualDiskMigration should be reverted when only additional disk on local storage [SIG-Storage]" classname="Tests" status="skipped" time="0.000132291">
              <skipped message="skipped - This test case is not working everytime. Should be fixed."></skipped>
              <system-err>&gt; Enter [BeforeEach] [sig-storage] LocalVirtualDiskMigration - /Users/antont/ansible_deckhouse/virtualization-full/tests/e2e/storage/volume_migration_local_disks.go:53 @ 10/11/25 12:47:57.818&#xA;[SKIPPED] This test case is not working everytime. Should be fixed.&#xA;In [BeforeEach] at: /Users/antont/ansible_deckhouse/virtualization-full/tests/e2e/storage/volume_migration_local_disks.go:55 @ 10/11/25 12:47:57.818&#xA;&lt; Exit [BeforeEach] [sig-storage] LocalVirtualDiskMigration - /Users/antont/ansible_deckhouse/virtualization-full/tests/e2e/storage/volume_migration_local_disks.go:53 @ 10/11/25 12:47:57.818 (0s)&#xA;</system-err>
          </testcase>
          <testcase name="[It] [sig-storage] LocalVirtualDiskMigration should be successful two migrations in a row [SIG-Storage]" classname="Tests" status="skipped" time="0.000106417">
              <skipped message="skipped - This test case is not working everytime. Should be fixed."></skipped>
              <system-err>&gt; Enter [BeforeEach] [sig-storage] LocalVirtualDiskMigration - /Users/antont/ansible_deckhouse/virtualization-full/tests/e2e/storage/volume_migration_local_disks.go:53 @ 10/11/25 12:47:57.818&#xA;[SKIPPED] This test case is not working everytime. Should be fixed.&#xA;In [BeforeEach] at: /Users/antont/ansible_deckhouse/virtualization-full/tests/e2e/storage/volume_migration_local_disks.go:55 @ 10/11/25 12:47:57.818&#xA;&lt; Exit [BeforeEach] [sig-storage] LocalVirtualDiskMigration - /Users/antont/ansible_deckhouse/virtualization-full/tests/e2e/storage/volume_migration_local_disks.go:53 @ 10/11/25 12:47:57.818 (0s)&#xA;</system-err>
          </testcase>
          <testcase name="[It] [sig-storage] LocalVirtualDiskMigration should be reverted first and completed second [SIG-Storage]" classname="Tests" status="skipped" time="9.3208e-05">
              <skipped message="skipped - This test case is not working everytime. Should be fixed."></skipped>
              <system-err>&gt; Enter [BeforeEach] [sig-storage] LocalVirtualDiskMigration - /Users/antont/ansible_deckhouse/virtualization-full/tests/e2e/storage/volume_migration_local_disks.go:53 @ 10/11/25 12:47:57.819&#xA;[SKIPPED] This test case is not working everytime. Should be fixed.&#xA;In [BeforeEach] at: /Users/antont/ansible_deckhouse/virtualization-full/tests/e2e/storage/volume_migration_local_disks.go:55 @ 10/11/25 12:47:57.819&#xA;&lt; Exit [BeforeEach] [sig-storage] LocalVirtualDiskMigration - /Users/antont/ansible_deckhouse/virtualization-full/tests/e2e/storage/volume_migration_local_disks.go:53 @ 10/11/25 12:47:57.819 (0s)&#xA;</system-err>
          </testcase>
          <testcase name="[It] [sig-storage] LocalVirtualDiskMigration should be reverted because virtual machine stopped when virtual machine deleting [SIG-Storage]" classname="Tests" status="skipped" time="0.000158209">
              <skipped message="skipped - This test case is not working everytime. Should be fixed."></skipped>
              <system-err>&gt; Enter [BeforeEach] [sig-storage] LocalVirtualDiskMigration - /Users/antont/ansible_deckhouse/virtualization-full/tests/e2e/storage/volume_migration_local_disks.go:53 @ 10/11/25 12:47:57.819&#xA;[SKIPPED] This test case is not working everytime. Should be fixed.&#xA;In [BeforeEach] at: /Users/antont/ansible_deckhouse/virtualization-full/tests/e2e/storage/volume_migration_local_disks.go:55 @ 10/11/25 12:47:57.819&#xA;&lt; Exit [BeforeEach] [sig-storage] LocalVirtualDiskMigration - /Users/antont/ansible_deckhouse/virtualization-full/tests/e2e/storage/volume_migration_local_disks.go:53 @ 10/11/25 12:47:57.819 (0s)&#xA;</system-err>
          </testcase>
          <testcase name="[It] [sig-storage] LocalVirtualDiskMigration should be reverted because virtual machine stopped when virtual machine stopped from OS [SIG-Storage]" classname="Tests" status="skipped" time="0.000156917">
              <skipped message="skipped - This test case is not working everytime. Should be fixed."></skipped>
              <system-err>&gt; Enter [BeforeEach] [sig-storage] LocalVirtualDiskMigration - /Users/antont/ansible_deckhouse/virtualization-full/tests/e2e/storage/volume_migration_local_disks.go:53 @ 10/11/25 12:47:57.819&#xA;[SKIPPED] This test case is not working everytime. Should be fixed.&#xA;In [BeforeEach] at: /Users/antont/ansible_deckhouse/virtualization-full/tests/e2e/storage/volume_migration_local_disks.go:55 @ 10/11/25 12:47:57.819&#xA;&lt; Exit [BeforeEach] [sig-storage] LocalVirtualDiskMigration - /Users/antont/ansible_deckhouse/virtualization-full/tests/e2e/storage/volume_migration_local_disks.go:53 @ 10/11/25 12:47:57.819 (0s)&#xA;</system-err>
          </testcase>
          <testcase name="[It] [sig-storage] LocalVirtualDiskMigration Migrate to not matched node should reverted because migration canceled when pod pending [SIG-Storage]" classname="Tests" status="skipped" time="5.7459e-05">
              <skipped message="skipped - This test case is not working everytime. Should be fixed."></skipped>
              <system-err>&gt; Enter [BeforeEach] [sig-storage] LocalVirtualDiskMigration - /Users/antont/ansible_deckhouse/virtualization-full/tests/e2e/storage/volume_migration_local_disks.go:53 @ 10/11/25 12:47:57.819&#xA;[SKIPPED] This test case is not working everytime. Should be fixed.&#xA;In [BeforeEach] at: /Users/antont/ansible_deckhouse/virtualization-full/tests/e2e/storage/volume_migration_local_disks.go:55 @ 10/11/25 12:47:57.819&#xA;&lt; Exit [BeforeEach] [sig-storage] LocalVirtualDiskMigration - /Users/antont/ansible_deckhouse/virtualization-full/tests/e2e/storage/volume_migration_local_disks.go:53 @ 10/11/25 12:47:57.819 (0s)&#xA;</system-err>
          </testcase>
          <testcase name="[It] [sig-storage] LocalVirtualDiskMigration should be failed with RWO VMBDA [SIG-Storage]" classname="Tests" status="skipped" time="5.4e-05">
              <skipped message="skipped - This test case is not working everytime. Should be fixed."></skipped>
              <system-err>&gt; Enter [BeforeEach] [sig-storage] LocalVirtualDiskMigration - /Users/antont/ansible_deckhouse/virtualization-full/tests/e2e/storage/volume_migration_local_disks.go:53 @ 10/11/25 12:47:57.82&#xA;[SKIPPED] This test case is not working everytime. Should be fixed.&#xA;In [BeforeEach] at: /Users/antont/ansible_deckhouse/virtualization-full/tests/e2e/storage/volume_migration_local_disks.go:55 @ 10/11/25 12:47:57.82&#xA;&lt; Exit [BeforeEach] [sig-storage] LocalVirtualDiskMigration - /Users/antont/ansible_deckhouse/virtualization-full/tests/e2e/storage/volume_migration_local_disks.go:53 @ 10/11/25 12:47:57.82 (0s)&#xA;</system-err>
          </testcase>
          <testcase name="[It] VirtualMachineConfiguration 1 When resources are applied result should be succeeded" classname="Tests" status="passed" time="6.1074142909999996">
              <system-err>&gt; Enter [BeforeAll] VirtualMachineConfiguration 1 - /Users/antont/ansible_deckhouse/virtualization-full/tests/e2e/vm_configuration_test.go:49 @ 10/11/25 12:47:57.82&#xA;&lt; Exit [BeforeAll] VirtualMachineConfiguration 1 - /Users/antont/ansible_deckhouse/virtualization-full/tests/e2e/vm_configuration_test.go:49 @ 10/11/25 12:47:59.297 (1.477s)&#xA;&gt; Enter [It] result should be succeeded - /Users/antont/ansible_deckhouse/virtualization-full/tests/e2e/vm_configuration_test.go:65 @ 10/11/25 12:47:59.297&#xA;&lt; Exit [It] result should be succeeded - /Users/antont/ansible_deckhouse/virtualization-full/tests/e2e/vm_configuration_test.go:65 @ 10/11/25 12:48:03.927 (4.63s)&#xA;&gt; Enter [AfterEach] VirtualMachineConfiguration 1 - /Users/antont/ansible_deckhouse/virtualization-full/tests/e2e/vm_configuration_test.go:58 @ 10/11/25 12:48:03.927&#xA;&lt; Exit [AfterEach] VirtualMachineConfiguration 1 - /Users/antont/ansible_deckhouse/virtualization-full/tests/e2e/vm_configuration_test.go:58 @ 10/11/25 12:48:03.927 (0s)&#xA;</system-err>
          </testcase>
          <testcase name="[It] VirtualMachineConfiguration 1 When virtual images are applied checks VIs phases" classname="Tests" status="passed" time="4.979468334">
              <system-err>&gt; Enter [It] checks VIs phases - /Users/antont/ansible_deckhouse/virtualization-full/tests/e2e/vm_configuration_test.go:88 @ 10/11/25 12:48:03.927&#xA;STEP: VIs should be in Ready phases - /Users/antont/ansible_deckhouse/virtualization-full/tests/e2e/vm_configuration_test.go:89 @ 10/11/25 12:48:03.927&#xA;&lt; Exit [It] checks VIs phases - /Users/antont/ansible_deckhouse/virtualization-full/tests/e2e/vm_configuration_test.go:88 @ 10/11/25 12:48:08.907 (4.979s)&#xA;&gt; Enter [AfterEach] VirtualMachineConfiguration 1 - /Users/antont/ansible_deckhouse/virtualization-full/tests/e2e/vm_configuration_test.go:58 @ 10/11/25 12:48:08.907&#xA;&lt; Exit [AfterEach] VirtualMachineConfiguration 1 - /Users/antont/ansible_deckhouse/virtualization-full/tests/e2e/vm_configuration_test.go:58 @ 10/11/25 12:48:08.907 (0s)&#xA;</system-err>
          </testcase>
          <testcase name="[It] VirtualMachineConfiguration 1 When virtual disks are applied should be in Ready phase" classname="Tests" status="failed" time="1008.345881">
              <failure message="should observe resources in &#39;&#39;jsonpath={.status.phase}=Ready&#39;&#39; state before 16m40s timeout&#xA;Expected&#xA;    &lt;[]string | len:2, cap:4&gt;: [&#xA;        &#34;cmd: kubectl wait virtualdisks.virtualization.deckhouse.io head-5073ae15-vd-root-automatic-conf --namespace head-5073ae15-end-to-end-vm-configuration --for=&#39;jsonpath={.status.phase}=Ready&#39; --timeout=16m40s\nstderr: error: timed out waiting for the condition on virtualdisks/head-5073ae15-vd-root-automatic-conf\n\nwaited for: &#39;jsonpath={.status.phase}=Ready&#39;&#34;,&#xA;        &#34;cmd: kubectl wait virtualdisks.virtualization.deckhouse.io head-5073ae15-vd-root-manual-conf --namespace head-5073ae15-end-to-end-vm-configuration --for=&#39;jsonpath={.status.phase}=Ready&#39; --timeout=16m40s\nstderr: error: timed out waiting for the condition on virtualdisks/head-5073ae15-vd-root-manual-conf\n\nwaited for: &#39;jsonpath={.status.phase}=Ready&#39;&#34;,&#xA;    ]&#xA;to be empty" type="failed">[FAILED] should observe resources in &#39;&#39;jsonpath={.status.phase}=Ready&#39;&#39; state before 16m40s timeout&#xA;Expected&#xA;    &lt;[]string | len:2, cap:4&gt;: [&#xA;        &#34;cmd: kubectl wait virtualdisks.virtualization.deckhouse.io head-5073ae15-vd-root-automatic-conf --namespace head-5073ae15-end-to-end-vm-configuration --for=&#39;jsonpath={.status.phase}=Ready&#39; --timeout=16m40s\nstderr: error: timed out waiting for the condition on virtualdisks/head-5073ae15-vd-root-automatic-conf\n\nwaited for: &#39;jsonpath={.status.phase}=Ready&#39;&#34;,&#xA;        &#34;cmd: kubectl wait virtualdisks.virtualization.deckhouse.io head-5073ae15-vd-root-manual-conf --namespace head-5073ae15-end-to-end-vm-configuration --for=&#39;jsonpath={.status.phase}=Ready&#39; --timeout=16m40s\nstderr: error: timed out waiting for the condition on virtualdisks/head-5073ae15-vd-root-manual-conf\n\nwaited for: &#39;jsonpath={.status.phase}=Ready&#39;&#34;,&#xA;    ]&#xA;to be empty&#xA;In [It] at: /Users/antont/ansible_deckhouse/virtualization-full/tests/e2e/vm_configuration_test.go:100 @ 10/11/25 13:04:51.025&#xA;</failure>
              <system-err>&gt; Enter [It] should be in Ready phase - /Users/antont/ansible_deckhouse/virtualization-full/tests/e2e/vm_configuration_test.go:99 @ 10/11/25 12:48:08.907&#xA;[FAILED] should observe resources in &#39;&#39;jsonpath={.status.phase}=Ready&#39;&#39; state before 16m40s timeout&#xA;Expected&#xA;    &lt;[]string | len:2, cap:4&gt;: [&#xA;        &#34;cmd: kubectl wait virtualdisks.virtualization.deckhouse.io head-5073ae15-vd-root-automatic-conf --namespace head-5073ae15-end-to-end-vm-configuration --for=&#39;jsonpath={.status.phase}=Ready&#39; --timeout=16m40s\nstderr: error: timed out waiting for the condition on virtualdisks/head-5073ae15-vd-root-automatic-conf\n\nwaited for: &#39;jsonpath={.status.phase}=Ready&#39;&#34;,&#xA;        &#34;cmd: kubectl wait virtualdisks.virtualization.deckhouse.io head-5073ae15-vd-root-manual-conf --namespace head-5073ae15-end-to-end-vm-configuration --for=&#39;jsonpath={.status.phase}=Ready&#39; --timeout=16m40s\nstderr: error: timed out waiting for the condition on virtualdisks/head-5073ae15-vd-root-manual-conf\n\nwaited for: &#39;jsonpath={.status.phase}=Ready&#39;&#34;,&#xA;    ]&#xA;to be empty&#xA;In [It] at: /Users/antont/ansible_deckhouse/virtualization-full/tests/e2e/vm_configuration_test.go:100 @ 10/11/25 13:04:51.025&#xA;&lt; Exit [It] should be in Ready phase - /Users/antont/ansible_deckhouse/virtualization-full/tests/e2e/vm_configuration_test.go:99 @ 10/11/25 13:04:51.026 (16m42.121s)&#xA;&gt; Enter [AfterEach] VirtualMachineConfiguration 1 - /Users/antont/ansible_deckhouse/virtualization-full/tests/e2e/vm_configuration_test.go:58 @ 10/11/25 13:04:51.026&#xA;The list of pods is empty; nothing to dump.&#xA;&lt; Exit [AfterEach] VirtualMachineConfiguration 1 - /Users/antont/ansible_deckhouse/virtualization-full/tests/e2e/vm_configuration_test.go:58 @ 10/11/25 13:04:57.251 (6.225s)&#xA;</system-err>
          </testcase>
          <testcase name="[It] VirtualMachineConfiguration 1 When virtual machines are applied should be ready" classname="Tests" status="skipped" time="0">
              <skipped message="skipped - Spec skipped because an earlier spec in an ordered container failed"></skipped>
              <system-err>[SKIPPED] Spec skipped because an earlier spec in an ordered container failed&#xA;In [It] at: /Users/antont/ansible_deckhouse/virtualization-full/tests/e2e/vm_configuration_test.go:109 @ 10/11/25 13:04:57.252&#xA;</system-err>
          </testcase>
          <testcase name="[It] VirtualMachineConfiguration 1 Manual restart approval mode 1 When virtual machine agents are ready changes the number of processor cores" classname="Tests" status="skipped" time="0">
              <skipped message="skipped - Spec skipped because an earlier spec in an ordered container failed"></skipped>
              <system-err>[SKIPPED] Spec skipped because an earlier spec in an ordered container failed&#xA;In [It] at: /Users/antont/ansible_deckhouse/virtualization-full/tests/e2e/vm_configuration_test.go:123 @ 10/11/25 13:04:57.252&#xA;</system-err>
          </testcase>
          <testcase name="[It] VirtualMachineConfiguration 1 Manual restart approval mode 1 When virtual machine is patched checks the number of processor cores in specification" classname="Tests" status="skipped" time="0">
              <skipped message="skipped - Spec skipped because an earlier spec in an ordered container failed"></skipped>
              <system-err>[SKIPPED] Spec skipped because an earlier spec in an ordered container failed&#xA;In [It] at: /Users/antont/ansible_deckhouse/virtualization-full/tests/e2e/vm_configuration_test.go:147 @ 10/11/25 13:04:57.252&#xA;</system-err>
          </testcase>
          <testcase name="[It] VirtualMachineConfiguration 1 Manual restart approval mode 1 When virtual machine is restarted should be ready" classname="Tests" status="skipped" time="0">
              <skipped message="skipped - Spec skipped because an earlier spec in an ordered container failed"></skipped>
              <system-err>[SKIPPED] Spec skipped because an earlier spec in an ordered container failed&#xA;In [It] at: /Users/antont/ansible_deckhouse/virtualization-full/tests/e2e/vm_configuration_test.go:161 @ 10/11/25 13:04:57.252&#xA;</system-err>
          </testcase>
          <testcase name="[It] VirtualMachineConfiguration 1 Manual restart approval mode 1 When virtual machine agents are ready checks that the number of processor cores was changed" classname="Tests" status="skipped" time="0">
              <skipped message="skipped - Spec skipped because an earlier spec in an ordered container failed"></skipped>
              <system-err>[SKIPPED] Spec skipped because an earlier spec in an ordered container failed&#xA;In [It] at: /Users/antont/ansible_deckhouse/virtualization-full/tests/e2e/vm_configuration_test.go:183 @ 10/11/25 13:04:57.252&#xA;</system-err>
          </testcase>
          <testcase name="[It] VirtualMachineConfiguration 1 Automatic restart approval mode 1 When virtual machine is in Running phase changes the number of processor cores" classname="Tests" status="skipped" time="0">
              <skipped message="skipped - Spec skipped because an earlier spec in an ordered container failed"></skipped>
              <system-err>[SKIPPED] Spec skipped because an earlier spec in an ordered container failed&#xA;In [It] at: /Users/antont/ansible_deckhouse/virtualization-full/tests/e2e/vm_configuration_test.go:202 @ 10/11/25 13:04:57.252&#xA;</system-err>
          </testcase>
          <testcase name="[It] VirtualMachineConfiguration 1 Automatic restart approval mode 1 When virtual machine is patched checks the number of processor cores in specification" classname="Tests" status="skipped" time="0">
              <skipped message="skipped - Spec skipped because an earlier spec in an ordered container failed"></skipped>
              <system-err>[SKIPPED] Spec skipped because an earlier spec in an ordered container failed&#xA;In [It] at: /Users/antont/ansible_deckhouse/virtualization-full/tests/e2e/vm_configuration_test.go:226 @ 10/11/25 13:04:57.253&#xA;</system-err>
          </testcase>
          <testcase name="[It] VirtualMachineConfiguration 1 Automatic restart approval mode 1 When virtual machine is restarted should be ready" classname="Tests" status="skipped" time="0">
              <skipped message="skipped - Spec skipped because an earlier spec in an ordered container failed"></skipped>
              <system-err>[SKIPPED] Spec skipped because an earlier spec in an ordered container failed&#xA;In [It] at: /Users/antont/ansible_deckhouse/virtualization-full/tests/e2e/vm_configuration_test.go:240 @ 10/11/25 13:04:57.253&#xA;</system-err>
          </testcase>
          <testcase name="[It] VirtualMachineConfiguration 1 Automatic restart approval mode 1 When virtual machine agents are ready checks that the number of processor cores was changed" classname="Tests" status="skipped" time="0">
              <skipped message="skipped - Spec skipped because an earlier spec in an ordered container failed"></skipped>
              <system-err>[SKIPPED] Spec skipped because an earlier spec in an ordered container failed&#xA;In [It] at: /Users/antont/ansible_deckhouse/virtualization-full/tests/e2e/vm_configuration_test.go:250 @ 10/11/25 13:04:57.253&#xA;</system-err>
          </testcase>
          <testcase name="[It] VirtualMachineConfiguration 1 When test is completed deletes test case resources" classname="Tests" status="skipped" time="0">
              <skipped message="skipped - Spec skipped because an earlier spec in an ordered container failed"></skipped>
              <system-err>[SKIPPED] Spec skipped because an earlier spec in an ordered container failed&#xA;In [It] at: /Users/antont/ansible_deckhouse/virtualization-full/tests/e2e/vm_configuration_test.go:265 @ 10/11/25 13:04:57.253&#xA;</system-err>
          </testcase>
          <testcase name="[It] VirtualMachineLabelAndAnnotation When resources are applied result should be succeeded" classname="Tests" status="passed" time="4.5351750840000005">
              <system-err>&gt; Enter [BeforeAll] VirtualMachineLabelAndAnnotation - /Users/antont/ansible_deckhouse/virtualization-full/tests/e2e/vm_label_annotation_test.go:42 @ 10/11/25 13:04:57.253&#xA;&lt; Exit [BeforeAll] VirtualMachineLabelAndAnnotation - /Users/antont/ansible_deckhouse/virtualization-full/tests/e2e/vm_label_annotation_test.go:42 @ 10/11/25 13:04:59.195 (1.942s)&#xA;&gt; Enter [BeforeEach] VirtualMachineLabelAndAnnotation - /Users/antont/ansible_deckhouse/virtualization-full/tests/e2e/vm_label_annotation_test.go:51 @ 10/11/25 13:04:59.195&#xA;&lt; Exit [BeforeEach] VirtualMachineLabelAndAnnotation - /Users/antont/ansible_deckhouse/virtualization-full/tests/e2e/vm_label_annotation_test.go:51 @ 10/11/25 13:04:59.195 (0s)&#xA;&gt; Enter [It] result should be succeeded - /Users/antont/ansible_deckhouse/virtualization-full/tests/e2e/vm_label_annotation_test.go:64 @ 10/11/25 13:04:59.195&#xA;&lt; Exit [It] result should be succeeded - /Users/antont/ansible_deckhouse/virtualization-full/tests/e2e/vm_label_annotation_test.go:64 @ 10/11/25 13:05:01.788 (2.593s)&#xA;&gt; Enter [AfterEach] VirtualMachineLabelAndAnnotation - /Users/antont/ansible_deckhouse/virtualization-full/tests/e2e/vm_label_annotation_test.go:57 @ 10/11/25 13:05:01.788&#xA;&lt; Exit [AfterEach] VirtualMachineLabelAndAnnotation - /Users/antont/ansible_deckhouse/virtualization-full/tests/e2e/vm_label_annotation_test.go:57 @ 10/11/25 13:05:01.788 (0s)&#xA;</system-err>
          </testcase>
          <testcase name="[It] VirtualMachineLabelAndAnnotation When virtual images are applied checks VIs phases" classname="Tests" status="passed" time="4.516705792">
              <system-err>&gt; Enter [BeforeEach] VirtualMachineLabelAndAnnotation - /Users/antont/ansible_deckhouse/virtualization-full/tests/e2e/vm_label_annotation_test.go:51 @ 10/11/25 13:05:01.788&#xA;&lt; Exit [BeforeEach] VirtualMachineLabelAndAnnotation - /Users/antont/ansible_deckhouse/virtualization-full/tests/e2e/vm_label_annotation_test.go:51 @ 10/11/25 13:05:01.788 (0s)&#xA;&gt; Enter [It] checks VIs phases - /Users/antont/ansible_deckhouse/virtualization-full/tests/e2e/vm_label_annotation_test.go:74 @ 10/11/25 13:05:01.788&#xA;STEP: VIs should be in Ready phases - /Users/antont/ansible_deckhouse/virtualization-full/tests/e2e/vm_label_annotation_test.go:75 @ 10/11/25 13:05:01.788&#xA;&lt; Exit [It] checks VIs phases - /Users/antont/ansible_deckhouse/virtualization-full/tests/e2e/vm_label_annotation_test.go:74 @ 10/11/25 13:05:06.305 (4.517s)&#xA;&gt; Enter [AfterEach] VirtualMachineLabelAndAnnotation - /Users/antont/ansible_deckhouse/virtualization-full/tests/e2e/vm_label_annotation_test.go:57 @ 10/11/25 13:05:06.305&#xA;&lt; Exit [AfterEach] VirtualMachineLabelAndAnnotation - /Users/antont/ansible_deckhouse/virtualization-full/tests/e2e/vm_label_annotation_test.go:57 @ 10/11/25 13:05:06.305 (0s)&#xA;</system-err>
          </testcase>
          <testcase name="[It] VirtualMachineLabelAndAnnotation When virtual disks are applied checks VDs phases" classname="Tests" status="failed" time="1007.850821125">
              <failure message="should observe resources in &#39;&#39;jsonpath={.status.phase}=Ready&#39;&#39; state before 16m40s timeout&#xA;Expected&#xA;    &lt;[]string | len:1, cap:1&gt;: [&#xA;        &#34;cmd: kubectl wait virtualdisks.virtualization.deckhouse.io head-5073ae15-vd-root-label-annotation --namespace head-5073ae15-end-to-end-vm-label-annotation --for=&#39;jsonpath={.status.phase}=Ready&#39; --timeout=16m40s\nstderr: error: timed out waiting for the condition on virtualdisks/head-5073ae15-vd-root-label-annotation\n\nwaited for: &#39;jsonpath={.status.phase}=Ready&#39;&#34;,&#xA;    ]&#xA;to be empty" type="failed">[FAILED] should observe resources in &#39;&#39;jsonpath={.status.phase}=Ready&#39;&#39; state before 16m40s timeout&#xA;Expected&#xA;    &lt;[]string | len:1, cap:1&gt;: [&#xA;        &#34;cmd: kubectl wait virtualdisks.virtualization.deckhouse.io head-5073ae15-vd-root-label-annotation --namespace head-5073ae15-end-to-end-vm-label-annotation --for=&#39;jsonpath={.status.phase}=Ready&#39; --timeout=16m40s\nstderr: error: timed out waiting for the condition on virtualdisks/head-5073ae15-vd-root-label-annotation\n\nwaited for: &#39;jsonpath={.status.phase}=Ready&#39;&#34;,&#xA;    ]&#xA;to be empty&#xA;In [It] at: /Users/antont/ansible_deckhouse/virtualization-full/tests/e2e/vm_label_annotation_test.go:87 @ 10/11/25 14:10:27.595&#xA;</failure>
              <system-err>&gt; Enter [BeforeEach] VirtualMachineLabelAndAnnotation - /Users/antont/ansible_deckhouse/virtualization-full/tests/e2e/vm_label_annotation_test.go:51 @ 10/11/25 13:05:06.305&#xA;&lt; Exit [BeforeEach] VirtualMachineLabelAndAnnotation - /Users/antont/ansible_deckhouse/virtualization-full/tests/e2e/vm_label_annotation_test.go:51 @ 10/11/25 13:05:06.305 (0s)&#xA;&gt; Enter [It] checks VDs phases - /Users/antont/ansible_deckhouse/virtualization-full/tests/e2e/vm_label_annotation_test.go:85 @ 10/11/25 13:05:06.305&#xA;STEP: VDs should be in Ready phases - /Users/antont/ansible_deckhouse/virtualization-full/tests/e2e/vm_label_annotation_test.go:86 @ 10/11/25 13:05:06.305&#xA;[FAILED] should observe resources in &#39;&#39;jsonpath={.status.phase}=Ready&#39;&#39; state before 16m40s timeout&#xA;Expected&#xA;    &lt;[]string | len:1, cap:1&gt;: [&#xA;        &#34;cmd: kubectl wait virtualdisks.virtualization.deckhouse.io head-5073ae15-vd-root-label-annotation --namespace head-5073ae15-end-to-end-vm-label-annotation --for=&#39;jsonpath={.status.phase}=Ready&#39; --timeout=16m40s\nstderr: error: timed out waiting for the condition on virtualdisks/head-5073ae15-vd-root-label-annotation\n\nwaited for: &#39;jsonpath={.status.phase}=Ready&#39;&#34;,&#xA;    ]&#xA;to be empty&#xA;In [It] at: /Users/antont/ansible_deckhouse/virtualization-full/tests/e2e/vm_label_annotation_test.go:87 @ 10/11/25 14:10:27.595&#xA;&lt; Exit [It] checks VDs phases - /Users/antont/ansible_deckhouse/virtualization-full/tests/e2e/vm_label_annotation_test.go:85 @ 10/11/25 14:10:27.595 (16m42.158s)&#xA;&gt; Enter [AfterEach] VirtualMachineLabelAndAnnotation - /Users/antont/ansible_deckhouse/virtualization-full/tests/e2e/vm_label_annotation_test.go:57 @ 10/11/25 14:10:27.595&#xA;The list of pods is empty; nothing to dump.&#xA;&lt; Exit [AfterEach] VirtualMachineLabelAndAnnotation - /Users/antont/ansible_deckhouse/virtualization-full/tests/e2e/vm_label_annotation_test.go:57 @ 10/11/25 14:10:33.288 (5.693s)&#xA;</system-err>
          </testcase>
          <testcase name="[It] VirtualMachineLabelAndAnnotation When virtual machines are applied checks VMs phases" classname="Tests" status="skipped" time="0">
              <skipped message="skipped - Spec skipped because an earlier spec in an ordered container failed"></skipped>
              <system-err>[SKIPPED] Spec skipped because an earlier spec in an ordered container failed&#xA;In [It] at: /Users/antont/ansible_deckhouse/virtualization-full/tests/e2e/vm_label_annotation_test.go:96 @ 10/11/25 14:10:33.288&#xA;</system-err>
          </testcase>
          <testcase name="[It] VirtualMachineLabelAndAnnotation When virtual machine is running marks VMs with label map[&#34;specialKey&#34;:&#34;specialValue&#34;]" classname="Tests" status="skipped" time="0">
              <skipped message="skipped - Spec skipped because an earlier spec in an ordered container failed"></skipped>
              <system-err>[SKIPPED] Spec skipped because an earlier spec in an ordered container failed&#xA;In [It] at: /Users/antont/ansible_deckhouse/virtualization-full/tests/e2e/vm_label_annotation_test.go:107 @ 10/11/25 14:10:33.288&#xA;</system-err>
          </testcase>
          <testcase name="[It] VirtualMachineLabelAndAnnotation When virtual machine is running checks VMs and pods labels after VMs labeling" classname="Tests" status="skipped" time="0">
              <skipped message="skipped - Spec skipped because an earlier spec in an ordered container failed"></skipped>
              <system-err>[SKIPPED] Spec skipped because an earlier spec in an ordered container failed&#xA;In [It] at: /Users/antont/ansible_deckhouse/virtualization-full/tests/e2e/vm_label_annotation_test.go:120 @ 10/11/25 14:10:33.289&#xA;</system-err>
          </testcase>
          <testcase name="[It] VirtualMachineLabelAndAnnotation When virtual machine is running removes label map[specialKey:specialValue] from VMs" classname="Tests" status="skipped" time="0">
              <skipped message="skipped - Spec skipped because an earlier spec in an ordered container failed"></skipped>
              <system-err>[SKIPPED] Spec skipped because an earlier spec in an ordered container failed&#xA;In [It] at: /Users/antont/ansible_deckhouse/virtualization-full/tests/e2e/vm_label_annotation_test.go:152 @ 10/11/25 14:10:33.289&#xA;</system-err>
          </testcase>
          <testcase name="[It] VirtualMachineLabelAndAnnotation When virtual machine is running checks VMs and pods labels after VMs unlabeling" classname="Tests" status="skipped" time="0">
              <skipped message="skipped - Spec skipped because an earlier spec in an ordered container failed"></skipped>
              <system-err>[SKIPPED] Spec skipped because an earlier spec in an ordered container failed&#xA;In [It] at: /Users/antont/ansible_deckhouse/virtualization-full/tests/e2e/vm_label_annotation_test.go:165 @ 10/11/25 14:10:33.289&#xA;</system-err>
          </testcase>
          <testcase name="[It] VirtualMachineLabelAndAnnotation Annotate `VirtualMachines` in Running phase marks VMs with annotation map[&#34;specialKey&#34;:&#34;specialValue&#34;]" classname="Tests" status="skipped" time="0">
              <skipped message="skipped - Spec skipped because an earlier spec in an ordered container failed"></skipped>
              <system-err>[SKIPPED] Spec skipped because an earlier spec in an ordered container failed&#xA;In [It] at: /Users/antont/ansible_deckhouse/virtualization-full/tests/e2e/vm_label_annotation_test.go:199 @ 10/11/25 14:10:33.289&#xA;</system-err>
          </testcase>
          <testcase name="[It] VirtualMachineLabelAndAnnotation Annotate `VirtualMachines` in Running phase checks VMs and pods annotations after VMs annotating" classname="Tests" status="skipped" time="0">
              <skipped message="skipped - Spec skipped because an earlier spec in an ordered container failed"></skipped>
              <system-err>[SKIPPED] Spec skipped because an earlier spec in an ordered container failed&#xA;In [It] at: /Users/antont/ansible_deckhouse/virtualization-full/tests/e2e/vm_label_annotation_test.go:212 @ 10/11/25 14:10:33.289&#xA;</system-err>
          </testcase>
          <testcase name="[It] VirtualMachineLabelAndAnnotation Annotate `VirtualMachines` in Running phase removes annotation map[specialKey:specialValue] from VMs" classname="Tests" status="skipped" time="0">
              <skipped message="skipped - Spec skipped because an earlier spec in an ordered container failed"></skipped>
              <system-err>[SKIPPED] Spec skipped because an earlier spec in an ordered container failed&#xA;In [It] at: /Users/antont/ansible_deckhouse/virtualization-full/tests/e2e/vm_label_annotation_test.go:244 @ 10/11/25 14:10:33.289&#xA;</system-err>
          </testcase>
          <testcase name="[It] VirtualMachineLabelAndAnnotation Annotate `VirtualMachines` in Running phase checks VMs and pods annotations after VMs unannotating" classname="Tests" status="skipped" time="0">
              <skipped message="skipped - Spec skipped because an earlier spec in an ordered container failed"></skipped>
              <system-err>[SKIPPED] Spec skipped because an earlier spec in an ordered container failed&#xA;In [It] at: /Users/antont/ansible_deckhouse/virtualization-full/tests/e2e/vm_label_annotation_test.go:257 @ 10/11/25 14:10:33.289&#xA;</system-err>
          </testcase>
          <testcase name="[It] VirtualMachineLabelAndAnnotation When test is completed deletes test case resources" classname="Tests" status="skipped" time="0">
              <skipped message="skipped - Spec skipped because an earlier spec in an ordered container failed"></skipped>
              <system-err>[SKIPPED] Spec skipped because an earlier spec in an ordered container failed&#xA;In [It] at: /Users/antont/ansible_deckhouse/virtualization-full/tests/e2e/vm_label_annotation_test.go:291 @ 10/11/25 14:10:33.289&#xA;</system-err>
          </testcase>
          <testcase name="[It] VirtualMachineAffinityAndToleration When the virtualization resources are applied: result should be succeeded" classname="Tests" status="passed" time="10.94883525">
              <system-err>&gt; Enter [BeforeAll] VirtualMachineAffinityAndToleration - /Users/antont/ansible_deckhouse/virtualization-full/tests/e2e/affinity_toleration_test.go:59 @ 10/11/25 14:10:33.289&#xA;&lt; Exit [BeforeAll] VirtualMachineAffinityAndToleration - /Users/antont/ansible_deckhouse/virtualization-full/tests/e2e/affinity_toleration_test.go:59 @ 10/11/25 14:10:35.22 (1.931s)&#xA;&gt; Enter [It] result should be succeeded - /Users/antont/ansible_deckhouse/virtualization-full/tests/e2e/affinity_toleration_test.go:79 @ 10/11/25 14:10:35.22&#xA;&lt; Exit [It] result should be succeeded - /Users/antont/ansible_deckhouse/virtualization-full/tests/e2e/affinity_toleration_test.go:79 @ 10/11/25 14:10:44.238 (9.017s)&#xA;&gt; Enter [AfterEach] VirtualMachineAffinityAndToleration - /Users/antont/ansible_deckhouse/virtualization-full/tests/e2e/affinity_toleration_test.go:72 @ 10/11/25 14:10:44.238&#xA;&lt; Exit [AfterEach] VirtualMachineAffinityAndToleration - /Users/antont/ansible_deckhouse/virtualization-full/tests/e2e/affinity_toleration_test.go:72 @ 10/11/25 14:10:44.238 (0s)&#xA;</system-err>
          </testcase>
          <testcase name="[It] VirtualMachineAffinityAndToleration When the virtualization resources are applied: checks the resources phase" classname="Tests" status="failed" time="1017.214863333">
              <failure message="should observe resources in &#39;&#39;jsonpath={.status.phase}=Ready&#39;&#39; state before 16m40s timeout&#xA;Expected&#xA;    &lt;[]string | len:6, cap:6&gt;: [&#xA;        &#34;cmd: kubectl wait virtualdisks.virtualization.deckhouse.io head-5073ae15-vd-root-node-affinity --namespace head-5073ae15-end-to-end-affinity-toleration --for=&#39;jsonpath={.status.phase}=Ready&#39; --timeout=16m40s\nstderr: error: timed out waiting for the condition on virtualdisks/head-5073ae15-vd-root-node-affinity\n\nwaited for: &#39;jsonpath={.status.phase}=Ready&#39;&#34;,&#xA;        &#34;cmd: kubectl wait virtualdisks.virtualization.deckhouse.io head-5073ae15-vd-root-b-not-a --namespace head-5073ae15-end-to-end-affinity-toleration --for=&#39;jsonpath={.status.phase}=Ready&#39; --timeout=16m40s\nstderr: W1011 14:59:22.871391   44466 reflector.go:492] k8s.io/client-go/tools/watch/informerwatcher.go:146: watch of *unstructured.Unstructured ended with: an error on the server (\&#34;unable to decode an event from the watch stream: http2: client connection lost\&#34;) has prevented the request from succeeding\nerror: timed out waiting for the condition on virtualdisks/head-5073ae15-vd-root-b-not-a\n\nwaited for: &#39;jsonpath={.status.phase}=Ready&#39;&#34;,&#xA;        &#34;cmd: kubectl wait virtualdisks.virtualization.deckhouse.io head-5073ae15-vd-root-d --namespace head-5073ae15-end-to-end-affinity-toleration --for=&#39;jsonpath={.status.phase}=Ready&#39; --timeout=16m40s\nstderr: W1011 16:29:12.428177   44469 reflector.go:492] k8s.io/client-go/tools/watch/informerwatcher.go:146: watch of *unstructured.Unstructured ended with: an error on the server (\&#34;unable to decode an event from the watch stream: http2: client connection lost\&#34;) has prevented the request from succeeding\nerror: timed out waiting for the condition on virtualdisks/head-5073ae15-vd-root-d\n\nwaited for: &#39;jsonpath={.status.phase}=Ready&#39;&#34;,&#xA;        &#34;cmd: kubectl wait virtualdisks.virtualization.deckhouse.io head-5073ae15-vd-root-c-and-a --namespace head-5073ae15-end-to-end-affinity-toleration --for=&#39;jsonpath={.status.phase}=Ready&#39; --timeout=16m40s\nstderr: W1011 16:29:12.427535   44470 reflector.go:492] k8s.io/client-go/tools/watch/informerwatcher.go:146: watch of *unstructured.Unstructured ended with: an error on the server (\&#34;unable to decode an event from the watch stream: http2: client connection lost\&#34;) has prevented the request from succeeding\nerror: timed out waiting for the condition on virtualdisks/head-5073ae15-vd-root-c-and-a\n\nwaited for: &#39;jsonpath={.status.phase}=Ready&#39;&#34;,&#xA;        &#34;cmd: kubectl wait virtualdisks.virtualization.deckhouse.io head-5073ae15-vd-root-a-not-b --namespace head-5073ae15-end-to-end-affinity-toleration --for=&#39;jsonpath={.status.phase}=Ready&#39; --timeout=16m40s\nstderr: error: timed out waiting for the condition on virtualdisks/head-5073ae15-vd-root-a-not-b\n\nwaited for: &#39;jsonpath={.status.phase}=Ready&#39;&#34;,&#xA;        &#34;cmd: kubectl wait virtualdisks.virtualization.deckhouse.io head-5073ae15-vd-root-node-selector --namespace head-5073ae15-end-to-end-affinity-toleration --for=&#39;jsonpath={.status.phase}=Ready&#39; --timeout=16m40s\nstderr: error: timed out waiting for the condition on virtualdisks/head-5073ae15-vd-root-node-selector\n\nwaited for: &#39;jsonpath={.status.phase}=Ready&#39;&#34;,&#xA;    ]&#xA;to be empty" type="failed">[FAILED] should observe resources in &#39;&#39;jsonpath={.status.phase}=Ready&#39;&#39; state before 16m40s timeout&#xA;Expected&#xA;    &lt;[]string | len:6, cap:6&gt;: [&#xA;        &#34;cmd: kubectl wait virtualdisks.virtualization.deckhouse.io head-5073ae15-vd-root-node-affinity --namespace head-5073ae15-end-to-end-affinity-toleration --for=&#39;jsonpath={.status.phase}=Ready&#39; --timeout=16m40s\nstderr: error: timed out waiting for the condition on virtualdisks/head-5073ae15-vd-root-node-affinity\n\nwaited for: &#39;jsonpath={.status.phase}=Ready&#39;&#34;,&#xA;        &#34;cmd: kubectl wait virtualdisks.virtualization.deckhouse.io head-5073ae15-vd-root-b-not-a --namespace head-5073ae15-end-to-end-affinity-toleration --for=&#39;jsonpath={.status.phase}=Ready&#39; --timeout=16m40s\nstderr: W1011 14:59:22.871391   44466 reflector.go:492] k8s.io/client-go/tools/watch/informerwatcher.go:146: watch of *unstructured.Unstructured ended with: an error on the server (\&#34;unable to decode an event from the watch stream: http2: client connection lost\&#34;) has prevented the request from succeeding\nerror: timed out waiting for the condition on virtualdisks/head-5073ae15-vd-root-b-not-a\n\nwaited for: &#39;jsonpath={.status.phase}=Ready&#39;&#34;,&#xA;        &#34;cmd: kubectl wait virtualdisks.virtualization.deckhouse.io head-5073ae15-vd-root-d --namespace head-5073ae15-end-to-end-affinity-toleration --for=&#39;jsonpath={.status.phase}=Ready&#39; --timeout=16m40s\nstderr: W1011 16:29:12.428177   44469 reflector.go:492] k8s.io/client-go/tools/watch/informerwatcher.go:146: watch of *unstructured.Unstructured ended with: an error on the server (\&#34;unable to decode an event from the watch stream: http2: client connection lost\&#34;) has prevented the request from succeeding\nerror: timed out waiting for the condition on virtualdisks/head-5073ae15-vd-root-d\n\nwaited for: &#39;jsonpath={.status.phase}=Ready&#39;&#34;,&#xA;        &#34;cmd: kubectl wait virtualdisks.virtualization.deckhouse.io head-5073ae15-vd-root-c-and-a --namespace head-5073ae15-end-to-end-affinity-toleration --for=&#39;jsonpath={.status.phase}=Ready&#39; --timeout=16m40s\nstderr: W1011 16:29:12.427535   44470 reflector.go:492] k8s.io/client-go/tools/watch/informerwatcher.go:146: watch of *unstructured.Unstructured ended with: an error on the server (\&#34;unable to decode an event from the watch stream: http2: client connection lost\&#34;) has prevented the request from succeeding\nerror: timed out waiting for the condition on virtualdisks/head-5073ae15-vd-root-c-and-a\n\nwaited for: &#39;jsonpath={.status.phase}=Ready&#39;&#34;,&#xA;        &#34;cmd: kubectl wait virtualdisks.virtualization.deckhouse.io head-5073ae15-vd-root-a-not-b --namespace head-5073ae15-end-to-end-affinity-toleration --for=&#39;jsonpath={.status.phase}=Ready&#39; --timeout=16m40s\nstderr: error: timed out waiting for the condition on virtualdisks/head-5073ae15-vd-root-a-not-b\n\nwaited for: &#39;jsonpath={.status.phase}=Ready&#39;&#34;,&#xA;        &#34;cmd: kubectl wait virtualdisks.virtualization.deckhouse.io head-5073ae15-vd-root-node-selector --namespace head-5073ae15-end-to-end-affinity-toleration --for=&#39;jsonpath={.status.phase}=Ready&#39; --timeout=16m40s\nstderr: error: timed out waiting for the condition on virtualdisks/head-5073ae15-vd-root-node-selector\n\nwaited for: &#39;jsonpath={.status.phase}=Ready&#39;&#34;,&#xA;    ]&#xA;to be empty&#xA;In [It] at: /Users/antont/ansible_deckhouse/virtualization-full/tests/e2e/affinity_toleration_test.go:103 @ 10/11/25 17:02:11.812&#xA;</failure>
              <system-err>&gt; Enter [It] checks the resources phase - /Users/antont/ansible_deckhouse/virtualization-full/tests/e2e/affinity_toleration_test.go:87 @ 10/11/25 14:10:44.238&#xA;STEP: `VirtualImages` should be in the &#34;Ready&#34; phase - /Users/antont/ansible_deckhouse/virtualization-full/tests/e2e/affinity_toleration_test.go:88 @ 10/11/25 14:10:44.238&#xA;END STEP: `VirtualImages` should be in the &#34;Ready&#34; phase - /Users/antont/ansible_deckhouse/virtualization-full/tests/e2e/affinity_toleration_test.go:88 @ 10/11/25 14:10:51.099 (6.861s)&#xA;STEP: `VirtualMachineClasses` should be in Ready phases - /Users/antont/ansible_deckhouse/virtualization-full/tests/e2e/affinity_toleration_test.go:95 @ 10/11/25 14:10:51.099&#xA;END STEP: `VirtualMachineClasses` should be in Ready phases - /Users/antont/ansible_deckhouse/virtualization-full/tests/e2e/affinity_toleration_test.go:95 @ 10/11/25 14:10:53.773 (2.674s)&#xA;STEP: `VirtualDisks` should be in the &#34;Ready&#34; phase - /Users/antont/ansible_deckhouse/virtualization-full/tests/e2e/affinity_toleration_test.go:102 @ 10/11/25 14:10:53.773&#xA;END STEP: `VirtualDisks` should be in the &#34;Ready&#34; phase - /Users/antont/ansible_deckhouse/virtualization-full/tests/e2e/affinity_toleration_test.go:102 @ 10/11/25 17:02:11.812 (16m42.118s)&#xA;[FAILED] should observe resources in &#39;&#39;jsonpath={.status.phase}=Ready&#39;&#39; state before 16m40s timeout&#xA;Expected&#xA;    &lt;[]string | len:6, cap:6&gt;: [&#xA;        &#34;cmd: kubectl wait virtualdisks.virtualization.deckhouse.io head-5073ae15-vd-root-node-affinity --namespace head-5073ae15-end-to-end-affinity-toleration --for=&#39;jsonpath={.status.phase}=Ready&#39; --timeout=16m40s\nstderr: error: timed out waiting for the condition on virtualdisks/head-5073ae15-vd-root-node-affinity\n\nwaited for: &#39;jsonpath={.status.phase}=Ready&#39;&#34;,&#xA;        &#34;cmd: kubectl wait virtualdisks.virtualization.deckhouse.io head-5073ae15-vd-root-b-not-a --namespace head-5073ae15-end-to-end-affinity-toleration --for=&#39;jsonpath={.status.phase}=Ready&#39; --timeout=16m40s\nstderr: W1011 14:59:22.871391   44466 reflector.go:492] k8s.io/client-go/tools/watch/informerwatcher.go:146: watch of *unstructured.Unstructured ended with: an error on the server (\&#34;unable to decode an event from the watch stream: http2: client connection lost\&#34;) has prevented the request from succeeding\nerror: timed out waiting for the condition on virtualdisks/head-5073ae15-vd-root-b-not-a\n\nwaited for: &#39;jsonpath={.status.phase}=Ready&#39;&#34;,&#xA;        &#34;cmd: kubectl wait virtualdisks.virtualization.deckhouse.io head-5073ae15-vd-root-d --namespace head-5073ae15-end-to-end-affinity-toleration --for=&#39;jsonpath={.status.phase}=Ready&#39; --timeout=16m40s\nstderr: W1011 16:29:12.428177   44469 reflector.go:492] k8s.io/client-go/tools/watch/informerwatcher.go:146: watch of *unstructured.Unstructured ended with: an error on the server (\&#34;unable to decode an event from the watch stream: http2: client connection lost\&#34;) has prevented the request from succeeding\nerror: timed out waiting for the condition on virtualdisks/head-5073ae15-vd-root-d\n\nwaited for: &#39;jsonpath={.status.phase}=Ready&#39;&#34;,&#xA;        &#34;cmd: kubectl wait virtualdisks.virtualization.deckhouse.io head-5073ae15-vd-root-c-and-a --namespace head-5073ae15-end-to-end-affinity-toleration --for=&#39;jsonpath={.status.phase}=Ready&#39; --timeout=16m40s\nstderr: W1011 16:29:12.427535   44470 reflector.go:492] k8s.io/client-go/tools/watch/informerwatcher.go:146: watch of *unstructured.Unstructured ended with: an error on the server (\&#34;unable to decode an event from the watch stream: http2: client connection lost\&#34;) has prevented the request from succeeding\nerror: timed out waiting for the condition on virtualdisks/head-5073ae15-vd-root-c-and-a\n\nwaited for: &#39;jsonpath={.status.phase}=Ready&#39;&#34;,&#xA;        &#34;cmd: kubectl wait virtualdisks.virtualization.deckhouse.io head-5073ae15-vd-root-a-not-b --namespace head-5073ae15-end-to-end-affinity-toleration --for=&#39;jsonpath={.status.phase}=Ready&#39; --timeout=16m40s\nstderr: error: timed out waiting for the condition on virtualdisks/head-5073ae15-vd-root-a-not-b\n\nwaited for: &#39;jsonpath={.status.phase}=Ready&#39;&#34;,&#xA;        &#34;cmd: kubectl wait virtualdisks.virtualization.deckhouse.io head-5073ae15-vd-root-node-selector --namespace head-5073ae15-end-to-end-affinity-toleration --for=&#39;jsonpath={.status.phase}=Ready&#39; --timeout=16m40s\nstderr: error: timed out waiting for the condition on virtualdisks/head-5073ae15-vd-root-node-selector\n\nwaited for: &#39;jsonpath={.status.phase}=Ready&#39;&#34;,&#xA;    ]&#xA;to be empty&#xA;In [It] at: /Users/antont/ansible_deckhouse/virtualization-full/tests/e2e/affinity_toleration_test.go:103 @ 10/11/25 17:02:11.812&#xA;&lt; Exit [It] checks the resources phase - /Users/antont/ansible_deckhouse/virtualization-full/tests/e2e/affinity_toleration_test.go:87 @ 10/11/25 17:02:11.812 (16m51.654s)&#xA;&gt; Enter [AfterEach] VirtualMachineAffinityAndToleration - /Users/antont/ansible_deckhouse/virtualization-full/tests/e2e/affinity_toleration_test.go:72 @ 10/11/25 17:02:11.812&#xA;The list of pods is empty; nothing to dump.&#xA;&lt; Exit [AfterEach] VirtualMachineAffinityAndToleration - /Users/antont/ansible_deckhouse/virtualization-full/tests/e2e/affinity_toleration_test.go:72 @ 10/11/25 17:02:17.373 (5.561s)&#xA;</system-err>
          </testcase>
          <testcase name="[It] VirtualMachineAffinityAndToleration When the virtual machines agents are ready checks the `status.nodeName` field of the `VirtualMachines`" classname="Tests" status="skipped" time="0">
              <skipped message="skipped - Spec skipped because an earlier spec in an ordered container failed"></skipped>
              <system-err>[SKIPPED] Spec skipped because an earlier spec in an ordered container failed&#xA;In [It] at: /Users/antont/ansible_deckhouse/virtualization-full/tests/e2e/affinity_toleration_test.go:120 @ 10/11/25 17:02:17.373&#xA;</system-err>
          </testcase>
          <testcase name="[It] VirtualMachineAffinityAndToleration When the virtual machine `node-selector` agent is ready sets the `spec.nodeSelector` field" classname="Tests" status="skipped" time="0">
              <skipped message="skipped - Spec skipped because an earlier spec in an ordered container failed"></skipped>
              <system-err>[SKIPPED] Spec skipped because an earlier spec in an ordered container failed&#xA;In [It] at: /Users/antont/ansible_deckhouse/virtualization-full/tests/e2e/affinity_toleration_test.go:283 @ 10/11/25 17:02:17.373&#xA;</system-err>
          </testcase>
          <testcase name="[It] VirtualMachineAffinityAndToleration When the virtual machine `node-affinity` agent is ready sets the `spec.affinity.nodeAffinity` field" classname="Tests" status="skipped" time="0">
              <skipped message="skipped - Spec skipped because an earlier spec in an ordered container failed"></skipped>
              <system-err>[SKIPPED] Spec skipped because an earlier spec in an ordered container failed&#xA;In [It] at: /Users/antont/ansible_deckhouse/virtualization-full/tests/e2e/affinity_toleration_test.go:372 @ 10/11/25 17:02:17.374&#xA;</system-err>
          </testcase>
          <testcase name="[It] VirtualMachineAffinityAndToleration When test is completed deletes test case resources" classname="Tests" status="skipped" time="0">
              <skipped message="skipped - Spec skipped because an earlier spec in an ordered container failed"></skipped>
              <system-err>[SKIPPED] Spec skipped because an earlier spec in an ordered container failed&#xA;In [It] at: /Users/antont/ansible_deckhouse/virtualization-full/tests/e2e/affinity_toleration_test.go:467 @ 10/11/25 17:02:17.374&#xA;</system-err>
          </testcase>
          <testcase name="[It] IPAM vmip with type Auto Creates vmip with type Auto" classname="Tests" status="passed" time="4.463438584">
              <system-err>&gt; Enter [BeforeAll] IPAM - /Users/antont/ansible_deckhouse/virtualization-full/tests/e2e/ipam_test.go:50 @ 10/11/25 17:02:17.374&#xA;&lt; Exit [BeforeAll] IPAM - /Users/antont/ansible_deckhouse/virtualization-full/tests/e2e/ipam_test.go:50 @ 10/11/25 17:02:20.484 (3.11s)&#xA;&gt; Enter [BeforeEach] IPAM - /Users/antont/ansible_deckhouse/virtualization-full/tests/e2e/ipam_test.go:65 @ 10/11/25 17:02:20.484&#xA;&lt; Exit [BeforeEach] IPAM - /Users/antont/ansible_deckhouse/virtualization-full/tests/e2e/ipam_test.go:65 @ 10/11/25 17:02:20.484 (0s)&#xA;&gt; Enter [It] Creates vmip with type Auto - /Users/antont/ansible_deckhouse/virtualization-full/tests/e2e/ipam_test.go:80 @ 10/11/25 17:02:20.484&#xA;STEP: Create a vmip automatically and check its binding with a lease - /Users/antont/ansible_deckhouse/virtualization-full/tests/e2e/ipam_test.go:81 @ 10/11/25 17:02:20.484&#xA;STEP: Remove label from the lease - /Users/antont/ansible_deckhouse/virtualization-full/tests/e2e/ipam_test.go:87 @ 10/11/25 17:02:21.495&#xA;STEP: Wait for the label to be restored by the controller - /Users/antont/ansible_deckhouse/virtualization-full/tests/e2e/ipam_test.go:96 @ 10/11/25 17:02:21.609&#xA;&lt; Exit [It] Creates vmip with type Auto - /Users/antont/ansible_deckhouse/virtualization-full/tests/e2e/ipam_test.go:80 @ 10/11/25 17:02:21.837 (1.353s)&#xA;&gt; Enter [AfterEach] IPAM - /Users/antont/ansible_deckhouse/virtualization-full/tests/e2e/ipam_test.go:157 @ 10/11/25 17:02:21.837&#xA;&lt; Exit [AfterEach] IPAM - /Users/antont/ansible_deckhouse/virtualization-full/tests/e2e/ipam_test.go:157 @ 10/11/25 17:02:21.837 (0s)&#xA;</system-err>
          </testcase>
          <testcase name="[It] IPAM vmip with type Static Creates vmip with type Static" classname="Tests" status="passed" time="1.517263959">
              <system-err>&gt; Enter [BeforeEach] IPAM - /Users/antont/ansible_deckhouse/virtualization-full/tests/e2e/ipam_test.go:65 @ 10/11/25 17:02:21.837&#xA;&lt; Exit [BeforeEach] IPAM - /Users/antont/ansible_deckhouse/virtualization-full/tests/e2e/ipam_test.go:65 @ 10/11/25 17:02:21.838 (0s)&#xA;&gt; Enter [It] Creates vmip with type Static - /Users/antont/ansible_deckhouse/virtualization-full/tests/e2e/ipam_test.go:108 @ 10/11/25 17:02:21.838&#xA;STEP: Create an intermediate vmip automatically to allocate a new ip address - /Users/antont/ansible_deckhouse/virtualization-full/tests/e2e/ipam_test.go:109 @ 10/11/25 17:02:21.838&#xA;STEP: Delete the intermediate vmip automatically and check that the lease is released - /Users/antont/ansible_deckhouse/virtualization-full/tests/e2e/ipam_test.go:115 @ 10/11/25 17:02:22.199&#xA;STEP: Reuse the released lease with a static vmip - /Users/antont/ansible_deckhouse/virtualization-full/tests/e2e/ipam_test.go:124 @ 10/11/25 17:02:22.425&#xA;STEP: Delete the static vmip and lease, then create another static vmip with this ip address - /Users/antont/ansible_deckhouse/virtualization-full/tests/e2e/ipam_test.go:132 @ 10/11/25 17:02:22.775&#xA;&lt; Exit [It] Creates vmip with type Static - /Users/antont/ansible_deckhouse/virtualization-full/tests/e2e/ipam_test.go:108 @ 10/11/25 17:02:23.355 (1.517s)&#xA;&gt; Enter [AfterEach] IPAM - /Users/antont/ansible_deckhouse/virtualization-full/tests/e2e/ipam_test.go:157 @ 10/11/25 17:02:23.355&#xA;&lt; Exit [AfterEach] IPAM - /Users/antont/ansible_deckhouse/virtualization-full/tests/e2e/ipam_test.go:157 @ 10/11/25 17:02:23.355 (0s)&#xA;</system-err>
          </testcase>
          <testcase name="[It] SizingPolicy When resources are applied result should be succeeded" classname="Tests" status="passed" time="8.318998166">
              <system-err>&gt; Enter [BeforeAll] SizingPolicy - /Users/antont/ansible_deckhouse/virtualization-full/tests/e2e/sizing_policy_test.go:52 @ 10/11/25 17:02:23.355&#xA;&lt; Exit [BeforeAll] SizingPolicy - /Users/antont/ansible_deckhouse/virtualization-full/tests/e2e/sizing_policy_test.go:52 @ 10/11/25 17:02:25.353 (1.998s)&#xA;&gt; Enter [BeforeEach] SizingPolicy - /Users/antont/ansible_deckhouse/virtualization-full/tests/e2e/sizing_policy_test.go:67 @ 10/11/25 17:02:25.353&#xA;&lt; Exit [BeforeEach] SizingPolicy - /Users/antont/ansible_deckhouse/virtualization-full/tests/e2e/sizing_policy_test.go:67 @ 10/11/25 17:02:25.353 (0s)&#xA;&gt; Enter [It] result should be succeeded - /Users/antont/ansible_deckhouse/virtualization-full/tests/e2e/sizing_policy_test.go:80 @ 10/11/25 17:02:25.353&#xA;&lt; Exit [It] result should be succeeded - /Users/antont/ansible_deckhouse/virtualization-full/tests/e2e/sizing_policy_test.go:80 @ 10/11/25 17:02:31.674 (6.32s)&#xA;&gt; Enter [AfterEach] SizingPolicy - /Users/antont/ansible_deckhouse/virtualization-full/tests/e2e/sizing_policy_test.go:73 @ 10/11/25 17:02:31.674&#xA;&lt; Exit [AfterEach] SizingPolicy - /Users/antont/ansible_deckhouse/virtualization-full/tests/e2e/sizing_policy_test.go:73 @ 10/11/25 17:02:31.674 (0s)&#xA;</system-err>
          </testcase>
          <testcase name="[It] SizingPolicy When virtual images are applied checks VIs phases" classname="Tests" status="passed" time="4.884873833">
              <system-err>&gt; Enter [BeforeEach] SizingPolicy - /Users/antont/ansible_deckhouse/virtualization-full/tests/e2e/sizing_policy_test.go:67 @ 10/11/25 17:02:31.674&#xA;&lt; Exit [BeforeEach] SizingPolicy - /Users/antont/ansible_deckhouse/virtualization-full/tests/e2e/sizing_policy_test.go:67 @ 10/11/25 17:02:31.674 (0s)&#xA;&gt; Enter [It] checks VIs phases - /Users/antont/ansible_deckhouse/virtualization-full/tests/e2e/sizing_policy_test.go:90 @ 10/11/25 17:02:31.674&#xA;STEP: VIs should be in Ready phases - /Users/antont/ansible_deckhouse/virtualization-full/tests/e2e/sizing_policy_test.go:91 @ 10/11/25 17:02:31.674&#xA;&lt; Exit [It] checks VIs phases - /Users/antont/ansible_deckhouse/virtualization-full/tests/e2e/sizing_policy_test.go:90 @ 10/11/25 17:02:36.559 (4.885s)&#xA;&gt; Enter [AfterEach] SizingPolicy - /Users/antont/ansible_deckhouse/virtualization-full/tests/e2e/sizing_policy_test.go:73 @ 10/11/25 17:02:36.559&#xA;&lt; Exit [AfterEach] SizingPolicy - /Users/antont/ansible_deckhouse/virtualization-full/tests/e2e/sizing_policy_test.go:73 @ 10/11/25 17:02:36.559 (0s)&#xA;</system-err>
          </testcase>
          <testcase name="[It] SizingPolicy When virtual disks are applied checks VDs phases with map[vm:not-existing-vmclass-with-changing] and map[vm:not-existing-vmclass-with-creating] label" classname="Tests" status="failed" time="1008.397837833">
              <failure message="should observe resources in &#39;&#39;jsonpath={.status.phase}=WaitForFirstConsumer&#39;&#39; state before 16m40s timeout&#xA;Expected&#xA;    &lt;[]string | len:2, cap:2&gt;: [&#xA;        &#34;cmd: kubectl wait virtualdisks.virtualization.deckhouse.io head-5073ae15-vd-blank-not-existing-vmclass-with-changing --namespace head-5073ae15-end-to-end-sizing-policy --for=&#39;jsonpath={.status.phase}=WaitForFirstConsumer&#39; --timeout=16m40s\nstderr: error: timed out waiting for the condition on virtualdisks/head-5073ae15-vd-blank-not-existing-vmclass-with-changing\n\nwaited for: &#39;jsonpath={.status.phase}=WaitForFirstConsumer&#39;&#34;,&#xA;        &#34;cmd: kubectl wait virtualdisks.virtualization.deckhouse.io head-5073ae15-vd-root-not-existing-vmclass-with-changing --namespace head-5073ae15-end-to-end-sizing-policy --for=&#39;jsonpath={.status.phase}=WaitForFirstConsumer&#39; --timeout=16m40s\nstderr: error: timed out waiting for the condition on virtualdisks/head-5073ae15-vd-root-not-existing-vmclass-with-changing\n\nwaited for: &#39;jsonpath={.status.phase}=WaitForFirstConsumer&#39;&#34;,&#xA;    ]&#xA;to be empty" type="failed">[FAILED] should observe resources in &#39;&#39;jsonpath={.status.phase}=WaitForFirstConsumer&#39;&#39; state before 16m40s timeout&#xA;Expected&#xA;    &lt;[]string | len:2, cap:2&gt;: [&#xA;        &#34;cmd: kubectl wait virtualdisks.virtualization.deckhouse.io head-5073ae15-vd-blank-not-existing-vmclass-with-changing --namespace head-5073ae15-end-to-end-sizing-policy --for=&#39;jsonpath={.status.phase}=WaitForFirstConsumer&#39; --timeout=16m40s\nstderr: error: timed out waiting for the condition on virtualdisks/head-5073ae15-vd-blank-not-existing-vmclass-with-changing\n\nwaited for: &#39;jsonpath={.status.phase}=WaitForFirstConsumer&#39;&#34;,&#xA;        &#34;cmd: kubectl wait virtualdisks.virtualization.deckhouse.io head-5073ae15-vd-root-not-existing-vmclass-with-changing --namespace head-5073ae15-end-to-end-sizing-policy --for=&#39;jsonpath={.status.phase}=WaitForFirstConsumer&#39; --timeout=16m40s\nstderr: error: timed out waiting for the condition on virtualdisks/head-5073ae15-vd-root-not-existing-vmclass-with-changing\n\nwaited for: &#39;jsonpath={.status.phase}=WaitForFirstConsumer&#39;&#34;,&#xA;    ]&#xA;to be empty&#xA;In [It] at: /Users/antont/ansible_deckhouse/virtualization-full/tests/e2e/sizing_policy_test.go:103 @ 10/11/25 17:19:18.666&#xA;</failure>
              <system-err>&gt; Enter [BeforeEach] SizingPolicy - /Users/antont/ansible_deckhouse/virtualization-full/tests/e2e/sizing_policy_test.go:67 @ 10/11/25 17:02:36.56&#xA;&lt; Exit [BeforeEach] SizingPolicy - /Users/antont/ansible_deckhouse/virtualization-full/tests/e2e/sizing_policy_test.go:67 @ 10/11/25 17:02:36.56 (0s)&#xA;&gt; Enter [It] checks VDs phases with map[vm:not-existing-vmclass-with-changing] and map[vm:not-existing-vmclass-with-creating] label - /Users/antont/ansible_deckhouse/virtualization-full/tests/e2e/sizing_policy_test.go:101 @ 10/11/25 17:02:36.56&#xA;STEP: VDs should be in WaitForFirstConsumer phases - /Users/antont/ansible_deckhouse/virtualization-full/tests/e2e/sizing_policy_test.go:102 @ 10/11/25 17:02:36.56&#xA;[FAILED] should observe resources in &#39;&#39;jsonpath={.status.phase}=WaitForFirstConsumer&#39;&#39; state before 16m40s timeout&#xA;Expected&#xA;    &lt;[]string | len:2, cap:2&gt;: [&#xA;        &#34;cmd: kubectl wait virtualdisks.virtualization.deckhouse.io head-5073ae15-vd-blank-not-existing-vmclass-with-changing --namespace head-5073ae15-end-to-end-sizing-policy --for=&#39;jsonpath={.status.phase}=WaitForFirstConsumer&#39; --timeout=16m40s\nstderr: error: timed out waiting for the condition on virtualdisks/head-5073ae15-vd-blank-not-existing-vmclass-with-changing\n\nwaited for: &#39;jsonpath={.status.phase}=WaitForFirstConsumer&#39;&#34;,&#xA;        &#34;cmd: kubectl wait virtualdisks.virtualization.deckhouse.io head-5073ae15-vd-root-not-existing-vmclass-with-changing --namespace head-5073ae15-end-to-end-sizing-policy --for=&#39;jsonpath={.status.phase}=WaitForFirstConsumer&#39; --timeout=16m40s\nstderr: error: timed out waiting for the condition on virtualdisks/head-5073ae15-vd-root-not-existing-vmclass-with-changing\n\nwaited for: &#39;jsonpath={.status.phase}=WaitForFirstConsumer&#39;&#34;,&#xA;    ]&#xA;to be empty&#xA;In [It] at: /Users/antont/ansible_deckhouse/virtualization-full/tests/e2e/sizing_policy_test.go:103 @ 10/11/25 17:19:18.666&#xA;&lt; Exit [It] checks VDs phases with map[vm:not-existing-vmclass-with-changing] and map[vm:not-existing-vmclass-with-creating] label - /Users/antont/ansible_deckhouse/virtualization-full/tests/e2e/sizing_policy_test.go:101 @ 10/11/25 17:19:18.666 (16m42.142s)&#xA;&gt; Enter [AfterEach] SizingPolicy - /Users/antont/ansible_deckhouse/virtualization-full/tests/e2e/sizing_policy_test.go:73 @ 10/11/25 17:19:18.666&#xA;The list of pods is empty; nothing to dump.&#xA;&lt; Exit [AfterEach] SizingPolicy - /Users/antont/ansible_deckhouse/virtualization-full/tests/e2e/sizing_policy_test.go:73 @ 10/11/25 17:19:24.922 (6.256s)&#xA;</system-err>
          </testcase>
          <testcase name="[It] SizingPolicy When virtual disks are applied checks VDs phases with map[vm:existing-vmclass] label" classname="Tests" status="skipped" time="0">
              <skipped message="skipped - Spec skipped because an earlier spec in an ordered container failed"></skipped>
              <system-err>[SKIPPED] Spec skipped because an earlier spec in an ordered container failed&#xA;In [It] at: /Users/antont/ansible_deckhouse/virtualization-full/tests/e2e/sizing_policy_test.go:115 @ 10/11/25 17:19:24.922&#xA;</system-err>
          </testcase>
          <testcase name="[It] SizingPolicy When virtual machines are applied checks VMs phases with map[vm:not-existing-vmclass-with-changing] and map[vm:not-existing-vmclass-with-creating] label" classname="Tests" status="skipped" time="0">
              <skipped message="skipped - Spec skipped because an earlier spec in an ordered container failed"></skipped>
              <system-err>[SKIPPED] Spec skipped because an earlier spec in an ordered container failed&#xA;In [It] at: /Users/antont/ansible_deckhouse/virtualization-full/tests/e2e/sizing_policy_test.go:126 @ 10/11/25 17:19:24.922&#xA;</system-err>
          </testcase>
          <testcase name="[It] SizingPolicy When virtual machines are applied checks VMs phases with map[vm:existing-vmclass] label" classname="Tests" status="skipped" time="0">
              <skipped message="skipped - Spec skipped because an earlier spec in an ordered container failed"></skipped>
              <system-err>[SKIPPED] Spec skipped because an earlier spec in an ordered container failed&#xA;In [It] at: /Users/antont/ansible_deckhouse/virtualization-full/tests/e2e/sizing_policy_test.go:140 @ 10/11/25 17:19:24.922&#xA;</system-err>
          </testcase>
          <testcase name="[It] SizingPolicy Not existing virtual machine class When virtual machine with label map[vm:not-existing-vmclass-with-changing] in phase Pending checks condition status before changing &#39;virtulaMachineCLass` field with existing class" classname="Tests" status="skipped" time="0">
              <skipped message="skipped - Spec skipped because an earlier spec in an ordered container failed"></skipped>
              <system-err>[SKIPPED] Spec skipped because an earlier spec in an ordered container failed&#xA;In [It] at: /Users/antont/ansible_deckhouse/virtualization-full/tests/e2e/sizing_policy_test.go:152 @ 10/11/25 17:19:24.922&#xA;</system-err>
          </testcase>
          <testcase name="[It] SizingPolicy Not existing virtual machine class When virtual machine with label map[vm:not-existing-vmclass-with-changing] in phase Pending changes VMClassName in VM specification with existing VMClass" classname="Tests" status="skipped" time="0">
              <skipped message="skipped - Spec skipped because an earlier spec in an ordered container failed"></skipped>
              <system-err>[SKIPPED] Spec skipped because an earlier spec in an ordered container failed&#xA;In [It] at: /Users/antont/ansible_deckhouse/virtualization-full/tests/e2e/sizing_policy_test.go:157 @ 10/11/25 17:19:24.923&#xA;</system-err>
          </testcase>
          <testcase name="[It] SizingPolicy Not existing virtual machine class When virtual machine with label map[vm:not-existing-vmclass-with-changing] in phase Pending checks VM phase and condition status after changing" classname="Tests" status="skipped" time="0">
              <skipped message="skipped - Spec skipped because an earlier spec in an ordered container failed"></skipped>
              <system-err>[SKIPPED] Spec skipped because an earlier spec in an ordered container failed&#xA;In [It] at: /Users/antont/ansible_deckhouse/virtualization-full/tests/e2e/sizing_policy_test.go:163 @ 10/11/25 17:19:24.923&#xA;</system-err>
          </testcase>
          <testcase name="[It] SizingPolicy Not existing virtual machine class When virtual machine with label map[vm:not-existing-vmclass-with-creating] in phase Pending checks condition status before creating `VirtualMachineClass`" classname="Tests" status="skipped" time="0">
              <skipped message="skipped - Spec skipped because an earlier spec in an ordered container failed"></skipped>
              <system-err>[SKIPPED] Spec skipped because an earlier spec in an ordered container failed&#xA;In [It] at: /Users/antont/ansible_deckhouse/virtualization-full/tests/e2e/sizing_policy_test.go:176 @ 10/11/25 17:19:24.923&#xA;</system-err>
          </testcase>
          <testcase name="[It] SizingPolicy Not existing virtual machine class When virtual machine with label map[vm:not-existing-vmclass-with-creating] in phase Pending changes VMClassName in VM specification with not existing VMClass which have correct prefix for creating" classname="Tests" status="skipped" time="0">
              <skipped message="skipped - Spec skipped because an earlier spec in an ordered container failed"></skipped>
              <system-err>[SKIPPED] Spec skipped because an earlier spec in an ordered container failed&#xA;In [It] at: /Users/antont/ansible_deckhouse/virtualization-full/tests/e2e/sizing_policy_test.go:181 @ 10/11/25 17:19:24.923&#xA;</system-err>
          </testcase>
          <testcase name="[It] SizingPolicy Not existing virtual machine class When virtual machine with label map[vm:not-existing-vmclass-with-creating] in phase Pending creates new `VirtualMachineClass`" classname="Tests" status="skipped" time="0">
              <skipped message="skipped - Spec skipped because an earlier spec in an ordered container failed"></skipped>
              <system-err>[SKIPPED] Spec skipped because an earlier spec in an ordered container failed&#xA;In [It] at: /Users/antont/ansible_deckhouse/virtualization-full/tests/e2e/sizing_policy_test.go:187 @ 10/11/25 17:19:24.923&#xA;</system-err>
          </testcase>
          <testcase name="[It] SizingPolicy Not existing virtual machine class When virtual machine with label map[vm:not-existing-vmclass-with-creating] in phase Pending checks VM phase and condition after creating" classname="Tests" status="skipped" time="0">
              <skipped message="skipped - Spec skipped because an earlier spec in an ordered container failed"></skipped>
              <system-err>[SKIPPED] Spec skipped because an earlier spec in an ordered container failed&#xA;In [It] at: /Users/antont/ansible_deckhouse/virtualization-full/tests/e2e/sizing_policy_test.go:202 @ 10/11/25 17:19:24.923&#xA;</system-err>
          </testcase>
          <testcase name="[It] SizingPolicy When virtual machines in phase Running checks sizing policy match" classname="Tests" status="skipped" time="0">
              <skipped message="skipped - Spec skipped because an earlier spec in an ordered container failed"></skipped>
              <system-err>[SKIPPED] Spec skipped because an earlier spec in an ordered container failed&#xA;In [It] at: /Users/antont/ansible_deckhouse/virtualization-full/tests/e2e/sizing_policy_test.go:216 @ 10/11/25 17:19:24.923&#xA;</system-err>
          </testcase>
          <testcase name="[It] SizingPolicy When test is completed deletes test case resources" classname="Tests" status="skipped" time="0">
              <skipped message="skipped - Spec skipped because an earlier spec in an ordered container failed"></skipped>
              <system-err>[SKIPPED] Spec skipped because an earlier spec in an ordered container failed&#xA;In [It] at: /Users/antont/ansible_deckhouse/virtualization-full/tests/e2e/sizing_policy_test.go:240 @ 10/11/25 17:19:24.923&#xA;</system-err>
          </testcase>
          <testcase name="[It] VirtualMachineConnectivity When resources are applied result should be succeeded" classname="Tests" status="passed" time="6.156322792">
              <system-err>&gt; Enter [BeforeAll] VirtualMachineConnectivity - /Users/antont/ansible_deckhouse/virtualization-full/tests/e2e/vm_connectivity_test.go:57 @ 10/11/25 17:19:24.923&#xA;&lt; Exit [BeforeAll] VirtualMachineConnectivity - /Users/antont/ansible_deckhouse/virtualization-full/tests/e2e/vm_connectivity_test.go:57 @ 10/11/25 17:19:26.902 (1.979s)&#xA;&gt; Enter [It] result should be succeeded - /Users/antont/ansible_deckhouse/virtualization-full/tests/e2e/vm_connectivity_test.go:73 @ 10/11/25 17:19:26.902&#xA;&lt; Exit [It] result should be succeeded - /Users/antont/ansible_deckhouse/virtualization-full/tests/e2e/vm_connectivity_test.go:73 @ 10/11/25 17:19:31.079 (4.177s)&#xA;&gt; Enter [AfterEach] VirtualMachineConnectivity - /Users/antont/ansible_deckhouse/virtualization-full/tests/e2e/vm_connectivity_test.go:66 @ 10/11/25 17:19:31.079&#xA;&lt; Exit [AfterEach] VirtualMachineConnectivity - /Users/antont/ansible_deckhouse/virtualization-full/tests/e2e/vm_connectivity_test.go:66 @ 10/11/25 17:19:31.079 (0s)&#xA;</system-err>
          </testcase>
          <testcase name="[It] VirtualMachineConnectivity When virtual images are applied checks VIs phases" classname="Tests" status="passed" time="14.266421125">
              <system-err>&gt; Enter [It] checks VIs phases - /Users/antont/ansible_deckhouse/virtualization-full/tests/e2e/vm_connectivity_test.go:96 @ 10/11/25 17:19:31.08&#xA;STEP: VIs should be in Ready phases - /Users/antont/ansible_deckhouse/virtualization-full/tests/e2e/vm_connectivity_test.go:97 @ 10/11/25 17:19:31.08&#xA;&lt; Exit [It] checks VIs phases - /Users/antont/ansible_deckhouse/virtualization-full/tests/e2e/vm_connectivity_test.go:96 @ 10/11/25 17:19:45.346 (14.266s)&#xA;&gt; Enter [AfterEach] VirtualMachineConnectivity - /Users/antont/ansible_deckhouse/virtualization-full/tests/e2e/vm_connectivity_test.go:66 @ 10/11/25 17:19:45.346&#xA;&lt; Exit [AfterEach] VirtualMachineConnectivity - /Users/antont/ansible_deckhouse/virtualization-full/tests/e2e/vm_connectivity_test.go:66 @ 10/11/25 17:19:45.346 (0s)&#xA;</system-err>
          </testcase>
          <testcase name="[It] VirtualMachineConnectivity When virtual disks are applied checks VDs phases" classname="Tests" status="timedout" time="47.287361667">
              <failure message="A suite timeout occurred" type="timedout">[TIMEDOUT] A suite timeout occurred&#xA;In [It] at: /Users/antont/ansible_deckhouse/virtualization-full/tests/e2e/vm_connectivity_test.go:107 @ 10/11/25 17:20:26.987&#xA;&#xA;This is the Progress Report generated when the suite timeout occurred:&#xA;  VirtualMachineConnectivity When virtual disks are applied checks VDs phases (Spec Runtime: 41.641s)&#xA;    /Users/antont/ansible_deckhouse/virtualization-full/tests/e2e/vm_connectivity_test.go:107&#xA;    In [It] (Node Runtime: 41.641s)&#xA;      /Users/antont/ansible_deckhouse/virtualization-full/tests/e2e/vm_connectivity_test.go:107&#xA;      At [By Step] VDs should be in Ready phase (Step Runtime: 41.641s)&#xA;        /Users/antont/ansible_deckhouse/virtualization-full/tests/e2e/vm_connectivity_test.go:108&#xA;&#xA;      Spec Goroutine&#xA;      goroutine 944 [sync.WaitGroup.Wait]&#xA;        sync.runtime_SemacquireWaitGroup(0x100140b30?, 0x60?)&#xA;          /opt/homebrew/Cellar/go/1.25.1/libexec/src/runtime/sema.go:114&#xA;        sync.(*WaitGroup).Wait(0x140007215b0)&#xA;          /opt/homebrew/Cellar/go/1.25.1/libexec/src/sync/waitgroup.go:206&#xA;      &gt; github.com/deckhouse/virtualization/tests/e2e.WaitResources({0x14000595340, 0x2, 0x101bb9e58?}, {0x1018d2204, 0x28}, {{0x0, 0x0, 0x0}, 0x14000653ef0, {0x14000d9db30, ...}, ...})&#xA;          /Users/antont/ansible_deckhouse/virtualization-full/tests/e2e/util_test.go:349&#xA;            | &#x9;&#x9;}()&#xA;            | &#x9;}&#xA;            &gt; &#x9;wg.Wait()&#xA;            | &#x9;Expect(waitErr).To(BeEmpty(), &#34;should observe resources in &#39;%s&#39; state before %s timeout&#34;, opts.For, opts.Timeout.String())&#xA;            | }&#xA;      &gt; github.com/deckhouse/virtualization/tests/e2e.WaitByLabel({0x1018d2204, 0x28}, {{0x0, 0x0, 0x0}, 0x14000653ef0, {0x14000d9db30, 0x25}, {0x14000498280, 0x20}, ...})&#xA;          /Users/antont/ansible_deckhouse/virtualization-full/tests/e2e/util_test.go:308&#xA;            | &#x9;&#x9;resources = strings.Split(res.StdOut(), &#34; &#34;)&#xA;            | &#x9;}&#xA;            &gt; &#x9;WaitResources(resources, resource, opts)&#xA;            | }&#xA;            | &#xA;      &gt; github.com/deckhouse/virtualization/tests/e2e.WaitPhaseByLabel({0x1018d2204, 0x28}, {0x101890eef, 0x5}, {{0x0, 0x0, 0x0}, 0x14000653ef0, {0x14000d9db30, 0x25}, ...})&#xA;          /Users/antont/ansible_deckhouse/virtualization-full/tests/e2e/util_test.go:290&#xA;            | &#x9;GinkgoHelper()&#xA;            | &#x9;opts.For = fmt.Sprintf(&#34;&#39;jsonpath={.status.phase}=%s&#39;&#34;, phase)&#xA;            &gt; &#x9;WaitByLabel(resource, opts)&#xA;            | }&#xA;            | &#xA;      &gt; github.com/deckhouse/virtualization/tests/e2e.init.func12.5.1()&#xA;          /Users/antont/ansible_deckhouse/virtualization-full/tests/e2e/vm_connectivity_test.go:109&#xA;            | It(&#34;checks VDs phases&#34;, func() {&#xA;            | &#x9;By(fmt.Sprintf(&#34;VDs should be in %s phase&#34;, PhaseReady))&#xA;            &gt; &#x9;WaitPhaseByLabel(kc.ResourceVD, PhaseReady, kc.WaitOptions{&#xA;            | &#x9;&#x9;Labels:    testCaseLabel,&#xA;            | &#x9;&#x9;Namespace: ns,&#xA;        github.com/onsi/ginkgo/v2/internal.extractBodyFunction.func3({0x0?, 0x0?})&#xA;          /Users/antont/go/pkg/mod/github.com/onsi/ginkgo/v2@v2.22.0/internal/node.go:475&#xA;        github.com/onsi/ginkgo/v2/internal.(*Suite).runNode.func3()&#xA;          /Users/antont/go/pkg/mod/github.com/onsi/ginkgo/v2@v2.22.0/internal/suite.go:894&#xA;        github.com/onsi/ginkgo/v2/internal.(*Suite).runNode in goroutine 25&#xA;          /Users/antont/go/pkg/mod/github.com/onsi/ginkgo/v2@v2.22.0/internal/suite.go:881&#xA;&#xA;      Goroutines of Interest&#xA;      goroutine 1060 [syscall]&#xA;        syscall.syscall6(0x100998040?, 0x12fc4cf80?, 0x1044b0108?, 0x90?, 0x140004dd008?, 0x14000eea120?, 0x140006c1a58?)&#xA;          /opt/homebrew/Cellar/go/1.25.1/libexec/src/runtime/sys_darwin.go:60&#xA;        syscall.wait4(0x140006c1a88?, 0x1001c26fc?, 0x90?, 0x1021be120?)&#xA;          /opt/homebrew/Cellar/go/1.25.1/libexec/src/syscall/zsyscall_darwin_arm64.go:44&#xA;        syscall.Wait4(0x140002f6380?, 0x140006c1ac4, 0x14000998040?, 0x140002f6310?)&#xA;          /opt/homebrew/Cellar/go/1.25.1/libexec/src/syscall/syscall_bsd.go:144&#xA;        os.(*Process).pidWait.func1(...)&#xA;          /opt/homebrew/Cellar/go/1.25.1/libexec/src/os/exec_unix.go:64&#xA;        os.ignoringEINTR2[...](...)&#xA;          /opt/homebrew/Cellar/go/1.25.1/libexec/src/os/file_posix.go:266&#xA;        os.(*Process).pidWait(0x140008a8280)&#xA;          /opt/homebrew/Cellar/go/1.25.1/libexec/src/os/exec_unix.go:63&#xA;        os.(*Process).wait(0x140007a6488?)&#xA;          /opt/homebrew/Cellar/go/1.25.1/libexec/src/os/exec_unix.go:28&#xA;        os.(*Process).Wait(...)&#xA;          /opt/homebrew/Cellar/go/1.25.1/libexec/src/os/exec.go:340&#xA;        os/exec.(*Cmd).Wait(0x14000176000)&#xA;          /opt/homebrew/Cellar/go/1.25.1/libexec/src/os/exec/exec.go:922&#xA;        os/exec.(*Cmd).Run(0x14000176000)&#xA;          /opt/homebrew/Cellar/go/1.25.1/libexec/src/os/exec/exec.go:626&#xA;      &gt; github.com/deckhouse/virtualization/tests/e2e/executor.CMDExecutor.ExecuteContext({{0x140004058e0?, 0x102255e88?, 0x140002f6000?}}, {0x102276488?, 0x140002f6000?}, {0x14000b2a000?, 0xc232b8bfaf5ea5e0?}, {0x10224ed80, 0x140008a8200}, {0x10224ed80, ...})&#xA;          /Users/antont/ansible_deckhouse/virtualization-full/tests/e2e/executor/executor.go:76&#xA;            | &#x9;cmd.Stderr = stderr&#xA;            | &#x9;cmd.Stdout = stdout&#xA;            &gt; &#x9;return cmd.Run()&#xA;            | }&#xA;            | &#xA;      &gt; github.com/deckhouse/virtualization/tests/e2e/executor.CMDExecutor.ExecContext({{0x140004058e0?, 0x103763728?, 0x103739fa0?}}, {0x102276488, 0x140002f6000}, {0x14000b2a000, 0xbf})&#xA;          /Users/antont/ansible_deckhouse/virtualization-full/tests/e2e/executor/executor.go:49&#xA;            | stdout := new(Buffer)&#xA;            | stderr := new(Buffer)&#xA;            &gt; err := e.ExecuteContext(ctx, command, stdout, stderr)&#xA;            | cmdResult := &amp;CMDResult{&#xA;            | &#x9;stdOut:  stdout,&#xA;      &gt; github.com/deckhouse/virtualization/tests/e2e/kubectl.KubectlCMD.WaitResource({{0x10227aa38?, 0x1400000f5a8?}, {0x101893fba?, 0x14000a5be88?}}, {0x1018d2204, 0x28}, {0x14000bcc480, 0x1f}, {{0x0, 0x0, ...}, ...})&#xA;          /Users/antont/ansible_deckhouse/virtualization-full/tests/e2e/kubectl/kubectl.go:260&#xA;            | &#x9;ctx, cancel := context.WithTimeout(context.Background(), timeout)&#xA;            | &#x9;defer cancel()&#xA;            &gt; &#x9;return k.ExecContext(ctx, cmd)&#xA;            | }&#xA;            | &#xA;      &gt; github.com/deckhouse/virtualization/tests/e2e.WaitResources.func1()&#xA;          /Users/antont/ansible_deckhouse/virtualization-full/tests/e2e/util_test.go:341&#xA;            | go func() {&#xA;            | &#x9;defer wg.Done()&#xA;            &gt; &#x9;res := kubectl.WaitResource(resource, name, waitOpts)&#xA;            | &#x9;if res.Error() != nil {&#xA;            | &#x9;&#x9;mu.Lock()&#xA;      &gt; github.com/deckhouse/virtualization/tests/e2e.WaitResources in goroutine 944&#xA;          /Users/antont/ansible_deckhouse/virtualization-full/tests/e2e/util_test.go:339&#xA;            | for _, name := range resources {&#xA;            | &#x9;wg.Add(1)&#xA;            &gt; &#x9;go func() {&#xA;            | &#x9;&#x9;defer wg.Done()&#xA;            | &#x9;&#x9;res := kubectl.WaitResource(resource, name, waitOpts)&#xA;&#xA;      goroutine 1061 [syscall]&#xA;        syscall.syscall6(0x1007215f0?, 0x1046b9d38?, 0x1044b13e8?, 0x90?, 0x10373c480?, 0x14000146480?, 0x1400090ca58?)&#xA;          /opt/homebrew/Cellar/go/1.25.1/libexec/src/runtime/sys_darwin.go:60&#xA;        syscall.wait4(0x1400090ca88?, 0x1001c26fc?, 0x90?, 0x1021be120?)&#xA;          /opt/homebrew/Cellar/go/1.25.1/libexec/src/syscall/zsyscall_darwin_arm64.go:44&#xA;        syscall.Wait4(0x140002a8b60?, 0x1400090cac4, 0x140007215f0?, 0x140002a8a80?)&#xA;          /opt/homebrew/Cellar/go/1.25.1/libexec/src/syscall/syscall_bsd.go:144&#xA;        os.(*Process).pidWait.func1(...)&#xA;          /opt/homebrew/Cellar/go/1.25.1/libexec/src/os/exec_unix.go:64&#xA;        os.ignoringEINTR2[...](...)&#xA;          /opt/homebrew/Cellar/go/1.25.1/libexec/src/os/file_posix.go:266&#xA;        os.(*Process).pidWait(0x140003e4fc0)&#xA;          /opt/homebrew/Cellar/go/1.25.1/libexec/src/os/exec_unix.go:63&#xA;        os.(*Process).wait(0x14000476908?)&#xA;          /opt/homebrew/Cellar/go/1.25.1/libexec/src/os/exec_unix.go:28&#xA;        os.(*Process).Wait(...)&#xA;          /opt/homebrew/Cellar/go/1.25.1/libexec/src/os/exec.go:340&#xA;        os/exec.(*Cmd).Wait(0x14000197800)&#xA;          /opt/homebrew/Cellar/go/1.25.1/libexec/src/os/exec/exec.go:922&#xA;        os/exec.(*Cmd).Run(0x14000197800)&#xA;          /opt/homebrew/Cellar/go/1.25.1/libexec/src/os/exec/exec.go:626&#xA;      &gt; github.com/deckhouse/virtualization/tests/e2e/executor.CMDExecutor.ExecuteContext({{0x140004058e0?, 0x102255e88?, 0x140002a89a0?}}, {0x102276488?, 0x140002a89a0?}, {0x14000974600?, 0xc232b8bfaf5e2110?}, {0x10224ed80, 0x140003e4ec0}, {0x10224ed80, ...})&#xA;          /Users/antont/ansible_deckhouse/virtualization-full/tests/e2e/executor/executor.go:76&#xA;            | &#x9;cmd.Stderr = stderr&#xA;            | &#x9;cmd.Stdout = stdout&#xA;            &gt; &#x9;return cmd.Run()&#xA;            | }&#xA;            | &#xA;      &gt; github.com/deckhouse/virtualization/tests/e2e/executor.CMDExecutor.ExecContext({{0x140004058e0?, 0x103763728?, 0x103739fa0?}}, {0x102276488, 0x140002a89a0}, {0x14000974600, 0xbf})&#xA;          /Users/antont/ansible_deckhouse/virtualization-full/tests/e2e/executor/executor.go:49&#xA;            | stdout := new(Buffer)&#xA;            | stderr := new(Buffer)&#xA;            &gt; err := e.ExecuteContext(ctx, command, stdout, stderr)&#xA;            | cmdResult := &amp;CMDResult{&#xA;            | &#x9;stdOut:  stdout,&#xA;      &gt; github.com/deckhouse/virtualization/tests/e2e/kubectl.KubectlCMD.WaitResource({{0x10227aa38?, 0x1400000f5a8?}, {0x101893fba?, 0x14000a54688?}}, {0x1018d2204, 0x28}, {0x14000bcc4a0, 0x1f}, {{0x0, 0x0, ...}, ...})&#xA;          /Users/antont/ansible_deckhouse/virtualization-full/tests/e2e/kubectl/kubectl.go:260&#xA;            | &#x9;ctx, cancel := context.WithTimeout(context.Background(), timeout)&#xA;            | &#x9;defer cancel()&#xA;            &gt; &#x9;return k.ExecContext(ctx, cmd)&#xA;            | }&#xA;            | &#xA;      &gt; github.com/deckhouse/virtualization/tests/e2e.WaitResources.func1()&#xA;          /Users/antont/ansible_deckhouse/virtualization-full/tests/e2e/util_test.go:341&#xA;            | go func() {&#xA;            | &#x9;defer wg.Done()&#xA;            &gt; &#x9;res := kubectl.WaitResource(resource, name, waitOpts)&#xA;            | &#x9;if res.Error() != nil {&#xA;            | &#x9;&#x9;mu.Lock()&#xA;      &gt; github.com/deckhouse/virtualization/tests/e2e.WaitResources in goroutine 944&#xA;          /Users/antont/ansible_deckhouse/virtualization-full/tests/e2e/util_test.go:339&#xA;            | for _, name := range resources {&#xA;            | &#x9;wg.Add(1)&#xA;            &gt; &#x9;go func() {&#xA;            | &#x9;&#x9;defer wg.Done()&#xA;            | &#x9;&#x9;res := kubectl.WaitResource(resource, name, waitOpts)&#xA;</failure>
              <system-err>&gt; Enter [It] checks VDs phases - /Users/antont/ansible_deckhouse/virtualization-full/tests/e2e/vm_connectivity_test.go:107 @ 10/11/25 17:19:45.346&#xA;STEP: VDs should be in Ready phase - /Users/antont/ansible_deckhouse/virtualization-full/tests/e2e/vm_connectivity_test.go:108 @ 10/11/25 17:19:45.346&#xA;[TIMEDOUT] A suite timeout occurred&#xA;In [It] at: /Users/antont/ansible_deckhouse/virtualization-full/tests/e2e/vm_connectivity_test.go:107 @ 10/11/25 17:20:26.987&#xA;&#xA;This is the Progress Report generated when the suite timeout occurred:&#xA;  VirtualMachineConnectivity When virtual disks are applied checks VDs phases (Spec Runtime: 41.641s)&#xA;    /Users/antont/ansible_deckhouse/virtualization-full/tests/e2e/vm_connectivity_test.go:107&#xA;    In [It] (Node Runtime: 41.641s)&#xA;      /Users/antont/ansible_deckhouse/virtualization-full/tests/e2e/vm_connectivity_test.go:107&#xA;      At [By Step] VDs should be in Ready phase (Step Runtime: 41.641s)&#xA;        /Users/antont/ansible_deckhouse/virtualization-full/tests/e2e/vm_connectivity_test.go:108&#xA;&#xA;      Spec Goroutine&#xA;      goroutine 944 [sync.WaitGroup.Wait]&#xA;        sync.runtime_SemacquireWaitGroup(0x100140b30?, 0x60?)&#xA;          /opt/homebrew/Cellar/go/1.25.1/libexec/src/runtime/sema.go:114&#xA;        sync.(*WaitGroup).Wait(0x140007215b0)&#xA;          /opt/homebrew/Cellar/go/1.25.1/libexec/src/sync/waitgroup.go:206&#xA;      &gt; github.com/deckhouse/virtualization/tests/e2e.WaitResources({0x14000595340, 0x2, 0x101bb9e58?}, {0x1018d2204, 0x28}, {{0x0, 0x0, 0x0}, 0x14000653ef0, {0x14000d9db30, ...}, ...})&#xA;          /Users/antont/ansible_deckhouse/virtualization-full/tests/e2e/util_test.go:349&#xA;            | &#x9;&#x9;}()&#xA;            | &#x9;}&#xA;            &gt; &#x9;wg.Wait()&#xA;            | &#x9;Expect(waitErr).To(BeEmpty(), &#34;should observe resources in &#39;%s&#39; state before %s timeout&#34;, opts.For, opts.Timeout.String())&#xA;            | }&#xA;      &gt; github.com/deckhouse/virtualization/tests/e2e.WaitByLabel({0x1018d2204, 0x28}, {{0x0, 0x0, 0x0}, 0x14000653ef0, {0x14000d9db30, 0x25}, {0x14000498280, 0x20}, ...})&#xA;          /Users/antont/ansible_deckhouse/virtualization-full/tests/e2e/util_test.go:308&#xA;            | &#x9;&#x9;resources = strings.Split(res.StdOut(), &#34; &#34;)&#xA;            | &#x9;}&#xA;            &gt; &#x9;WaitResources(resources, resource, opts)&#xA;            | }&#xA;            | &#xA;      &gt; github.com/deckhouse/virtualization/tests/e2e.WaitPhaseByLabel({0x1018d2204, 0x28}, {0x101890eef, 0x5}, {{0x0, 0x0, 0x0}, 0x14000653ef0, {0x14000d9db30, 0x25}, ...})&#xA;          /Users/antont/ansible_deckhouse/virtualization-full/tests/e2e/util_test.go:290&#xA;            | &#x9;GinkgoHelper()&#xA;            | &#x9;opts.For = fmt.Sprintf(&#34;&#39;jsonpath={.status.phase}=%s&#39;&#34;, phase)&#xA;            &gt; &#x9;WaitByLabel(resource, opts)&#xA;            | }&#xA;            | &#xA;      &gt; github.com/deckhouse/virtualization/tests/e2e.init.func12.5.1()&#xA;          /Users/antont/ansible_deckhouse/virtualization-full/tests/e2e/vm_connectivity_test.go:109&#xA;            | It(&#34;checks VDs phases&#34;, func() {&#xA;            | &#x9;By(fmt.Sprintf(&#34;VDs should be in %s phase&#34;, PhaseReady))&#xA;            &gt; &#x9;WaitPhaseByLabel(kc.ResourceVD, PhaseReady, kc.WaitOptions{&#xA;            | &#x9;&#x9;Labels:    testCaseLabel,&#xA;            | &#x9;&#x9;Namespace: ns,&#xA;        github.com/onsi/ginkgo/v2/internal.extractBodyFunction.func3({0x0?, 0x0?})&#xA;          /Users/antont/go/pkg/mod/github.com/onsi/ginkgo/v2@v2.22.0/internal/node.go:475&#xA;        github.com/onsi/ginkgo/v2/internal.(*Suite).runNode.func3()&#xA;          /Users/antont/go/pkg/mod/github.com/onsi/ginkgo/v2@v2.22.0/internal/suite.go:894&#xA;        github.com/onsi/ginkgo/v2/internal.(*Suite).runNode in goroutine 25&#xA;          /Users/antont/go/pkg/mod/github.com/onsi/ginkgo/v2@v2.22.0/internal/suite.go:881&#xA;&#xA;      Goroutines of Interest&#xA;      goroutine 1060 [syscall]&#xA;        syscall.syscall6(0x100998040?, 0x12fc4cf80?, 0x1044b0108?, 0x90?, 0x140004dd008?, 0x14000eea120?, 0x140006c1a58?)&#xA;          /opt/homebrew/Cellar/go/1.25.1/libexec/src/runtime/sys_darwin.go:60&#xA;        syscall.wait4(0x140006c1a88?, 0x1001c26fc?, 0x90?, 0x1021be120?)&#xA;          /opt/homebrew/Cellar/go/1.25.1/libexec/src/syscall/zsyscall_darwin_arm64.go:44&#xA;        syscall.Wait4(0x140002f6380?, 0x140006c1ac4, 0x14000998040?, 0x140002f6310?)&#xA;          /opt/homebrew/Cellar/go/1.25.1/libexec/src/syscall/syscall_bsd.go:144&#xA;        os.(*Process).pidWait.func1(...)&#xA;          /opt/homebrew/Cellar/go/1.25.1/libexec/src/os/exec_unix.go:64&#xA;        os.ignoringEINTR2[...](...)&#xA;          /opt/homebrew/Cellar/go/1.25.1/libexec/src/os/file_posix.go:266&#xA;        os.(*Process).pidWait(0x140008a8280)&#xA;          /opt/homebrew/Cellar/go/1.25.1/libexec/src/os/exec_unix.go:63&#xA;        os.(*Process).wait(0x140007a6488?)&#xA;          /opt/homebrew/Cellar/go/1.25.1/libexec/src/os/exec_unix.go:28&#xA;        os.(*Process).Wait(...)&#xA;          /opt/homebrew/Cellar/go/1.25.1/libexec/src/os/exec.go:340&#xA;        os/exec.(*Cmd).Wait(0x14000176000)&#xA;          /opt/homebrew/Cellar/go/1.25.1/libexec/src/os/exec/exec.go:922&#xA;        os/exec.(*Cmd).Run(0x14000176000)&#xA;          /opt/homebrew/Cellar/go/1.25.1/libexec/src/os/exec/exec.go:626&#xA;      &gt; github.com/deckhouse/virtualization/tests/e2e/executor.CMDExecutor.ExecuteContext({{0x140004058e0?, 0x102255e88?, 0x140002f6000?}}, {0x102276488?, 0x140002f6000?}, {0x14000b2a000?, 0xc232b8bfaf5ea5e0?}, {0x10224ed80, 0x140008a8200}, {0x10224ed80, ...})&#xA;          /Users/antont/ansible_deckhouse/virtualization-full/tests/e2e/executor/executor.go:76&#xA;            | &#x9;cmd.Stderr = stderr&#xA;            | &#x9;cmd.Stdout = stdout&#xA;            &gt; &#x9;return cmd.Run()&#xA;            | }&#xA;            | &#xA;      &gt; github.com/deckhouse/virtualization/tests/e2e/executor.CMDExecutor.ExecContext({{0x140004058e0?, 0x103763728?, 0x103739fa0?}}, {0x102276488, 0x140002f6000}, {0x14000b2a000, 0xbf})&#xA;          /Users/antont/ansible_deckhouse/virtualization-full/tests/e2e/executor/executor.go:49&#xA;            | stdout := new(Buffer)&#xA;            | stderr := new(Buffer)&#xA;            &gt; err := e.ExecuteContext(ctx, command, stdout, stderr)&#xA;            | cmdResult := &amp;CMDResult{&#xA;            | &#x9;stdOut:  stdout,&#xA;      &gt; github.com/deckhouse/virtualization/tests/e2e/kubectl.KubectlCMD.WaitResource({{0x10227aa38?, 0x1400000f5a8?}, {0x101893fba?, 0x14000a5be88?}}, {0x1018d2204, 0x28}, {0x14000bcc480, 0x1f}, {{0x0, 0x0, ...}, ...})&#xA;          /Users/antont/ansible_deckhouse/virtualization-full/tests/e2e/kubectl/kubectl.go:260&#xA;            | &#x9;ctx, cancel := context.WithTimeout(context.Background(), timeout)&#xA;            | &#x9;defer cancel()&#xA;            &gt; &#x9;return k.ExecContext(ctx, cmd)&#xA;            | }&#xA;            | &#xA;      &gt; github.com/deckhouse/virtualization/tests/e2e.WaitResources.func1()&#xA;          /Users/antont/ansible_deckhouse/virtualization-full/tests/e2e/util_test.go:341&#xA;            | go func() {&#xA;            | &#x9;defer wg.Done()&#xA;            &gt; &#x9;res := kubectl.WaitResource(resource, name, waitOpts)&#xA;            | &#x9;if res.Error() != nil {&#xA;            | &#x9;&#x9;mu.Lock()&#xA;      &gt; github.com/deckhouse/virtualization/tests/e2e.WaitResources in goroutine 944&#xA;          /Users/antont/ansible_deckhouse/virtualization-full/tests/e2e/util_test.go:339&#xA;            | for _, name := range resources {&#xA;            | &#x9;wg.Add(1)&#xA;            &gt; &#x9;go func() {&#xA;            | &#x9;&#x9;defer wg.Done()&#xA;            | &#x9;&#x9;res := kubectl.WaitResource(resource, name, waitOpts)&#xA;&#xA;      goroutine 1061 [syscall]&#xA;        syscall.syscall6(0x1007215f0?, 0x1046b9d38?, 0x1044b13e8?, 0x90?, 0x10373c480?, 0x14000146480?, 0x1400090ca58?)&#xA;          /opt/homebrew/Cellar/go/1.25.1/libexec/src/runtime/sys_darwin.go:60&#xA;        syscall.wait4(0x1400090ca88?, 0x1001c26fc?, 0x90?, 0x1021be120?)&#xA;          /opt/homebrew/Cellar/go/1.25.1/libexec/src/syscall/zsyscall_darwin_arm64.go:44&#xA;        syscall.Wait4(0x140002a8b60?, 0x1400090cac4, 0x140007215f0?, 0x140002a8a80?)&#xA;          /opt/homebrew/Cellar/go/1.25.1/libexec/src/syscall/syscall_bsd.go:144&#xA;        os.(*Process).pidWait.func1(...)&#xA;          /opt/homebrew/Cellar/go/1.25.1/libexec/src/os/exec_unix.go:64&#xA;        os.ignoringEINTR2[...](...)&#xA;          /opt/homebrew/Cellar/go/1.25.1/libexec/src/os/file_posix.go:266&#xA;        os.(*Process).pidWait(0x140003e4fc0)&#xA;          /opt/homebrew/Cellar/go/1.25.1/libexec/src/os/exec_unix.go:63&#xA;        os.(*Process).wait(0x14000476908?)&#xA;          /opt/homebrew/Cellar/go/1.25.1/libexec/src/os/exec_unix.go:28&#xA;        os.(*Process).Wait(...)&#xA;          /opt/homebrew/Cellar/go/1.25.1/libexec/src/os/exec.go:340&#xA;        os/exec.(*Cmd).Wait(0x14000197800)&#xA;          /opt/homebrew/Cellar/go/1.25.1/libexec/src/os/exec/exec.go:922&#xA;        os/exec.(*Cmd).Run(0x14000197800)&#xA;          /opt/homebrew/Cellar/go/1.25.1/libexec/src/os/exec/exec.go:626&#xA;      &gt; github.com/deckhouse/virtualization/tests/e2e/executor.CMDExecutor.ExecuteContext({{0x140004058e0?, 0x102255e88?, 0x140002a89a0?}}, {0x102276488?, 0x140002a89a0?}, {0x14000974600?, 0xc232b8bfaf5e2110?}, {0x10224ed80, 0x140003e4ec0}, {0x10224ed80, ...})&#xA;          /Users/antont/ansible_deckhouse/virtualization-full/tests/e2e/executor/executor.go:76&#xA;            | &#x9;cmd.Stderr = stderr&#xA;            | &#x9;cmd.Stdout = stdout&#xA;            &gt; &#x9;return cmd.Run()&#xA;            | }&#xA;            | &#xA;      &gt; github.com/deckhouse/virtualization/tests/e2e/executor.CMDExecutor.ExecContext({{0x140004058e0?, 0x103763728?, 0x103739fa0?}}, {0x102276488, 0x140002a89a0}, {0x14000974600, 0xbf})&#xA;          /Users/antont/ansible_deckhouse/virtualization-full/tests/e2e/executor/executor.go:49&#xA;            | stdout := new(Buffer)&#xA;            | stderr := new(Buffer)&#xA;            &gt; err := e.ExecuteContext(ctx, command, stdout, stderr)&#xA;            | cmdResult := &amp;CMDResult{&#xA;            | &#x9;stdOut:  stdout,&#xA;      &gt; github.com/deckhouse/virtualization/tests/e2e/kubectl.KubectlCMD.WaitResource({{0x10227aa38?, 0x1400000f5a8?}, {0x101893fba?, 0x14000a54688?}}, {0x1018d2204, 0x28}, {0x14000bcc4a0, 0x1f}, {{0x0, 0x0, ...}, ...})&#xA;          /Users/antont/ansible_deckhouse/virtualization-full/tests/e2e/kubectl/kubectl.go:260&#xA;            | &#x9;ctx, cancel := context.WithTimeout(context.Background(), timeout)&#xA;            | &#x9;defer cancel()&#xA;            &gt; &#x9;return k.ExecContext(ctx, cmd)&#xA;            | }&#xA;            | &#xA;      &gt; github.com/deckhouse/virtualization/tests/e2e.WaitResources.func1()&#xA;          /Users/antont/ansible_deckhouse/virtualization-full/tests/e2e/util_test.go:341&#xA;            | go func() {&#xA;            | &#x9;defer wg.Done()&#xA;            &gt; &#x9;res := kubectl.WaitResource(resource, name, waitOpts)&#xA;            | &#x9;if res.Error() != nil {&#xA;            | &#x9;&#x9;mu.Lock()&#xA;      &gt; github.com/deckhouse/virtualization/tests/e2e.WaitResources in goroutine 944&#xA;          /Users/antont/ansible_deckhouse/virtualization-full/tests/e2e/util_test.go:339&#xA;            | for _, name := range resources {&#xA;            | &#x9;wg.Add(1)&#xA;            &gt; &#x9;go func() {&#xA;            | &#x9;&#x9;defer wg.Done()&#xA;            | &#x9;&#x9;res := kubectl.WaitResource(resource, name, waitOpts)&#xA;&lt; Exit [It] checks VDs phases - /Users/antont/ansible_deckhouse/virtualization-full/tests/e2e/vm_connectivity_test.go:107 @ 10/11/25 17:20:26.993 (41.647s)&#xA;&gt; Enter [AfterEach] VirtualMachineConnectivity - /Users/antont/ansible_deckhouse/virtualization-full/tests/e2e/vm_connectivity_test.go:66 @ 10/11/25 17:20:26.993&#xA;The list of pods is empty; nothing to dump.&#xA;&lt; Exit [AfterEach] VirtualMachineConnectivity - /Users/antont/ansible_deckhouse/virtualization-full/tests/e2e/vm_connectivity_test.go:66 @ 10/11/25 17:20:32.633 (5.64s)&#xA;</system-err>
          </testcase>
          <testcase name="[It] VirtualMachineConnectivity When virtual machines are applied checks VMs phases" classname="Tests" status="skipped" time="0">
              <skipped message="skipped"></skipped>
          </testcase>
          <testcase name="[It] VirtualMachineConnectivity When run curl-helper status should be in Running phase" classname="Tests" status="skipped" time="0">
              <skipped message="skipped"></skipped>
          </testcase>
          <testcase name="[It] VirtualMachineConnectivity When virtual machine agents are ready gets VMs and SVCs objects" classname="Tests" status="skipped" time="0">
              <skipped message="skipped"></skipped>
          </testcase>
          <testcase name="[It] VirtualMachineConnectivity When virtual machine agents are ready check ssh connection via `d8 v` to VMs" classname="Tests" status="skipped" time="0">
              <skipped message="skipped"></skipped>
          </testcase>
          <testcase name="[It] VirtualMachineConnectivity When virtual machine agents are ready checks VMs connection to external network" classname="Tests" status="skipped" time="0">
              <skipped message="skipped"></skipped>
          </testcase>
          <testcase name="[It] VirtualMachineConnectivity When virtual machine agents are ready check nginx status via `d8 v` on VMs" classname="Tests" status="skipped" time="0">
              <skipped message="skipped"></skipped>
          </testcase>
          <testcase name="[It] VirtualMachineConnectivity When virtual machine agents are ready gets page from service head-5073ae15-vm-connectivity-a" classname="Tests" status="skipped" time="0">
              <skipped message="skipped"></skipped>
          </testcase>
          <testcase name="[It] VirtualMachineConnectivity When virtual machine agents are ready gets page from service head-5073ae15-vm-connectivity-b" classname="Tests" status="skipped" time="0">
              <skipped message="skipped"></skipped>
          </testcase>
          <testcase name="[It] VirtualMachineConnectivity When virtual machine agents are ready changes selector in service head-5073ae15-vm-connectivity-a with selector from service head-5073ae15-vm-connectivity-b" classname="Tests" status="skipped" time="0">
              <skipped message="skipped"></skipped>
          </testcase>
          <testcase name="[It] VirtualMachineConnectivity When virtual machine agents are ready checks selector in service head-5073ae15-vm-connectivity-a" classname="Tests" status="skipped" time="0">
              <skipped message="skipped"></skipped>
          </testcase>
          <testcase name="[It] VirtualMachineConnectivity When virtual machine agents are ready gets page from service head-5073ae15-vm-connectivity-a" classname="Tests" status="skipped" time="0">
              <skipped message="skipped"></skipped>
          </testcase>
          <testcase name="[It] VirtualMachineConnectivity When virtual machine agents are ready changes back selector in service head-5073ae15-vm-connectivity-a" classname="Tests" status="skipped" time="0">
              <skipped message="skipped"></skipped>
          </testcase>
          <testcase name="[It] VirtualMachineConnectivity When virtual machine agents are ready checks selector in service head-5073ae15-vm-connectivity-a" classname="Tests" status="skipped" time="0">
              <skipped message="skipped"></skipped>
          </testcase>
          <testcase name="[It] VirtualMachineConnectivity When test is completed deletes test case resources" classname="Tests" status="skipped" time="0">
              <skipped message="skipped"></skipped>
          </testcase>
          <testcase name="[SynchronizedAfterSuite]" classname="Tests" status="failed" time="1.007676458">
              <failure message="Expected success, but got an error:&#xA;    &lt;*errors.joinError | 0x14000469008&gt;: &#xA;    the container &#34;virtualization-controller&#34; was restarted: virtualization-controller-665cd6fcb-ndxzr&#xA;    the container &#34;virtualization-controller&#34; was restarted: virtualization-controller-665cd6fcb-rkvmw&#xA;    the container &#34;virtualization-controller&#34; was not found: virtualization-controller-744d54f474-5vrh9&#xA;    {&#xA;        errs: [&#xA;            &lt;*errors.joinError | 0x14000468fa8&gt;{&#xA;                errs: [&#xA;                    &lt;*errors.joinError | 0x14000468f48&gt;{&#xA;                        errs: [&#xA;                            &lt;*errors.errorString | 0x140007182a0&gt;{&#xA;                                s: &#34;the container \&#34;virtualization-controller\&#34; was restarted: virtualization-controller-665cd6fcb-ndxzr&#34;,&#xA;                            },&#xA;                        ],&#xA;                    },&#xA;                    &lt;*errors.errorString | 0x140007182d0&gt;{&#xA;                        s: &#34;the container \&#34;virtualization-controller\&#34; was restarted: virtualization-controller-665cd6fcb-rkvmw&#34;,&#xA;                    },&#xA;                ],&#xA;            },&#xA;            &lt;*errors.errorString | 0x14000718300&gt;{&#xA;                s: &#34;the container \&#34;virtualization-controller\&#34; was not found: virtualization-controller-744d54f474-5vrh9&#34;,&#xA;            },&#xA;        ],&#xA;    }" type="failed">[FAILED] Expected success, but got an error:&#xA;    &lt;*errors.joinError | 0x14000469008&gt;: &#xA;    the container &#34;virtualization-controller&#34; was restarted: virtualization-controller-665cd6fcb-ndxzr&#xA;    the container &#34;virtualization-controller&#34; was restarted: virtualization-controller-665cd6fcb-rkvmw&#xA;    the container &#34;virtualization-controller&#34; was not found: virtualization-controller-744d54f474-5vrh9&#xA;    {&#xA;        errs: [&#xA;            &lt;*errors.joinError | 0x14000468fa8&gt;{&#xA;                errs: [&#xA;                    &lt;*errors.joinError | 0x14000468f48&gt;{&#xA;                        errs: [&#xA;                            &lt;*errors.errorString | 0x140007182a0&gt;{&#xA;                                s: &#34;the container \&#34;virtualization-controller\&#34; was restarted: virtualization-controller-665cd6fcb-ndxzr&#34;,&#xA;                            },&#xA;                        ],&#xA;                    },&#xA;                    &lt;*errors.errorString | 0x140007182d0&gt;{&#xA;                        s: &#34;the container \&#34;virtualization-controller\&#34; was restarted: virtualization-controller-665cd6fcb-rkvmw&#34;,&#xA;                    },&#xA;                ],&#xA;            },&#xA;            &lt;*errors.errorString | 0x14000718300&gt;{&#xA;                s: &#34;the container \&#34;virtualization-controller\&#34; was not found: virtualization-controller-744d54f474-5vrh9&#34;,&#xA;            },&#xA;        ],&#xA;    }&#xA;In [SynchronizedAfterSuite] at: /Users/antont/ansible_deckhouse/virtualization-full/tests/e2e/e2e_test.go:183 @ 10/11/25 17:20:33.642&#xA;</failure>
              <system-err>&gt; Enter [SynchronizedAfterSuite] TOP-LEVEL - /Users/antont/ansible_deckhouse/virtualization-full/tests/e2e/e2e_test.go:182 @ 10/11/25 17:20:32.635&#xA;&lt; Exit [SynchronizedAfterSuite] TOP-LEVEL - /Users/antont/ansible_deckhouse/virtualization-full/tests/e2e/e2e_test.go:182 @ 10/11/25 17:20:32.635 (0s)&#xA;&gt; Enter [SynchronizedAfterSuite] TOP-LEVEL - /Users/antont/ansible_deckhouse/virtualization-full/tests/e2e/e2e_test.go:182 @ 10/11/25 17:20:32.635&#xA;[FAILED] Expected success, but got an error:&#xA;    &lt;*errors.joinError | 0x14000469008&gt;: &#xA;    the container &#34;virtualization-controller&#34; was restarted: virtualization-controller-665cd6fcb-ndxzr&#xA;    the container &#34;virtualization-controller&#34; was restarted: virtualization-controller-665cd6fcb-rkvmw&#xA;    the container &#34;virtualization-controller&#34; was not found: virtualization-controller-744d54f474-5vrh9&#xA;    {&#xA;        errs: [&#xA;            &lt;*errors.joinError | 0x14000468fa8&gt;{&#xA;                errs: [&#xA;                    &lt;*errors.joinError | 0x14000468f48&gt;{&#xA;                        errs: [&#xA;                            &lt;*errors.errorString | 0x140007182a0&gt;{&#xA;                                s: &#34;the container \&#34;virtualization-controller\&#34; was restarted: virtualization-controller-665cd6fcb-ndxzr&#34;,&#xA;                            },&#xA;                        ],&#xA;                    },&#xA;                    &lt;*errors.errorString | 0x140007182d0&gt;{&#xA;                        s: &#34;the container \&#34;virtualization-controller\&#34; was restarted: virtualization-controller-665cd6fcb-rkvmw&#34;,&#xA;                    },&#xA;                ],&#xA;            },&#xA;            &lt;*errors.errorString | 0x14000718300&gt;{&#xA;                s: &#34;the container \&#34;virtualization-controller\&#34; was not found: virtualization-controller-744d54f474-5vrh9&#34;,&#xA;            },&#xA;        ],&#xA;    }&#xA;In [SynchronizedAfterSuite] at: /Users/antont/ansible_deckhouse/virtualization-full/tests/e2e/e2e_test.go:183 @ 10/11/25 17:20:33.642&#xA;&lt; Exit [SynchronizedAfterSuite] TOP-LEVEL - /Users/antont/ansible_deckhouse/virtualization-full/tests/e2e/e2e_test.go:182 @ 10/11/25 17:20:33.642 (1.008s)&#xA;</system-err>
          </testcase>
          <testcase name="[DeferCleanup (Suite)]" classname="Tests" status="passed" time="16.11756775">
              <system-err>&gt; Enter [DeferCleanup (Suite)] TOP-LEVEL - /Users/antont/ansible_deckhouse/virtualization-full/tests/e2e/e2e_test.go:175 @ 10/11/25 17:20:33.642&#xA;&lt; Exit [DeferCleanup (Suite)] TOP-LEVEL - /Users/antont/ansible_deckhouse/virtualization-full/tests/e2e/e2e_test.go:175 @ 10/11/25 17:20:49.76 (16.118s)&#xA;</system-err>
          </testcase>
      </testsuite>
  </testsuites>